Total entries: 79643585 Processing range: 73272112 - 74864984 (1592872 events)
1% | Elapsed: 0h 0m 8s | Remaining: 0h 13m 11s
2% | Elapsed: 0h 0m 11s | Remaining: 0h 8m 58s
3% | Elapsed: 0h 0m 25s | Remaining: 0h 13m 28s
4% | Elapsed: 0h 0m 37s | Remaining: 0h 14m 47s
5% | Elapsed: 0h 0m 40s | Remaining: 0h 12m 39s
6% | Elapsed: 0h 0m 50s | Remaining: 0h 13m 3s
7% | Elapsed: 0h 0m 53s | Remaining: 0h 11m 44s
8% | Elapsed: 0h 0m 55s | Remaining: 0h 10m 32s
9% | Elapsed: 0h 1m 3s | Remaining: 0h 10m 36s
10% | Elapsed: 0h 1m 7s | Remaining: 0h 10m 2s
11% | Elapsed: 0h 1m 13s | Remaining: 0h 9m 50s
12% | Elapsed: 0h 1m 17s | Remaining: 0h 9m 24s
13% | Elapsed: 0h 1m 31s | Remaining: 0h 10m 8s
14% | Elapsed: 0h 1m 39s | Remaining: 0h 10m 8s
15% | Elapsed: 0h 1m 41s | Remaining: 0h 9m 32s
16% | Elapsed: 0h 1m 44s | Remaining: 0h 9m 5s
17% | Elapsed: 0h 1m 54s | Remaining: 0h 9m 16s
18% | Elapsed: 0h 2m 0s | Remaining: 0h 9m 6s
19% | Elapsed: 0h 2m 2s | Remaining: 0h 8m 40s
20% | Elapsed: 0h 2m 5s | Remaining: 0h 8m 19s
21% | Elapsed: 0h 2m 11s | Remaining: 0h 8m 12s
22% | Elapsed: 0h 2m 14s | Remaining: 0h 7m 55s
23% | Elapsed: 0h 3m 16s | Remaining: 0h 10m 56s
24% | Elapsed: 0h 3m 25s | Remaining: 0h 10m 49s
25% | Elapsed: 0h 3m 30s | Remaining: 0h 10m 30s
26% | Elapsed: 0h 3m 36s | Remaining: 0h 10m 14s
27% | Elapsed: 0h 3m 44s | Remaining: 0h 10m 5s
28% | Elapsed: 0h 3m 47s | Remaining: 0h 9m 43s
29% | Elapsed: 0h 4m 10s | Remaining: 0h 10m 12s
30% | Elapsed: 0h 4m 13s | Remaining: 0h 9m 50s
31% | Elapsed: 0h 4m 20s | Remaining: 0h 9m 38s
32% | Elapsed: 0h 4m 23s | Remaining: 0h 9m 18s
33% | Elapsed: 0h 4m 27s | Remaining: 0h 9m 2s
34% | Elapsed: 0h 4m 33s | Remaining: 0h 8m 49s
35% | Elapsed: 0h 4m 37s | Remaining: 0h 8m 34s
36% | Elapsed: 0h 4m 43s | Remaining: 0h 8m 23s
37% | Elapsed: 0h 4m 49s | Remaining: 0h 8m 12s
38% | Elapsed: 0h 4m 54s | Remaining: 0h 7m 59s
39% | Elapsed: 0h 5m 0s | Remaining: 0h 7m 49s
40% | Elapsed: 0h 5m 3s | Remaining: 0h 7m 34s
41% | Elapsed: 0h 5m 6s | Remaining: 0h 7m 20s
42% | Elapsed: 0h 5m 21s | Remaining: 0h 7m 23s
43% | Elapsed: 0h 5m 27s | Remaining: 0h 7m 13s
44% | Elapsed: 0h 5m 32s | Remaining: 0h 7m 2s
45% | Elapsed: 0h 5m 35s | Remaining: 0h 6m 49s
46% | Elapsed: 0h 5m 42s | Remaining: 0h 6m 41s
47% | Elapsed: 0h 5m 45s | Remaining: 0h 6m 29s
48% | Elapsed: 0h 5m 47s | Remaining: 0h 6m 15s
49% | Elapsed: 0h 5m 53s | Remaining: 0h 6m 7s
50% | Elapsed: 0h 5m 55s | Remaining: 0h 5m 55s
51% | Elapsed: 0h 6m 4s | Remaining: 0h 5m 49s
52% | Elapsed: 0h 6m 8s | Remaining: 0h 5m 39s
53% | Elapsed: 0h 6m 10s | Remaining: 0h 5m 28s
54% | Elapsed: 0h 6m 14s | Remaining: 0h 5m 18s
55% | Elapsed: 0h 6m 25s | Remaining: 0h 5m 14s
56% | Elapsed: 0h 6m 34s | Remaining: 0h 5m 9s
57% | Elapsed: 0h 6m 39s | Remaining: 0h 5m 1s
58% | Elapsed: 0h 6m 50s | Remaining: 0h 4m 56s
59% | Elapsed: 0h 6m 54s | Remaining: 0h 4m 47s
60% | Elapsed: 0h 6m 56s | Remaining: 0h 4m 37s
61% | Elapsed: 0h 7m 7s | Remaining: 0h 4m 32s
62% | Elapsed: 0h 7m 11s | Remaining: 0h 4m 24s
63% | Elapsed: 0h 7m 20s | Remaining: 0h 4m 18s
64% | Elapsed: 0h 7m 23s | Remaining: 0h 4m 9s
65% | Elapsed: 0h 7m 25s | Remaining: 0h 3m 59s
66% | Elapsed: 0h 7m 32s | Remaining: 0h 3m 52s
67% | Elapsed: 0h 7m 40s | Remaining: 0h 3m 46s
68% | Elapsed: 0h 7m 44s | Remaining: 0h 3m 38s
69% | Elapsed: 0h 7m 55s | Remaining: 0h 3m 33s
70% | Elapsed: 0h 7m 58s | Remaining: 0h 3m 24s
71% | Elapsed: 0h 8m 0s | Remaining: 0h 3m 16s
72% | Elapsed: 0h 8m 5s | Remaining: 0h 3m 8s
73% | Elapsed: 0h 8m 7s | Remaining: 0h 3m 0s
74% | Elapsed: 0h 8m 10s | Remaining: 0h 2m 52s
75% | Elapsed: 0h 8m 27s | Remaining: 0h 2m 49s
76% | Elapsed: 0h 8m 31s | Remaining: 0h 2m 41s
77% | Elapsed: 0h 8m 41s | Remaining: 0h 2m 35s
78% | Elapsed: 0h 8m 45s | Remaining: 0h 2m 28s
79% | Elapsed: 0h 8m 50s | Remaining: 0h 2m 20s
80% | Elapsed: 0h 8m 53s | Remaining: 0h 2m 13s
81% | Elapsed: 0h 8m 56s | Remaining: 0h 2m 5s
82% | Elapsed: 0h 9m 4s | Remaining: 0h 1m 59s
83% | Elapsed: 0h 9m 6s | Remaining: 0h 1m 51s
84% | Elapsed: 0h 9m 13s | Remaining: 0h 1m 45s
85% | Elapsed: 0h 9m 16s | Remaining: 0h 1m 38s
86% | Elapsed: 0h 9m 26s | Remaining: 0h 1m 32s
87% | Elapsed: 0h 9m 30s | Remaining: 0h 1m 25s
88% | Elapsed: 0h 9m 33s | Remaining: 0h 1m 18s
89% | Elapsed: 0h 9m 39s | Remaining: 0h 1m 11s
90% | Elapsed: 0h 9m 45s | Remaining: 0h 1m 4s
91% | Elapsed: 0h 9m 48s | Remaining: 0h 0m 58s
92% | Elapsed: 0h 9m 54s | Remaining: 0h 0m 51s
93% | Elapsed: 0h 9m 59s | Remaining: 0h 0m 45s
94% | Elapsed: 0h 10m 10s | Remaining: 0h 0m 38s
95% | Elapsed: 0h 10m 16s | Remaining: 0h 0m 32s
96% | Elapsed: 0h 10m 24s | Remaining: 0h 0m 25s
97% | Elapsed: 0h 10m 29s | Remaining: 0h 0m 19s
98% | Elapsed: 0h 10m 35s | Remaining: 0h 0m 12s
99% | Elapsed: 0h 10m 44s | Remaining: 0h 0m 6s
100% | Elapsed: 0h 10m 47s | Remaining: 0h 0m 0s
Saved part 0 to /eos/user/s/shuangyu/public/Jpsi/AK8/QCD_Bin-PT-600to800_pythia8-RunIIISummer24_Chunk46_Part0.root (valid events: 164, processed events: 1592872, final part)

Processing completed successfully!
Total events processed: 1592872
Total parts created: 1

