Total entries: 79643585 Processing range: 35043184 - 36636056 (1592872 events)
1% | Elapsed: 0h 0m 10s | Remaining: 0h 16m 29s
2% | Elapsed: 0h 0m 15s | Remaining: 0h 12m 14s
3% | Elapsed: 0h 0m 28s | Remaining: 0h 15m 5s
4% | Elapsed: 0h 0m 33s | Remaining: 0h 13m 11s
5% | Elapsed: 0h 0m 42s | Remaining: 0h 13m 17s
6% | Elapsed: 0h 0m 45s | Remaining: 0h 11m 44s
7% | Elapsed: 0h 0m 49s | Remaining: 0h 10m 50s
8% | Elapsed: 0h 0m 59s | Remaining: 0h 11m 18s
9% | Elapsed: 0h 1m 3s | Remaining: 0h 10m 36s
10% | Elapsed: 0h 1m 7s | Remaining: 0h 10m 2s
11% | Elapsed: 0h 1m 16s | Remaining: 0h 10m 14s
12% | Elapsed: 0h 1m 20s | Remaining: 0h 9m 46s
13% | Elapsed: 0h 1m 32s | Remaining: 0h 10m 15s
14% | Elapsed: 0h 1m 38s | Remaining: 0h 10m 1s
15% | Elapsed: 0h 1m 41s | Remaining: 0h 9m 32s
16% | Elapsed: 0h 2m 3s | Remaining: 0h 10m 45s
17% | Elapsed: 0h 2m 7s | Remaining: 0h 10m 20s
18% | Elapsed: 0h 2m 12s | Remaining: 0h 10m 1s
19% | Elapsed: 0h 2m 18s | Remaining: 0h 9m 48s
20% | Elapsed: 0h 2m 28s | Remaining: 0h 9m 51s
21% | Elapsed: 0h 2m 32s | Remaining: 0h 9m 31s
22% | Elapsed: 0h 2m 50s | Remaining: 0h 10m 2s
23% | Elapsed: 0h 2m 54s | Remaining: 0h 9m 42s
24% | Elapsed: 0h 3m 7s | Remaining: 0h 9m 52s
25% | Elapsed: 0h 3m 13s | Remaining: 0h 9m 39s
26% | Elapsed: 0h 3m 18s | Remaining: 0h 9m 23s
27% | Elapsed: 0h 3m 29s | Remaining: 0h 9m 25s
28% | Elapsed: 0h 3m 36s | Remaining: 0h 9m 15s
29% | Elapsed: 0h 3m 41s | Remaining: 0h 9m 1s
30% | Elapsed: 0h 3m 45s | Remaining: 0h 8m 44s
31% | Elapsed: 0h 3m 56s | Remaining: 0h 8m 45s
32% | Elapsed: 0h 4m 1s | Remaining: 0h 8m 32s
33% | Elapsed: 0h 4m 5s | Remaining: 0h 8m 17s
34% | Elapsed: 0h 4m 14s | Remaining: 0h 8m 13s
35% | Elapsed: 0h 4m 18s | Remaining: 0h 7m 59s
36% | Elapsed: 0h 4m 37s | Remaining: 0h 8m 12s
37% | Elapsed: 0h 4m 41s | Remaining: 0h 7m 58s
38% | Elapsed: 0h 4m 45s | Remaining: 0h 7m 44s
39% | Elapsed: 0h 4m 52s | Remaining: 0h 7m 36s
40% | Elapsed: 0h 5m 27s | Remaining: 0h 8m 10s
41% | Elapsed: 0h 5m 30s | Remaining: 0h 7m 54s
42% | Elapsed: 0h 5m 34s | Remaining: 0h 7m 41s
43% | Elapsed: 0h 5m 38s | Remaining: 0h 7m 28s
44% | Elapsed: 0h 6m 4s | Remaining: 0h 7m 43s
45% | Elapsed: 0h 6m 9s | Remaining: 0h 7m 30s
46% | Elapsed: 0h 6m 13s | Remaining: 0h 7m 17s
47% | Elapsed: 0h 6m 41s | Remaining: 0h 7m 32s
48% | Elapsed: 0h 6m 44s | Remaining: 0h 7m 17s
49% | Elapsed: 0h 6m 52s | Remaining: 0h 7m 8s
50% | Elapsed: 0h 6m 55s | Remaining: 0h 6m 55s
51% | Elapsed: 0h 6m 59s | Remaining: 0h 6m 42s
52% | Elapsed: 0h 7m 4s | Remaining: 0h 6m 31s
53% | Elapsed: 0h 7m 12s | Remaining: 0h 6m 23s
54% | Elapsed: 0h 7m 16s | Remaining: 0h 6m 11s
55% | Elapsed: 0h 7m 20s | Remaining: 0h 5m 59s
56% | Elapsed: 0h 7m 23s | Remaining: 0h 5m 48s
57% | Elapsed: 0h 7m 30s | Remaining: 0h 5m 39s
58% | Elapsed: 0h 7m 33s | Remaining: 0h 5m 28s
59% | Elapsed: 0h 7m 53s | Remaining: 0h 5m 28s
60% | Elapsed: 0h 7m 57s | Remaining: 0h 5m 17s
61% | Elapsed: 0h 8m 2s | Remaining: 0h 5m 8s
62% | Elapsed: 0h 8m 5s | Remaining: 0h 4m 57s
63% | Elapsed: 0h 8m 8s | Remaining: 0h 4m 46s
64% | Elapsed: 0h 8m 16s | Remaining: 0h 4m 38s
65% | Elapsed: 0h 8m 21s | Remaining: 0h 4m 29s
66% | Elapsed: 0h 8m 24s | Remaining: 0h 4m 19s
67% | Elapsed: 0h 8m 29s | Remaining: 0h 4m 10s
68% | Elapsed: 0h 8m 37s | Remaining: 0h 4m 3s
69% | Elapsed: 0h 8m 41s | Remaining: 0h 3m 54s
70% | Elapsed: 0h 8m 44s | Remaining: 0h 3m 44s
71% | Elapsed: 0h 8m 48s | Remaining: 0h 3m 35s
72% | Elapsed: 0h 8m 54s | Remaining: 0h 3m 27s
73% | Elapsed: 0h 9m 0s | Remaining: 0h 3m 19s
74% | Elapsed: 0h 9m 4s | Remaining: 0h 3m 11s
75% | Elapsed: 0h 9m 19s | Remaining: 0h 3m 6s
76% | Elapsed: 0h 9m 39s | Remaining: 0h 3m 2s
77% | Elapsed: 0h 9m 43s | Remaining: 0h 2m 54s
78% | Elapsed: 0h 9m 57s | Remaining: 0h 2m 48s
79% | Elapsed: 0h 10m 1s | Remaining: 0h 2m 39s
80% | Elapsed: 0h 10m 4s | Remaining: 0h 2m 30s
81% | Elapsed: 0h 10m 21s | Remaining: 0h 2m 25s
82% | Elapsed: 0h 10m 26s | Remaining: 0h 2m 17s
83% | Elapsed: 0h 10m 30s | Remaining: 0h 2m 9s
84% | Elapsed: 0h 10m 35s | Remaining: 0h 2m 0s
85% | Elapsed: 0h 10m 40s | Remaining: 0h 1m 52s
86% | Elapsed: 0h 10m 48s | Remaining: 0h 1m 45s
87% | Elapsed: 0h 10m 55s | Remaining: 0h 1m 37s
88% | Elapsed: 0h 11m 30s | Remaining: 0h 1m 34s
89% | Elapsed: 0h 11m 37s | Remaining: 0h 1m 26s
90% | Elapsed: 0h 11m 40s | Remaining: 0h 1m 17s
91% | Elapsed: 0h 11m 55s | Remaining: 0h 1m 10s
92% | Elapsed: 0h 11m 58s | Remaining: 0h 1m 2s
93% | Elapsed: 0h 12m 7s | Remaining: 0h 0m 54s
94% | Elapsed: 0h 12m 11s | Remaining: 0h 0m 46s
95% | Elapsed: 0h 12m 14s | Remaining: 0h 0m 38s
96% | Elapsed: 0h 12m 17s | Remaining: 0h 0m 30s
97% | Elapsed: 0h 12m 30s | Remaining: 0h 0m 23s
98% | Elapsed: 0h 12m 41s | Remaining: 0h 0m 15s
99% | Elapsed: 0h 12m 47s | Remaining: 0h 0m 7s
100% | Elapsed: 0h 13m 7s | Remaining: 0h 0m 0s
Saved part 0 to /eos/user/s/shuangyu/public/Jpsi/AK8/QCD_Bin-PT-600to800_pythia8-RunIIISummer24_Chunk22_Part0.root (valid events: 160, processed events: 1592872, final part)

Processing completed successfully!
Total events processed: 1592872
Total parts created: 1

