Total entries: 79643585 Processing range: 78050728 - 79643585 (1592857 events)
1% | Elapsed: 0h 0m 8s | Remaining: 0h 13m 11s
2% | Elapsed: 0h 0m 14s | Remaining: 0h 11m 25s
3% | Elapsed: 0h 0m 17s | Remaining: 0h 9m 9s
4% | Elapsed: 0h 0m 21s | Remaining: 0h 8m 23s
5% | Elapsed: 0h 0m 26s | Remaining: 0h 8m 13s
6% | Elapsed: 0h 0m 29s | Remaining: 0h 7m 34s
7% | Elapsed: 0h 0m 37s | Remaining: 0h 8m 11s
8% | Elapsed: 0h 0m 41s | Remaining: 0h 7m 51s
9% | Elapsed: 0h 0m 48s | Remaining: 0h 8m 5s
10% | Elapsed: 0h 0m 55s | Remaining: 0h 8m 14s
11% | Elapsed: 0h 1m 6s | Remaining: 0h 8m 53s
12% | Elapsed: 0h 1m 11s | Remaining: 0h 8m 40s
13% | Elapsed: 0h 1m 15s | Remaining: 0h 8m 21s
14% | Elapsed: 0h 1m 24s | Remaining: 0h 8m 35s
15% | Elapsed: 0h 1m 27s | Remaining: 0h 8m 12s
16% | Elapsed: 0h 1m 35s | Remaining: 0h 8m 18s
17% | Elapsed: 0h 1m 39s | Remaining: 0h 8m 3s
18% | Elapsed: 0h 1m 41s | Remaining: 0h 7m 40s
19% | Elapsed: 0h 1m 49s | Remaining: 0h 7m 44s
20% | Elapsed: 0h 1m 52s | Remaining: 0h 7m 27s
21% | Elapsed: 0h 1m 58s | Remaining: 0h 7m 23s
22% | Elapsed: 0h 2m 2s | Remaining: 0h 7m 12s
23% | Elapsed: 0h 2m 4s | Remaining: 0h 6m 55s
24% | Elapsed: 0h 2m 12s | Remaining: 0h 6m 57s
25% | Elapsed: 0h 2m 16s | Remaining: 0h 6m 47s
26% | Elapsed: 0h 2m 54s | Remaining: 0h 8m 15s
27% | Elapsed: 0h 2m 58s | Remaining: 0h 8m 1s
28% | Elapsed: 0h 3m 1s | Remaining: 0h 7m 45s
29% | Elapsed: 0h 3m 8s | Remaining: 0h 7m 40s
30% | Elapsed: 0h 3m 10s | Remaining: 0h 7m 23s
31% | Elapsed: 0h 3m 16s | Remaining: 0h 7m 16s
32% | Elapsed: 0h 3m 29s | Remaining: 0h 7m 24s
33% | Elapsed: 0h 3m 43s | Remaining: 0h 7m 32s
34% | Elapsed: 0h 3m 50s | Remaining: 0h 7m 26s
35% | Elapsed: 0h 3m 56s | Remaining: 0h 7m 18s
36% | Elapsed: 0h 4m 0s | Remaining: 0h 7m 6s
37% | Elapsed: 0h 4m 8s | Remaining: 0h 7m 2s
38% | Elapsed: 0h 4m 11s | Remaining: 0h 6m 49s
39% | Elapsed: 0h 4m 15s | Remaining: 0h 6m 38s
40% | Elapsed: 0h 4m 18s | Remaining: 0h 6m 26s
41% | Elapsed: 0h 4m 21s | Remaining: 0h 6m 15s
42% | Elapsed: 0h 4m 27s | Remaining: 0h 6m 8s
43% | Elapsed: 0h 4m 30s | Remaining: 0h 5m 57s
44% | Elapsed: 0h 4m 40s | Remaining: 0h 5m 56s
45% | Elapsed: 0h 4m 44s | Remaining: 0h 5m 47s
46% | Elapsed: 0h 4m 48s | Remaining: 0h 5m 38s
47% | Elapsed: 0h 4m 53s | Remaining: 0h 5m 30s
48% | Elapsed: 0h 5m 1s | Remaining: 0h 5m 26s
49% | Elapsed: 0h 5m 5s | Remaining: 0h 5m 17s
50% | Elapsed: 0h 5m 9s | Remaining: 0h 5m 8s
51% | Elapsed: 0h 5m 21s | Remaining: 0h 5m 8s
52% | Elapsed: 0h 5m 25s | Remaining: 0h 4m 59s
53% | Elapsed: 0h 5m 28s | Remaining: 0h 4m 50s
54% | Elapsed: 0h 5m 34s | Remaining: 0h 4m 44s
55% | Elapsed: 0h 5m 36s | Remaining: 0h 4m 34s
56% | Elapsed: 0h 5m 38s | Remaining: 0h 4m 25s
57% | Elapsed: 0h 5m 40s | Remaining: 0h 4m 16s
58% | Elapsed: 0h 5m 50s | Remaining: 0h 4m 13s
59% | Elapsed: 0h 5m 53s | Remaining: 0h 4m 5s
60% | Elapsed: 0h 5m 58s | Remaining: 0h 3m 58s
61% | Elapsed: 0h 6m 2s | Remaining: 0h 3m 51s
62% | Elapsed: 0h 6m 12s | Remaining: 0h 3m 47s
63% | Elapsed: 0h 6m 18s | Remaining: 0h 3m 41s
64% | Elapsed: 0h 6m 23s | Remaining: 0h 3m 35s
65% | Elapsed: 0h 6m 31s | Remaining: 0h 3m 30s
66% | Elapsed: 0h 6m 34s | Remaining: 0h 3m 22s
67% | Elapsed: 0h 6m 39s | Remaining: 0h 3m 16s
68% | Elapsed: 0h 6m 49s | Remaining: 0h 3m 12s
69% | Elapsed: 0h 6m 54s | Remaining: 0h 3m 5s
70% | Elapsed: 0h 7m 6s | Remaining: 0h 3m 2s
71% | Elapsed: 0h 7m 8s | Remaining: 0h 2m 54s
72% | Elapsed: 0h 7m 14s | Remaining: 0h 2m 48s
73% | Elapsed: 0h 7m 32s | Remaining: 0h 2m 47s
74% | Elapsed: 0h 7m 37s | Remaining: 0h 2m 40s
75% | Elapsed: 0h 7m 43s | Remaining: 0h 2m 34s
76% | Elapsed: 0h 7m 47s | Remaining: 0h 2m 27s
77% | Elapsed: 0h 7m 54s | Remaining: 0h 2m 21s
78% | Elapsed: 0h 7m 58s | Remaining: 0h 2m 14s
79% | Elapsed: 0h 8m 2s | Remaining: 0h 2m 8s
80% | Elapsed: 0h 8m 34s | Remaining: 0h 2m 8s
81% | Elapsed: 0h 8m 37s | Remaining: 0h 2m 1s
82% | Elapsed: 0h 8m 48s | Remaining: 0h 1m 55s
83% | Elapsed: 0h 8m 50s | Remaining: 0h 1m 48s
84% | Elapsed: 0h 8m 53s | Remaining: 0h 1m 41s
85% | Elapsed: 0h 9m 3s | Remaining: 0h 1m 35s
86% | Elapsed: 0h 9m 8s | Remaining: 0h 1m 29s
87% | Elapsed: 0h 9m 12s | Remaining: 0h 1m 22s
88% | Elapsed: 0h 9m 18s | Remaining: 0h 1m 16s
89% | Elapsed: 0h 9m 22s | Remaining: 0h 1m 9s
90% | Elapsed: 0h 9m 27s | Remaining: 0h 1m 2s
91% | Elapsed: 0h 9m 32s | Remaining: 0h 0m 56s
92% | Elapsed: 0h 9m 41s | Remaining: 0h 0m 50s
93% | Elapsed: 0h 9m 47s | Remaining: 0h 0m 44s
94% | Elapsed: 0h 10m 9s | Remaining: 0h 0m 38s
95% | Elapsed: 0h 10m 17s | Remaining: 0h 0m 32s
96% | Elapsed: 0h 10m 20s | Remaining: 0h 0m 25s
97% | Elapsed: 0h 10m 32s | Remaining: 0h 0m 19s
98% | Elapsed: 0h 10m 35s | Remaining: 0h 0m 12s
99% | Elapsed: 0h 10m 37s | Remaining: 0h 0m 6s
100% | Elapsed: 0h 10m 40s | Remaining: 0h 0m 0s
Saved part 0 to /eos/user/s/shuangyu/public/Jpsi/AK8/QCD_Bin-PT-600to800_pythia8-RunIIISummer24_Chunk49_Part0.root (valid events: 169, processed events: 1592857, final part)

Processing completed successfully!
Total events processed: 1592857
Total parts created: 1

