Total entries: 79643585 Processing range: 71679240 - 73272112 (1592872 events)
1% | Elapsed: 0h 0m 18s | Remaining: 0h 29m 41s
2% | Elapsed: 0h 0m 27s | Remaining: 0h 22m 2s
3% | Elapsed: 0h 0m 45s | Remaining: 0h 24m 14s
4% | Elapsed: 0h 0m 57s | Remaining: 0h 22m 47s
5% | Elapsed: 0h 1m 5s | Remaining: 0h 20m 34s
6% | Elapsed: 0h 1m 7s | Remaining: 0h 17m 29s
7% | Elapsed: 0h 1m 10s | Remaining: 0h 15m 29s
8% | Elapsed: 0h 1m 17s | Remaining: 0h 14m 45s
9% | Elapsed: 0h 1m 21s | Remaining: 0h 13m 38s
10% | Elapsed: 0h 1m 31s | Remaining: 0h 13m 38s
11% | Elapsed: 0h 1m 34s | Remaining: 0h 12m 40s
12% | Elapsed: 0h 1m 38s | Remaining: 0h 11m 58s
13% | Elapsed: 0h 1m 45s | Remaining: 0h 11m 42s
14% | Elapsed: 0h 1m 49s | Remaining: 0h 11m 9s
15% | Elapsed: 0h 1m 59s | Remaining: 0h 11m 14s
16% | Elapsed: 0h 2m 2s | Remaining: 0h 10m 40s
17% | Elapsed: 0h 3m 20s | Remaining: 0h 16m 16s
18% | Elapsed: 0h 3m 25s | Remaining: 0h 15m 33s
19% | Elapsed: 0h 3m 34s | Remaining: 0h 15m 12s
20% | Elapsed: 0h 3m 38s | Remaining: 0h 14m 31s
21% | Elapsed: 0h 3m 42s | Remaining: 0h 13m 55s
22% | Elapsed: 0h 3m 48s | Remaining: 0h 13m 28s
23% | Elapsed: 0h 3m 51s | Remaining: 0h 12m 53s
24% | Elapsed: 0h 3m 56s | Remaining: 0h 12m 27s
25% | Elapsed: 0h 4m 3s | Remaining: 0h 12m 9s
26% | Elapsed: 0h 4m 6s | Remaining: 0h 11m 40s
27% | Elapsed: 0h 4m 9s | Remaining: 0h 11m 13s
28% | Elapsed: 0h 4m 22s | Remaining: 0h 11m 13s
29% | Elapsed: 0h 4m 25s | Remaining: 0h 10m 48s
30% | Elapsed: 0h 4m 37s | Remaining: 0h 10m 46s
31% | Elapsed: 0h 4m 40s | Remaining: 0h 10m 23s
32% | Elapsed: 0h 4m 47s | Remaining: 0h 10m 9s
33% | Elapsed: 0h 4m 51s | Remaining: 0h 9m 50s
34% | Elapsed: 0h 4m 54s | Remaining: 0h 9m 30s
35% | Elapsed: 0h 4m 58s | Remaining: 0h 9m 13s
36% | Elapsed: 0h 5m 4s | Remaining: 0h 9m 0s
37% | Elapsed: 0h 5m 7s | Remaining: 0h 8m 42s
38% | Elapsed: 0h 5m 10s | Remaining: 0h 8m 25s
39% | Elapsed: 0h 5m 13s | Remaining: 0h 8m 9s
40% | Elapsed: 0h 5m 20s | Remaining: 0h 7m 59s
41% | Elapsed: 0h 5m 24s | Remaining: 0h 7m 46s
42% | Elapsed: 0h 5m 28s | Remaining: 0h 7m 32s
43% | Elapsed: 0h 5m 38s | Remaining: 0h 7m 28s
44% | Elapsed: 0h 5m 42s | Remaining: 0h 7m 15s
45% | Elapsed: 0h 5m 54s | Remaining: 0h 7m 12s
46% | Elapsed: 0h 5m 58s | Remaining: 0h 7m 0s
47% | Elapsed: 0h 6m 1s | Remaining: 0h 6m 47s
48% | Elapsed: 0h 6m 3s | Remaining: 0h 6m 33s
49% | Elapsed: 0h 6m 12s | Remaining: 0h 6m 27s
50% | Elapsed: 0h 6m 14s | Remaining: 0h 6m 14s
51% | Elapsed: 0h 6m 21s | Remaining: 0h 6m 6s
52% | Elapsed: 0h 6m 25s | Remaining: 0h 5m 55s
53% | Elapsed: 0h 6m 35s | Remaining: 0h 5m 50s
54% | Elapsed: 0h 6m 42s | Remaining: 0h 5m 42s
55% | Elapsed: 0h 6m 45s | Remaining: 0h 5m 31s
56% | Elapsed: 0h 6m 50s | Remaining: 0h 5m 22s
57% | Elapsed: 0h 7m 21s | Remaining: 0h 5m 32s
58% | Elapsed: 0h 7m 26s | Remaining: 0h 5m 22s
59% | Elapsed: 0h 7m 29s | Remaining: 0h 5m 12s
60% | Elapsed: 0h 7m 35s | Remaining: 0h 5m 3s
61% | Elapsed: 0h 7m 38s | Remaining: 0h 4m 52s
62% | Elapsed: 0h 7m 44s | Remaining: 0h 4m 44s
63% | Elapsed: 0h 7m 47s | Remaining: 0h 4m 34s
64% | Elapsed: 0h 7m 50s | Remaining: 0h 4m 24s
65% | Elapsed: 0h 7m 58s | Remaining: 0h 4m 17s
66% | Elapsed: 0h 8m 1s | Remaining: 0h 4m 7s
67% | Elapsed: 0h 8m 4s | Remaining: 0h 3m 58s
68% | Elapsed: 0h 8m 12s | Remaining: 0h 3m 51s
69% | Elapsed: 0h 8m 15s | Remaining: 0h 3m 42s
70% | Elapsed: 0h 8m 17s | Remaining: 0h 3m 32s
71% | Elapsed: 0h 8m 21s | Remaining: 0h 3m 24s
72% | Elapsed: 0h 8m 26s | Remaining: 0h 3m 16s
73% | Elapsed: 0h 8m 29s | Remaining: 0h 3m 8s
74% | Elapsed: 0h 8m 45s | Remaining: 0h 3m 4s
75% | Elapsed: 0h 8m 48s | Remaining: 0h 2m 56s
76% | Elapsed: 0h 8m 52s | Remaining: 0h 2m 47s
77% | Elapsed: 0h 9m 1s | Remaining: 0h 2m 41s
78% | Elapsed: 0h 9m 4s | Remaining: 0h 2m 33s
79% | Elapsed: 0h 9m 7s | Remaining: 0h 2m 25s
80% | Elapsed: 0h 9m 17s | Remaining: 0h 2m 19s
81% | Elapsed: 0h 9m 35s | Remaining: 0h 2m 14s
82% | Elapsed: 0h 9m 46s | Remaining: 0h 2m 8s
83% | Elapsed: 0h 9m 59s | Remaining: 0h 2m 2s
84% | Elapsed: 0h 10m 2s | Remaining: 0h 1m 54s
85% | Elapsed: 0h 10m 11s | Remaining: 0h 1m 47s
86% | Elapsed: 0h 10m 14s | Remaining: 0h 1m 39s
87% | Elapsed: 0h 10m 17s | Remaining: 0h 1m 32s
88% | Elapsed: 0h 10m 20s | Remaining: 0h 1m 24s
89% | Elapsed: 0h 10m 31s | Remaining: 0h 1m 17s
90% | Elapsed: 0h 10m 34s | Remaining: 0h 1m 10s
91% | Elapsed: 0h 10m 42s | Remaining: 0h 1m 3s
92% | Elapsed: 0h 10m 47s | Remaining: 0h 0m 56s
93% | Elapsed: 0h 10m 50s | Remaining: 0h 0m 48s
94% | Elapsed: 0h 10m 57s | Remaining: 0h 0m 41s
95% | Elapsed: 0h 11m 6s | Remaining: 0h 0m 35s
96% | Elapsed: 0h 11m 13s | Remaining: 0h 0m 28s
97% | Elapsed: 0h 11m 36s | Remaining: 0h 0m 21s
98% | Elapsed: 0h 11m 44s | Remaining: 0h 0m 14s
99% | Elapsed: 0h 12m 0s | Remaining: 0h 0m 7s
100% | Elapsed: 0h 12m 5s | Remaining: 0h 0m 0s
Saved part 0 to /eos/user/s/shuangyu/public/Jpsi/AK8/QCD_Bin-PT-600to800_pythia8-RunIIISummer24_Chunk45_Part0.root (valid events: 166, processed events: 1592872, final part)

Processing completed successfully!
Total events processed: 1592872
Total parts created: 1

