Total entries: 79643585 Processing range: 7964360 - 9557232 (1592872 events)
1% | Elapsed: 0h 0m 56s | Remaining: 1h 32m 23s
2% | Elapsed: 0h 1m 0s | Remaining: 0h 48m 59s
3% | Elapsed: 0h 1m 4s | Remaining: 0h 34m 29s
4% | Elapsed: 0h 1m 10s | Remaining: 0h 27m 59s
5% | Elapsed: 0h 1m 13s | Remaining: 0h 23m 6s
6% | Elapsed: 0h 1m 15s | Remaining: 0h 19m 34s
7% | Elapsed: 0h 1m 17s | Remaining: 0h 17m 2s
8% | Elapsed: 0h 1m 20s | Remaining: 0h 15m 19s
9% | Elapsed: 0h 1m 31s | Remaining: 0h 15m 20s
10% | Elapsed: 0h 1m 33s | Remaining: 0h 13m 56s
11% | Elapsed: 0h 1m 36s | Remaining: 0h 12m 56s
12% | Elapsed: 0h 1m 40s | Remaining: 0h 12m 13s
13% | Elapsed: 0h 1m 47s | Remaining: 0h 11m 56s
14% | Elapsed: 0h 1m 50s | Remaining: 0h 11m 15s
15% | Elapsed: 0h 1m 54s | Remaining: 0h 10m 45s
16% | Elapsed: 0h 1m 58s | Remaining: 0h 10m 19s
17% | Elapsed: 0h 2m 6s | Remaining: 0h 10m 15s
18% | Elapsed: 0h 2m 9s | Remaining: 0h 9m 47s
19% | Elapsed: 0h 2m 12s | Remaining: 0h 9m 22s
20% | Elapsed: 0h 2m 15s | Remaining: 0h 8m 59s
21% | Elapsed: 0h 3m 18s | Remaining: 0h 12m 24s
22% | Elapsed: 0h 3m 21s | Remaining: 0h 11m 52s
23% | Elapsed: 0h 3m 23s | Remaining: 0h 11m 19s
24% | Elapsed: 0h 3m 27s | Remaining: 0h 10m 55s
25% | Elapsed: 0h 3m 32s | Remaining: 0h 10m 36s
26% | Elapsed: 0h 3m 40s | Remaining: 0h 10m 26s
27% | Elapsed: 0h 3m 51s | Remaining: 0h 10m 24s
28% | Elapsed: 0h 3m 58s | Remaining: 0h 10m 11s
29% | Elapsed: 0h 4m 21s | Remaining: 0h 10m 38s
30% | Elapsed: 0h 4m 34s | Remaining: 0h 10m 39s
31% | Elapsed: 0h 4m 38s | Remaining: 0h 10m 18s
32% | Elapsed: 0h 4m 42s | Remaining: 0h 9m 59s
33% | Elapsed: 0h 4m 45s | Remaining: 0h 9m 38s
34% | Elapsed: 0h 4m 54s | Remaining: 0h 9m 30s
35% | Elapsed: 0h 4m 57s | Remaining: 0h 9m 11s
36% | Elapsed: 0h 5m 1s | Remaining: 0h 8m 55s
37% | Elapsed: 0h 5m 4s | Remaining: 0h 8m 37s
38% | Elapsed: 0h 5m 14s | Remaining: 0h 8m 32s
39% | Elapsed: 0h 5m 16s | Remaining: 0h 8m 14s
40% | Elapsed: 0h 5m 19s | Remaining: 0h 7m 58s
41% | Elapsed: 0h 5m 22s | Remaining: 0h 7m 43s
42% | Elapsed: 0h 5m 29s | Remaining: 0h 7m 34s
43% | Elapsed: 0h 5m 31s | Remaining: 0h 7m 18s
44% | Elapsed: 0h 5m 34s | Remaining: 0h 7m 5s
45% | Elapsed: 0h 5m 45s | Remaining: 0h 7m 1s
46% | Elapsed: 0h 5m 50s | Remaining: 0h 6m 50s
47% | Elapsed: 0h 5m 55s | Remaining: 0h 6m 40s
48% | Elapsed: 0h 6m 0s | Remaining: 0h 6m 29s
49% | Elapsed: 0h 6m 4s | Remaining: 0h 6m 18s
50% | Elapsed: 0h 6m 6s | Remaining: 0h 6m 6s
51% | Elapsed: 0h 6m 15s | Remaining: 0h 6m 0s
52% | Elapsed: 0h 6m 19s | Remaining: 0h 5m 49s
53% | Elapsed: 0h 6m 24s | Remaining: 0h 5m 40s
54% | Elapsed: 0h 6m 27s | Remaining: 0h 5m 29s
55% | Elapsed: 0h 6m 36s | Remaining: 0h 5m 23s
56% | Elapsed: 0h 6m 39s | Remaining: 0h 5m 13s
57% | Elapsed: 0h 6m 47s | Remaining: 0h 5m 7s
58% | Elapsed: 0h 6m 54s | Remaining: 0h 4m 59s
59% | Elapsed: 0h 6m 59s | Remaining: 0h 4m 51s
60% | Elapsed: 0h 7m 7s | Remaining: 0h 4m 44s
61% | Elapsed: 0h 7m 10s | Remaining: 0h 4m 34s
62% | Elapsed: 0h 7m 19s | Remaining: 0h 4m 29s
63% | Elapsed: 0h 7m 23s | Remaining: 0h 4m 20s
64% | Elapsed: 0h 7m 27s | Remaining: 0h 4m 11s
65% | Elapsed: 0h 7m 31s | Remaining: 0h 4m 2s
66% | Elapsed: 0h 7m 38s | Remaining: 0h 3m 55s
67% | Elapsed: 0h 7m 42s | Remaining: 0h 3m 47s
68% | Elapsed: 0h 7m 45s | Remaining: 0h 3m 38s
69% | Elapsed: 0h 7m 47s | Remaining: 0h 3m 29s
70% | Elapsed: 0h 7m 59s | Remaining: 0h 3m 25s
71% | Elapsed: 0h 8m 5s | Remaining: 0h 3m 18s
72% | Elapsed: 0h 8m 10s | Remaining: 0h 3m 10s
73% | Elapsed: 0h 8m 16s | Remaining: 0h 3m 3s
74% | Elapsed: 0h 8m 30s | Remaining: 0h 2m 59s
75% | Elapsed: 0h 8m 33s | Remaining: 0h 2m 51s
76% | Elapsed: 0h 8m 38s | Remaining: 0h 2m 43s
77% | Elapsed: 0h 8m 42s | Remaining: 0h 2m 35s
78% | Elapsed: 0h 8m 51s | Remaining: 0h 2m 29s
79% | Elapsed: 0h 8m 54s | Remaining: 0h 2m 21s
80% | Elapsed: 0h 9m 1s | Remaining: 0h 2m 15s
81% | Elapsed: 0h 9m 7s | Remaining: 0h 2m 8s
82% | Elapsed: 0h 9m 12s | Remaining: 0h 2m 1s
83% | Elapsed: 0h 9m 16s | Remaining: 0h 1m 53s
84% | Elapsed: 0h 9m 24s | Remaining: 0h 1m 47s
85% | Elapsed: 0h 9m 29s | Remaining: 0h 1m 40s
86% | Elapsed: 0h 9m 31s | Remaining: 0h 1m 32s
87% | Elapsed: 0h 9m 34s | Remaining: 0h 1m 25s
88% | Elapsed: 0h 9m 54s | Remaining: 0h 1m 20s
89% | Elapsed: 0h 9m 59s | Remaining: 0h 1m 14s
90% | Elapsed: 0h 10m 16s | Remaining: 0h 1m 8s
91% | Elapsed: 0h 10m 19s | Remaining: 0h 1m 1s
92% | Elapsed: 0h 10m 22s | Remaining: 0h 0m 54s
93% | Elapsed: 0h 10m 24s | Remaining: 0h 0m 46s
94% | Elapsed: 0h 10m 34s | Remaining: 0h 0m 40s
95% | Elapsed: 0h 10m 41s | Remaining: 0h 0m 33s
96% | Elapsed: 0h 10m 46s | Remaining: 0h 0m 26s
97% | Elapsed: 0h 10m 49s | Remaining: 0h 0m 20s
98% | Elapsed: 0h 10m 59s | Remaining: 0h 0m 13s
99% | Elapsed: 0h 11m 2s | Remaining: 0h 0m 6s
100% | Elapsed: 0h 11m 8s | Remaining: 0h 0m 0s
Saved part 0 to /eos/user/s/shuangyu/public/Jpsi/AK8/QCD_Bin-PT-600to800_pythia8-RunIIISummer24_Chunk5_Part0.root (valid events: 162, processed events: 1592872, final part)

Processing completed successfully!
Total events processed: 1592872
Total parts created: 1

