Total entries: 79643585 Processing range: 19114464 - 20707336 (1592872 events)
1% | Elapsed: 0h 0m 15s | Remaining: 0h 24m 44s
2% | Elapsed: 0h 0m 21s | Remaining: 0h 17m 8s
3% | Elapsed: 0h 0m 24s | Remaining: 0h 12m 55s
4% | Elapsed: 0h 0m 27s | Remaining: 0h 10m 47s
5% | Elapsed: 0h 0m 32s | Remaining: 0h 10m 7s
6% | Elapsed: 0h 0m 48s | Remaining: 0h 12m 31s
7% | Elapsed: 0h 0m 54s | Remaining: 0h 11m 57s
8% | Elapsed: 0h 1m 1s | Remaining: 0h 11m 41s
9% | Elapsed: 0h 1m 5s | Remaining: 0h 10m 57s
10% | Elapsed: 0h 1m 14s | Remaining: 0h 11m 5s
11% | Elapsed: 0h 1m 19s | Remaining: 0h 10m 39s
12% | Elapsed: 0h 1m 21s | Remaining: 0h 9m 53s
13% | Elapsed: 0h 1m 25s | Remaining: 0h 9m 28s
14% | Elapsed: 0h 1m 31s | Remaining: 0h 9m 18s
15% | Elapsed: 0h 1m 34s | Remaining: 0h 8m 52s
16% | Elapsed: 0h 1m 41s | Remaining: 0h 8m 50s
17% | Elapsed: 0h 1m 45s | Remaining: 0h 8m 32s
18% | Elapsed: 0h 1m 51s | Remaining: 0h 8m 25s
19% | Elapsed: 0h 1m 53s | Remaining: 0h 8m 1s
20% | Elapsed: 0h 2m 0s | Remaining: 0h 7m 59s
21% | Elapsed: 0h 2m 5s | Remaining: 0h 7m 50s
22% | Elapsed: 0h 2m 13s | Remaining: 0h 7m 51s
23% | Elapsed: 0h 2m 18s | Remaining: 0h 7m 41s
24% | Elapsed: 0h 2m 20s | Remaining: 0h 7m 23s
25% | Elapsed: 0h 2m 25s | Remaining: 0h 7m 15s
26% | Elapsed: 0h 2m 33s | Remaining: 0h 7m 15s
27% | Elapsed: 0h 2m 38s | Remaining: 0h 7m 7s
28% | Elapsed: 0h 2m 41s | Remaining: 0h 6m 53s
29% | Elapsed: 0h 2m 49s | Remaining: 0h 6m 53s
30% | Elapsed: 0h 2m 53s | Remaining: 0h 6m 43s
31% | Elapsed: 0h 3m 4s | Remaining: 0h 6m 49s
32% | Elapsed: 0h 3m 7s | Remaining: 0h 6m 37s
33% | Elapsed: 0h 3m 10s | Remaining: 0h 6m 25s
34% | Elapsed: 0h 3m 15s | Remaining: 0h 6m 18s
35% | Elapsed: 0h 3m 19s | Remaining: 0h 6m 9s
36% | Elapsed: 0h 3m 22s | Remaining: 0h 5m 59s
37% | Elapsed: 0h 4m 12s | Remaining: 0h 7m 9s
38% | Elapsed: 0h 4m 23s | Remaining: 0h 7m 9s
39% | Elapsed: 0h 4m 27s | Remaining: 0h 6m 57s
40% | Elapsed: 0h 4m 32s | Remaining: 0h 6m 47s
41% | Elapsed: 0h 4m 36s | Remaining: 0h 6m 37s
42% | Elapsed: 0h 4m 41s | Remaining: 0h 6m 28s
43% | Elapsed: 0h 4m 47s | Remaining: 0h 6m 20s
44% | Elapsed: 0h 4m 52s | Remaining: 0h 6m 11s
45% | Elapsed: 0h 4m 54s | Remaining: 0h 5m 59s
46% | Elapsed: 0h 5m 2s | Remaining: 0h 5m 54s
47% | Elapsed: 0h 5m 5s | Remaining: 0h 5m 43s
48% | Elapsed: 0h 5m 13s | Remaining: 0h 5m 39s
49% | Elapsed: 0h 5m 17s | Remaining: 0h 5m 29s
50% | Elapsed: 0h 5m 25s | Remaining: 0h 5m 25s
51% | Elapsed: 0h 5m 29s | Remaining: 0h 5m 16s
52% | Elapsed: 0h 5m 32s | Remaining: 0h 5m 6s
53% | Elapsed: 0h 5m 42s | Remaining: 0h 5m 3s
54% | Elapsed: 0h 5m 46s | Remaining: 0h 4m 54s
55% | Elapsed: 0h 5m 50s | Remaining: 0h 4m 46s
56% | Elapsed: 0h 5m 53s | Remaining: 0h 4m 37s
57% | Elapsed: 0h 6m 15s | Remaining: 0h 4m 42s
58% | Elapsed: 0h 6m 24s | Remaining: 0h 4m 38s
59% | Elapsed: 0h 6m 27s | Remaining: 0h 4m 28s
60% | Elapsed: 0h 6m 39s | Remaining: 0h 4m 25s
61% | Elapsed: 0h 6m 43s | Remaining: 0h 4m 17s
62% | Elapsed: 0h 6m 47s | Remaining: 0h 4m 9s
63% | Elapsed: 0h 6m 50s | Remaining: 0h 4m 0s
64% | Elapsed: 0h 7m 18s | Remaining: 0h 4m 6s
65% | Elapsed: 0h 7m 22s | Remaining: 0h 3m 57s
66% | Elapsed: 0h 7m 32s | Remaining: 0h 3m 52s
67% | Elapsed: 0h 7m 43s | Remaining: 0h 3m 48s
68% | Elapsed: 0h 7m 55s | Remaining: 0h 3m 43s
69% | Elapsed: 0h 7m 58s | Remaining: 0h 3m 34s
70% | Elapsed: 0h 8m 4s | Remaining: 0h 3m 27s
71% | Elapsed: 0h 8m 8s | Remaining: 0h 3m 19s
72% | Elapsed: 0h 8m 11s | Remaining: 0h 3m 10s
73% | Elapsed: 0h 8m 14s | Remaining: 0h 3m 2s
74% | Elapsed: 0h 8m 20s | Remaining: 0h 2m 55s
75% | Elapsed: 0h 8m 24s | Remaining: 0h 2m 48s
76% | Elapsed: 0h 8m 26s | Remaining: 0h 2m 39s
77% | Elapsed: 0h 8m 29s | Remaining: 0h 2m 32s
78% | Elapsed: 0h 8m 39s | Remaining: 0h 2m 26s
79% | Elapsed: 0h 8m 44s | Remaining: 0h 2m 19s
80% | Elapsed: 0h 8m 47s | Remaining: 0h 2m 11s
81% | Elapsed: 0h 9m 28s | Remaining: 0h 2m 13s
82% | Elapsed: 0h 9m 47s | Remaining: 0h 2m 8s
83% | Elapsed: 0h 9m 55s | Remaining: 0h 2m 1s
84% | Elapsed: 0h 10m 10s | Remaining: 0h 1m 56s
85% | Elapsed: 0h 10m 46s | Remaining: 0h 1m 53s
86% | Elapsed: 0h 10m 49s | Remaining: 0h 1m 45s
87% | Elapsed: 0h 10m 53s | Remaining: 0h 1m 37s
88% | Elapsed: 0h 10m 56s | Remaining: 0h 1m 29s
89% | Elapsed: 0h 11m 10s | Remaining: 0h 1m 22s
90% | Elapsed: 0h 11m 15s | Remaining: 0h 1m 14s
91% | Elapsed: 0h 11m 21s | Remaining: 0h 1m 7s
92% | Elapsed: 0h 11m 26s | Remaining: 0h 0m 59s
93% | Elapsed: 0h 11m 36s | Remaining: 0h 0m 52s
94% | Elapsed: 0h 11m 39s | Remaining: 0h 0m 44s
95% | Elapsed: 0h 11m 42s | Remaining: 0h 0m 36s
96% | Elapsed: 0h 12m 3s | Remaining: 0h 0m 30s
97% | Elapsed: 0h 12m 8s | Remaining: 0h 0m 22s
98% | Elapsed: 0h 12m 11s | Remaining: 0h 0m 14s
99% | Elapsed: 0h 12m 15s | Remaining: 0h 0m 7s
100% | Elapsed: 0h 12m 21s | Remaining: 0h 0m 0s
Saved part 0 to /eos/user/s/shuangyu/public/Jpsi/AK8/QCD_Bin-PT-600to800_pythia8-RunIIISummer24_Chunk12_Part0.root (valid events: 174, processed events: 1592872, final part)

Processing completed successfully!
Total events processed: 1592872
Total parts created: 1

