Total entries: 79643585 Processing range: 17521592 - 19114464 (1592872 events)
1% | Elapsed: 0h 0m 8s | Remaining: 0h 13m 11s
2% | Elapsed: 0h 0m 11s | Remaining: 0h 8m 58s
3% | Elapsed: 0h 0m 14s | Remaining: 0h 7m 32s
4% | Elapsed: 0h 0m 24s | Remaining: 0h 9m 35s
5% | Elapsed: 0h 0m 28s | Remaining: 0h 8m 51s
6% | Elapsed: 0h 0m 31s | Remaining: 0h 8m 5s
7% | Elapsed: 0h 0m 39s | Remaining: 0h 8m 38s
8% | Elapsed: 0h 0m 44s | Remaining: 0h 8m 25s
9% | Elapsed: 0h 0m 48s | Remaining: 0h 8m 5s
10% | Elapsed: 0h 0m 51s | Remaining: 0h 7m 38s
11% | Elapsed: 0h 1m 9s | Remaining: 0h 9m 18s
12% | Elapsed: 0h 1m 14s | Remaining: 0h 9m 2s
13% | Elapsed: 0h 1m 22s | Remaining: 0h 9m 8s
14% | Elapsed: 0h 1m 29s | Remaining: 0h 9m 6s
15% | Elapsed: 0h 1m 32s | Remaining: 0h 8m 41s
16% | Elapsed: 0h 1m 36s | Remaining: 0h 8m 23s
17% | Elapsed: 0h 1m 39s | Remaining: 0h 8m 3s
18% | Elapsed: 0h 1m 42s | Remaining: 0h 7m 44s
19% | Elapsed: 0h 1m 53s | Remaining: 0h 8m 1s
20% | Elapsed: 0h 1m 56s | Remaining: 0h 7m 43s
21% | Elapsed: 0h 2m 0s | Remaining: 0h 7m 31s
22% | Elapsed: 0h 2m 10s | Remaining: 0h 7m 40s
23% | Elapsed: 0h 2m 15s | Remaining: 0h 7m 31s
24% | Elapsed: 0h 2m 19s | Remaining: 0h 7m 20s
25% | Elapsed: 0h 2m 22s | Remaining: 0h 7m 6s
26% | Elapsed: 0h 2m 32s | Remaining: 0h 7m 12s
27% | Elapsed: 0h 2m 39s | Remaining: 0h 7m 9s
28% | Elapsed: 0h 2m 42s | Remaining: 0h 6m 56s
29% | Elapsed: 0h 2m 47s | Remaining: 0h 6m 48s
30% | Elapsed: 0h 2m 55s | Remaining: 0h 6m 48s
31% | Elapsed: 0h 2m 58s | Remaining: 0h 6m 36s
32% | Elapsed: 0h 3m 2s | Remaining: 0h 6m 26s
33% | Elapsed: 0h 3m 13s | Remaining: 0h 6m 31s
34% | Elapsed: 0h 3m 38s | Remaining: 0h 7m 3s
35% | Elapsed: 0h 3m 42s | Remaining: 0h 6m 52s
36% | Elapsed: 0h 3m 47s | Remaining: 0h 6m 43s
37% | Elapsed: 0h 3m 51s | Remaining: 0h 6m 33s
38% | Elapsed: 0h 3m 56s | Remaining: 0h 6m 25s
39% | Elapsed: 0h 3m 59s | Remaining: 0h 6m 13s
40% | Elapsed: 0h 4m 2s | Remaining: 0h 6m 2s
41% | Elapsed: 0h 4m 7s | Remaining: 0h 5m 55s
42% | Elapsed: 0h 4m 14s | Remaining: 0h 5m 50s
43% | Elapsed: 0h 4m 17s | Remaining: 0h 5m 40s
44% | Elapsed: 0h 4m 20s | Remaining: 0h 5m 30s
45% | Elapsed: 0h 4m 24s | Remaining: 0h 5m 22s
46% | Elapsed: 0h 4m 27s | Remaining: 0h 5m 13s
47% | Elapsed: 0h 4m 35s | Remaining: 0h 5m 10s
48% | Elapsed: 0h 4m 39s | Remaining: 0h 5m 2s
49% | Elapsed: 0h 4m 43s | Remaining: 0h 4m 54s
50% | Elapsed: 0h 4m 45s | Remaining: 0h 4m 45s
51% | Elapsed: 0h 4m 51s | Remaining: 0h 4m 39s
52% | Elapsed: 0h 4m 53s | Remaining: 0h 4m 30s
53% | Elapsed: 0h 4m 55s | Remaining: 0h 4m 21s
54% | Elapsed: 0h 4m 58s | Remaining: 0h 4m 13s
55% | Elapsed: 0h 5m 4s | Remaining: 0h 4m 8s
56% | Elapsed: 0h 5m 8s | Remaining: 0h 4m 1s
57% | Elapsed: 0h 5m 15s | Remaining: 0h 3m 57s
58% | Elapsed: 0h 5m 17s | Remaining: 0h 3m 49s
59% | Elapsed: 0h 5m 21s | Remaining: 0h 3m 43s
60% | Elapsed: 0h 5m 33s | Remaining: 0h 3m 41s
61% | Elapsed: 0h 5m 38s | Remaining: 0h 3m 36s
62% | Elapsed: 0h 5m 43s | Remaining: 0h 3m 30s
63% | Elapsed: 0h 5m 46s | Remaining: 0h 3m 23s
64% | Elapsed: 0h 5m 53s | Remaining: 0h 3m 18s
65% | Elapsed: 0h 5m 56s | Remaining: 0h 3m 11s
66% | Elapsed: 0h 6m 0s | Remaining: 0h 3m 5s
67% | Elapsed: 0h 6m 4s | Remaining: 0h 2m 59s
68% | Elapsed: 0h 6m 15s | Remaining: 0h 2m 56s
69% | Elapsed: 0h 6m 19s | Remaining: 0h 2m 50s
70% | Elapsed: 0h 6m 25s | Remaining: 0h 2m 44s
71% | Elapsed: 0h 6m 30s | Remaining: 0h 2m 39s
72% | Elapsed: 0h 6m 36s | Remaining: 0h 2m 33s
73% | Elapsed: 0h 6m 40s | Remaining: 0h 2m 27s
74% | Elapsed: 0h 6m 43s | Remaining: 0h 2m 21s
75% | Elapsed: 0h 6m 54s | Remaining: 0h 2m 18s
76% | Elapsed: 0h 6m 57s | Remaining: 0h 2m 11s
77% | Elapsed: 0h 6m 59s | Remaining: 0h 2m 5s
78% | Elapsed: 0h 7m 2s | Remaining: 0h 1m 59s
79% | Elapsed: 0h 7m 8s | Remaining: 0h 1m 53s
80% | Elapsed: 0h 7m 11s | Remaining: 0h 1m 47s
81% | Elapsed: 0h 7m 13s | Remaining: 0h 1m 41s
82% | Elapsed: 0h 7m 15s | Remaining: 0h 1m 35s
83% | Elapsed: 0h 7m 29s | Remaining: 0h 1m 31s
84% | Elapsed: 0h 7m 32s | Remaining: 0h 1m 26s
85% | Elapsed: 0h 7m 35s | Remaining: 0h 1m 20s
86% | Elapsed: 0h 7m 38s | Remaining: 0h 1m 14s
87% | Elapsed: 0h 7m 44s | Remaining: 0h 1m 9s
88% | Elapsed: 0h 7m 49s | Remaining: 0h 1m 3s
89% | Elapsed: 0h 7m 52s | Remaining: 0h 0m 58s
90% | Elapsed: 0h 8m 0s | Remaining: 0h 0m 53s
91% | Elapsed: 0h 8m 3s | Remaining: 0h 0m 47s
92% | Elapsed: 0h 8m 7s | Remaining: 0h 0m 42s
93% | Elapsed: 0h 8m 13s | Remaining: 0h 0m 37s
94% | Elapsed: 0h 8m 16s | Remaining: 0h 0m 31s
95% | Elapsed: 0h 8m 18s | Remaining: 0h 0m 26s
96% | Elapsed: 0h 8m 23s | Remaining: 0h 0m 20s
97% | Elapsed: 0h 8m 36s | Remaining: 0h 0m 15s
98% | Elapsed: 0h 9m 10s | Remaining: 0h 0m 11s
99% | Elapsed: 0h 9m 16s | Remaining: 0h 0m 5s
100% | Elapsed: 0h 9m 21s | Remaining: 0h 0m 0s
Saved part 0 to /eos/user/s/shuangyu/public/Jpsi/AK8/QCD_Bin-PT-600to800_pythia8-RunIIISummer24_Chunk11_Part0.root (valid events: 185, processed events: 1592872, final part)

Processing completed successfully!
Total events processed: 1592872
Total parts created: 1

