Total entries: 79643585 Processing range: 30264568 - 31857440 (1592872 events)
1% | Elapsed: 0h 0m 39s | Remaining: 1h 4m 20s
2% | Elapsed: 0h 0m 42s | Remaining: 0h 34m 17s
3% | Elapsed: 0h 0m 49s | Remaining: 0h 26m 24s
4% | Elapsed: 0h 0m 52s | Remaining: 0h 20m 47s
5% | Elapsed: 0h 1m 3s | Remaining: 0h 19m 56s
6% | Elapsed: 0h 1m 6s | Remaining: 0h 17m 13s
7% | Elapsed: 0h 1m 9s | Remaining: 0h 15m 16s
8% | Elapsed: 0h 1m 21s | Remaining: 0h 15m 31s
9% | Elapsed: 0h 1m 26s | Remaining: 0h 14m 29s
10% | Elapsed: 0h 1m 30s | Remaining: 0h 13m 29s
11% | Elapsed: 0h 1m 38s | Remaining: 0h 13m 12s
12% | Elapsed: 0h 1m 40s | Remaining: 0h 12m 13s
13% | Elapsed: 0h 1m 45s | Remaining: 0h 11m 42s
14% | Elapsed: 0h 1m 52s | Remaining: 0h 11m 27s
15% | Elapsed: 0h 1m 58s | Remaining: 0h 11m 8s
16% | Elapsed: 0h 2m 4s | Remaining: 0h 10m 50s
17% | Elapsed: 0h 2m 12s | Remaining: 0h 10m 44s
18% | Elapsed: 0h 2m 15s | Remaining: 0h 10m 14s
19% | Elapsed: 0h 2m 20s | Remaining: 0h 9m 56s
20% | Elapsed: 0h 2m 32s | Remaining: 0h 10m 7s
21% | Elapsed: 0h 2m 36s | Remaining: 0h 9m 46s
22% | Elapsed: 0h 2m 39s | Remaining: 0h 9m 23s
23% | Elapsed: 0h 2m 48s | Remaining: 0h 9m 22s
24% | Elapsed: 0h 2m 52s | Remaining: 0h 9m 4s
25% | Elapsed: 0h 3m 8s | Remaining: 0h 9m 24s
26% | Elapsed: 0h 3m 14s | Remaining: 0h 9m 12s
27% | Elapsed: 0h 3m 19s | Remaining: 0h 8m 58s
28% | Elapsed: 0h 3m 28s | Remaining: 0h 8m 54s
29% | Elapsed: 0h 3m 32s | Remaining: 0h 8m 39s
30% | Elapsed: 0h 3m 36s | Remaining: 0h 8m 23s
31% | Elapsed: 0h 3m 42s | Remaining: 0h 8m 14s
32% | Elapsed: 0h 3m 53s | Remaining: 0h 8m 15s
33% | Elapsed: 0h 4m 1s | Remaining: 0h 8m 9s
34% | Elapsed: 0h 4m 4s | Remaining: 0h 7m 53s
35% | Elapsed: 0h 4m 14s | Remaining: 0h 7m 51s
36% | Elapsed: 0h 4m 17s | Remaining: 0h 7m 36s
37% | Elapsed: 0h 4m 19s | Remaining: 0h 7m 20s
38% | Elapsed: 0h 4m 26s | Remaining: 0h 7m 13s
39% | Elapsed: 0h 4m 42s | Remaining: 0h 7m 21s
40% | Elapsed: 0h 4m 50s | Remaining: 0h 7m 14s
41% | Elapsed: 0h 4m 54s | Remaining: 0h 7m 3s
42% | Elapsed: 0h 5m 0s | Remaining: 0h 6m 54s
43% | Elapsed: 0h 5m 8s | Remaining: 0h 6m 48s
44% | Elapsed: 0h 5m 13s | Remaining: 0h 6m 38s
45% | Elapsed: 0h 5m 15s | Remaining: 0h 6m 24s
46% | Elapsed: 0h 5m 25s | Remaining: 0h 6m 21s
47% | Elapsed: 0h 5m 29s | Remaining: 0h 6m 10s
48% | Elapsed: 0h 5m 41s | Remaining: 0h 6m 9s
49% | Elapsed: 0h 5m 50s | Remaining: 0h 6m 4s
50% | Elapsed: 0h 5m 53s | Remaining: 0h 5m 53s
51% | Elapsed: 0h 5m 57s | Remaining: 0h 5m 42s
52% | Elapsed: 0h 6m 1s | Remaining: 0h 5m 33s
53% | Elapsed: 0h 6m 9s | Remaining: 0h 5m 27s
54% | Elapsed: 0h 6m 12s | Remaining: 0h 5m 16s
55% | Elapsed: 0h 6m 15s | Remaining: 0h 5m 6s
56% | Elapsed: 0h 6m 19s | Remaining: 0h 4m 57s
57% | Elapsed: 0h 6m 27s | Remaining: 0h 4m 51s
58% | Elapsed: 0h 6m 31s | Remaining: 0h 4m 43s
59% | Elapsed: 0h 6m 35s | Remaining: 0h 4m 34s
60% | Elapsed: 0h 6m 37s | Remaining: 0h 4m 24s
61% | Elapsed: 0h 6m 47s | Remaining: 0h 4m 20s
62% | Elapsed: 0h 6m 51s | Remaining: 0h 4m 11s
63% | Elapsed: 0h 6m 54s | Remaining: 0h 4m 3s
64% | Elapsed: 0h 6m 56s | Remaining: 0h 3m 53s
65% | Elapsed: 0h 7m 4s | Remaining: 0h 3m 48s
66% | Elapsed: 0h 7m 9s | Remaining: 0h 3m 40s
67% | Elapsed: 0h 7m 13s | Remaining: 0h 3m 33s
68% | Elapsed: 0h 7m 21s | Remaining: 0h 3m 27s
69% | Elapsed: 0h 7m 25s | Remaining: 0h 3m 19s
70% | Elapsed: 0h 7m 28s | Remaining: 0h 3m 11s
71% | Elapsed: 0h 7m 32s | Remaining: 0h 3m 4s
72% | Elapsed: 0h 7m 34s | Remaining: 0h 2m 56s
73% | Elapsed: 0h 7m 51s | Remaining: 0h 2m 54s
74% | Elapsed: 0h 7m 55s | Remaining: 0h 2m 46s
75% | Elapsed: 0h 8m 8s | Remaining: 0h 2m 42s
76% | Elapsed: 0h 8m 12s | Remaining: 0h 2m 35s
77% | Elapsed: 0h 8m 14s | Remaining: 0h 2m 27s
78% | Elapsed: 0h 8m 17s | Remaining: 0h 2m 20s
79% | Elapsed: 0h 8m 30s | Remaining: 0h 2m 15s
80% | Elapsed: 0h 8m 33s | Remaining: 0h 2m 8s
81% | Elapsed: 0h 8m 39s | Remaining: 0h 2m 1s
82% | Elapsed: 0h 8m 52s | Remaining: 0h 1m 56s
83% | Elapsed: 0h 8m 59s | Remaining: 0h 1m 50s
84% | Elapsed: 0h 9m 1s | Remaining: 0h 1m 43s
85% | Elapsed: 0h 9m 5s | Remaining: 0h 1m 36s
86% | Elapsed: 0h 9m 20s | Remaining: 0h 1m 31s
87% | Elapsed: 0h 9m 24s | Remaining: 0h 1m 24s
88% | Elapsed: 0h 9m 28s | Remaining: 0h 1m 17s
89% | Elapsed: 0h 9m 43s | Remaining: 0h 1m 12s
90% | Elapsed: 0h 9m 54s | Remaining: 0h 1m 5s
91% | Elapsed: 0h 10m 1s | Remaining: 0h 0m 59s
92% | Elapsed: 0h 10m 7s | Remaining: 0h 0m 52s
93% | Elapsed: 0h 10m 18s | Remaining: 0h 0m 46s
94% | Elapsed: 0h 10m 23s | Remaining: 0h 0m 39s
95% | Elapsed: 0h 10m 27s | Remaining: 0h 0m 32s
96% | Elapsed: 0h 10m 29s | Remaining: 0h 0m 26s
97% | Elapsed: 0h 10m 33s | Remaining: 0h 0m 19s
98% | Elapsed: 0h 10m 42s | Remaining: 0h 0m 13s
99% | Elapsed: 0h 10m 48s | Remaining: 0h 0m 6s
100% | Elapsed: 0h 10m 51s | Remaining: 0h 0m 0s
Saved part 0 to /eos/user/s/shuangyu/public/Jpsi/AK8/QCD_Bin-PT-600to800_pythia8-RunIIISummer24_Chunk19_Part0.root (valid events: 167, processed events: 1592872, final part)

Processing completed successfully!
Total events processed: 1592872
Total parts created: 1

