Total entries: 79643585 Processing range: 28671696 - 30264568 (1592872 events)
1% | Elapsed: 0h 0m 7s | Remaining: 0h 11m 32s
2% | Elapsed: 0h 0m 10s | Remaining: 0h 8m 9s
3% | Elapsed: 0h 0m 13s | Remaining: 0h 7m 0s
4% | Elapsed: 0h 0m 16s | Remaining: 0h 6m 23s
5% | Elapsed: 0h 0m 24s | Remaining: 0h 7m 35s
6% | Elapsed: 0h 0m 28s | Remaining: 0h 7m 18s
7% | Elapsed: 0h 0m 31s | Remaining: 0h 6m 51s
8% | Elapsed: 0h 0m 40s | Remaining: 0h 7m 39s
9% | Elapsed: 0h 0m 47s | Remaining: 0h 7m 55s
10% | Elapsed: 0h 0m 51s | Remaining: 0h 7m 38s
11% | Elapsed: 0h 0m 55s | Remaining: 0h 7m 24s
12% | Elapsed: 0h 0m 58s | Remaining: 0h 7m 5s
13% | Elapsed: 0h 1m 8s | Remaining: 0h 7m 35s
14% | Elapsed: 0h 1m 13s | Remaining: 0h 7m 28s
15% | Elapsed: 0h 1m 15s | Remaining: 0h 7m 4s
16% | Elapsed: 0h 1m 19s | Remaining: 0h 6m 54s
17% | Elapsed: 0h 1m 26s | Remaining: 0h 6m 59s
18% | Elapsed: 0h 1m 29s | Remaining: 0h 6m 45s
19% | Elapsed: 0h 1m 32s | Remaining: 0h 6m 32s
20% | Elapsed: 0h 1m 35s | Remaining: 0h 6m 19s
21% | Elapsed: 0h 1m 41s | Remaining: 0h 6m 19s
22% | Elapsed: 0h 1m 45s | Remaining: 0h 6m 12s
23% | Elapsed: 0h 1m 47s | Remaining: 0h 5m 58s
24% | Elapsed: 0h 1m 50s | Remaining: 0h 5m 48s
25% | Elapsed: 0h 2m 9s | Remaining: 0h 6m 27s
26% | Elapsed: 0h 2m 12s | Remaining: 0h 6m 15s
27% | Elapsed: 0h 2m 15s | Remaining: 0h 6m 4s
28% | Elapsed: 0h 2m 18s | Remaining: 0h 5m 54s
29% | Elapsed: 0h 2m 47s | Remaining: 0h 6m 48s
30% | Elapsed: 0h 2m 50s | Remaining: 0h 6m 36s
31% | Elapsed: 0h 2m 54s | Remaining: 0h 6m 27s
32% | Elapsed: 0h 2m 59s | Remaining: 0h 6m 20s
33% | Elapsed: 0h 3m 6s | Remaining: 0h 6m 17s
34% | Elapsed: 0h 3m 11s | Remaining: 0h 6m 10s
35% | Elapsed: 0h 3m 15s | Remaining: 0h 6m 2s
36% | Elapsed: 0h 4m 12s | Remaining: 0h 7m 27s
37% | Elapsed: 0h 4m 16s | Remaining: 0h 7m 15s
38% | Elapsed: 0h 4m 21s | Remaining: 0h 7m 5s
39% | Elapsed: 0h 4m 25s | Remaining: 0h 6m 54s
40% | Elapsed: 0h 4m 36s | Remaining: 0h 6m 53s
41% | Elapsed: 0h 4m 41s | Remaining: 0h 6m 44s
42% | Elapsed: 0h 4m 43s | Remaining: 0h 6m 30s
43% | Elapsed: 0h 4m 47s | Remaining: 0h 6m 20s
44% | Elapsed: 0h 4m 52s | Remaining: 0h 6m 11s
45% | Elapsed: 0h 4m 55s | Remaining: 0h 6m 0s
46% | Elapsed: 0h 4m 58s | Remaining: 0h 5m 49s
47% | Elapsed: 0h 5m 0s | Remaining: 0h 5m 38s
48% | Elapsed: 0h 5m 10s | Remaining: 0h 5m 35s
49% | Elapsed: 0h 5m 14s | Remaining: 0h 5m 26s
50% | Elapsed: 0h 5m 16s | Remaining: 0h 5m 16s
51% | Elapsed: 0h 5m 19s | Remaining: 0h 5m 6s
52% | Elapsed: 0h 5m 36s | Remaining: 0h 5m 10s
53% | Elapsed: 0h 5m 39s | Remaining: 0h 5m 0s
54% | Elapsed: 0h 5m 43s | Remaining: 0h 4m 52s
55% | Elapsed: 0h 5m 50s | Remaining: 0h 4m 46s
56% | Elapsed: 0h 5m 54s | Remaining: 0h 4m 38s
57% | Elapsed: 0h 5m 56s | Remaining: 0h 4m 28s
58% | Elapsed: 0h 6m 1s | Remaining: 0h 4m 21s
59% | Elapsed: 0h 6m 16s | Remaining: 0h 4m 21s
60% | Elapsed: 0h 6m 19s | Remaining: 0h 4m 12s
61% | Elapsed: 0h 6m 23s | Remaining: 0h 4m 4s
62% | Elapsed: 0h 6m 27s | Remaining: 0h 3m 57s
63% | Elapsed: 0h 6m 30s | Remaining: 0h 3m 49s
64% | Elapsed: 0h 6m 38s | Remaining: 0h 3m 43s
65% | Elapsed: 0h 6m 41s | Remaining: 0h 3m 35s
66% | Elapsed: 0h 6m 44s | Remaining: 0h 3m 28s
67% | Elapsed: 0h 6m 47s | Remaining: 0h 3m 20s
68% | Elapsed: 0h 6m 54s | Remaining: 0h 3m 14s
69% | Elapsed: 0h 7m 2s | Remaining: 0h 3m 9s
70% | Elapsed: 0h 7m 9s | Remaining: 0h 3m 3s
71% | Elapsed: 0h 7m 15s | Remaining: 0h 2m 57s
72% | Elapsed: 0h 7m 26s | Remaining: 0h 2m 53s
73% | Elapsed: 0h 7m 31s | Remaining: 0h 2m 46s
74% | Elapsed: 0h 7m 34s | Remaining: 0h 2m 39s
75% | Elapsed: 0h 7m 38s | Remaining: 0h 2m 32s
76% | Elapsed: 0h 7m 54s | Remaining: 0h 2m 29s
77% | Elapsed: 0h 7m 59s | Remaining: 0h 2m 23s
78% | Elapsed: 0h 8m 6s | Remaining: 0h 2m 17s
79% | Elapsed: 0h 8m 8s | Remaining: 0h 2m 9s
80% | Elapsed: 0h 8m 11s | Remaining: 0h 2m 2s
81% | Elapsed: 0h 8m 14s | Remaining: 0h 1m 55s
82% | Elapsed: 0h 8m 20s | Remaining: 0h 1m 49s
83% | Elapsed: 0h 8m 23s | Remaining: 0h 1m 43s
84% | Elapsed: 0h 8m 26s | Remaining: 0h 1m 36s
85% | Elapsed: 0h 8m 29s | Remaining: 0h 1m 29s
86% | Elapsed: 0h 8m 36s | Remaining: 0h 1m 23s
87% | Elapsed: 0h 8m 39s | Remaining: 0h 1m 17s
88% | Elapsed: 0h 8m 42s | Remaining: 0h 1m 11s
89% | Elapsed: 0h 8m 45s | Remaining: 0h 1m 4s
90% | Elapsed: 0h 8m 51s | Remaining: 0h 0m 58s
91% | Elapsed: 0h 8m 56s | Remaining: 0h 0m 53s
92% | Elapsed: 0h 8m 59s | Remaining: 0h 0m 46s
93% | Elapsed: 0h 9m 2s | Remaining: 0h 0m 40s
94% | Elapsed: 0h 9m 15s | Remaining: 0h 0m 35s
95% | Elapsed: 0h 9m 18s | Remaining: 0h 0m 29s
96% | Elapsed: 0h 9m 20s | Remaining: 0h 0m 23s
97% | Elapsed: 0h 9m 38s | Remaining: 0h 0m 17s
98% | Elapsed: 0h 9m 41s | Remaining: 0h 0m 11s
99% | Elapsed: 0h 9m 45s | Remaining: 0h 0m 5s
100% | Elapsed: 0h 9m 51s | Remaining: 0h 0m 0s
Saved part 0 to /eos/user/s/shuangyu/public/Jpsi/AK8/QCD_Bin-PT-600to800_pythia8-RunIIISummer24_Chunk18_Part0.root (valid events: 180, processed events: 1592872, final part)

Processing completed successfully!
Total events processed: 1592872
Total parts created: 1

