Total entries: 79643585 Processing range: 31857440 - 33450312 (1592872 events)
1% | Elapsed: 0h 0m 7s | Remaining: 0h 11m 32s
2% | Elapsed: 0h 0m 11s | Remaining: 0h 8m 58s
3% | Elapsed: 0h 0m 13s | Remaining: 0h 7m 0s
4% | Elapsed: 0h 0m 15s | Remaining: 0h 5m 59s
5% | Elapsed: 0h 0m 27s | Remaining: 0h 8m 32s
6% | Elapsed: 0h 0m 31s | Remaining: 0h 8m 5s
7% | Elapsed: 0h 0m 38s | Remaining: 0h 8m 24s
8% | Elapsed: 0h 0m 47s | Remaining: 0h 9m 0s
9% | Elapsed: 0h 0m 50s | Remaining: 0h 8m 25s
10% | Elapsed: 0h 0m 56s | Remaining: 0h 8m 23s
11% | Elapsed: 0h 1m 3s | Remaining: 0h 8m 29s
12% | Elapsed: 0h 1m 7s | Remaining: 0h 8m 11s
13% | Elapsed: 0h 1m 13s | Remaining: 0h 8m 8s
14% | Elapsed: 0h 1m 15s | Remaining: 0h 7m 40s
15% | Elapsed: 0h 1m 18s | Remaining: 0h 7m 21s
16% | Elapsed: 0h 1m 26s | Remaining: 0h 7m 31s
17% | Elapsed: 0h 1m 29s | Remaining: 0h 7m 14s
18% | Elapsed: 0h 1m 31s | Remaining: 0h 6m 54s
19% | Elapsed: 0h 1m 39s | Remaining: 0h 7m 2s
20% | Elapsed: 0h 1m 42s | Remaining: 0h 6m 47s
21% | Elapsed: 0h 1m 47s | Remaining: 0h 6m 42s
22% | Elapsed: 0h 1m 55s | Remaining: 0h 6m 47s
23% | Elapsed: 0h 1m 58s | Remaining: 0h 6m 35s
24% | Elapsed: 0h 3m 7s | Remaining: 0h 9m 52s
25% | Elapsed: 0h 3m 15s | Remaining: 0h 9m 45s
26% | Elapsed: 0h 3m 19s | Remaining: 0h 9m 26s
27% | Elapsed: 0h 3m 26s | Remaining: 0h 9m 16s
28% | Elapsed: 0h 3m 28s | Remaining: 0h 8m 54s
29% | Elapsed: 0h 3m 35s | Remaining: 0h 8m 46s
30% | Elapsed: 0h 3m 39s | Remaining: 0h 8m 30s
31% | Elapsed: 0h 3m 41s | Remaining: 0h 8m 11s
32% | Elapsed: 0h 3m 44s | Remaining: 0h 7m 55s
33% | Elapsed: 0h 3m 51s | Remaining: 0h 7m 48s
34% | Elapsed: 0h 3m 55s | Remaining: 0h 7m 36s
35% | Elapsed: 0h 4m 1s | Remaining: 0h 7m 27s
36% | Elapsed: 0h 4m 9s | Remaining: 0h 7m 22s
37% | Elapsed: 0h 4m 13s | Remaining: 0h 7m 10s
38% | Elapsed: 0h 4m 17s | Remaining: 0h 6m 59s
39% | Elapsed: 0h 4m 22s | Remaining: 0h 6m 49s
40% | Elapsed: 0h 4m 30s | Remaining: 0h 6m 44s
41% | Elapsed: 0h 4m 34s | Remaining: 0h 6m 34s
42% | Elapsed: 0h 4m 39s | Remaining: 0h 6m 25s
43% | Elapsed: 0h 4m 42s | Remaining: 0h 6m 13s
44% | Elapsed: 0h 4m 49s | Remaining: 0h 6m 7s
45% | Elapsed: 0h 4m 52s | Remaining: 0h 5m 56s
46% | Elapsed: 0h 5m 12s | Remaining: 0h 6m 6s
47% | Elapsed: 0h 5m 17s | Remaining: 0h 5m 57s
48% | Elapsed: 0h 5m 22s | Remaining: 0h 5m 48s
49% | Elapsed: 0h 5m 28s | Remaining: 0h 5m 41s
50% | Elapsed: 0h 5m 32s | Remaining: 0h 5m 32s
51% | Elapsed: 0h 5m 35s | Remaining: 0h 5m 21s
52% | Elapsed: 0h 5m 46s | Remaining: 0h 5m 19s
53% | Elapsed: 0h 5m 52s | Remaining: 0h 5m 12s
54% | Elapsed: 0h 5m 58s | Remaining: 0h 5m 4s
55% | Elapsed: 0h 6m 1s | Remaining: 0h 4m 55s
56% | Elapsed: 0h 6m 8s | Remaining: 0h 4m 49s
57% | Elapsed: 0h 6m 12s | Remaining: 0h 4m 40s
58% | Elapsed: 0h 6m 15s | Remaining: 0h 4m 31s
59% | Elapsed: 0h 6m 19s | Remaining: 0h 4m 23s
60% | Elapsed: 0h 6m 28s | Remaining: 0h 4m 18s
61% | Elapsed: 0h 6m 32s | Remaining: 0h 4m 10s
62% | Elapsed: 0h 6m 36s | Remaining: 0h 4m 2s
63% | Elapsed: 0h 6m 41s | Remaining: 0h 3m 55s
64% | Elapsed: 0h 6m 51s | Remaining: 0h 3m 51s
65% | Elapsed: 0h 7m 16s | Remaining: 0h 3m 54s
66% | Elapsed: 0h 7m 19s | Remaining: 0h 3m 46s
67% | Elapsed: 0h 7m 27s | Remaining: 0h 3m 40s
68% | Elapsed: 0h 7m 33s | Remaining: 0h 3m 33s
69% | Elapsed: 0h 7m 38s | Remaining: 0h 3m 25s
70% | Elapsed: 0h 7m 41s | Remaining: 0h 3m 17s
71% | Elapsed: 0h 7m 46s | Remaining: 0h 3m 10s
72% | Elapsed: 0h 8m 32s | Remaining: 0h 3m 19s
73% | Elapsed: 0h 8m 34s | Remaining: 0h 3m 10s
74% | Elapsed: 0h 8m 37s | Remaining: 0h 3m 1s
75% | Elapsed: 0h 8m 42s | Remaining: 0h 2m 54s
76% | Elapsed: 0h 8m 47s | Remaining: 0h 2m 46s
77% | Elapsed: 0h 8m 51s | Remaining: 0h 2m 38s
78% | Elapsed: 0h 8m 54s | Remaining: 0h 2m 30s
79% | Elapsed: 0h 9m 6s | Remaining: 0h 2m 25s
80% | Elapsed: 0h 9m 7s | Remaining: 0h 2m 16s
81% | Elapsed: 0h 9m 11s | Remaining: 0h 2m 9s
82% | Elapsed: 0h 9m 18s | Remaining: 0h 2m 2s
83% | Elapsed: 0h 9m 21s | Remaining: 0h 1m 54s
84% | Elapsed: 0h 9m 25s | Remaining: 0h 1m 47s
85% | Elapsed: 0h 9m 33s | Remaining: 0h 1m 41s
86% | Elapsed: 0h 9m 36s | Remaining: 0h 1m 33s
87% | Elapsed: 0h 9m 53s | Remaining: 0h 1m 28s
88% | Elapsed: 0h 9m 56s | Remaining: 0h 1m 21s
89% | Elapsed: 0h 10m 2s | Remaining: 0h 1m 14s
90% | Elapsed: 0h 10m 8s | Remaining: 0h 1m 7s
91% | Elapsed: 0h 10m 12s | Remaining: 0h 1m 0s
92% | Elapsed: 0h 10m 14s | Remaining: 0h 0m 53s
93% | Elapsed: 0h 10m 21s | Remaining: 0h 0m 46s
94% | Elapsed: 0h 10m 24s | Remaining: 0h 0m 39s
95% | Elapsed: 0h 10m 26s | Remaining: 0h 0m 32s
96% | Elapsed: 0h 10m 34s | Remaining: 0h 0m 26s
97% | Elapsed: 0h 10m 40s | Remaining: 0h 0m 19s
98% | Elapsed: 0h 10m 42s | Remaining: 0h 0m 13s
99% | Elapsed: 0h 11m 33s | Remaining: 0h 0m 6s
100% | Elapsed: 0h 11m 36s | Remaining: 0h 0m 0s
Saved part 0 to /eos/user/s/shuangyu/public/Jpsi/AK8/QCD_Bin-PT-600to800_pythia8-RunIIISummer24_Chunk20_Part0.root (valid events: 157, processed events: 1592872, final part)

Processing completed successfully!
Total events processed: 1592872
Total parts created: 1

