Total entries: 79643585 Processing range: 38228928 - 39821800 (1592872 events)
1% | Elapsed: 0h 0m 22s | Remaining: 0h 36m 17s
2% | Elapsed: 0h 0m 26s | Remaining: 0h 21m 13s
3% | Elapsed: 0h 0m 29s | Remaining: 0h 15m 37s
4% | Elapsed: 0h 0m 32s | Remaining: 0h 12m 47s
5% | Elapsed: 0h 0m 52s | Remaining: 0h 16m 27s
6% | Elapsed: 0h 0m 56s | Remaining: 0h 14m 37s
7% | Elapsed: 0h 1m 0s | Remaining: 0h 13m 17s
8% | Elapsed: 0h 1m 7s | Remaining: 0h 12m 50s
9% | Elapsed: 0h 1m 12s | Remaining: 0h 12m 7s
10% | Elapsed: 0h 1m 18s | Remaining: 0h 11m 41s
11% | Elapsed: 0h 1m 22s | Remaining: 0h 11m 3s
12% | Elapsed: 0h 1m 25s | Remaining: 0h 10m 23s
13% | Elapsed: 0h 1m 28s | Remaining: 0h 9m 48s
14% | Elapsed: 0h 1m 34s | Remaining: 0h 9m 37s
15% | Elapsed: 0h 1m 38s | Remaining: 0h 9m 15s
16% | Elapsed: 0h 1m 41s | Remaining: 0h 8m 50s
17% | Elapsed: 0h 1m 44s | Remaining: 0h 8m 27s
18% | Elapsed: 0h 1m 51s | Remaining: 0h 8m 25s
19% | Elapsed: 0h 1m 54s | Remaining: 0h 8m 5s
20% | Elapsed: 0h 1m 58s | Remaining: 0h 7m 51s
21% | Elapsed: 0h 2m 2s | Remaining: 0h 7m 38s
22% | Elapsed: 0h 2m 5s | Remaining: 0h 7m 23s
23% | Elapsed: 0h 2m 13s | Remaining: 0h 7m 25s
24% | Elapsed: 0h 2m 17s | Remaining: 0h 7m 13s
25% | Elapsed: 0h 2m 25s | Remaining: 0h 7m 15s
26% | Elapsed: 0h 2m 33s | Remaining: 0h 7m 15s
27% | Elapsed: 0h 2m 45s | Remaining: 0h 7m 26s
28% | Elapsed: 0h 2m 49s | Remaining: 0h 7m 14s
29% | Elapsed: 0h 2m 54s | Remaining: 0h 7m 5s
30% | Elapsed: 0h 2m 59s | Remaining: 0h 6m 57s
31% | Elapsed: 0h 3m 3s | Remaining: 0h 6m 47s
32% | Elapsed: 0h 3m 12s | Remaining: 0h 6m 47s
33% | Elapsed: 0h 3m 15s | Remaining: 0h 6m 35s
34% | Elapsed: 0h 3m 20s | Remaining: 0h 6m 28s
35% | Elapsed: 0h 3m 22s | Remaining: 0h 6m 15s
36% | Elapsed: 0h 3m 44s | Remaining: 0h 6m 38s
37% | Elapsed: 0h 3m 46s | Remaining: 0h 6m 24s
38% | Elapsed: 0h 3m 49s | Remaining: 0h 6m 13s
39% | Elapsed: 0h 4m 24s | Remaining: 0h 6m 52s
40% | Elapsed: 0h 4m 29s | Remaining: 0h 6m 43s
41% | Elapsed: 0h 4m 31s | Remaining: 0h 6m 29s
42% | Elapsed: 0h 4m 34s | Remaining: 0h 6m 18s
43% | Elapsed: 0h 4m 45s | Remaining: 0h 6m 17s
44% | Elapsed: 0h 4m 48s | Remaining: 0h 6m 6s
45% | Elapsed: 0h 4m 50s | Remaining: 0h 5m 54s
46% | Elapsed: 0h 4m 56s | Remaining: 0h 5m 47s
47% | Elapsed: 0h 5m 0s | Remaining: 0h 5m 38s
48% | Elapsed: 0h 5m 8s | Remaining: 0h 5m 33s
49% | Elapsed: 0h 5m 11s | Remaining: 0h 5m 23s
50% | Elapsed: 0h 5m 14s | Remaining: 0h 5m 14s
51% | Elapsed: 0h 5m 23s | Remaining: 0h 5m 10s
52% | Elapsed: 0h 5m 26s | Remaining: 0h 5m 0s
53% | Elapsed: 0h 5m 32s | Remaining: 0h 4m 54s
54% | Elapsed: 0h 5m 36s | Remaining: 0h 4m 46s
55% | Elapsed: 0h 5m 46s | Remaining: 0h 4m 43s
56% | Elapsed: 0h 5m 50s | Remaining: 0h 4m 34s
57% | Elapsed: 0h 6m 0s | Remaining: 0h 4m 31s
58% | Elapsed: 0h 6m 4s | Remaining: 0h 4m 23s
59% | Elapsed: 0h 6m 7s | Remaining: 0h 4m 15s
60% | Elapsed: 0h 6m 13s | Remaining: 0h 4m 8s
61% | Elapsed: 0h 6m 17s | Remaining: 0h 4m 1s
62% | Elapsed: 0h 6m 20s | Remaining: 0h 3m 52s
63% | Elapsed: 0h 6m 25s | Remaining: 0h 3m 46s
64% | Elapsed: 0h 6m 27s | Remaining: 0h 3m 37s
65% | Elapsed: 0h 6m 31s | Remaining: 0h 3m 30s
66% | Elapsed: 0h 6m 35s | Remaining: 0h 3m 23s
67% | Elapsed: 0h 6m 48s | Remaining: 0h 3m 20s
68% | Elapsed: 0h 7m 2s | Remaining: 0h 3m 18s
69% | Elapsed: 0h 7m 6s | Remaining: 0h 3m 11s
70% | Elapsed: 0h 7m 9s | Remaining: 0h 3m 3s
71% | Elapsed: 0h 7m 12s | Remaining: 0h 2m 56s
72% | Elapsed: 0h 7m 22s | Remaining: 0h 2m 51s
73% | Elapsed: 0h 7m 27s | Remaining: 0h 2m 45s
74% | Elapsed: 0h 7m 33s | Remaining: 0h 2m 39s
75% | Elapsed: 0h 7m 37s | Remaining: 0h 2m 32s
76% | Elapsed: 0h 7m 41s | Remaining: 0h 2m 25s
77% | Elapsed: 0h 7m 43s | Remaining: 0h 2m 18s
78% | Elapsed: 0h 7m 46s | Remaining: 0h 2m 11s
79% | Elapsed: 0h 7m 53s | Remaining: 0h 2m 5s
80% | Elapsed: 0h 7m 56s | Remaining: 0h 1m 58s
81% | Elapsed: 0h 8m 1s | Remaining: 0h 1m 52s
82% | Elapsed: 0h 8m 4s | Remaining: 0h 1m 46s
83% | Elapsed: 0h 8m 11s | Remaining: 0h 1m 40s
84% | Elapsed: 0h 8m 15s | Remaining: 0h 1m 34s
85% | Elapsed: 0h 8m 18s | Remaining: 0h 1m 27s
86% | Elapsed: 0h 8m 21s | Remaining: 0h 1m 21s
87% | Elapsed: 0h 8m 27s | Remaining: 0h 1m 15s
88% | Elapsed: 0h 8m 36s | Remaining: 0h 1m 10s
89% | Elapsed: 0h 8m 39s | Remaining: 0h 1m 4s
90% | Elapsed: 0h 8m 46s | Remaining: 0h 0m 58s
91% | Elapsed: 0h 8m 49s | Remaining: 0h 0m 52s
92% | Elapsed: 0h 8m 58s | Remaining: 0h 0m 46s
93% | Elapsed: 0h 9m 1s | Remaining: 0h 0m 40s
94% | Elapsed: 0h 9m 6s | Remaining: 0h 0m 34s
95% | Elapsed: 0h 9m 9s | Remaining: 0h 0m 28s
96% | Elapsed: 0h 9m 18s | Remaining: 0h 0m 23s
97% | Elapsed: 0h 9m 21s | Remaining: 0h 0m 17s
98% | Elapsed: 0h 9m 24s | Remaining: 0h 0m 11s
99% | Elapsed: 0h 9m 27s | Remaining: 0h 0m 5s
100% | Elapsed: 0h 9m 32s | Remaining: 0h 0m 0s
Saved part 0 to /eos/user/s/shuangyu/public/Jpsi/AK8/QCD_Bin-PT-600to800_pythia8-RunIIISummer24_Chunk24_Part0.root (valid events: 170, processed events: 1592872, final part)

Processing completed successfully!
Total events processed: 1592872
Total parts created: 1

