Total entries: 79643585 Processing range: 25485952 - 27078824 (1592872 events)
1% | Elapsed: 0h 0m 15s | Remaining: 0h 24m 44s
2% | Elapsed: 0h 0m 22s | Remaining: 0h 17m 57s
3% | Elapsed: 0h 0m 25s | Remaining: 0h 13m 28s
4% | Elapsed: 0h 0m 29s | Remaining: 0h 11m 35s
5% | Elapsed: 0h 0m 35s | Remaining: 0h 11m 4s
6% | Elapsed: 0h 0m 41s | Remaining: 0h 10m 42s
7% | Elapsed: 0h 0m 44s | Remaining: 0h 9m 44s
8% | Elapsed: 0h 0m 47s | Remaining: 0h 9m 0s
9% | Elapsed: 0h 0m 59s | Remaining: 0h 9m 56s
10% | Elapsed: 0h 1m 3s | Remaining: 0h 9m 26s
11% | Elapsed: 0h 1m 7s | Remaining: 0h 9m 2s
12% | Elapsed: 0h 1m 13s | Remaining: 0h 8m 55s
13% | Elapsed: 0h 1m 18s | Remaining: 0h 8m 41s
14% | Elapsed: 0h 1m 22s | Remaining: 0h 8m 23s
15% | Elapsed: 0h 1m 25s | Remaining: 0h 8m 1s
16% | Elapsed: 0h 1m 32s | Remaining: 0h 8m 2s
17% | Elapsed: 0h 1m 36s | Remaining: 0h 7m 48s
18% | Elapsed: 0h 1m 39s | Remaining: 0h 7m 30s
19% | Elapsed: 0h 1m 46s | Remaining: 0h 7m 31s
20% | Elapsed: 0h 1m 50s | Remaining: 0h 7m 19s
21% | Elapsed: 0h 1m 57s | Remaining: 0h 7m 20s
22% | Elapsed: 0h 2m 2s | Remaining: 0h 7m 12s
23% | Elapsed: 0h 2m 4s | Remaining: 0h 6m 55s
24% | Elapsed: 0h 2m 7s | Remaining: 0h 6m 42s
25% | Elapsed: 0h 2m 11s | Remaining: 0h 6m 33s
26% | Elapsed: 0h 2m 28s | Remaining: 0h 7m 1s
27% | Elapsed: 0h 2m 34s | Remaining: 0h 6m 56s
28% | Elapsed: 0h 2m 38s | Remaining: 0h 6m 46s
29% | Elapsed: 0h 2m 41s | Remaining: 0h 6m 34s
30% | Elapsed: 0h 3m 40s | Remaining: 0h 8m 33s
31% | Elapsed: 0h 3m 44s | Remaining: 0h 8m 18s
32% | Elapsed: 0h 3m 48s | Remaining: 0h 8m 4s
33% | Elapsed: 0h 4m 0s | Remaining: 0h 8m 7s
34% | Elapsed: 0h 4m 5s | Remaining: 0h 7m 55s
35% | Elapsed: 0h 4m 8s | Remaining: 0h 7m 40s
36% | Elapsed: 0h 4m 14s | Remaining: 0h 7m 31s
37% | Elapsed: 0h 4m 21s | Remaining: 0h 7m 24s
38% | Elapsed: 0h 4m 26s | Remaining: 0h 7m 13s
39% | Elapsed: 0h 4m 37s | Remaining: 0h 7m 13s
40% | Elapsed: 0h 4m 42s | Remaining: 0h 7m 2s
41% | Elapsed: 0h 4m 44s | Remaining: 0h 6m 48s
42% | Elapsed: 0h 4m 52s | Remaining: 0h 6m 43s
43% | Elapsed: 0h 5m 4s | Remaining: 0h 6m 42s
44% | Elapsed: 0h 5m 8s | Remaining: 0h 6m 31s
45% | Elapsed: 0h 5m 13s | Remaining: 0h 6m 22s
46% | Elapsed: 0h 5m 26s | Remaining: 0h 6m 22s
47% | Elapsed: 0h 5m 30s | Remaining: 0h 6m 12s
48% | Elapsed: 0h 5m 35s | Remaining: 0h 6m 2s
49% | Elapsed: 0h 5m 38s | Remaining: 0h 5m 51s
50% | Elapsed: 0h 5m 46s | Remaining: 0h 5m 46s
51% | Elapsed: 0h 5m 49s | Remaining: 0h 5m 35s
52% | Elapsed: 0h 5m 56s | Remaining: 0h 5m 28s
53% | Elapsed: 0h 5m 59s | Remaining: 0h 5m 18s
54% | Elapsed: 0h 6m 2s | Remaining: 0h 5m 8s
55% | Elapsed: 0h 6m 14s | Remaining: 0h 5m 5s
56% | Elapsed: 0h 6m 18s | Remaining: 0h 4m 56s
57% | Elapsed: 0h 6m 20s | Remaining: 0h 4m 46s
58% | Elapsed: 0h 6m 32s | Remaining: 0h 4m 43s
59% | Elapsed: 0h 6m 36s | Remaining: 0h 4m 35s
60% | Elapsed: 0h 6m 39s | Remaining: 0h 4m 25s
61% | Elapsed: 0h 6m 51s | Remaining: 0h 4m 22s
62% | Elapsed: 0h 6m 59s | Remaining: 0h 4m 16s
63% | Elapsed: 0h 7m 4s | Remaining: 0h 4m 9s
64% | Elapsed: 0h 7m 12s | Remaining: 0h 4m 2s
65% | Elapsed: 0h 7m 15s | Remaining: 0h 3m 54s
66% | Elapsed: 0h 7m 21s | Remaining: 0h 3m 47s
67% | Elapsed: 0h 7m 28s | Remaining: 0h 3m 40s
68% | Elapsed: 0h 7m 32s | Remaining: 0h 3m 32s
69% | Elapsed: 0h 7m 39s | Remaining: 0h 3m 26s
70% | Elapsed: 0h 7m 43s | Remaining: 0h 3m 18s
71% | Elapsed: 0h 7m 47s | Remaining: 0h 3m 10s
72% | Elapsed: 0h 7m 55s | Remaining: 0h 3m 4s
73% | Elapsed: 0h 7m 59s | Remaining: 0h 2m 57s
74% | Elapsed: 0h 8m 2s | Remaining: 0h 2m 49s
75% | Elapsed: 0h 8m 8s | Remaining: 0h 2m 42s
76% | Elapsed: 0h 8m 13s | Remaining: 0h 2m 35s
77% | Elapsed: 0h 8m 16s | Remaining: 0h 2m 28s
78% | Elapsed: 0h 8m 19s | Remaining: 0h 2m 20s
79% | Elapsed: 0h 8m 22s | Remaining: 0h 2m 13s
80% | Elapsed: 0h 8m 29s | Remaining: 0h 2m 7s
81% | Elapsed: 0h 8m 32s | Remaining: 0h 2m 0s
82% | Elapsed: 0h 8m 35s | Remaining: 0h 1m 53s
83% | Elapsed: 0h 8m 38s | Remaining: 0h 1m 46s
84% | Elapsed: 0h 8m 51s | Remaining: 0h 1m 41s
85% | Elapsed: 0h 8m 56s | Remaining: 0h 1m 34s
86% | Elapsed: 0h 9m 12s | Remaining: 0h 1m 29s
87% | Elapsed: 0h 9m 17s | Remaining: 0h 1m 23s
88% | Elapsed: 0h 9m 26s | Remaining: 0h 1m 17s
89% | Elapsed: 0h 9m 30s | Remaining: 0h 1m 10s
90% | Elapsed: 0h 9m 34s | Remaining: 0h 1m 3s
91% | Elapsed: 0h 9m 41s | Remaining: 0h 0m 57s
92% | Elapsed: 0h 9m 46s | Remaining: 0h 0m 50s
93% | Elapsed: 0h 9m 49s | Remaining: 0h 0m 44s
94% | Elapsed: 0h 9m 58s | Remaining: 0h 0m 38s
95% | Elapsed: 0h 10m 16s | Remaining: 0h 0m 32s
96% | Elapsed: 0h 10m 21s | Remaining: 0h 0m 25s
97% | Elapsed: 0h 10m 29s | Remaining: 0h 0m 19s
98% | Elapsed: 0h 10m 37s | Remaining: 0h 0m 12s
99% | Elapsed: 0h 10m 43s | Remaining: 0h 0m 6s
100% | Elapsed: 0h 10m 50s | Remaining: 0h 0m 0s
Saved part 0 to /eos/user/s/shuangyu/public/Jpsi/AK8/QCD_Bin-PT-600to800_pythia8-RunIIISummer24_Chunk16_Part0.root (valid events: 161, processed events: 1592872, final part)

Processing completed successfully!
Total events processed: 1592872
Total parts created: 1

