Total entries: 79643585 Processing range: 4778616 - 6371488 (1592872 events)
1% | Elapsed: 0h 0m 6s | Remaining: 0h 9m 53s
2% | Elapsed: 0h 0m 13s | Remaining: 0h 10m 36s
3% | Elapsed: 0h 0m 15s | Remaining: 0h 8m 4s
4% | Elapsed: 0h 0m 19s | Remaining: 0h 7m 35s
5% | Elapsed: 0h 0m 22s | Remaining: 0h 6m 57s
6% | Elapsed: 0h 0m 30s | Remaining: 0h 7m 49s
7% | Elapsed: 0h 0m 34s | Remaining: 0h 7m 31s
8% | Elapsed: 0h 0m 37s | Remaining: 0h 7m 5s
9% | Elapsed: 0h 0m 43s | Remaining: 0h 7m 14s
10% | Elapsed: 0h 0m 48s | Remaining: 0h 7m 11s
11% | Elapsed: 0h 0m 53s | Remaining: 0h 7m 8s
12% | Elapsed: 0h 0m 59s | Remaining: 0h 7m 12s
13% | Elapsed: 0h 1m 3s | Remaining: 0h 7m 1s
14% | Elapsed: 0h 1m 6s | Remaining: 0h 6m 45s
15% | Elapsed: 0h 1m 9s | Remaining: 0h 6m 30s
16% | Elapsed: 0h 1m 19s | Remaining: 0h 6m 54s
17% | Elapsed: 0h 1m 24s | Remaining: 0h 6m 50s
18% | Elapsed: 0h 1m 27s | Remaining: 0h 6m 36s
19% | Elapsed: 0h 1m 33s | Remaining: 0h 6m 36s
20% | Elapsed: 0h 1m 39s | Remaining: 0h 6m 35s
21% | Elapsed: 0h 1m 42s | Remaining: 0h 6m 23s
22% | Elapsed: 0h 2m 4s | Remaining: 0h 7m 19s
23% | Elapsed: 0h 2m 7s | Remaining: 0h 7m 5s
24% | Elapsed: 0h 2m 10s | Remaining: 0h 6m 51s
25% | Elapsed: 0h 2m 18s | Remaining: 0h 6m 54s
26% | Elapsed: 0h 2m 21s | Remaining: 0h 6m 41s
27% | Elapsed: 0h 2m 25s | Remaining: 0h 6m 32s
28% | Elapsed: 0h 2m 32s | Remaining: 0h 6m 30s
29% | Elapsed: 0h 2m 36s | Remaining: 0h 6m 21s
30% | Elapsed: 0h 2m 40s | Remaining: 0h 6m 13s
31% | Elapsed: 0h 2m 47s | Remaining: 0h 6m 11s
32% | Elapsed: 0h 2m 50s | Remaining: 0h 6m 1s
33% | Elapsed: 0h 3m 0s | Remaining: 0h 6m 5s
34% | Elapsed: 0h 3m 3s | Remaining: 0h 5m 55s
35% | Elapsed: 0h 3m 7s | Remaining: 0h 5m 47s
36% | Elapsed: 0h 3m 11s | Remaining: 0h 5m 39s
37% | Elapsed: 0h 3m 27s | Remaining: 0h 5m 52s
38% | Elapsed: 0h 3m 31s | Remaining: 0h 5m 44s
39% | Elapsed: 0h 3m 37s | Remaining: 0h 5m 39s
40% | Elapsed: 0h 3m 50s | Remaining: 0h 5m 44s
41% | Elapsed: 0h 3m 54s | Remaining: 0h 5m 36s
42% | Elapsed: 0h 3m 57s | Remaining: 0h 5m 27s
43% | Elapsed: 0h 4m 5s | Remaining: 0h 5m 24s
44% | Elapsed: 0h 4m 9s | Remaining: 0h 5m 16s
45% | Elapsed: 0h 4m 11s | Remaining: 0h 5m 6s
46% | Elapsed: 0h 4m 22s | Remaining: 0h 5m 7s
47% | Elapsed: 0h 4m 25s | Remaining: 0h 4m 58s
48% | Elapsed: 0h 4m 32s | Remaining: 0h 4m 54s
49% | Elapsed: 0h 4m 34s | Remaining: 0h 4m 45s
50% | Elapsed: 0h 4m 37s | Remaining: 0h 4m 37s
51% | Elapsed: 0h 5m 3s | Remaining: 0h 4m 51s
52% | Elapsed: 0h 5m 5s | Remaining: 0h 4m 41s
53% | Elapsed: 0h 5m 8s | Remaining: 0h 4m 33s
54% | Elapsed: 0h 5m 11s | Remaining: 0h 4m 24s
55% | Elapsed: 0h 5m 18s | Remaining: 0h 4m 20s
56% | Elapsed: 0h 5m 20s | Remaining: 0h 4m 11s
57% | Elapsed: 0h 5m 35s | Remaining: 0h 4m 12s
58% | Elapsed: 0h 5m 45s | Remaining: 0h 4m 9s
59% | Elapsed: 0h 5m 55s | Remaining: 0h 4m 6s
60% | Elapsed: 0h 5m 58s | Remaining: 0h 3m 58s
61% | Elapsed: 0h 6m 5s | Remaining: 0h 3m 53s
62% | Elapsed: 0h 6m 8s | Remaining: 0h 3m 45s
63% | Elapsed: 0h 6m 11s | Remaining: 0h 3m 37s
64% | Elapsed: 0h 6m 16s | Remaining: 0h 3m 31s
65% | Elapsed: 0h 6m 22s | Remaining: 0h 3m 25s
66% | Elapsed: 0h 6m 25s | Remaining: 0h 3m 18s
67% | Elapsed: 0h 6m 28s | Remaining: 0h 3m 11s
68% | Elapsed: 0h 6m 34s | Remaining: 0h 3m 5s
69% | Elapsed: 0h 6m 42s | Remaining: 0h 3m 0s
70% | Elapsed: 0h 6m 46s | Remaining: 0h 2m 53s
71% | Elapsed: 0h 6m 48s | Remaining: 0h 2m 46s
72% | Elapsed: 0h 6m 51s | Remaining: 0h 2m 39s
73% | Elapsed: 0h 6m 57s | Remaining: 0h 2m 34s
74% | Elapsed: 0h 7m 0s | Remaining: 0h 2m 27s
75% | Elapsed: 0h 7m 2s | Remaining: 0h 2m 20s
76% | Elapsed: 0h 7m 5s | Remaining: 0h 2m 14s
77% | Elapsed: 0h 7m 13s | Remaining: 0h 2m 9s
78% | Elapsed: 0h 7m 16s | Remaining: 0h 2m 2s
79% | Elapsed: 0h 7m 20s | Remaining: 0h 1m 56s
80% | Elapsed: 0h 7m 35s | Remaining: 0h 1m 53s
81% | Elapsed: 0h 7m 38s | Remaining: 0h 1m 47s
82% | Elapsed: 0h 7m 42s | Remaining: 0h 1m 41s
83% | Elapsed: 0h 7m 44s | Remaining: 0h 1m 35s
84% | Elapsed: 0h 7m 48s | Remaining: 0h 1m 29s
85% | Elapsed: 0h 7m 52s | Remaining: 0h 1m 23s
86% | Elapsed: 0h 7m 54s | Remaining: 0h 1m 17s
87% | Elapsed: 0h 8m 14s | Remaining: 0h 1m 13s
88% | Elapsed: 0h 8m 18s | Remaining: 0h 1m 7s
89% | Elapsed: 0h 8m 25s | Remaining: 0h 1m 2s
90% | Elapsed: 0h 8m 31s | Remaining: 0h 0m 56s
91% | Elapsed: 0h 8m 35s | Remaining: 0h 0m 50s
92% | Elapsed: 0h 8m 37s | Remaining: 0h 0m 44s
93% | Elapsed: 0h 8m 47s | Remaining: 0h 0m 39s
94% | Elapsed: 0h 8m 53s | Remaining: 0h 0m 34s
95% | Elapsed: 0h 8m 59s | Remaining: 0h 0m 28s
96% | Elapsed: 0h 9m 3s | Remaining: 0h 0m 22s
97% | Elapsed: 0h 9m 10s | Remaining: 0h 0m 17s
98% | Elapsed: 0h 9m 15s | Remaining: 0h 0m 11s
99% | Elapsed: 0h 9m 23s | Remaining: 0h 0m 5s
100% | Elapsed: 0h 9m 44s | Remaining: 0h 0m 0s
Saved part 0 to /eos/user/s/shuangyu/public/Jpsi/AK8/QCD_Bin-PT-600to800_pythia8-RunIIISummer24_Chunk3_Part0.root (valid events: 167, processed events: 1592872, final part)

Processing completed successfully!
Total events processed: 1592872
Total parts created: 1

