Total entries: 79643585 Processing range: 58936264 - 60529136 (1592872 events)
1% | Elapsed: 0h 0m 12s | Remaining: 0h 19m 47s
2% | Elapsed: 0h 0m 15s | Remaining: 0h 12m 14s
3% | Elapsed: 0h 0m 18s | Remaining: 0h 9m 41s
4% | Elapsed: 0h 0m 21s | Remaining: 0h 8m 23s
5% | Elapsed: 0h 0m 24s | Remaining: 0h 7m 35s
6% | Elapsed: 0h 0m 39s | Remaining: 0h 10m 10s
7% | Elapsed: 0h 0m 47s | Remaining: 0h 10m 24s
8% | Elapsed: 0h 0m 54s | Remaining: 0h 10m 20s
9% | Elapsed: 0h 1m 2s | Remaining: 0h 10m 26s
10% | Elapsed: 0h 1m 5s | Remaining: 0h 9m 44s
11% | Elapsed: 0h 1m 8s | Remaining: 0h 9m 10s
12% | Elapsed: 0h 1m 11s | Remaining: 0h 8m 40s
13% | Elapsed: 0h 1m 18s | Remaining: 0h 8m 41s
14% | Elapsed: 0h 1m 21s | Remaining: 0h 8m 17s
15% | Elapsed: 0h 1m 24s | Remaining: 0h 7m 55s
16% | Elapsed: 0h 1m 31s | Remaining: 0h 7m 57s
17% | Elapsed: 0h 1m 36s | Remaining: 0h 7m 48s
18% | Elapsed: 0h 1m 42s | Remaining: 0h 7m 44s
19% | Elapsed: 0h 1m 50s | Remaining: 0h 7m 48s
20% | Elapsed: 0h 1m 52s | Remaining: 0h 7m 27s
21% | Elapsed: 0h 1m 55s | Remaining: 0h 7m 12s
22% | Elapsed: 0h 2m 2s | Remaining: 0h 7m 12s
23% | Elapsed: 0h 2m 7s | Remaining: 0h 7m 5s
24% | Elapsed: 0h 3m 18s | Remaining: 0h 10m 26s
25% | Elapsed: 0h 3m 23s | Remaining: 0h 10m 9s
26% | Elapsed: 0h 3m 28s | Remaining: 0h 9m 51s
27% | Elapsed: 0h 3m 33s | Remaining: 0h 9m 35s
28% | Elapsed: 0h 3m 37s | Remaining: 0h 9m 17s
29% | Elapsed: 0h 3m 46s | Remaining: 0h 9m 13s
30% | Elapsed: 0h 3m 48s | Remaining: 0h 8m 51s
31% | Elapsed: 0h 3m 59s | Remaining: 0h 8m 51s
32% | Elapsed: 0h 4m 2s | Remaining: 0h 8m 34s
33% | Elapsed: 0h 4m 10s | Remaining: 0h 8m 27s
34% | Elapsed: 0h 4m 13s | Remaining: 0h 8m 11s
35% | Elapsed: 0h 4m 17s | Remaining: 0h 7m 57s
36% | Elapsed: 0h 4m 21s | Remaining: 0h 7m 43s
37% | Elapsed: 0h 4m 29s | Remaining: 0h 7m 38s
38% | Elapsed: 0h 4m 33s | Remaining: 0h 7m 25s
39% | Elapsed: 0h 4m 37s | Remaining: 0h 7m 13s
40% | Elapsed: 0h 4m 41s | Remaining: 0h 7m 1s
41% | Elapsed: 0h 4m 49s | Remaining: 0h 6m 55s
42% | Elapsed: 0h 4m 53s | Remaining: 0h 6m 44s
43% | Elapsed: 0h 4m 59s | Remaining: 0h 6m 36s
44% | Elapsed: 0h 5m 2s | Remaining: 0h 6m 24s
45% | Elapsed: 0h 5m 15s | Remaining: 0h 6m 24s
46% | Elapsed: 0h 5m 25s | Remaining: 0h 6m 21s
47% | Elapsed: 0h 5m 31s | Remaining: 0h 6m 13s
48% | Elapsed: 0h 5m 36s | Remaining: 0h 6m 3s
49% | Elapsed: 0h 5m 39s | Remaining: 0h 5m 52s
50% | Elapsed: 0h 5m 46s | Remaining: 0h 5m 46s
51% | Elapsed: 0h 5m 49s | Remaining: 0h 5m 35s
52% | Elapsed: 0h 5m 52s | Remaining: 0h 5m 24s
53% | Elapsed: 0h 6m 10s | Remaining: 0h 5m 28s
54% | Elapsed: 0h 6m 13s | Remaining: 0h 5m 17s
55% | Elapsed: 0h 6m 18s | Remaining: 0h 5m 9s
56% | Elapsed: 0h 6m 23s | Remaining: 0h 5m 0s
57% | Elapsed: 0h 6m 37s | Remaining: 0h 4m 59s
58% | Elapsed: 0h 6m 42s | Remaining: 0h 4m 51s
59% | Elapsed: 0h 6m 47s | Remaining: 0h 4m 42s
60% | Elapsed: 0h 6m 53s | Remaining: 0h 4m 35s
61% | Elapsed: 0h 6m 56s | Remaining: 0h 4m 25s
62% | Elapsed: 0h 6m 59s | Remaining: 0h 4m 16s
63% | Elapsed: 0h 7m 2s | Remaining: 0h 4m 7s
64% | Elapsed: 0h 7m 5s | Remaining: 0h 3m 59s
65% | Elapsed: 0h 7m 18s | Remaining: 0h 3m 55s
66% | Elapsed: 0h 7m 21s | Remaining: 0h 3m 47s
67% | Elapsed: 0h 7m 23s | Remaining: 0h 3m 38s
68% | Elapsed: 0h 7m 30s | Remaining: 0h 3m 31s
69% | Elapsed: 0h 7m 33s | Remaining: 0h 3m 23s
70% | Elapsed: 0h 7m 36s | Remaining: 0h 3m 15s
71% | Elapsed: 0h 7m 45s | Remaining: 0h 3m 9s
72% | Elapsed: 0h 7m 48s | Remaining: 0h 3m 1s
73% | Elapsed: 0h 7m 51s | Remaining: 0h 2m 54s
74% | Elapsed: 0h 7m 58s | Remaining: 0h 2m 47s
75% | Elapsed: 0h 8m 0s | Remaining: 0h 2m 40s
76% | Elapsed: 0h 8m 8s | Remaining: 0h 2m 34s
77% | Elapsed: 0h 8m 11s | Remaining: 0h 2m 26s
78% | Elapsed: 0h 8m 16s | Remaining: 0h 2m 19s
79% | Elapsed: 0h 8m 19s | Remaining: 0h 2m 12s
80% | Elapsed: 0h 8m 40s | Remaining: 0h 2m 9s
81% | Elapsed: 0h 8m 43s | Remaining: 0h 2m 2s
82% | Elapsed: 0h 8m 47s | Remaining: 0h 1m 55s
83% | Elapsed: 0h 8m 51s | Remaining: 0h 1m 48s
84% | Elapsed: 0h 8m 59s | Remaining: 0h 1m 42s
85% | Elapsed: 0h 9m 3s | Remaining: 0h 1m 35s
86% | Elapsed: 0h 9m 6s | Remaining: 0h 1m 28s
87% | Elapsed: 0h 9m 9s | Remaining: 0h 1m 22s
88% | Elapsed: 0h 9m 17s | Remaining: 0h 1m 15s
89% | Elapsed: 0h 9m 21s | Remaining: 0h 1m 9s
90% | Elapsed: 0h 9m 26s | Remaining: 0h 1m 2s
91% | Elapsed: 0h 9m 33s | Remaining: 0h 0m 56s
92% | Elapsed: 0h 9m 37s | Remaining: 0h 0m 50s
93% | Elapsed: 0h 9m 44s | Remaining: 0h 0m 43s
94% | Elapsed: 0h 9m 47s | Remaining: 0h 0m 37s
95% | Elapsed: 0h 9m 50s | Remaining: 0h 0m 31s
96% | Elapsed: 0h 9m 56s | Remaining: 0h 0m 24s
97% | Elapsed: 0h 9m 59s | Remaining: 0h 0m 18s
98% | Elapsed: 0h 10m 1s | Remaining: 0h 0m 12s
99% | Elapsed: 0h 10m 9s | Remaining: 0h 0m 6s
100% | Elapsed: 0h 10m 13s | Remaining: 0h 0m 0s
Saved part 0 to /eos/user/s/shuangyu/public/Jpsi/AK8/QCD_Bin-PT-600to800_pythia8-RunIIISummer24_Chunk37_Part0.root (valid events: 170, processed events: 1592872, final part)

Processing completed successfully!
Total events processed: 1592872
Total parts created: 1

