Total entries: 79643585 Processing range: 43007544 - 44600416 (1592872 events)
1% | Elapsed: 0h 0m 7s | Remaining: 0h 11m 32s
2% | Elapsed: 0h 0m 15s | Remaining: 0h 12m 14s
3% | Elapsed: 0h 0m 18s | Remaining: 0h 9m 41s
4% | Elapsed: 0h 0m 22s | Remaining: 0h 8m 47s
5% | Elapsed: 0h 0m 24s | Remaining: 0h 7m 35s
6% | Elapsed: 0h 0m 31s | Remaining: 0h 8m 5s
7% | Elapsed: 0h 0m 34s | Remaining: 0h 7m 31s
8% | Elapsed: 0h 0m 37s | Remaining: 0h 7m 5s
9% | Elapsed: 0h 0m 41s | Remaining: 0h 6m 54s
10% | Elapsed: 0h 0m 47s | Remaining: 0h 7m 2s
11% | Elapsed: 0h 0m 54s | Remaining: 0h 7m 16s
12% | Elapsed: 0h 0m 56s | Remaining: 0h 6m 50s
13% | Elapsed: 0h 1m 3s | Remaining: 0h 7m 1s
14% | Elapsed: 0h 1m 6s | Remaining: 0h 6m 45s
15% | Elapsed: 0h 1m 9s | Remaining: 0h 6m 30s
16% | Elapsed: 0h 1m 12s | Remaining: 0h 6m 17s
17% | Elapsed: 0h 1m 14s | Remaining: 0h 6m 1s
18% | Elapsed: 0h 1m 25s | Remaining: 0h 6m 27s
19% | Elapsed: 0h 1m 29s | Remaining: 0h 6m 19s
20% | Elapsed: 0h 1m 33s | Remaining: 0h 6m 11s
21% | Elapsed: 0h 1m 36s | Remaining: 0h 6m 1s
22% | Elapsed: 0h 1m 42s | Remaining: 0h 6m 1s
23% | Elapsed: 0h 1m 52s | Remaining: 0h 6m 14s
24% | Elapsed: 0h 1m 58s | Remaining: 0h 6m 13s
25% | Elapsed: 0h 2m 10s | Remaining: 0h 6m 30s
26% | Elapsed: 0h 2m 12s | Remaining: 0h 6m 15s
27% | Elapsed: 0h 2m 16s | Remaining: 0h 6m 7s
28% | Elapsed: 0h 2m 50s | Remaining: 0h 7m 17s
29% | Elapsed: 0h 2m 54s | Remaining: 0h 7m 5s
30% | Elapsed: 0h 3m 2s | Remaining: 0h 7m 4s
31% | Elapsed: 0h 3m 6s | Remaining: 0h 6m 53s
32% | Elapsed: 0h 3m 11s | Remaining: 0h 6m 45s
33% | Elapsed: 0h 3m 14s | Remaining: 0h 6m 33s
34% | Elapsed: 0h 3m 17s | Remaining: 0h 6m 22s
35% | Elapsed: 0h 3m 19s | Remaining: 0h 6m 9s
36% | Elapsed: 0h 3m 26s | Remaining: 0h 6m 6s
37% | Elapsed: 0h 3m 31s | Remaining: 0h 5m 59s
38% | Elapsed: 0h 3m 35s | Remaining: 0h 5m 50s
39% | Elapsed: 0h 3m 38s | Remaining: 0h 5m 40s
40% | Elapsed: 0h 3m 41s | Remaining: 0h 5m 31s
41% | Elapsed: 0h 3m 49s | Remaining: 0h 5m 29s
42% | Elapsed: 0h 3m 54s | Remaining: 0h 5m 23s
43% | Elapsed: 0h 3m 57s | Remaining: 0h 5m 14s
44% | Elapsed: 0h 4m 0s | Remaining: 0h 5m 5s
45% | Elapsed: 0h 4m 7s | Remaining: 0h 5m 1s
46% | Elapsed: 0h 4m 11s | Remaining: 0h 4m 54s
47% | Elapsed: 0h 4m 14s | Remaining: 0h 4m 46s
48% | Elapsed: 0h 4m 16s | Remaining: 0h 4m 37s
49% | Elapsed: 0h 4m 36s | Remaining: 0h 4m 47s
50% | Elapsed: 0h 4m 43s | Remaining: 0h 4m 43s
51% | Elapsed: 0h 4m 46s | Remaining: 0h 4m 34s
52% | Elapsed: 0h 4m 51s | Remaining: 0h 4m 28s
53% | Elapsed: 0h 5m 2s | Remaining: 0h 4m 27s
54% | Elapsed: 0h 5m 8s | Remaining: 0h 4m 22s
55% | Elapsed: 0h 5m 12s | Remaining: 0h 4m 15s
56% | Elapsed: 0h 5m 16s | Remaining: 0h 4m 8s
57% | Elapsed: 0h 5m 22s | Remaining: 0h 4m 2s
58% | Elapsed: 0h 5m 25s | Remaining: 0h 3m 55s
59% | Elapsed: 0h 5m 29s | Remaining: 0h 3m 48s
60% | Elapsed: 0h 5m 32s | Remaining: 0h 3m 41s
61% | Elapsed: 0h 5m 43s | Remaining: 0h 3m 39s
62% | Elapsed: 0h 5m 46s | Remaining: 0h 3m 32s
63% | Elapsed: 0h 5m 48s | Remaining: 0h 3m 24s
64% | Elapsed: 0h 6m 0s | Remaining: 0h 3m 22s
65% | Elapsed: 0h 6m 4s | Remaining: 0h 3m 15s
66% | Elapsed: 0h 6m 8s | Remaining: 0h 3m 9s
67% | Elapsed: 0h 6m 17s | Remaining: 0h 3m 5s
68% | Elapsed: 0h 6m 20s | Remaining: 0h 2m 58s
69% | Elapsed: 0h 6m 27s | Remaining: 0h 2m 53s
70% | Elapsed: 0h 6m 31s | Remaining: 0h 2m 47s
71% | Elapsed: 0h 6m 33s | Remaining: 0h 2m 40s
72% | Elapsed: 0h 6m 36s | Remaining: 0h 2m 33s
73% | Elapsed: 0h 6m 43s | Remaining: 0h 2m 29s
74% | Elapsed: 0h 6m 46s | Remaining: 0h 2m 22s
75% | Elapsed: 0h 6m 50s | Remaining: 0h 2m 16s
76% | Elapsed: 0h 6m 52s | Remaining: 0h 2m 10s
77% | Elapsed: 0h 7m 4s | Remaining: 0h 2m 6s
78% | Elapsed: 0h 7m 7s | Remaining: 0h 2m 0s
79% | Elapsed: 0h 7m 10s | Remaining: 0h 1m 54s
80% | Elapsed: 0h 7m 13s | Remaining: 0h 1m 48s
81% | Elapsed: 0h 7m 16s | Remaining: 0h 1m 42s
82% | Elapsed: 0h 7m 28s | Remaining: 0h 1m 38s
83% | Elapsed: 0h 7m 31s | Remaining: 0h 1m 32s
84% | Elapsed: 0h 7m 34s | Remaining: 0h 1m 26s
85% | Elapsed: 0h 7m 48s | Remaining: 0h 1m 22s
86% | Elapsed: 0h 7m 57s | Remaining: 0h 1m 17s
87% | Elapsed: 0h 8m 0s | Remaining: 0h 1m 11s
88% | Elapsed: 0h 8m 2s | Remaining: 0h 1m 5s
89% | Elapsed: 0h 8m 10s | Remaining: 0h 1m 0s
90% | Elapsed: 0h 8m 15s | Remaining: 0h 0m 54s
91% | Elapsed: 0h 8m 19s | Remaining: 0h 0m 49s
92% | Elapsed: 0h 8m 22s | Remaining: 0h 0m 43s
93% | Elapsed: 0h 8m 25s | Remaining: 0h 0m 38s
94% | Elapsed: 0h 8m 30s | Remaining: 0h 0m 32s
95% | Elapsed: 0h 8m 34s | Remaining: 0h 0m 27s
96% | Elapsed: 0h 8m 36s | Remaining: 0h 0m 21s
97% | Elapsed: 0h 8m 43s | Remaining: 0h 0m 16s
98% | Elapsed: 0h 8m 46s | Remaining: 0h 0m 10s
99% | Elapsed: 0h 8m 49s | Remaining: 0h 0m 5s
100% | Elapsed: 0h 8m 52s | Remaining: 0h 0m 0s
Saved part 0 to /eos/user/s/shuangyu/public/Jpsi/AK8/QCD_Bin-PT-600to800_pythia8-RunIIISummer24_Chunk27_Part0.root (valid events: 175, processed events: 1592872, final part)

Processing completed successfully!
Total events processed: 1592872
Total parts created: 1

