Total entries: 79643585 Processing range: 22300208 - 23893080 (1592872 events)
1% | Elapsed: 0h 0m 8s | Remaining: 0h 13m 11s
2% | Elapsed: 0h 0m 14s | Remaining: 0h 11m 25s
3% | Elapsed: 0h 0m 19s | Remaining: 0h 10m 14s
4% | Elapsed: 0h 0m 23s | Remaining: 0h 9m 11s
5% | Elapsed: 0h 0m 26s | Remaining: 0h 8m 13s
6% | Elapsed: 0h 0m 37s | Remaining: 0h 9m 39s
7% | Elapsed: 0h 0m 41s | Remaining: 0h 9m 4s
8% | Elapsed: 0h 0m 43s | Remaining: 0h 8m 14s
9% | Elapsed: 0h 0m 46s | Remaining: 0h 7m 45s
10% | Elapsed: 0h 0m 55s | Remaining: 0h 8m 14s
11% | Elapsed: 0h 0m 58s | Remaining: 0h 7m 49s
12% | Elapsed: 0h 1m 1s | Remaining: 0h 7m 27s
13% | Elapsed: 0h 1m 5s | Remaining: 0h 7m 14s
14% | Elapsed: 0h 1m 12s | Remaining: 0h 7m 22s
15% | Elapsed: 0h 1m 18s | Remaining: 0h 7m 21s
16% | Elapsed: 0h 1m 21s | Remaining: 0h 7m 5s
17% | Elapsed: 0h 1m 24s | Remaining: 0h 6m 50s
18% | Elapsed: 0h 1m 26s | Remaining: 0h 6m 31s
19% | Elapsed: 0h 1m 32s | Remaining: 0h 6m 32s
20% | Elapsed: 0h 1m 35s | Remaining: 0h 6m 19s
21% | Elapsed: 0h 1m 37s | Remaining: 0h 6m 4s
22% | Elapsed: 0h 1m 41s | Remaining: 0h 5m 58s
23% | Elapsed: 0h 1m 50s | Remaining: 0h 6m 8s
24% | Elapsed: 0h 1m 54s | Remaining: 0h 6m 0s
25% | Elapsed: 0h 1m 56s | Remaining: 0h 5m 48s
26% | Elapsed: 0h 2m 0s | Remaining: 0h 5m 41s
27% | Elapsed: 0h 2m 18s | Remaining: 0h 6m 13s
28% | Elapsed: 0h 2m 29s | Remaining: 0h 6m 23s
29% | Elapsed: 0h 2m 37s | Remaining: 0h 6m 24s
30% | Elapsed: 0h 2m 41s | Remaining: 0h 6m 15s
31% | Elapsed: 0h 2m 43s | Remaining: 0h 6m 2s
32% | Elapsed: 0h 2m 51s | Remaining: 0h 6m 3s
33% | Elapsed: 0h 2m 54s | Remaining: 0h 5m 53s
34% | Elapsed: 0h 2m 58s | Remaining: 0h 5m 45s
35% | Elapsed: 0h 3m 1s | Remaining: 0h 5m 36s
36% | Elapsed: 0h 3m 16s | Remaining: 0h 5m 48s
37% | Elapsed: 0h 3m 21s | Remaining: 0h 5m 42s
38% | Elapsed: 0h 3m 24s | Remaining: 0h 5m 32s
39% | Elapsed: 0h 3m 27s | Remaining: 0h 5m 23s
40% | Elapsed: 0h 3m 33s | Remaining: 0h 5m 19s
41% | Elapsed: 0h 3m 37s | Remaining: 0h 5m 12s
42% | Elapsed: 0h 3m 40s | Remaining: 0h 5m 3s
43% | Elapsed: 0h 3m 42s | Remaining: 0h 4m 54s
44% | Elapsed: 0h 3m 46s | Remaining: 0h 4m 47s
45% | Elapsed: 0h 4m 2s | Remaining: 0h 4m 55s
46% | Elapsed: 0h 4m 6s | Remaining: 0h 4m 48s
47% | Elapsed: 0h 4m 9s | Remaining: 0h 4m 40s
48% | Elapsed: 0h 4m 12s | Remaining: 0h 4m 32s
49% | Elapsed: 0h 4m 18s | Remaining: 0h 4m 28s
50% | Elapsed: 0h 4m 22s | Remaining: 0h 4m 22s
51% | Elapsed: 0h 4m 25s | Remaining: 0h 4m 14s
52% | Elapsed: 0h 4m 29s | Remaining: 0h 4m 8s
53% | Elapsed: 0h 4m 39s | Remaining: 0h 4m 7s
54% | Elapsed: 0h 4m 41s | Remaining: 0h 3m 59s
55% | Elapsed: 0h 4m 52s | Remaining: 0h 3m 58s
56% | Elapsed: 0h 5m 4s | Remaining: 0h 3m 58s
57% | Elapsed: 0h 5m 8s | Remaining: 0h 3m 52s
58% | Elapsed: 0h 5m 11s | Remaining: 0h 3m 45s
59% | Elapsed: 0h 5m 14s | Remaining: 0h 3m 38s
60% | Elapsed: 0h 5m 27s | Remaining: 0h 3m 37s
61% | Elapsed: 0h 5m 31s | Remaining: 0h 3m 31s
62% | Elapsed: 0h 5m 34s | Remaining: 0h 3m 24s
63% | Elapsed: 0h 5m 37s | Remaining: 0h 3m 17s
64% | Elapsed: 0h 5m 49s | Remaining: 0h 3m 16s
65% | Elapsed: 0h 5m 52s | Remaining: 0h 3m 9s
66% | Elapsed: 0h 5m 55s | Remaining: 0h 3m 2s
67% | Elapsed: 0h 5m 58s | Remaining: 0h 2m 56s
68% | Elapsed: 0h 6m 5s | Remaining: 0h 2m 51s
69% | Elapsed: 0h 6m 10s | Remaining: 0h 2m 46s
70% | Elapsed: 0h 6m 14s | Remaining: 0h 2m 40s
71% | Elapsed: 0h 6m 17s | Remaining: 0h 2m 33s
72% | Elapsed: 0h 6m 21s | Remaining: 0h 2m 28s
73% | Elapsed: 0h 6m 30s | Remaining: 0h 2m 24s
74% | Elapsed: 0h 6m 33s | Remaining: 0h 2m 18s
75% | Elapsed: 0h 6m 37s | Remaining: 0h 2m 12s
76% | Elapsed: 0h 6m 41s | Remaining: 0h 2m 6s
77% | Elapsed: 0h 6m 50s | Remaining: 0h 2m 2s
78% | Elapsed: 0h 6m 54s | Remaining: 0h 1m 56s
79% | Elapsed: 0h 6m 57s | Remaining: 0h 1m 50s
80% | Elapsed: 0h 6m 59s | Remaining: 0h 1m 44s
81% | Elapsed: 0h 7m 6s | Remaining: 0h 1m 39s
82% | Elapsed: 0h 7m 10s | Remaining: 0h 1m 34s
83% | Elapsed: 0h 7m 13s | Remaining: 0h 1m 28s
84% | Elapsed: 0h 7m 16s | Remaining: 0h 1m 23s
85% | Elapsed: 0h 7m 19s | Remaining: 0h 1m 17s
86% | Elapsed: 0h 7m 33s | Remaining: 0h 1m 13s
87% | Elapsed: 0h 7m 36s | Remaining: 0h 1m 8s
88% | Elapsed: 0h 7m 47s | Remaining: 0h 1m 3s
89% | Elapsed: 0h 7m 51s | Remaining: 0h 0m 58s
90% | Elapsed: 0h 7m 54s | Remaining: 0h 0m 52s
91% | Elapsed: 0h 7m 56s | Remaining: 0h 0m 47s
92% | Elapsed: 0h 8m 4s | Remaining: 0h 0m 42s
93% | Elapsed: 0h 8m 6s | Remaining: 0h 0m 36s
94% | Elapsed: 0h 8m 9s | Remaining: 0h 0m 31s
95% | Elapsed: 0h 8m 13s | Remaining: 0h 0m 25s
96% | Elapsed: 0h 8m 20s | Remaining: 0h 0m 20s
97% | Elapsed: 0h 8m 25s | Remaining: 0h 0m 15s
98% | Elapsed: 0h 8m 42s | Remaining: 0h 0m 10s
99% | Elapsed: 0h 8m 47s | Remaining: 0h 0m 5s
100% | Elapsed: 0h 8m 49s | Remaining: 0h 0m 0s
Saved part 0 to /eos/user/s/shuangyu/public/Jpsi/AK8/QCD_Bin-PT-600to800_pythia8-RunIIISummer24_Chunk14_Part0.root (valid events: 166, processed events: 1592872, final part)

Processing completed successfully!
Total events processed: 1592872
Total parts created: 1

