Total entries: 79643585 Processing range: 55750520 - 57343392 (1592872 events)
1% | Elapsed: 0h 0m 7s | Remaining: 0h 11m 32s
2% | Elapsed: 0h 0m 11s | Remaining: 0h 8m 58s
3% | Elapsed: 0h 0m 29s | Remaining: 0h 15m 37s
4% | Elapsed: 0h 0m 49s | Remaining: 0h 19m 35s
5% | Elapsed: 0h 0m 54s | Remaining: 0h 17m 5s
6% | Elapsed: 0h 1m 0s | Remaining: 0h 15m 39s
7% | Elapsed: 0h 1m 16s | Remaining: 0h 16m 49s
8% | Elapsed: 0h 1m 20s | Remaining: 0h 15m 19s
9% | Elapsed: 0h 1m 35s | Remaining: 0h 16m 0s
10% | Elapsed: 0h 1m 52s | Remaining: 0h 16m 47s
11% | Elapsed: 0h 3m 9s | Remaining: 0h 25m 29s
12% | Elapsed: 0h 3m 14s | Remaining: 0h 23m 42s
13% | Elapsed: 0h 3m 18s | Remaining: 0h 22m 5s
14% | Elapsed: 0h 3m 29s | Remaining: 0h 21m 23s
15% | Elapsed: 0h 3m 34s | Remaining: 0h 20m 12s
16% | Elapsed: 0h 3m 39s | Remaining: 0h 19m 9s
17% | Elapsed: 0h 3m 42s | Remaining: 0h 18m 3s
18% | Elapsed: 0h 3m 54s | Remaining: 0h 17m 45s
19% | Elapsed: 0h 3m 59s | Remaining: 0h 16m 58s
20% | Elapsed: 0h 4m 3s | Remaining: 0h 16m 11s
21% | Elapsed: 0h 4m 7s | Remaining: 0h 15m 29s
22% | Elapsed: 0h 4m 15s | Remaining: 0h 15m 4s
23% | Elapsed: 0h 4m 19s | Remaining: 0h 14m 27s
24% | Elapsed: 0h 4m 22s | Remaining: 0h 13m 49s
25% | Elapsed: 0h 4m 31s | Remaining: 0h 13m 33s
26% | Elapsed: 0h 4m 39s | Remaining: 0h 13m 14s
27% | Elapsed: 0h 4m 44s | Remaining: 0h 12m 47s
28% | Elapsed: 0h 4m 47s | Remaining: 0h 12m 17s
29% | Elapsed: 0h 4m 50s | Remaining: 0h 11m 49s
30% | Elapsed: 0h 5m 4s | Remaining: 0h 11m 49s
31% | Elapsed: 0h 5m 9s | Remaining: 0h 11m 27s
32% | Elapsed: 0h 5m 16s | Remaining: 0h 11m 11s
33% | Elapsed: 0h 5m 23s | Remaining: 0h 10m 55s
34% | Elapsed: 0h 5m 33s | Remaining: 0h 10m 46s
35% | Elapsed: 0h 5m 36s | Remaining: 0h 10m 23s
36% | Elapsed: 0h 5m 40s | Remaining: 0h 10m 4s
37% | Elapsed: 0h 5m 44s | Remaining: 0h 9m 45s
38% | Elapsed: 0h 6m 0s | Remaining: 0h 9m 47s
39% | Elapsed: 0h 6m 8s | Remaining: 0h 9m 35s
40% | Elapsed: 0h 6m 15s | Remaining: 0h 9m 22s
41% | Elapsed: 0h 6m 19s | Remaining: 0h 9m 5s
42% | Elapsed: 0h 6m 27s | Remaining: 0h 8m 54s
43% | Elapsed: 0h 6m 34s | Remaining: 0h 8m 42s
44% | Elapsed: 0h 6m 37s | Remaining: 0h 8m 25s
45% | Elapsed: 0h 6m 41s | Remaining: 0h 8m 10s
46% | Elapsed: 0h 6m 46s | Remaining: 0h 7m 56s
47% | Elapsed: 0h 6m 53s | Remaining: 0h 7m 45s
48% | Elapsed: 0h 6m 57s | Remaining: 0h 7m 31s
49% | Elapsed: 0h 7m 1s | Remaining: 0h 7m 18s
50% | Elapsed: 0h 7m 5s | Remaining: 0h 7m 5s
51% | Elapsed: 0h 7m 13s | Remaining: 0h 6m 56s
52% | Elapsed: 0h 7m 16s | Remaining: 0h 6m 42s
53% | Elapsed: 0h 7m 26s | Remaining: 0h 6m 35s
54% | Elapsed: 0h 7m 31s | Remaining: 0h 6m 24s
55% | Elapsed: 0h 7m 34s | Remaining: 0h 6m 11s
56% | Elapsed: 0h 7m 38s | Remaining: 0h 5m 59s
57% | Elapsed: 0h 7m 49s | Remaining: 0h 5m 53s
58% | Elapsed: 0h 7m 56s | Remaining: 0h 5m 44s
59% | Elapsed: 0h 7m 59s | Remaining: 0h 5m 32s
60% | Elapsed: 0h 8m 3s | Remaining: 0h 5m 21s
61% | Elapsed: 0h 8m 10s | Remaining: 0h 5m 13s
62% | Elapsed: 0h 8m 14s | Remaining: 0h 5m 2s
63% | Elapsed: 0h 8m 18s | Remaining: 0h 4m 52s
64% | Elapsed: 0h 8m 22s | Remaining: 0h 4m 42s
65% | Elapsed: 0h 8m 28s | Remaining: 0h 4m 33s
66% | Elapsed: 0h 8m 34s | Remaining: 0h 4m 24s
67% | Elapsed: 0h 8m 37s | Remaining: 0h 4m 14s
68% | Elapsed: 0h 8m 41s | Remaining: 0h 4m 5s
69% | Elapsed: 0h 8m 53s | Remaining: 0h 3m 59s
70% | Elapsed: 0h 8m 58s | Remaining: 0h 3m 50s
71% | Elapsed: 0h 9m 2s | Remaining: 0h 3m 41s
72% | Elapsed: 0h 9m 5s | Remaining: 0h 3m 31s
73% | Elapsed: 0h 9m 14s | Remaining: 0h 3m 24s
74% | Elapsed: 0h 9m 19s | Remaining: 0h 3m 16s
75% | Elapsed: 0h 9m 22s | Remaining: 0h 3m 7s
76% | Elapsed: 0h 9m 29s | Remaining: 0h 2m 59s
77% | Elapsed: 0h 9m 36s | Remaining: 0h 2m 52s
78% | Elapsed: 0h 9m 38s | Remaining: 0h 2m 43s
79% | Elapsed: 0h 9m 49s | Remaining: 0h 2m 36s
80% | Elapsed: 0h 9m 54s | Remaining: 0h 2m 28s
81% | Elapsed: 0h 9m 57s | Remaining: 0h 2m 20s
82% | Elapsed: 0h 10m 0s | Remaining: 0h 2m 11s
83% | Elapsed: 0h 10m 56s | Remaining: 0h 2m 14s
84% | Elapsed: 0h 11m 1s | Remaining: 0h 2m 5s
85% | Elapsed: 0h 11m 5s | Remaining: 0h 1m 57s
86% | Elapsed: 0h 11m 9s | Remaining: 0h 1m 48s
87% | Elapsed: 0h 11m 22s | Remaining: 0h 1m 41s
88% | Elapsed: 0h 11m 27s | Remaining: 0h 1m 33s
89% | Elapsed: 0h 11m 37s | Remaining: 0h 1m 26s
90% | Elapsed: 0h 11m 41s | Remaining: 0h 1m 17s
91% | Elapsed: 0h 11m 50s | Remaining: 0h 1m 10s
92% | Elapsed: 0h 11m 53s | Remaining: 0h 1m 1s
93% | Elapsed: 0h 12m 2s | Remaining: 0h 0m 54s
94% | Elapsed: 0h 12m 7s | Remaining: 0h 0m 46s
95% | Elapsed: 0h 12m 13s | Remaining: 0h 0m 38s
96% | Elapsed: 0h 12m 16s | Remaining: 0h 0m 30s
97% | Elapsed: 0h 12m 36s | Remaining: 0h 0m 23s
98% | Elapsed: 0h 12m 44s | Remaining: 0h 0m 15s
99% | Elapsed: 0h 12m 51s | Remaining: 0h 0m 7s
100% | Elapsed: 0h 13m 40s | Remaining: 0h 0m 0s
Saved part 0 to /eos/user/s/shuangyu/public/Jpsi/AK8/QCD_Bin-PT-600to800_pythia8-RunIIISummer24_Chunk35_Part0.root (valid events: 191, processed events: 1592872, final part)

Processing completed successfully!
Total events processed: 1592872
Total parts created: 1

