Total entries: 79643585 Processing range: 68493496 - 70086368 (1592872 events)
1% | Elapsed: 0h 0m 5s | Remaining: 0h 8m 14s
2% | Elapsed: 0h 0m 55s | Remaining: 0h 44m 54s
3% | Elapsed: 0h 0m 58s | Remaining: 0h 31m 15s
4% | Elapsed: 0h 1m 1s | Remaining: 0h 24m 23s
5% | Elapsed: 0h 1m 5s | Remaining: 0h 20m 34s
6% | Elapsed: 0h 1m 14s | Remaining: 0h 19m 19s
7% | Elapsed: 0h 1m 19s | Remaining: 0h 17m 29s
8% | Elapsed: 0h 1m 22s | Remaining: 0h 15m 42s
9% | Elapsed: 0h 1m 29s | Remaining: 0h 14m 59s
10% | Elapsed: 0h 1m 32s | Remaining: 0h 13m 47s
11% | Elapsed: 0h 1m 35s | Remaining: 0h 12m 48s
12% | Elapsed: 0h 1m 38s | Remaining: 0h 11m 58s
13% | Elapsed: 0h 1m 41s | Remaining: 0h 11m 15s
14% | Elapsed: 0h 1m 49s | Remaining: 0h 11m 9s
15% | Elapsed: 0h 1m 53s | Remaining: 0h 10m 40s
16% | Elapsed: 0h 1m 56s | Remaining: 0h 10m 8s
17% | Elapsed: 0h 1m 59s | Remaining: 0h 9m 40s
18% | Elapsed: 0h 2m 7s | Remaining: 0h 9m 38s
19% | Elapsed: 0h 2m 11s | Remaining: 0h 9m 18s
20% | Elapsed: 0h 2m 14s | Remaining: 0h 8m 55s
21% | Elapsed: 0h 2m 20s | Remaining: 0h 8m 46s
22% | Elapsed: 0h 2m 27s | Remaining: 0h 8m 41s
23% | Elapsed: 0h 2m 30s | Remaining: 0h 8m 22s
24% | Elapsed: 0h 2m 34s | Remaining: 0h 8m 7s
25% | Elapsed: 0h 2m 57s | Remaining: 0h 8m 51s
26% | Elapsed: 0h 3m 0s | Remaining: 0h 8m 32s
27% | Elapsed: 0h 3m 5s | Remaining: 0h 8m 20s
28% | Elapsed: 0h 3m 8s | Remaining: 0h 8m 3s
29% | Elapsed: 0h 3m 19s | Remaining: 0h 8m 7s
30% | Elapsed: 0h 3m 42s | Remaining: 0h 8m 37s
31% | Elapsed: 0h 4m 29s | Remaining: 0h 9m 58s
32% | Elapsed: 0h 4m 37s | Remaining: 0h 9m 48s
33% | Elapsed: 0h 5m 1s | Remaining: 0h 10m 11s
34% | Elapsed: 0h 5m 4s | Remaining: 0h 9m 50s
35% | Elapsed: 0h 5m 7s | Remaining: 0h 9m 30s
36% | Elapsed: 0h 5m 10s | Remaining: 0h 9m 11s
37% | Elapsed: 0h 5m 23s | Remaining: 0h 9m 9s
38% | Elapsed: 0h 5m 28s | Remaining: 0h 8m 55s
39% | Elapsed: 0h 5m 36s | Remaining: 0h 8m 45s
40% | Elapsed: 0h 5m 40s | Remaining: 0h 8m 29s
41% | Elapsed: 0h 5m 47s | Remaining: 0h 8m 19s
42% | Elapsed: 0h 5m 51s | Remaining: 0h 8m 4s
43% | Elapsed: 0h 5m 53s | Remaining: 0h 7m 47s
44% | Elapsed: 0h 5m 56s | Remaining: 0h 7m 33s
45% | Elapsed: 0h 6m 2s | Remaining: 0h 7m 22s
46% | Elapsed: 0h 6m 7s | Remaining: 0h 7m 10s
47% | Elapsed: 0h 6m 10s | Remaining: 0h 6m 57s
48% | Elapsed: 0h 6m 13s | Remaining: 0h 6m 44s
49% | Elapsed: 0h 6m 20s | Remaining: 0h 6m 35s
50% | Elapsed: 0h 6m 23s | Remaining: 0h 6m 23s
51% | Elapsed: 0h 6m 27s | Remaining: 0h 6m 11s
52% | Elapsed: 0h 6m 49s | Remaining: 0h 6m 17s
53% | Elapsed: 0h 6m 52s | Remaining: 0h 6m 5s
54% | Elapsed: 0h 6m 56s | Remaining: 0h 5m 54s
55% | Elapsed: 0h 7m 21s | Remaining: 0h 6m 0s
56% | Elapsed: 0h 7m 25s | Remaining: 0h 5m 49s
57% | Elapsed: 0h 7m 28s | Remaining: 0h 5m 37s
58% | Elapsed: 0h 7m 31s | Remaining: 0h 5m 26s
59% | Elapsed: 0h 7m 38s | Remaining: 0h 5m 18s
60% | Elapsed: 0h 7m 43s | Remaining: 0h 5m 8s
61% | Elapsed: 0h 7m 45s | Remaining: 0h 4m 57s
62% | Elapsed: 0h 7m 48s | Remaining: 0h 4m 46s
63% | Elapsed: 0h 7m 51s | Remaining: 0h 4m 36s
64% | Elapsed: 0h 7m 57s | Remaining: 0h 4m 28s
65% | Elapsed: 0h 7m 59s | Remaining: 0h 4m 17s
66% | Elapsed: 0h 8m 4s | Remaining: 0h 4m 9s
67% | Elapsed: 0h 8m 11s | Remaining: 0h 4m 1s
68% | Elapsed: 0h 8m 15s | Remaining: 0h 3m 52s
69% | Elapsed: 0h 8m 18s | Remaining: 0h 3m 43s
70% | Elapsed: 0h 8m 22s | Remaining: 0h 3m 35s
71% | Elapsed: 0h 8m 25s | Remaining: 0h 3m 26s
72% | Elapsed: 0h 8m 29s | Remaining: 0h 3m 17s
73% | Elapsed: 0h 8m 51s | Remaining: 0h 3m 16s
74% | Elapsed: 0h 8m 54s | Remaining: 0h 3m 7s
75% | Elapsed: 0h 8m 57s | Remaining: 0h 2m 59s
76% | Elapsed: 0h 9m 0s | Remaining: 0h 2m 50s
77% | Elapsed: 0h 9m 9s | Remaining: 0h 2m 43s
78% | Elapsed: 0h 9m 12s | Remaining: 0h 2m 35s
79% | Elapsed: 0h 9m 15s | Remaining: 0h 2m 27s
80% | Elapsed: 0h 9m 26s | Remaining: 0h 2m 21s
81% | Elapsed: 0h 9m 30s | Remaining: 0h 2m 13s
82% | Elapsed: 0h 9m 42s | Remaining: 0h 2m 7s
83% | Elapsed: 0h 9m 47s | Remaining: 0h 2m 0s
84% | Elapsed: 0h 9m 50s | Remaining: 0h 1m 52s
85% | Elapsed: 0h 9m 58s | Remaining: 0h 1m 45s
86% | Elapsed: 0h 10m 6s | Remaining: 0h 1m 38s
87% | Elapsed: 0h 10m 10s | Remaining: 0h 1m 31s
88% | Elapsed: 0h 10m 12s | Remaining: 0h 1m 23s
89% | Elapsed: 0h 10m 19s | Remaining: 0h 1m 16s
90% | Elapsed: 0h 10m 22s | Remaining: 0h 1m 9s
91% | Elapsed: 0h 10m 25s | Remaining: 0h 1m 1s
92% | Elapsed: 0h 10m 35s | Remaining: 0h 0m 55s
93% | Elapsed: 0h 10m 39s | Remaining: 0h 0m 48s
94% | Elapsed: 0h 10m 45s | Remaining: 0h 0m 41s
95% | Elapsed: 0h 10m 53s | Remaining: 0h 0m 34s
96% | Elapsed: 0h 11m 0s | Remaining: 0h 0m 27s
97% | Elapsed: 0h 11m 5s | Remaining: 0h 0m 20s
98% | Elapsed: 0h 11m 9s | Remaining: 0h 0m 13s
99% | Elapsed: 0h 11m 13s | Remaining: 0h 0m 6s
100% | Elapsed: 0h 11m 20s | Remaining: 0h 0m 0s
Saved part 0 to /eos/user/s/shuangyu/public/Jpsi/AK8/QCD_Bin-PT-600to800_pythia8-RunIIISummer24_Chunk43_Part0.root (valid events: 167, processed events: 1592872, final part)

Processing completed successfully!
Total events processed: 1592872
Total parts created: 1

