Total entries: 79643585 Processing range: 49379032 - 50971904 (1592872 events)
1% | Elapsed: 0h 0m 4s | Remaining: 0h 6m 35s
2% | Elapsed: 0h 0m 7s | Remaining: 0h 5m 42s
3% | Elapsed: 0h 0m 11s | Remaining: 0h 5m 55s
4% | Elapsed: 0h 0m 16s | Remaining: 0h 6m 23s
5% | Elapsed: 0h 0m 19s | Remaining: 0h 6m 0s
6% | Elapsed: 0h 0m 21s | Remaining: 0h 5m 28s
7% | Elapsed: 0h 0m 23s | Remaining: 0h 5m 5s
8% | Elapsed: 0h 0m 33s | Remaining: 0h 6m 19s
9% | Elapsed: 0h 0m 37s | Remaining: 0h 6m 14s
10% | Elapsed: 0h 0m 40s | Remaining: 0h 5m 59s
11% | Elapsed: 0h 0m 56s | Remaining: 0h 7m 33s
12% | Elapsed: 0h 1m 0s | Remaining: 0h 7m 19s
13% | Elapsed: 0h 1m 3s | Remaining: 0h 7m 1s
14% | Elapsed: 0h 1m 7s | Remaining: 0h 6m 51s
15% | Elapsed: 0h 1m 11s | Remaining: 0h 6m 42s
16% | Elapsed: 0h 1m 21s | Remaining: 0h 7m 5s
17% | Elapsed: 0h 1m 41s | Remaining: 0h 8m 13s
18% | Elapsed: 0h 1m 52s | Remaining: 0h 8m 30s
19% | Elapsed: 0h 1m 55s | Remaining: 0h 8m 10s
20% | Elapsed: 0h 2m 3s | Remaining: 0h 8m 11s
21% | Elapsed: 0h 2m 7s | Remaining: 0h 7m 57s
22% | Elapsed: 0h 2m 9s | Remaining: 0h 7m 37s
23% | Elapsed: 0h 2m 13s | Remaining: 0h 7m 25s
24% | Elapsed: 0h 2m 20s | Remaining: 0h 7m 23s
25% | Elapsed: 0h 2m 22s | Remaining: 0h 7m 6s
26% | Elapsed: 0h 2m 24s | Remaining: 0h 6m 49s
27% | Elapsed: 0h 2m 28s | Remaining: 0h 6m 40s
28% | Elapsed: 0h 2m 36s | Remaining: 0h 6m 41s
29% | Elapsed: 0h 2m 39s | Remaining: 0h 6m 29s
30% | Elapsed: 0h 2m 42s | Remaining: 0h 6m 17s
31% | Elapsed: 0h 2m 44s | Remaining: 0h 6m 5s
32% | Elapsed: 0h 3m 15s | Remaining: 0h 6m 54s
33% | Elapsed: 0h 3m 23s | Remaining: 0h 6m 52s
34% | Elapsed: 0h 3m 25s | Remaining: 0h 6m 37s
35% | Elapsed: 0h 3m 29s | Remaining: 0h 6m 28s
36% | Elapsed: 0h 3m 33s | Remaining: 0h 6m 18s
37% | Elapsed: 0h 3m 44s | Remaining: 0h 6m 21s
38% | Elapsed: 0h 3m 46s | Remaining: 0h 6m 8s
39% | Elapsed: 0h 3m 51s | Remaining: 0h 6m 1s
40% | Elapsed: 0h 3m 55s | Remaining: 0h 5m 52s
41% | Elapsed: 0h 4m 1s | Remaining: 0h 5m 46s
42% | Elapsed: 0h 4m 5s | Remaining: 0h 5m 38s
43% | Elapsed: 0h 4m 9s | Remaining: 0h 5m 30s
44% | Elapsed: 0h 4m 13s | Remaining: 0h 5m 21s
45% | Elapsed: 0h 4m 20s | Remaining: 0h 5m 17s
46% | Elapsed: 0h 4m 26s | Remaining: 0h 5m 12s
47% | Elapsed: 0h 4m 28s | Remaining: 0h 5m 2s
48% | Elapsed: 0h 4m 32s | Remaining: 0h 4m 54s
49% | Elapsed: 0h 4m 36s | Remaining: 0h 4m 47s
50% | Elapsed: 0h 4m 40s | Remaining: 0h 4m 40s
51% | Elapsed: 0h 4m 42s | Remaining: 0h 4m 30s
52% | Elapsed: 0h 4m 44s | Remaining: 0h 4m 22s
53% | Elapsed: 0h 4m 47s | Remaining: 0h 4m 14s
54% | Elapsed: 0h 5m 4s | Remaining: 0h 4m 18s
55% | Elapsed: 0h 5m 13s | Remaining: 0h 4m 16s
56% | Elapsed: 0h 5m 21s | Remaining: 0h 4m 12s
57% | Elapsed: 0h 5m 24s | Remaining: 0h 4m 4s
58% | Elapsed: 0h 5m 32s | Remaining: 0h 4m 0s
59% | Elapsed: 0h 5m 36s | Remaining: 0h 3m 53s
60% | Elapsed: 0h 5m 39s | Remaining: 0h 3m 45s
61% | Elapsed: 0h 5m 42s | Remaining: 0h 3m 38s
62% | Elapsed: 0h 5m 50s | Remaining: 0h 3m 34s
63% | Elapsed: 0h 5m 55s | Remaining: 0h 3m 28s
64% | Elapsed: 0h 5m 57s | Remaining: 0h 3m 20s
65% | Elapsed: 0h 6m 1s | Remaining: 0h 3m 14s
66% | Elapsed: 0h 6m 4s | Remaining: 0h 3m 7s
67% | Elapsed: 0h 6m 10s | Remaining: 0h 3m 2s
68% | Elapsed: 0h 6m 13s | Remaining: 0h 2m 55s
69% | Elapsed: 0h 6m 16s | Remaining: 0h 2m 48s
70% | Elapsed: 0h 6m 18s | Remaining: 0h 2m 41s
71% | Elapsed: 0h 6m 26s | Remaining: 0h 2m 37s
72% | Elapsed: 0h 6m 30s | Remaining: 0h 2m 31s
73% | Elapsed: 0h 6m 33s | Remaining: 0h 2m 25s
74% | Elapsed: 0h 6m 39s | Remaining: 0h 2m 20s
75% | Elapsed: 0h 6m 42s | Remaining: 0h 2m 14s
76% | Elapsed: 0h 6m 44s | Remaining: 0h 2m 7s
77% | Elapsed: 0h 7m 4s | Remaining: 0h 2m 6s
78% | Elapsed: 0h 7m 11s | Remaining: 0h 2m 1s
79% | Elapsed: 0h 7m 15s | Remaining: 0h 1m 55s
80% | Elapsed: 0h 7m 22s | Remaining: 0h 1m 50s
81% | Elapsed: 0h 7m 28s | Remaining: 0h 1m 45s
82% | Elapsed: 0h 7m 31s | Remaining: 0h 1m 39s
83% | Elapsed: 0h 7m 34s | Remaining: 0h 1m 32s
84% | Elapsed: 0h 7m 37s | Remaining: 0h 1m 27s
85% | Elapsed: 0h 7m 40s | Remaining: 0h 1m 21s
86% | Elapsed: 0h 7m 45s | Remaining: 0h 1m 15s
87% | Elapsed: 0h 7m 48s | Remaining: 0h 1m 9s
88% | Elapsed: 0h 7m 51s | Remaining: 0h 1m 4s
89% | Elapsed: 0h 7m 53s | Remaining: 0h 0m 58s
90% | Elapsed: 0h 8m 0s | Remaining: 0h 0m 53s
91% | Elapsed: 0h 8m 5s | Remaining: 0h 0m 47s
92% | Elapsed: 0h 8m 8s | Remaining: 0h 0m 42s
93% | Elapsed: 0h 8m 12s | Remaining: 0h 0m 37s
94% | Elapsed: 0h 8m 21s | Remaining: 0h 0m 31s
95% | Elapsed: 0h 8m 33s | Remaining: 0h 0m 26s
96% | Elapsed: 0h 8m 37s | Remaining: 0h 0m 21s
97% | Elapsed: 0h 8m 46s | Remaining: 0h 0m 16s
98% | Elapsed: 0h 8m 54s | Remaining: 0h 0m 10s
99% | Elapsed: 0h 9m 1s | Remaining: 0h 0m 5s
100% | Elapsed: 0h 9m 9s | Remaining: 0h 0m 0s
Saved part 0 to /eos/user/s/shuangyu/public/Jpsi/AK8/QCD_Bin-PT-600to800_pythia8-RunIIISummer24_Chunk31_Part0.root (valid events: 170, processed events: 1592872, final part)

Processing completed successfully!
Total events processed: 1592872
Total parts created: 1

