Total entries: 79643585 Processing range: 52564776 - 54157648 (1592872 events)
1% | Elapsed: 0h 0m 17s | Remaining: 0h 28m 2s
2% | Elapsed: 0h 0m 32s | Remaining: 0h 26m 7s
3% | Elapsed: 0h 0m 39s | Remaining: 0h 21m 0s
4% | Elapsed: 0h 0m 45s | Remaining: 0h 17m 59s
5% | Elapsed: 0h 0m 51s | Remaining: 0h 16m 8s
6% | Elapsed: 0h 0m 56s | Remaining: 0h 14m 37s
7% | Elapsed: 0h 0m 59s | Remaining: 0h 13m 3s
8% | Elapsed: 0h 1m 6s | Remaining: 0h 12m 38s
9% | Elapsed: 0h 1m 10s | Remaining: 0h 11m 47s
10% | Elapsed: 0h 1m 13s | Remaining: 0h 10m 56s
11% | Elapsed: 0h 1m 24s | Remaining: 0h 11m 19s
12% | Elapsed: 0h 1m 28s | Remaining: 0h 10m 45s
13% | Elapsed: 0h 1m 32s | Remaining: 0h 10m 15s
14% | Elapsed: 0h 1m 36s | Remaining: 0h 9m 49s
15% | Elapsed: 0h 1m 44s | Remaining: 0h 9m 49s
16% | Elapsed: 0h 3m 1s | Remaining: 0h 15m 50s
17% | Elapsed: 0h 3m 7s | Remaining: 0h 15m 12s
18% | Elapsed: 0h 3m 10s | Remaining: 0h 14m 25s
19% | Elapsed: 0h 3m 15s | Remaining: 0h 13m 51s
20% | Elapsed: 0h 3m 29s | Remaining: 0h 13m 55s
21% | Elapsed: 0h 3m 34s | Remaining: 0h 13m 25s
22% | Elapsed: 0h 3m 39s | Remaining: 0h 12m 56s
23% | Elapsed: 0h 3m 44s | Remaining: 0h 12m 29s
24% | Elapsed: 0h 4m 6s | Remaining: 0h 12m 58s
25% | Elapsed: 0h 4m 11s | Remaining: 0h 12m 33s
26% | Elapsed: 0h 4m 15s | Remaining: 0h 12m 5s
27% | Elapsed: 0h 4m 18s | Remaining: 0h 11m 37s
28% | Elapsed: 0h 4m 27s | Remaining: 0h 11m 26s
29% | Elapsed: 0h 4m 32s | Remaining: 0h 11m 5s
30% | Elapsed: 0h 4m 36s | Remaining: 0h 10m 43s
31% | Elapsed: 0h 4m 41s | Remaining: 0h 10m 25s
32% | Elapsed: 0h 4m 44s | Remaining: 0h 10m 3s
33% | Elapsed: 0h 4m 53s | Remaining: 0h 9m 54s
34% | Elapsed: 0h 4m 59s | Remaining: 0h 9m 40s
35% | Elapsed: 0h 5m 6s | Remaining: 0h 9m 28s
36% | Elapsed: 0h 5m 13s | Remaining: 0h 9m 16s
37% | Elapsed: 0h 5m 16s | Remaining: 0h 8m 58s
38% | Elapsed: 0h 5m 21s | Remaining: 0h 8m 43s
39% | Elapsed: 0h 5m 29s | Remaining: 0h 8m 34s
40% | Elapsed: 0h 5m 34s | Remaining: 0h 8m 20s
41% | Elapsed: 0h 5m 37s | Remaining: 0h 8m 4s
42% | Elapsed: 0h 5m 41s | Remaining: 0h 7m 50s
43% | Elapsed: 0h 5m 49s | Remaining: 0h 7m 42s
44% | Elapsed: 0h 5m 53s | Remaining: 0h 7m 29s
45% | Elapsed: 0h 5m 57s | Remaining: 0h 7m 16s
46% | Elapsed: 0h 6m 1s | Remaining: 0h 7m 3s
47% | Elapsed: 0h 6m 10s | Remaining: 0h 6m 57s
48% | Elapsed: 0h 6m 13s | Remaining: 0h 6m 44s
49% | Elapsed: 0h 6m 19s | Remaining: 0h 6m 34s
50% | Elapsed: 0h 6m 26s | Remaining: 0h 6m 26s
51% | Elapsed: 0h 6m 29s | Remaining: 0h 6m 13s
52% | Elapsed: 0h 6m 33s | Remaining: 0h 6m 2s
53% | Elapsed: 0h 6m 37s | Remaining: 0h 5m 52s
54% | Elapsed: 0h 6m 45s | Remaining: 0h 5m 44s
55% | Elapsed: 0h 6m 49s | Remaining: 0h 5m 34s
56% | Elapsed: 0h 6m 53s | Remaining: 0h 5m 24s
57% | Elapsed: 0h 6m 56s | Remaining: 0h 5m 13s
58% | Elapsed: 0h 7m 5s | Remaining: 0h 5m 7s
59% | Elapsed: 0h 7m 12s | Remaining: 0h 5m 0s
60% | Elapsed: 0h 7m 18s | Remaining: 0h 4m 51s
61% | Elapsed: 0h 7m 22s | Remaining: 0h 4m 42s
62% | Elapsed: 0h 7m 32s | Remaining: 0h 4m 37s
63% | Elapsed: 0h 7m 40s | Remaining: 0h 4m 30s
64% | Elapsed: 0h 7m 45s | Remaining: 0h 4m 21s
65% | Elapsed: 0h 7m 54s | Remaining: 0h 4m 15s
66% | Elapsed: 0h 8m 0s | Remaining: 0h 4m 7s
67% | Elapsed: 0h 8m 4s | Remaining: 0h 3m 58s
68% | Elapsed: 0h 8m 8s | Remaining: 0h 3m 49s
69% | Elapsed: 0h 8m 12s | Remaining: 0h 3m 41s
70% | Elapsed: 0h 8m 30s | Remaining: 0h 3m 38s
71% | Elapsed: 0h 8m 36s | Remaining: 0h 3m 30s
72% | Elapsed: 0h 8m 40s | Remaining: 0h 3m 22s
73% | Elapsed: 0h 8m 44s | Remaining: 0h 3m 13s
74% | Elapsed: 0h 9m 5s | Remaining: 0h 3m 11s
75% | Elapsed: 0h 9m 10s | Remaining: 0h 3m 3s
76% | Elapsed: 0h 9m 15s | Remaining: 0h 2m 55s
77% | Elapsed: 0h 9m 18s | Remaining: 0h 2m 46s
78% | Elapsed: 0h 9m 34s | Remaining: 0h 2m 41s
79% | Elapsed: 0h 9m 55s | Remaining: 0h 2m 38s
80% | Elapsed: 0h 10m 5s | Remaining: 0h 2m 31s
81% | Elapsed: 0h 10m 16s | Remaining: 0h 2m 24s
82% | Elapsed: 0h 10m 21s | Remaining: 0h 2m 16s
83% | Elapsed: 0h 10m 24s | Remaining: 0h 2m 7s
84% | Elapsed: 0h 10m 37s | Remaining: 0h 2m 1s
85% | Elapsed: 0h 10m 50s | Remaining: 0h 1m 54s
86% | Elapsed: 0h 10m 55s | Remaining: 0h 1m 46s
87% | Elapsed: 0h 10m 59s | Remaining: 0h 1m 38s
88% | Elapsed: 0h 11m 10s | Remaining: 0h 1m 31s
89% | Elapsed: 0h 11m 17s | Remaining: 0h 1m 23s
90% | Elapsed: 0h 11m 22s | Remaining: 0h 1m 15s
91% | Elapsed: 0h 11m 25s | Remaining: 0h 1m 7s
92% | Elapsed: 0h 11m 37s | Remaining: 0h 1m 0s
93% | Elapsed: 0h 11m 41s | Remaining: 0h 0m 52s
94% | Elapsed: 0h 11m 44s | Remaining: 0h 0m 44s
95% | Elapsed: 0h 12m 1s | Remaining: 0h 0m 37s
96% | Elapsed: 0h 12m 7s | Remaining: 0h 0m 30s
97% | Elapsed: 0h 12m 12s | Remaining: 0h 0m 22s
98% | Elapsed: 0h 12m 25s | Remaining: 0h 0m 15s
99% | Elapsed: 0h 12m 34s | Remaining: 0h 0m 7s
100% | Elapsed: 0h 12m 39s | Remaining: 0h 0m 0s
Saved part 0 to /eos/user/s/shuangyu/public/Jpsi/AK8/QCD_Bin-PT-600to800_pythia8-RunIIISummer24_Chunk33_Part0.root (valid events: 183, processed events: 1592872, final part)

Processing completed successfully!
Total events processed: 1592872
Total parts created: 1

