Total entries: 79643585 Processing range: 62122008 - 63714880 (1592872 events)
1% | Elapsed: 0h 0m 7s | Remaining: 0h 11m 32s
2% | Elapsed: 0h 0m 11s | Remaining: 0h 8m 58s
3% | Elapsed: 0h 0m 21s | Remaining: 0h 11m 18s
4% | Elapsed: 0h 0m 25s | Remaining: 0h 9m 59s
5% | Elapsed: 0h 0m 31s | Remaining: 0h 9m 48s
6% | Elapsed: 0h 0m 50s | Remaining: 0h 13m 3s
7% | Elapsed: 0h 0m 53s | Remaining: 0h 11m 44s
8% | Elapsed: 0h 0m 56s | Remaining: 0h 10m 43s
9% | Elapsed: 0h 1m 8s | Remaining: 0h 11m 27s
10% | Elapsed: 0h 1m 18s | Remaining: 0h 11m 41s
11% | Elapsed: 0h 1m 22s | Remaining: 0h 11m 3s
12% | Elapsed: 0h 1m 26s | Remaining: 0h 10m 30s
13% | Elapsed: 0h 1m 37s | Remaining: 0h 10m 49s
14% | Elapsed: 0h 1m 40s | Remaining: 0h 10m 14s
15% | Elapsed: 0h 1m 45s | Remaining: 0h 9m 54s
16% | Elapsed: 0h 1m 52s | Remaining: 0h 9m 47s
17% | Elapsed: 0h 1m 56s | Remaining: 0h 9m 26s
18% | Elapsed: 0h 1m 59s | Remaining: 0h 9m 2s
19% | Elapsed: 0h 2m 6s | Remaining: 0h 8m 57s
20% | Elapsed: 0h 2m 15s | Remaining: 0h 8m 59s
21% | Elapsed: 0h 2m 18s | Remaining: 0h 8m 39s
22% | Elapsed: 0h 2m 21s | Remaining: 0h 8m 19s
23% | Elapsed: 0h 2m 29s | Remaining: 0h 8m 18s
24% | Elapsed: 0h 2m 33s | Remaining: 0h 8m 4s
25% | Elapsed: 0h 2m 35s | Remaining: 0h 7m 45s
26% | Elapsed: 0h 2m 41s | Remaining: 0h 7m 38s
27% | Elapsed: 0h 2m 46s | Remaining: 0h 7m 28s
28% | Elapsed: 0h 2m 50s | Remaining: 0h 7m 17s
29% | Elapsed: 0h 2m 55s | Remaining: 0h 7m 8s
30% | Elapsed: 0h 3m 5s | Remaining: 0h 7m 11s
31% | Elapsed: 0h 3m 9s | Remaining: 0h 7m 0s
32% | Elapsed: 0h 3m 11s | Remaining: 0h 6m 45s
33% | Elapsed: 0h 3m 14s | Remaining: 0h 6m 33s
34% | Elapsed: 0h 3m 21s | Remaining: 0h 6m 30s
35% | Elapsed: 0h 3m 30s | Remaining: 0h 6m 29s
36% | Elapsed: 0h 3m 34s | Remaining: 0h 6m 20s
37% | Elapsed: 0h 3m 52s | Remaining: 0h 6m 35s
38% | Elapsed: 0h 3m 57s | Remaining: 0h 6m 26s
39% | Elapsed: 0h 4m 4s | Remaining: 0h 6m 21s
40% | Elapsed: 0h 4m 7s | Remaining: 0h 6m 10s
41% | Elapsed: 0h 4m 10s | Remaining: 0h 5m 59s
42% | Elapsed: 0h 4m 18s | Remaining: 0h 5m 56s
43% | Elapsed: 0h 4m 21s | Remaining: 0h 5m 45s
44% | Elapsed: 0h 4m 24s | Remaining: 0h 5m 35s
45% | Elapsed: 0h 4m 30s | Remaining: 0h 5m 29s
46% | Elapsed: 0h 4m 33s | Remaining: 0h 5m 20s
47% | Elapsed: 0h 4m 36s | Remaining: 0h 5m 11s
48% | Elapsed: 0h 4m 51s | Remaining: 0h 5m 15s
49% | Elapsed: 0h 4m 55s | Remaining: 0h 5m 7s
50% | Elapsed: 0h 4m 58s | Remaining: 0h 4m 58s
51% | Elapsed: 0h 5m 1s | Remaining: 0h 4m 49s
52% | Elapsed: 0h 5m 8s | Remaining: 0h 4m 44s
53% | Elapsed: 0h 5m 14s | Remaining: 0h 4m 38s
54% | Elapsed: 0h 5m 17s | Remaining: 0h 4m 30s
55% | Elapsed: 0h 5m 22s | Remaining: 0h 4m 23s
56% | Elapsed: 0h 5m 30s | Remaining: 0h 4m 19s
57% | Elapsed: 0h 5m 34s | Remaining: 0h 4m 11s
58% | Elapsed: 0h 5m 37s | Remaining: 0h 4m 4s
59% | Elapsed: 0h 5m 40s | Remaining: 0h 3m 56s
60% | Elapsed: 0h 5m 45s | Remaining: 0h 3m 49s
61% | Elapsed: 0h 5m 59s | Remaining: 0h 3m 49s
62% | Elapsed: 0h 6m 6s | Remaining: 0h 3m 44s
63% | Elapsed: 0h 6m 9s | Remaining: 0h 3m 36s
64% | Elapsed: 0h 6m 20s | Remaining: 0h 3m 33s
65% | Elapsed: 0h 6m 24s | Remaining: 0h 3m 26s
66% | Elapsed: 0h 6m 28s | Remaining: 0h 3m 19s
67% | Elapsed: 0h 6m 32s | Remaining: 0h 3m 13s
68% | Elapsed: 0h 7m 55s | Remaining: 0h 3m 43s
69% | Elapsed: 0h 8m 4s | Remaining: 0h 3m 37s
70% | Elapsed: 0h 8m 8s | Remaining: 0h 3m 29s
71% | Elapsed: 0h 8m 11s | Remaining: 0h 3m 20s
72% | Elapsed: 0h 8m 20s | Remaining: 0h 3m 14s
73% | Elapsed: 0h 8m 24s | Remaining: 0h 3m 6s
74% | Elapsed: 0h 8m 26s | Remaining: 0h 2m 57s
75% | Elapsed: 0h 8m 29s | Remaining: 0h 2m 49s
76% | Elapsed: 0h 8m 31s | Remaining: 0h 2m 41s
77% | Elapsed: 0h 9m 22s | Remaining: 0h 2m 47s
78% | Elapsed: 0h 9m 26s | Remaining: 0h 2m 39s
79% | Elapsed: 0h 9m 32s | Remaining: 0h 2m 32s
80% | Elapsed: 0h 9m 35s | Remaining: 0h 2m 23s
81% | Elapsed: 0h 9m 39s | Remaining: 0h 2m 15s
82% | Elapsed: 0h 9m 42s | Remaining: 0h 2m 7s
83% | Elapsed: 0h 10m 16s | Remaining: 0h 2m 6s
84% | Elapsed: 0h 10m 21s | Remaining: 0h 1m 58s
85% | Elapsed: 0h 10m 28s | Remaining: 0h 1m 50s
86% | Elapsed: 0h 10m 41s | Remaining: 0h 1m 44s
87% | Elapsed: 0h 10m 46s | Remaining: 0h 1m 36s
88% | Elapsed: 0h 10m 50s | Remaining: 0h 1m 28s
89% | Elapsed: 0h 10m 53s | Remaining: 0h 1m 20s
90% | Elapsed: 0h 11m 3s | Remaining: 0h 1m 13s
91% | Elapsed: 0h 11m 7s | Remaining: 0h 1m 5s
92% | Elapsed: 0h 11m 10s | Remaining: 0h 0m 58s
93% | Elapsed: 0h 11m 18s | Remaining: 0h 0m 51s
94% | Elapsed: 0h 11m 22s | Remaining: 0h 0m 43s
95% | Elapsed: 0h 11m 24s | Remaining: 0h 0m 35s
96% | Elapsed: 0h 11m 31s | Remaining: 0h 0m 28s
97% | Elapsed: 0h 11m 35s | Remaining: 0h 0m 21s
98% | Elapsed: 0h 11m 43s | Remaining: 0h 0m 14s
99% | Elapsed: 0h 11m 47s | Remaining: 0h 0m 7s
100% | Elapsed: 0h 12m 4s | Remaining: 0h 0m 0s
Saved part 0 to /eos/user/s/shuangyu/public/Jpsi/AK8/QCD_Bin-PT-600to800_pythia8-RunIIISummer24_Chunk39_Part0.root (valid events: 181, processed events: 1592872, final part)

Processing completed successfully!
Total events processed: 1592872
Total parts created: 1

