Total entries: 79643585 Processing range: 47786160 - 49379032 (1592872 events)
1% | Elapsed: 0h 0m 3s | Remaining: 0h 4m 56s
2% | Elapsed: 0h 0m 12s | Remaining: 0h 9m 47s
3% | Elapsed: 0h 0m 17s | Remaining: 0h 9m 9s
4% | Elapsed: 0h 0m 25s | Remaining: 0h 9m 59s
5% | Elapsed: 0h 0m 30s | Remaining: 0h 9m 29s
6% | Elapsed: 0h 0m 33s | Remaining: 0h 8m 36s
7% | Elapsed: 0h 0m 36s | Remaining: 0h 7m 58s
8% | Elapsed: 0h 0m 39s | Remaining: 0h 7m 28s
9% | Elapsed: 0h 0m 48s | Remaining: 0h 8m 5s
10% | Elapsed: 0h 0m 51s | Remaining: 0h 7m 38s
11% | Elapsed: 0h 0m 54s | Remaining: 0h 7m 16s
12% | Elapsed: 0h 0m 57s | Remaining: 0h 6m 57s
13% | Elapsed: 0h 1m 5s | Remaining: 0h 7m 14s
14% | Elapsed: 0h 1m 12s | Remaining: 0h 7m 22s
15% | Elapsed: 0h 1m 15s | Remaining: 0h 7m 4s
16% | Elapsed: 0h 1m 18s | Remaining: 0h 6m 49s
17% | Elapsed: 0h 1m 23s | Remaining: 0h 6m 45s
18% | Elapsed: 0h 1m 27s | Remaining: 0h 6m 36s
19% | Elapsed: 0h 1m 31s | Remaining: 0h 6m 27s
20% | Elapsed: 0h 1m 35s | Remaining: 0h 6m 19s
21% | Elapsed: 0h 1m 39s | Remaining: 0h 6m 12s
22% | Elapsed: 0h 1m 45s | Remaining: 0h 6m 12s
23% | Elapsed: 0h 1m 48s | Remaining: 0h 6m 1s
24% | Elapsed: 0h 1m 52s | Remaining: 0h 5m 54s
25% | Elapsed: 0h 1m 54s | Remaining: 0h 5m 42s
26% | Elapsed: 0h 2m 5s | Remaining: 0h 5m 55s
27% | Elapsed: 0h 2m 9s | Remaining: 0h 5m 48s
28% | Elapsed: 0h 2m 12s | Remaining: 0h 5m 39s
29% | Elapsed: 0h 2m 23s | Remaining: 0h 5m 50s
30% | Elapsed: 0h 2m 32s | Remaining: 0h 5m 54s
31% | Elapsed: 0h 2m 35s | Remaining: 0h 5m 44s
32% | Elapsed: 0h 2m 38s | Remaining: 0h 5m 35s
33% | Elapsed: 0h 2m 42s | Remaining: 0h 5m 28s
34% | Elapsed: 0h 2m 50s | Remaining: 0h 5m 29s
35% | Elapsed: 0h 2m 54s | Remaining: 0h 5m 23s
36% | Elapsed: 0h 2m 57s | Remaining: 0h 5m 14s
37% | Elapsed: 0h 3m 2s | Remaining: 0h 5m 9s
38% | Elapsed: 0h 3m 5s | Remaining: 0h 5m 1s
39% | Elapsed: 0h 3m 8s | Remaining: 0h 4m 54s
40% | Elapsed: 0h 3m 11s | Remaining: 0h 4m 46s
41% | Elapsed: 0h 3m 16s | Remaining: 0h 4m 42s
42% | Elapsed: 0h 3m 21s | Remaining: 0h 4m 37s
43% | Elapsed: 0h 3m 28s | Remaining: 0h 4m 35s
44% | Elapsed: 0h 3m 32s | Remaining: 0h 4m 29s
45% | Elapsed: 0h 3m 35s | Remaining: 0h 4m 22s
46% | Elapsed: 0h 3m 46s | Remaining: 0h 4m 25s
47% | Elapsed: 0h 3m 49s | Remaining: 0h 4m 18s
48% | Elapsed: 0h 3m 52s | Remaining: 0h 4m 11s
49% | Elapsed: 0h 3m 59s | Remaining: 0h 4m 8s
50% | Elapsed: 0h 4m 2s | Remaining: 0h 4m 2s
51% | Elapsed: 0h 4m 6s | Remaining: 0h 3m 56s
52% | Elapsed: 0h 4m 9s | Remaining: 0h 3m 49s
53% | Elapsed: 0h 4m 25s | Remaining: 0h 3m 54s
54% | Elapsed: 0h 4m 29s | Remaining: 0h 3m 49s
55% | Elapsed: 0h 4m 32s | Remaining: 0h 3m 42s
56% | Elapsed: 0h 4m 35s | Remaining: 0h 3m 36s
57% | Elapsed: 0h 4m 48s | Remaining: 0h 3m 37s
58% | Elapsed: 0h 4m 52s | Remaining: 0h 3m 31s
59% | Elapsed: 0h 4m 56s | Remaining: 0h 3m 25s
60% | Elapsed: 0h 4m 59s | Remaining: 0h 3m 19s
61% | Elapsed: 0h 5m 19s | Remaining: 0h 3m 23s
62% | Elapsed: 0h 5m 22s | Remaining: 0h 3m 17s
63% | Elapsed: 0h 5m 27s | Remaining: 0h 3m 12s
64% | Elapsed: 0h 5m 30s | Remaining: 0h 3m 5s
65% | Elapsed: 0h 5m 36s | Remaining: 0h 3m 0s
66% | Elapsed: 0h 5m 39s | Remaining: 0h 2m 54s
67% | Elapsed: 0h 5m 43s | Remaining: 0h 2m 48s
68% | Elapsed: 0h 5m 46s | Remaining: 0h 2m 42s
69% | Elapsed: 0h 5m 54s | Remaining: 0h 2m 39s
70% | Elapsed: 0h 5m 57s | Remaining: 0h 2m 32s
71% | Elapsed: 0h 6m 0s | Remaining: 0h 2m 27s
72% | Elapsed: 0h 6m 3s | Remaining: 0h 2m 21s
73% | Elapsed: 0h 6m 10s | Remaining: 0h 2m 16s
74% | Elapsed: 0h 6m 13s | Remaining: 0h 2m 11s
75% | Elapsed: 0h 6m 16s | Remaining: 0h 2m 5s
76% | Elapsed: 0h 6m 20s | Remaining: 0h 1m 59s
77% | Elapsed: 0h 6m 31s | Remaining: 0h 1m 56s
78% | Elapsed: 0h 6m 37s | Remaining: 0h 1m 51s
79% | Elapsed: 0h 6m 42s | Remaining: 0h 1m 46s
80% | Elapsed: 0h 6m 45s | Remaining: 0h 1m 41s
81% | Elapsed: 0h 6m 54s | Remaining: 0h 1m 37s
82% | Elapsed: 0h 6m 59s | Remaining: 0h 1m 31s
83% | Elapsed: 0h 7m 2s | Remaining: 0h 1m 26s
84% | Elapsed: 0h 7m 5s | Remaining: 0h 1m 20s
85% | Elapsed: 0h 7m 8s | Remaining: 0h 1m 15s
86% | Elapsed: 0h 7m 15s | Remaining: 0h 1m 10s
87% | Elapsed: 0h 7m 18s | Remaining: 0h 1m 5s
88% | Elapsed: 0h 7m 21s | Remaining: 0h 1m 0s
89% | Elapsed: 0h 7m 24s | Remaining: 0h 0m 54s
90% | Elapsed: 0h 7m 33s | Remaining: 0h 0m 50s
91% | Elapsed: 0h 7m 37s | Remaining: 0h 0m 45s
92% | Elapsed: 0h 7m 47s | Remaining: 0h 0m 40s
93% | Elapsed: 0h 7m 50s | Remaining: 0h 0m 35s
94% | Elapsed: 0h 7m 54s | Remaining: 0h 0m 30s
95% | Elapsed: 0h 7m 59s | Remaining: 0h 0m 25s
96% | Elapsed: 0h 8m 3s | Remaining: 0h 0m 20s
97% | Elapsed: 0h 8m 6s | Remaining: 0h 0m 15s
98% | Elapsed: 0h 8m 8s | Remaining: 0h 0m 9s
99% | Elapsed: 0h 8m 12s | Remaining: 0h 0m 4s
100% | Elapsed: 0h 8m 27s | Remaining: 0h 0m 0s
Saved part 0 to /eos/user/s/shuangyu/public/Jpsi/AK8/QCD_Bin-PT-600to800_pythia8-RunIIISummer24_Chunk30_Part0.root (valid events: 174, processed events: 1592872, final part)

Processing completed successfully!
Total events processed: 1592872
Total parts created: 1

