Total entries: 79643585 Processing range: 46193288 - 47786160 (1592872 events)
1% | Elapsed: 0h 0m 5s | Remaining: 0h 8m 14s
2% | Elapsed: 0h 0m 8s | Remaining: 0h 6m 31s
3% | Elapsed: 0h 0m 15s | Remaining: 0h 8m 4s
4% | Elapsed: 0h 0m 24s | Remaining: 0h 9m 35s
5% | Elapsed: 0h 0m 28s | Remaining: 0h 8m 51s
6% | Elapsed: 0h 0m 31s | Remaining: 0h 8m 5s
7% | Elapsed: 0h 0m 33s | Remaining: 0h 7m 18s
8% | Elapsed: 0h 0m 37s | Remaining: 0h 7m 5s
9% | Elapsed: 0h 0m 42s | Remaining: 0h 7m 4s
10% | Elapsed: 0h 0m 49s | Remaining: 0h 7m 20s
11% | Elapsed: 0h 0m 52s | Remaining: 0h 7m 0s
12% | Elapsed: 0h 1m 8s | Remaining: 0h 8m 18s
13% | Elapsed: 0h 1m 12s | Remaining: 0h 8m 1s
14% | Elapsed: 0h 1m 15s | Remaining: 0h 7m 40s
15% | Elapsed: 0h 1m 18s | Remaining: 0h 7m 21s
16% | Elapsed: 0h 1m 39s | Remaining: 0h 8m 39s
17% | Elapsed: 0h 1m 44s | Remaining: 0h 8m 27s
18% | Elapsed: 0h 1m 48s | Remaining: 0h 8m 11s
19% | Elapsed: 0h 2m 0s | Remaining: 0h 8m 31s
20% | Elapsed: 0h 2m 4s | Remaining: 0h 8m 15s
21% | Elapsed: 0h 2m 7s | Remaining: 0h 7m 57s
22% | Elapsed: 0h 2m 15s | Remaining: 0h 7m 58s
23% | Elapsed: 0h 2m 26s | Remaining: 0h 8m 8s
24% | Elapsed: 0h 2m 31s | Remaining: 0h 7m 58s
25% | Elapsed: 0h 2m 35s | Remaining: 0h 7m 45s
26% | Elapsed: 0h 2m 39s | Remaining: 0h 7m 32s
27% | Elapsed: 0h 2m 49s | Remaining: 0h 7m 36s
28% | Elapsed: 0h 2m 53s | Remaining: 0h 7m 24s
29% | Elapsed: 0h 2m 56s | Remaining: 0h 7m 10s
30% | Elapsed: 0h 2m 59s | Remaining: 0h 6m 57s
31% | Elapsed: 0h 3m 22s | Remaining: 0h 7m 29s
32% | Elapsed: 0h 3m 26s | Remaining: 0h 7m 17s
33% | Elapsed: 0h 3m 30s | Remaining: 0h 7m 6s
34% | Elapsed: 0h 3m 32s | Remaining: 0h 6m 51s
35% | Elapsed: 0h 3m 36s | Remaining: 0h 6m 41s
36% | Elapsed: 0h 3m 51s | Remaining: 0h 6m 50s
37% | Elapsed: 0h 3m 54s | Remaining: 0h 6m 38s
38% | Elapsed: 0h 3m 57s | Remaining: 0h 6m 26s
39% | Elapsed: 0h 4m 5s | Remaining: 0h 6m 23s
40% | Elapsed: 0h 4m 8s | Remaining: 0h 6m 11s
41% | Elapsed: 0h 4m 11s | Remaining: 0h 6m 1s
42% | Elapsed: 0h 4m 14s | Remaining: 0h 5m 50s
43% | Elapsed: 0h 4m 24s | Remaining: 0h 5m 49s
44% | Elapsed: 0h 4m 29s | Remaining: 0h 5m 42s
45% | Elapsed: 0h 4m 32s | Remaining: 0h 5m 32s
46% | Elapsed: 0h 4m 35s | Remaining: 0h 5m 22s
47% | Elapsed: 0h 4m 37s | Remaining: 0h 5m 12s
48% | Elapsed: 0h 5m 0s | Remaining: 0h 5m 24s
49% | Elapsed: 0h 5m 4s | Remaining: 0h 5m 16s
50% | Elapsed: 0h 5m 7s | Remaining: 0h 5m 7s
51% | Elapsed: 0h 5m 15s | Remaining: 0h 5m 2s
52% | Elapsed: 0h 5m 22s | Remaining: 0h 4m 57s
53% | Elapsed: 0h 5m 25s | Remaining: 0h 4m 48s
54% | Elapsed: 0h 5m 29s | Remaining: 0h 4m 40s
55% | Elapsed: 0h 5m 34s | Remaining: 0h 4m 33s
56% | Elapsed: 0h 5m 41s | Remaining: 0h 4m 27s
57% | Elapsed: 0h 5m 44s | Remaining: 0h 4m 19s
58% | Elapsed: 0h 5m 47s | Remaining: 0h 4m 11s
59% | Elapsed: 0h 5m 55s | Remaining: 0h 4m 6s
60% | Elapsed: 0h 5m 58s | Remaining: 0h 3m 58s
61% | Elapsed: 0h 6m 1s | Remaining: 0h 3m 50s
62% | Elapsed: 0h 6m 4s | Remaining: 0h 3m 43s
63% | Elapsed: 0h 6m 14s | Remaining: 0h 3m 39s
64% | Elapsed: 0h 6m 17s | Remaining: 0h 3m 32s
65% | Elapsed: 0h 6m 20s | Remaining: 0h 3m 24s
66% | Elapsed: 0h 6m 25s | Remaining: 0h 3m 18s
67% | Elapsed: 0h 6m 32s | Remaining: 0h 3m 13s
68% | Elapsed: 0h 6m 35s | Remaining: 0h 3m 5s
69% | Elapsed: 0h 6m 39s | Remaining: 0h 2m 59s
70% | Elapsed: 0h 6m 42s | Remaining: 0h 2m 52s
71% | Elapsed: 0h 6m 52s | Remaining: 0h 2m 48s
72% | Elapsed: 0h 6m 57s | Remaining: 0h 2m 42s
73% | Elapsed: 0h 7m 0s | Remaining: 0h 2m 35s
74% | Elapsed: 0h 7m 4s | Remaining: 0h 2m 28s
75% | Elapsed: 0h 7m 7s | Remaining: 0h 2m 22s
76% | Elapsed: 0h 7m 15s | Remaining: 0h 2m 17s
77% | Elapsed: 0h 7m 19s | Remaining: 0h 2m 11s
78% | Elapsed: 0h 7m 22s | Remaining: 0h 2m 4s
79% | Elapsed: 0h 7m 25s | Remaining: 0h 1m 58s
80% | Elapsed: 0h 7m 33s | Remaining: 0h 1m 53s
81% | Elapsed: 0h 7m 37s | Remaining: 0h 1m 47s
82% | Elapsed: 0h 7m 41s | Remaining: 0h 1m 41s
83% | Elapsed: 0h 7m 44s | Remaining: 0h 1m 35s
84% | Elapsed: 0h 7m 52s | Remaining: 0h 1m 29s
85% | Elapsed: 0h 7m 56s | Remaining: 0h 1m 23s
86% | Elapsed: 0h 7m 59s | Remaining: 0h 1m 17s
87% | Elapsed: 0h 8m 2s | Remaining: 0h 1m 12s
88% | Elapsed: 0h 8m 6s | Remaining: 0h 1m 6s
89% | Elapsed: 0h 8m 13s | Remaining: 0h 1m 0s
90% | Elapsed: 0h 8m 17s | Remaining: 0h 0m 55s
91% | Elapsed: 0h 8m 20s | Remaining: 0h 0m 49s
92% | Elapsed: 0h 8m 23s | Remaining: 0h 0m 43s
93% | Elapsed: 0h 8m 32s | Remaining: 0h 0m 38s
94% | Elapsed: 0h 8m 35s | Remaining: 0h 0m 32s
95% | Elapsed: 0h 8m 38s | Remaining: 0h 0m 27s
96% | Elapsed: 0h 8m 41s | Remaining: 0h 0m 21s
97% | Elapsed: 0h 8m 49s | Remaining: 0h 0m 16s
98% | Elapsed: 0h 8m 58s | Remaining: 0h 0m 10s
99% | Elapsed: 0h 9m 4s | Remaining: 0h 0m 5s
100% | Elapsed: 0h 9m 15s | Remaining: 0h 0m 0s
Saved part 0 to /eos/user/s/shuangyu/public/Jpsi/AK8/QCD_Bin-PT-600to800_pythia8-RunIIISummer24_Chunk29_Part0.root (valid events: 171, processed events: 1592872, final part)

Processing completed successfully!
Total events processed: 1592872
Total parts created: 1

