Total entries: 79643585 Processing range: 11150104 - 12742976 (1592872 events)
1% | Elapsed: 0h 0m 11s | Remaining: 0h 18m 8s
2% | Elapsed: 0h 0m 17s | Remaining: 0h 13m 52s
3% | Elapsed: 0h 0m 20s | Remaining: 0h 10m 46s
4% | Elapsed: 0h 0m 23s | Remaining: 0h 9m 11s
5% | Elapsed: 0h 0m 37s | Remaining: 0h 11m 42s
6% | Elapsed: 0h 0m 42s | Remaining: 0h 10m 57s
7% | Elapsed: 0h 0m 49s | Remaining: 0h 10m 50s
8% | Elapsed: 0h 0m 56s | Remaining: 0h 10m 43s
9% | Elapsed: 0h 1m 0s | Remaining: 0h 10m 6s
10% | Elapsed: 0h 1m 4s | Remaining: 0h 9m 35s
11% | Elapsed: 0h 1m 15s | Remaining: 0h 10m 6s
12% | Elapsed: 0h 1m 19s | Remaining: 0h 9m 39s
13% | Elapsed: 0h 1m 22s | Remaining: 0h 9m 8s
14% | Elapsed: 0h 1m 31s | Remaining: 0h 9m 18s
15% | Elapsed: 0h 1m 35s | Remaining: 0h 8m 58s
16% | Elapsed: 0h 1m 39s | Remaining: 0h 8m 39s
17% | Elapsed: 0h 1m 45s | Remaining: 0h 8m 32s
18% | Elapsed: 0h 1m 55s | Remaining: 0h 8m 43s
19% | Elapsed: 0h 2m 2s | Remaining: 0h 8m 40s
20% | Elapsed: 0h 2m 6s | Remaining: 0h 8m 23s
21% | Elapsed: 0h 2m 11s | Remaining: 0h 8m 12s
22% | Elapsed: 0h 2m 15s | Remaining: 0h 7m 58s
23% | Elapsed: 0h 2m 27s | Remaining: 0h 8m 12s
24% | Elapsed: 0h 2m 33s | Remaining: 0h 8m 4s
25% | Elapsed: 0h 2m 38s | Remaining: 0h 7m 54s
26% | Elapsed: 0h 2m 50s | Remaining: 0h 8m 3s
27% | Elapsed: 0h 2m 53s | Remaining: 0h 7m 47s
28% | Elapsed: 0h 2m 57s | Remaining: 0h 7m 35s
29% | Elapsed: 0h 3m 2s | Remaining: 0h 7m 25s
30% | Elapsed: 0h 3m 6s | Remaining: 0h 7m 13s
31% | Elapsed: 0h 3m 14s | Remaining: 0h 7m 11s
32% | Elapsed: 0h 3m 19s | Remaining: 0h 7m 2s
33% | Elapsed: 0h 3m 22s | Remaining: 0h 6m 50s
34% | Elapsed: 0h 3m 26s | Remaining: 0h 6m 39s
35% | Elapsed: 0h 4m 25s | Remaining: 0h 8m 12s
36% | Elapsed: 0h 5m 3s | Remaining: 0h 8m 58s
37% | Elapsed: 0h 5m 6s | Remaining: 0h 8m 41s
38% | Elapsed: 0h 5m 10s | Remaining: 0h 8m 25s
39% | Elapsed: 0h 5m 24s | Remaining: 0h 8m 26s
40% | Elapsed: 0h 5m 27s | Remaining: 0h 8m 10s
41% | Elapsed: 0h 5m 32s | Remaining: 0h 7m 57s
42% | Elapsed: 0h 5m 46s | Remaining: 0h 7m 57s
43% | Elapsed: 0h 5m 51s | Remaining: 0h 7m 45s
44% | Elapsed: 0h 5m 55s | Remaining: 0h 7m 31s
45% | Elapsed: 0h 5m 59s | Remaining: 0h 7m 18s
46% | Elapsed: 0h 6m 8s | Remaining: 0h 7m 11s
47% | Elapsed: 0h 6m 12s | Remaining: 0h 6m 59s
48% | Elapsed: 0h 6m 15s | Remaining: 0h 6m 46s
49% | Elapsed: 0h 6m 20s | Remaining: 0h 6m 35s
50% | Elapsed: 0h 6m 25s | Remaining: 0h 6m 25s
51% | Elapsed: 0h 6m 32s | Remaining: 0h 6m 16s
52% | Elapsed: 0h 6m 36s | Remaining: 0h 6m 5s
53% | Elapsed: 0h 6m 40s | Remaining: 0h 5m 54s
54% | Elapsed: 0h 6m 43s | Remaining: 0h 5m 43s
55% | Elapsed: 0h 6m 50s | Remaining: 0h 5m 35s
56% | Elapsed: 0h 6m 54s | Remaining: 0h 5m 25s
57% | Elapsed: 0h 6m 58s | Remaining: 0h 5m 15s
58% | Elapsed: 0h 7m 8s | Remaining: 0h 5m 9s
59% | Elapsed: 0h 7m 15s | Remaining: 0h 5m 2s
60% | Elapsed: 0h 7m 18s | Remaining: 0h 4m 51s
61% | Elapsed: 0h 7m 34s | Remaining: 0h 4m 50s
62% | Elapsed: 0h 7m 55s | Remaining: 0h 4m 51s
63% | Elapsed: 0h 7m 59s | Remaining: 0h 4m 41s
64% | Elapsed: 0h 8m 2s | Remaining: 0h 4m 31s
65% | Elapsed: 0h 8m 6s | Remaining: 0h 4m 21s
66% | Elapsed: 0h 8m 14s | Remaining: 0h 4m 14s
67% | Elapsed: 0h 8m 18s | Remaining: 0h 4m 5s
68% | Elapsed: 0h 8m 22s | Remaining: 0h 3m 56s
69% | Elapsed: 0h 8m 26s | Remaining: 0h 3m 47s
70% | Elapsed: 0h 8m 33s | Remaining: 0h 3m 39s
71% | Elapsed: 0h 8m 38s | Remaining: 0h 3m 31s
72% | Elapsed: 0h 8m 41s | Remaining: 0h 3m 22s
73% | Elapsed: 0h 8m 46s | Remaining: 0h 3m 14s
74% | Elapsed: 0h 9m 1s | Remaining: 0h 3m 10s
75% | Elapsed: 0h 9m 5s | Remaining: 0h 3m 1s
76% | Elapsed: 0h 9m 9s | Remaining: 0h 2m 53s
77% | Elapsed: 0h 9m 19s | Remaining: 0h 2m 46s
78% | Elapsed: 0h 9m 23s | Remaining: 0h 2m 38s
79% | Elapsed: 0h 9m 26s | Remaining: 0h 2m 30s
80% | Elapsed: 0h 9m 36s | Remaining: 0h 2m 23s
81% | Elapsed: 0h 9m 41s | Remaining: 0h 2m 16s
82% | Elapsed: 0h 9m 46s | Remaining: 0h 2m 8s
83% | Elapsed: 0h 9m 55s | Remaining: 0h 2m 1s
84% | Elapsed: 0h 10m 0s | Remaining: 0h 1m 54s
85% | Elapsed: 0h 10m 3s | Remaining: 0h 1m 46s
86% | Elapsed: 0h 10m 15s | Remaining: 0h 1m 40s
87% | Elapsed: 0h 10m 22s | Remaining: 0h 1m 32s
88% | Elapsed: 0h 10m 36s | Remaining: 0h 1m 26s
89% | Elapsed: 0h 10m 41s | Remaining: 0h 1m 19s
90% | Elapsed: 0h 10m 46s | Remaining: 0h 1m 11s
91% | Elapsed: 0h 10m 49s | Remaining: 0h 1m 4s
92% | Elapsed: 0h 10m 56s | Remaining: 0h 0m 57s
93% | Elapsed: 0h 11m 0s | Remaining: 0h 0m 49s
94% | Elapsed: 0h 11m 4s | Remaining: 0h 0m 42s
95% | Elapsed: 0h 11m 18s | Remaining: 0h 0m 35s
96% | Elapsed: 0h 11m 32s | Remaining: 0h 0m 28s
97% | Elapsed: 0h 11m 47s | Remaining: 0h 0m 21s
98% | Elapsed: 0h 11m 58s | Remaining: 0h 0m 14s
99% | Elapsed: 0h 12m 3s | Remaining: 0h 0m 7s
100% | Elapsed: 0h 12m 14s | Remaining: 0h 0m 0s
Saved part 0 to /eos/user/s/shuangyu/public/Jpsi/AK8/QCD_Bin-PT-600to800_pythia8-RunIIISummer24_Chunk7_Part0.root (valid events: 174, processed events: 1592872, final part)

Processing completed successfully!
Total events processed: 1592872
Total parts created: 1

