Total entries: 79643585 Processing range: 44600416 - 46193288 (1592872 events)
1% | Elapsed: 0h 0m 19s | Remaining: 0h 31m 20s
2% | Elapsed: 0h 0m 27s | Remaining: 0h 22m 2s
3% | Elapsed: 0h 0m 39s | Remaining: 0h 21m 0s
4% | Elapsed: 0h 0m 43s | Remaining: 0h 17m 11s
5% | Elapsed: 0h 0m 46s | Remaining: 0h 14m 33s
6% | Elapsed: 0h 0m 55s | Remaining: 0h 14m 21s
7% | Elapsed: 0h 1m 2s | Remaining: 0h 13m 43s
8% | Elapsed: 0h 1m 6s | Remaining: 0h 12m 38s
9% | Elapsed: 0h 1m 10s | Remaining: 0h 11m 47s
10% | Elapsed: 0h 1m 17s | Remaining: 0h 11m 32s
11% | Elapsed: 0h 1m 20s | Remaining: 0h 10m 47s
12% | Elapsed: 0h 1m 23s | Remaining: 0h 10m 8s
13% | Elapsed: 0h 1m 36s | Remaining: 0h 10m 42s
14% | Elapsed: 0h 1m 40s | Remaining: 0h 10m 14s
15% | Elapsed: 0h 1m 43s | Remaining: 0h 9m 43s
16% | Elapsed: 0h 1m 47s | Remaining: 0h 9m 21s
17% | Elapsed: 0h 1m 55s | Remaining: 0h 9m 21s
18% | Elapsed: 0h 1m 58s | Remaining: 0h 8m 57s
19% | Elapsed: 0h 2m 3s | Remaining: 0h 8m 44s
20% | Elapsed: 0h 2m 5s | Remaining: 0h 8m 19s
21% | Elapsed: 0h 2m 13s | Remaining: 0h 8m 20s
22% | Elapsed: 0h 2m 16s | Remaining: 0h 8m 2s
23% | Elapsed: 0h 2m 19s | Remaining: 0h 7m 45s
24% | Elapsed: 0h 2m 22s | Remaining: 0h 7m 29s
25% | Elapsed: 0h 2m 27s | Remaining: 0h 7m 21s
26% | Elapsed: 0h 2m 31s | Remaining: 0h 7m 9s
27% | Elapsed: 0h 2m 34s | Remaining: 0h 6m 56s
28% | Elapsed: 0h 2m 37s | Remaining: 0h 6m 43s
29% | Elapsed: 0h 2m 48s | Remaining: 0h 6m 51s
30% | Elapsed: 0h 2m 53s | Remaining: 0h 6m 43s
31% | Elapsed: 0h 2m 55s | Remaining: 0h 6m 29s
32% | Elapsed: 0h 3m 1s | Remaining: 0h 6m 24s
33% | Elapsed: 0h 3m 5s | Remaining: 0h 6m 15s
34% | Elapsed: 0h 3m 12s | Remaining: 0h 6m 12s
35% | Elapsed: 0h 3m 15s | Remaining: 0h 6m 2s
36% | Elapsed: 0h 3m 19s | Remaining: 0h 5m 53s
37% | Elapsed: 0h 3m 22s | Remaining: 0h 5m 43s
38% | Elapsed: 0h 3m 28s | Remaining: 0h 5m 39s
39% | Elapsed: 0h 3m 32s | Remaining: 0h 5m 31s
40% | Elapsed: 0h 3m 34s | Remaining: 0h 5m 20s
41% | Elapsed: 0h 3m 48s | Remaining: 0h 5m 28s
42% | Elapsed: 0h 3m 52s | Remaining: 0h 5m 20s
43% | Elapsed: 0h 3m 55s | Remaining: 0h 5m 11s
44% | Elapsed: 0h 4m 5s | Remaining: 0h 5m 11s
45% | Elapsed: 0h 4m 12s | Remaining: 0h 5m 7s
46% | Elapsed: 0h 4m 30s | Remaining: 0h 5m 16s
47% | Elapsed: 0h 4m 43s | Remaining: 0h 5m 19s
48% | Elapsed: 0h 4m 46s | Remaining: 0h 5m 9s
49% | Elapsed: 0h 5m 4s | Remaining: 0h 5m 16s
50% | Elapsed: 0h 5m 10s | Remaining: 0h 5m 10s
51% | Elapsed: 0h 5m 14s | Remaining: 0h 5m 1s
52% | Elapsed: 0h 5m 21s | Remaining: 0h 4m 56s
53% | Elapsed: 0h 5m 25s | Remaining: 0h 4m 48s
54% | Elapsed: 0h 5m 29s | Remaining: 0h 4m 40s
55% | Elapsed: 0h 5m 31s | Remaining: 0h 4m 30s
56% | Elapsed: 0h 5m 36s | Remaining: 0h 4m 23s
57% | Elapsed: 0h 5m 46s | Remaining: 0h 4m 21s
58% | Elapsed: 0h 5m 48s | Remaining: 0h 4m 11s
59% | Elapsed: 0h 5m 52s | Remaining: 0h 4m 4s
60% | Elapsed: 0h 5m 54s | Remaining: 0h 3m 55s
61% | Elapsed: 0h 6m 1s | Remaining: 0h 3m 50s
62% | Elapsed: 0h 6m 4s | Remaining: 0h 3m 43s
63% | Elapsed: 0h 6m 7s | Remaining: 0h 3m 35s
64% | Elapsed: 0h 6m 13s | Remaining: 0h 3m 29s
65% | Elapsed: 0h 6m 16s | Remaining: 0h 3m 22s
66% | Elapsed: 0h 6m 18s | Remaining: 0h 3m 14s
67% | Elapsed: 0h 6m 22s | Remaining: 0h 3m 8s
68% | Elapsed: 0h 6m 33s | Remaining: 0h 3m 4s
69% | Elapsed: 0h 6m 37s | Remaining: 0h 2m 58s
70% | Elapsed: 0h 6m 42s | Remaining: 0h 2m 52s
71% | Elapsed: 0h 6m 44s | Remaining: 0h 2m 45s
72% | Elapsed: 0h 7m 9s | Remaining: 0h 2m 46s
73% | Elapsed: 0h 7m 15s | Remaining: 0h 2m 40s
74% | Elapsed: 0h 7m 19s | Remaining: 0h 2m 34s
75% | Elapsed: 0h 7m 27s | Remaining: 0h 2m 29s
76% | Elapsed: 0h 7m 31s | Remaining: 0h 2m 22s
77% | Elapsed: 0h 7m 35s | Remaining: 0h 2m 15s
78% | Elapsed: 0h 7m 56s | Remaining: 0h 2m 14s
79% | Elapsed: 0h 8m 0s | Remaining: 0h 2m 7s
80% | Elapsed: 0h 8m 3s | Remaining: 0h 2m 0s
81% | Elapsed: 0h 8m 11s | Remaining: 0h 1m 55s
82% | Elapsed: 0h 8m 14s | Remaining: 0h 1m 48s
83% | Elapsed: 0h 8m 18s | Remaining: 0h 1m 41s
84% | Elapsed: 0h 8m 20s | Remaining: 0h 1m 35s
85% | Elapsed: 0h 8m 30s | Remaining: 0h 1m 29s
86% | Elapsed: 0h 8m 33s | Remaining: 0h 1m 23s
87% | Elapsed: 0h 8m 43s | Remaining: 0h 1m 18s
88% | Elapsed: 0h 8m 45s | Remaining: 0h 1m 11s
89% | Elapsed: 0h 8m 49s | Remaining: 0h 1m 5s
90% | Elapsed: 0h 8m 57s | Remaining: 0h 0m 59s
91% | Elapsed: 0h 9m 0s | Remaining: 0h 0m 53s
92% | Elapsed: 0h 9m 3s | Remaining: 0h 0m 47s
93% | Elapsed: 0h 9m 11s | Remaining: 0h 0m 41s
94% | Elapsed: 0h 9m 15s | Remaining: 0h 0m 35s
95% | Elapsed: 0h 9m 17s | Remaining: 0h 0m 29s
96% | Elapsed: 0h 9m 20s | Remaining: 0h 0m 23s
97% | Elapsed: 0h 9m 27s | Remaining: 0h 0m 17s
98% | Elapsed: 0h 9m 31s | Remaining: 0h 0m 11s
99% | Elapsed: 0h 9m 40s | Remaining: 0h 0m 5s
100% | Elapsed: 0h 9m 44s | Remaining: 0h 0m 0s
Saved part 0 to /eos/user/s/shuangyu/public/Jpsi/AK8/QCD_Bin-PT-600to800_pythia8-RunIIISummer24_Chunk28_Part0.root (valid events: 179, processed events: 1592872, final part)

Processing completed successfully!
Total events processed: 1592872
Total parts created: 1

