Total entries: 79643585 Processing range: 39821800 - 41414672 (1592872 events)
1% | Elapsed: 0h 0m 6s | Remaining: 0h 9m 53s
2% | Elapsed: 0h 0m 11s | Remaining: 0h 8m 58s
3% | Elapsed: 0h 0m 14s | Remaining: 0h 7m 32s
4% | Elapsed: 0h 0m 18s | Remaining: 0h 7m 11s
5% | Elapsed: 0h 0m 27s | Remaining: 0h 8m 32s
6% | Elapsed: 0h 0m 31s | Remaining: 0h 8m 5s
7% | Elapsed: 0h 0m 34s | Remaining: 0h 7m 31s
8% | Elapsed: 0h 0m 42s | Remaining: 0h 8m 2s
9% | Elapsed: 0h 0m 46s | Remaining: 0h 7m 45s
10% | Elapsed: 0h 0m 49s | Remaining: 0h 7m 20s
11% | Elapsed: 0h 0m 53s | Remaining: 0h 7m 8s
12% | Elapsed: 0h 0m 59s | Remaining: 0h 7m 12s
13% | Elapsed: 0h 1m 1s | Remaining: 0h 6m 48s
14% | Elapsed: 0h 1m 3s | Remaining: 0h 6m 26s
15% | Elapsed: 0h 1m 6s | Remaining: 0h 6m 13s
16% | Elapsed: 0h 1m 14s | Remaining: 0h 6m 28s
17% | Elapsed: 0h 1m 18s | Remaining: 0h 6m 20s
18% | Elapsed: 0h 1m 22s | Remaining: 0h 6m 13s
19% | Elapsed: 0h 1m 25s | Remaining: 0h 6m 2s
20% | Elapsed: 0h 1m 34s | Remaining: 0h 6m 15s
21% | Elapsed: 0h 1m 38s | Remaining: 0h 6m 8s
22% | Elapsed: 0h 1m 41s | Remaining: 0h 5m 58s
23% | Elapsed: 0h 1m 43s | Remaining: 0h 5m 44s
24% | Elapsed: 0h 1m 46s | Remaining: 0h 5m 35s
25% | Elapsed: 0h 2m 9s | Remaining: 0h 6m 27s
26% | Elapsed: 0h 2m 12s | Remaining: 0h 6m 15s
27% | Elapsed: 0h 2m 15s | Remaining: 0h 6m 4s
28% | Elapsed: 0h 2m 18s | Remaining: 0h 5m 54s
29% | Elapsed: 0h 2m 24s | Remaining: 0h 5m 52s
30% | Elapsed: 0h 2m 27s | Remaining: 0h 5m 42s
31% | Elapsed: 0h 2m 29s | Remaining: 0h 5m 31s
32% | Elapsed: 0h 2m 32s | Remaining: 0h 5m 22s
33% | Elapsed: 0h 2m 38s | Remaining: 0h 5m 20s
34% | Elapsed: 0h 2m 41s | Remaining: 0h 5m 12s
35% | Elapsed: 0h 2m 44s | Remaining: 0h 5m 4s
36% | Elapsed: 0h 2m 53s | Remaining: 0h 5m 7s
37% | Elapsed: 0h 2m 56s | Remaining: 0h 4m 59s
38% | Elapsed: 0h 3m 6s | Remaining: 0h 5m 3s
39% | Elapsed: 0h 3m 10s | Remaining: 0h 4m 57s
40% | Elapsed: 0h 3m 16s | Remaining: 0h 4m 53s
41% | Elapsed: 0h 3m 19s | Remaining: 0h 4m 46s
42% | Elapsed: 0h 3m 28s | Remaining: 0h 4m 47s
43% | Elapsed: 0h 3m 31s | Remaining: 0h 4m 39s
44% | Elapsed: 0h 3m 34s | Remaining: 0h 4m 32s
45% | Elapsed: 0h 3m 37s | Remaining: 0h 4m 25s
46% | Elapsed: 0h 3m 41s | Remaining: 0h 4m 19s
47% | Elapsed: 0h 3m 50s | Remaining: 0h 4m 19s
48% | Elapsed: 0h 3m 54s | Remaining: 0h 4m 13s
49% | Elapsed: 0h 4m 1s | Remaining: 0h 4m 10s
50% | Elapsed: 0h 4m 4s | Remaining: 0h 4m 4s
51% | Elapsed: 0h 4m 7s | Remaining: 0h 3m 57s
52% | Elapsed: 0h 4m 10s | Remaining: 0h 3m 50s
53% | Elapsed: 0h 4m 28s | Remaining: 0h 3m 57s
54% | Elapsed: 0h 4m 32s | Remaining: 0h 3m 51s
55% | Elapsed: 0h 4m 36s | Remaining: 0h 3m 45s
56% | Elapsed: 0h 4m 40s | Remaining: 0h 3m 39s
57% | Elapsed: 0h 4m 46s | Remaining: 0h 3m 35s
58% | Elapsed: 0h 4m 49s | Remaining: 0h 3m 29s
59% | Elapsed: 0h 4m 53s | Remaining: 0h 3m 23s
60% | Elapsed: 0h 4m 55s | Remaining: 0h 3m 16s
61% | Elapsed: 0h 5m 2s | Remaining: 0h 3m 13s
62% | Elapsed: 0h 5m 5s | Remaining: 0h 3m 6s
63% | Elapsed: 0h 5m 12s | Remaining: 0h 3m 3s
64% | Elapsed: 0h 5m 16s | Remaining: 0h 2m 57s
65% | Elapsed: 0h 5m 22s | Remaining: 0h 2m 53s
66% | Elapsed: 0h 5m 26s | Remaining: 0h 2m 47s
67% | Elapsed: 0h 5m 31s | Remaining: 0h 2m 43s
68% | Elapsed: 0h 5m 34s | Remaining: 0h 2m 37s
69% | Elapsed: 0h 5m 41s | Remaining: 0h 2m 33s
70% | Elapsed: 0h 5m 46s | Remaining: 0h 2m 28s
71% | Elapsed: 0h 5m 55s | Remaining: 0h 2m 24s
72% | Elapsed: 0h 6m 1s | Remaining: 0h 2m 20s
73% | Elapsed: 0h 6m 6s | Remaining: 0h 2m 15s
74% | Elapsed: 0h 6m 9s | Remaining: 0h 2m 9s
75% | Elapsed: 0h 6m 12s | Remaining: 0h 2m 4s
76% | Elapsed: 0h 6m 22s | Remaining: 0h 2m 0s
77% | Elapsed: 0h 6m 27s | Remaining: 0h 1m 55s
78% | Elapsed: 0h 6m 31s | Remaining: 0h 1m 50s
79% | Elapsed: 0h 6m 34s | Remaining: 0h 1m 44s
80% | Elapsed: 0h 6m 42s | Remaining: 0h 1m 40s
81% | Elapsed: 0h 6m 45s | Remaining: 0h 1m 34s
82% | Elapsed: 0h 6m 49s | Remaining: 0h 1m 29s
83% | Elapsed: 0h 6m 52s | Remaining: 0h 1m 24s
84% | Elapsed: 0h 7m 15s | Remaining: 0h 1m 22s
85% | Elapsed: 0h 7m 25s | Remaining: 0h 1m 18s
86% | Elapsed: 0h 7m 35s | Remaining: 0h 1m 14s
87% | Elapsed: 0h 7m 47s | Remaining: 0h 1m 9s
88% | Elapsed: 0h 7m 56s | Remaining: 0h 1m 4s
89% | Elapsed: 0h 8m 2s | Remaining: 0h 0m 59s
90% | Elapsed: 0h 8m 6s | Remaining: 0h 0m 53s
91% | Elapsed: 0h 8m 15s | Remaining: 0h 0m 48s
92% | Elapsed: 0h 8m 20s | Remaining: 0h 0m 43s
93% | Elapsed: 0h 8m 22s | Remaining: 0h 0m 37s
94% | Elapsed: 0h 8m 25s | Remaining: 0h 0m 32s
95% | Elapsed: 0h 8m 34s | Remaining: 0h 0m 27s
96% | Elapsed: 0h 8m 41s | Remaining: 0h 0m 21s
97% | Elapsed: 0h 8m 46s | Remaining: 0h 0m 16s
98% | Elapsed: 0h 8m 50s | Remaining: 0h 0m 10s
99% | Elapsed: 0h 8m 54s | Remaining: 0h 0m 5s
100% | Elapsed: 0h 9m 3s | Remaining: 0h 0m 0s
Saved part 0 to /eos/user/s/shuangyu/public/Jpsi/AK8/QCD_Bin-PT-600to800_pythia8-RunIIISummer24_Chunk25_Part0.root (valid events: 166, processed events: 1592872, final part)

Processing completed successfully!
Total events processed: 1592872
Total parts created: 1

