Total entries: 79643585 Processing range: 57343392 - 58936264 (1592872 events)
1% | Elapsed: 0h 0m 9s | Remaining: 0h 14m 50s
2% | Elapsed: 0h 0m 13s | Remaining: 0h 10m 36s
3% | Elapsed: 0h 0m 16s | Remaining: 0h 8m 37s
4% | Elapsed: 0h 0m 19s | Remaining: 0h 7m 35s
5% | Elapsed: 0h 0m 27s | Remaining: 0h 8m 32s
6% | Elapsed: 0h 0m 31s | Remaining: 0h 8m 5s
7% | Elapsed: 0h 0m 35s | Remaining: 0h 7m 44s
8% | Elapsed: 0h 0m 37s | Remaining: 0h 7m 5s
9% | Elapsed: 0h 1m 0s | Remaining: 0h 10m 6s
10% | Elapsed: 0h 1m 5s | Remaining: 0h 9m 44s
11% | Elapsed: 0h 1m 11s | Remaining: 0h 9m 34s
12% | Elapsed: 0h 1m 25s | Remaining: 0h 10m 23s
13% | Elapsed: 0h 1m 30s | Remaining: 0h 10m 2s
14% | Elapsed: 0h 1m 32s | Remaining: 0h 9m 25s
15% | Elapsed: 0h 1m 35s | Remaining: 0h 8m 58s
16% | Elapsed: 0h 1m 42s | Remaining: 0h 8m 55s
17% | Elapsed: 0h 1m 46s | Remaining: 0h 8m 37s
18% | Elapsed: 0h 1m 49s | Remaining: 0h 8m 16s
19% | Elapsed: 0h 1m 51s | Remaining: 0h 7m 53s
20% | Elapsed: 0h 2m 11s | Remaining: 0h 8m 43s
21% | Elapsed: 0h 2m 19s | Remaining: 0h 8m 42s
22% | Elapsed: 0h 2m 22s | Remaining: 0h 8m 23s
23% | Elapsed: 0h 2m 27s | Remaining: 0h 8m 12s
24% | Elapsed: 0h 2m 44s | Remaining: 0h 8m 39s
25% | Elapsed: 0h 2m 47s | Remaining: 0h 8m 21s
26% | Elapsed: 0h 2m 50s | Remaining: 0h 8m 3s
27% | Elapsed: 0h 2m 53s | Remaining: 0h 7m 47s
28% | Elapsed: 0h 3m 4s | Remaining: 0h 7m 53s
29% | Elapsed: 0h 3m 27s | Remaining: 0h 8m 26s
30% | Elapsed: 0h 3m 35s | Remaining: 0h 8m 21s
31% | Elapsed: 0h 3m 40s | Remaining: 0h 8m 9s
32% | Elapsed: 0h 3m 47s | Remaining: 0h 8m 2s
33% | Elapsed: 0h 3m 50s | Remaining: 0h 7m 46s
34% | Elapsed: 0h 3m 53s | Remaining: 0h 7m 32s
35% | Elapsed: 0h 3m 56s | Remaining: 0h 7m 18s
36% | Elapsed: 0h 4m 4s | Remaining: 0h 7m 13s
37% | Elapsed: 0h 4m 7s | Remaining: 0h 7m 0s
38% | Elapsed: 0h 4m 10s | Remaining: 0h 6m 47s
39% | Elapsed: 0h 4m 18s | Remaining: 0h 6m 43s
40% | Elapsed: 0h 4m 21s | Remaining: 0h 6m 31s
41% | Elapsed: 0h 4m 23s | Remaining: 0h 6m 18s
42% | Elapsed: 0h 4m 26s | Remaining: 0h 6m 7s
43% | Elapsed: 0h 4m 34s | Remaining: 0h 6m 3s
44% | Elapsed: 0h 4m 37s | Remaining: 0h 5m 52s
45% | Elapsed: 0h 4m 39s | Remaining: 0h 5m 40s
46% | Elapsed: 0h 4m 42s | Remaining: 0h 5m 31s
47% | Elapsed: 0h 4m 51s | Remaining: 0h 5m 28s
48% | Elapsed: 0h 4m 55s | Remaining: 0h 5m 19s
49% | Elapsed: 0h 4m 58s | Remaining: 0h 5m 10s
50% | Elapsed: 0h 5m 1s | Remaining: 0h 5m 1s
51% | Elapsed: 0h 5m 16s | Remaining: 0h 5m 3s
52% | Elapsed: 0h 5m 21s | Remaining: 0h 4m 56s
53% | Elapsed: 0h 5m 26s | Remaining: 0h 4m 49s
54% | Elapsed: 0h 5m 29s | Remaining: 0h 4m 40s
55% | Elapsed: 0h 5m 44s | Remaining: 0h 4m 41s
56% | Elapsed: 0h 5m 49s | Remaining: 0h 4m 34s
57% | Elapsed: 0h 5m 52s | Remaining: 0h 4m 25s
58% | Elapsed: 0h 5m 56s | Remaining: 0h 4m 17s
59% | Elapsed: 0h 6m 5s | Remaining: 0h 4m 13s
60% | Elapsed: 0h 6m 8s | Remaining: 0h 4m 5s
61% | Elapsed: 0h 6m 12s | Remaining: 0h 3m 57s
62% | Elapsed: 0h 6m 20s | Remaining: 0h 3m 52s
63% | Elapsed: 0h 6m 24s | Remaining: 0h 3m 45s
64% | Elapsed: 0h 6m 28s | Remaining: 0h 3m 38s
65% | Elapsed: 0h 6m 33s | Remaining: 0h 3m 31s
66% | Elapsed: 0h 6m 42s | Remaining: 0h 3m 27s
67% | Elapsed: 0h 6m 50s | Remaining: 0h 3m 21s
68% | Elapsed: 0h 6m 53s | Remaining: 0h 3m 14s
69% | Elapsed: 0h 6m 56s | Remaining: 0h 3m 6s
70% | Elapsed: 0h 7m 8s | Remaining: 0h 3m 3s
71% | Elapsed: 0h 7m 14s | Remaining: 0h 2m 57s
72% | Elapsed: 0h 7m 17s | Remaining: 0h 2m 49s
73% | Elapsed: 0h 7m 22s | Remaining: 0h 2m 43s
74% | Elapsed: 0h 7m 26s | Remaining: 0h 2m 36s
75% | Elapsed: 0h 7m 29s | Remaining: 0h 2m 29s
76% | Elapsed: 0h 7m 46s | Remaining: 0h 2m 27s
77% | Elapsed: 0h 8m 15s | Remaining: 0h 2m 27s
78% | Elapsed: 0h 8m 26s | Remaining: 0h 2m 22s
79% | Elapsed: 0h 8m 31s | Remaining: 0h 2m 15s
80% | Elapsed: 0h 8m 39s | Remaining: 0h 2m 9s
81% | Elapsed: 0h 8m 52s | Remaining: 0h 2m 4s
82% | Elapsed: 0h 8m 56s | Remaining: 0h 1m 57s
83% | Elapsed: 0h 9m 1s | Remaining: 0h 1m 50s
84% | Elapsed: 0h 9m 7s | Remaining: 0h 1m 44s
85% | Elapsed: 0h 9m 14s | Remaining: 0h 1m 37s
86% | Elapsed: 0h 9m 16s | Remaining: 0h 1m 30s
87% | Elapsed: 0h 9m 19s | Remaining: 0h 1m 23s
88% | Elapsed: 0h 9m 22s | Remaining: 0h 1m 16s
89% | Elapsed: 0h 9m 31s | Remaining: 0h 1m 10s
90% | Elapsed: 0h 9m 34s | Remaining: 0h 1m 3s
91% | Elapsed: 0h 9m 38s | Remaining: 0h 0m 57s
92% | Elapsed: 0h 9m 41s | Remaining: 0h 0m 50s
93% | Elapsed: 0h 9m 59s | Remaining: 0h 0m 45s
94% | Elapsed: 0h 10m 19s | Remaining: 0h 0m 39s
95% | Elapsed: 0h 10m 26s | Remaining: 0h 0m 32s
96% | Elapsed: 0h 10m 30s | Remaining: 0h 0m 26s
97% | Elapsed: 0h 10m 37s | Remaining: 0h 0m 19s
98% | Elapsed: 0h 10m 39s | Remaining: 0h 0m 13s
99% | Elapsed: 0h 10m 42s | Remaining: 0h 0m 6s
100% | Elapsed: 0h 10m 46s | Remaining: 0h 0m 0s
Saved part 0 to /eos/user/s/shuangyu/public/Jpsi/AK8/QCD_Bin-PT-600to800_pythia8-RunIIISummer24_Chunk36_Part0.root (valid events: 160, processed events: 1592872, final part)

Processing completed successfully!
Total events processed: 1592872
Total parts created: 1

