Total entries: 79643585 Processing range: 27078824 - 28671696 (1592872 events)
1% | Elapsed: 0h 0m 13s | Remaining: 0h 21m 26s
2% | Elapsed: 0h 0m 16s | Remaining: 0h 13m 3s
3% | Elapsed: 0h 0m 19s | Remaining: 0h 10m 14s
4% | Elapsed: 0h 0m 22s | Remaining: 0h 8m 47s
5% | Elapsed: 0h 0m 27s | Remaining: 0h 8m 32s
6% | Elapsed: 0h 0m 30s | Remaining: 0h 7m 49s
7% | Elapsed: 0h 0m 33s | Remaining: 0h 7m 18s
8% | Elapsed: 0h 0m 40s | Remaining: 0h 7m 39s
9% | Elapsed: 0h 0m 44s | Remaining: 0h 7m 24s
10% | Elapsed: 0h 0m 46s | Remaining: 0h 6m 53s
11% | Elapsed: 0h 0m 50s | Remaining: 0h 6m 44s
12% | Elapsed: 0h 0m 54s | Remaining: 0h 6m 35s
13% | Elapsed: 0h 1m 0s | Remaining: 0h 6m 41s
14% | Elapsed: 0h 1m 4s | Remaining: 0h 6m 33s
15% | Elapsed: 0h 1m 7s | Remaining: 0h 6m 19s
16% | Elapsed: 0h 1m 13s | Remaining: 0h 6m 23s
17% | Elapsed: 0h 1m 16s | Remaining: 0h 6m 11s
18% | Elapsed: 0h 1m 18s | Remaining: 0h 5m 55s
19% | Elapsed: 0h 1m 21s | Remaining: 0h 5m 45s
20% | Elapsed: 0h 1m 24s | Remaining: 0h 5m 35s
21% | Elapsed: 0h 1m 28s | Remaining: 0h 5m 31s
22% | Elapsed: 0h 1m 31s | Remaining: 0h 5m 22s
23% | Elapsed: 0h 1m 45s | Remaining: 0h 5m 51s
24% | Elapsed: 0h 1m 56s | Remaining: 0h 6m 7s
25% | Elapsed: 0h 2m 4s | Remaining: 0h 6m 12s
26% | Elapsed: 0h 2m 8s | Remaining: 0h 6m 4s
27% | Elapsed: 0h 2m 16s | Remaining: 0h 6m 7s
28% | Elapsed: 0h 2m 22s | Remaining: 0h 6m 5s
29% | Elapsed: 0h 2m 28s | Remaining: 0h 6m 2s
30% | Elapsed: 0h 2m 32s | Remaining: 0h 5m 54s
31% | Elapsed: 0h 2m 40s | Remaining: 0h 5m 56s
32% | Elapsed: 0h 2m 49s | Remaining: 0h 5m 59s
33% | Elapsed: 0h 2m 53s | Remaining: 0h 5m 51s
34% | Elapsed: 0h 2m 56s | Remaining: 0h 5m 41s
35% | Elapsed: 0h 3m 2s | Remaining: 0h 5m 37s
36% | Elapsed: 0h 3m 6s | Remaining: 0h 5m 30s
37% | Elapsed: 0h 3m 9s | Remaining: 0h 5m 21s
38% | Elapsed: 0h 3m 23s | Remaining: 0h 5m 31s
39% | Elapsed: 0h 3m 29s | Remaining: 0h 5m 26s
40% | Elapsed: 0h 3m 32s | Remaining: 0h 5m 17s
41% | Elapsed: 0h 3m 35s | Remaining: 0h 5m 9s
42% | Elapsed: 0h 3m 55s | Remaining: 0h 5m 24s
43% | Elapsed: 0h 4m 1s | Remaining: 0h 5m 19s
44% | Elapsed: 0h 4m 7s | Remaining: 0h 5m 14s
45% | Elapsed: 0h 4m 11s | Remaining: 0h 5m 6s
46% | Elapsed: 0h 4m 14s | Remaining: 0h 4m 58s
47% | Elapsed: 0h 4m 36s | Remaining: 0h 5m 11s
48% | Elapsed: 0h 4m 45s | Remaining: 0h 5m 8s
49% | Elapsed: 0h 4m 51s | Remaining: 0h 5m 2s
50% | Elapsed: 0h 4m 54s | Remaining: 0h 4m 54s
51% | Elapsed: 0h 5m 2s | Remaining: 0h 4m 50s
52% | Elapsed: 0h 5m 5s | Remaining: 0h 4m 41s
53% | Elapsed: 0h 5m 9s | Remaining: 0h 4m 34s
54% | Elapsed: 0h 5m 27s | Remaining: 0h 4m 38s
55% | Elapsed: 0h 5m 31s | Remaining: 0h 4m 30s
56% | Elapsed: 0h 5m 34s | Remaining: 0h 4m 22s
57% | Elapsed: 0h 6m 5s | Remaining: 0h 4m 35s
58% | Elapsed: 0h 6m 9s | Remaining: 0h 4m 27s
59% | Elapsed: 0h 6m 13s | Remaining: 0h 4m 19s
60% | Elapsed: 0h 6m 17s | Remaining: 0h 4m 11s
61% | Elapsed: 0h 6m 26s | Remaining: 0h 4m 6s
62% | Elapsed: 0h 6m 30s | Remaining: 0h 3m 59s
63% | Elapsed: 0h 6m 34s | Remaining: 0h 3m 51s
64% | Elapsed: 0h 6m 40s | Remaining: 0h 3m 44s
65% | Elapsed: 0h 6m 44s | Remaining: 0h 3m 37s
66% | Elapsed: 0h 6m 47s | Remaining: 0h 3m 29s
67% | Elapsed: 0h 7m 10s | Remaining: 0h 3m 31s
68% | Elapsed: 0h 7m 14s | Remaining: 0h 3m 24s
69% | Elapsed: 0h 7m 17s | Remaining: 0h 3m 16s
70% | Elapsed: 0h 7m 19s | Remaining: 0h 3m 8s
71% | Elapsed: 0h 7m 28s | Remaining: 0h 3m 2s
72% | Elapsed: 0h 7m 31s | Remaining: 0h 2m 55s
73% | Elapsed: 0h 7m 34s | Remaining: 0h 2m 47s
74% | Elapsed: 0h 8m 24s | Remaining: 0h 2m 57s
75% | Elapsed: 0h 8m 28s | Remaining: 0h 2m 49s
76% | Elapsed: 0h 8m 31s | Remaining: 0h 2m 41s
77% | Elapsed: 0h 8m 44s | Remaining: 0h 2m 36s
78% | Elapsed: 0h 8m 51s | Remaining: 0h 2m 29s
79% | Elapsed: 0h 8m 58s | Remaining: 0h 2m 23s
80% | Elapsed: 0h 9m 5s | Remaining: 0h 2m 16s
81% | Elapsed: 0h 9m 8s | Remaining: 0h 2m 8s
82% | Elapsed: 0h 9m 11s | Remaining: 0h 2m 0s
83% | Elapsed: 0h 9m 14s | Remaining: 0h 1m 53s
84% | Elapsed: 0h 9m 21s | Remaining: 0h 1m 46s
85% | Elapsed: 0h 9m 25s | Remaining: 0h 1m 39s
86% | Elapsed: 0h 9m 32s | Remaining: 0h 1m 33s
87% | Elapsed: 0h 9m 37s | Remaining: 0h 1m 26s
88% | Elapsed: 0h 9m 48s | Remaining: 0h 1m 20s
89% | Elapsed: 0h 9m 57s | Remaining: 0h 1m 13s
90% | Elapsed: 0h 10m 6s | Remaining: 0h 1m 7s
91% | Elapsed: 0h 10m 10s | Remaining: 0h 1m 0s
92% | Elapsed: 0h 10m 13s | Remaining: 0h 0m 53s
93% | Elapsed: 0h 10m 18s | Remaining: 0h 0m 46s
94% | Elapsed: 0h 10m 23s | Remaining: 0h 0m 39s
95% | Elapsed: 0h 10m 26s | Remaining: 0h 0m 32s
96% | Elapsed: 0h 10m 28s | Remaining: 0h 0m 26s
97% | Elapsed: 0h 11m 35s | Remaining: 0h 0m 21s
98% | Elapsed: 0h 11m 39s | Remaining: 0h 0m 14s
99% | Elapsed: 0h 11m 43s | Remaining: 0h 0m 7s
100% | Elapsed: 0h 11m 48s | Remaining: 0h 0m 0s
Saved part 0 to /eos/user/s/shuangyu/public/Jpsi/AK8/QCD_Bin-PT-600to800_pythia8-RunIIISummer24_Chunk17_Part0.root (valid events: 178, processed events: 1592872, final part)

Processing completed successfully!
Total events processed: 1592872
Total parts created: 1

