Total entries: 79643585 Processing range: 33450312 - 35043184 (1592872 events)
1% | Elapsed: 0h 0m 8s | Remaining: 0h 13m 11s
2% | Elapsed: 0h 0m 11s | Remaining: 0h 8m 58s
3% | Elapsed: 0h 0m 14s | Remaining: 0h 7m 32s
4% | Elapsed: 0h 0m 26s | Remaining: 0h 10m 23s
5% | Elapsed: 0h 0m 28s | Remaining: 0h 8m 51s
6% | Elapsed: 0h 0m 32s | Remaining: 0h 8m 21s
7% | Elapsed: 0h 0m 40s | Remaining: 0h 8m 51s
8% | Elapsed: 0h 0m 44s | Remaining: 0h 8m 25s
9% | Elapsed: 0h 0m 49s | Remaining: 0h 8m 15s
10% | Elapsed: 0h 0m 54s | Remaining: 0h 8m 5s
11% | Elapsed: 0h 0m 57s | Remaining: 0h 7m 41s
12% | Elapsed: 0h 1m 3s | Remaining: 0h 7m 41s
13% | Elapsed: 0h 1m 6s | Remaining: 0h 7m 21s
14% | Elapsed: 0h 1m 14s | Remaining: 0h 7m 34s
15% | Elapsed: 0h 1m 17s | Remaining: 0h 7m 16s
16% | Elapsed: 0h 1m 41s | Remaining: 0h 8m 50s
17% | Elapsed: 0h 1m 48s | Remaining: 0h 8m 47s
18% | Elapsed: 0h 1m 59s | Remaining: 0h 9m 2s
19% | Elapsed: 0h 2m 4s | Remaining: 0h 8m 48s
20% | Elapsed: 0h 2m 8s | Remaining: 0h 8m 31s
21% | Elapsed: 0h 2m 11s | Remaining: 0h 8m 12s
22% | Elapsed: 0h 2m 17s | Remaining: 0h 8m 5s
23% | Elapsed: 0h 2m 20s | Remaining: 0h 7m 48s
24% | Elapsed: 0h 2m 23s | Remaining: 0h 7m 32s
25% | Elapsed: 0h 2m 32s | Remaining: 0h 7m 36s
26% | Elapsed: 0h 2m 38s | Remaining: 0h 7m 29s
27% | Elapsed: 0h 2m 41s | Remaining: 0h 7m 15s
28% | Elapsed: 0h 2m 44s | Remaining: 0h 7m 1s
29% | Elapsed: 0h 2m 53s | Remaining: 0h 7m 3s
30% | Elapsed: 0h 2m 56s | Remaining: 0h 6m 50s
31% | Elapsed: 0h 2m 59s | Remaining: 0h 6m 38s
32% | Elapsed: 0h 3m 2s | Remaining: 0h 6m 26s
33% | Elapsed: 0h 3m 5s | Remaining: 0h 6m 15s
34% | Elapsed: 0h 3m 13s | Remaining: 0h 6m 14s
35% | Elapsed: 0h 3m 17s | Remaining: 0h 6m 5s
36% | Elapsed: 0h 3m 22s | Remaining: 0h 5m 59s
37% | Elapsed: 0h 3m 25s | Remaining: 0h 5m 49s
38% | Elapsed: 0h 3m 34s | Remaining: 0h 5m 49s
39% | Elapsed: 0h 3m 39s | Remaining: 0h 5m 42s
40% | Elapsed: 0h 3m 42s | Remaining: 0h 5m 32s
41% | Elapsed: 0h 3m 52s | Remaining: 0h 5m 33s
42% | Elapsed: 0h 3m 55s | Remaining: 0h 5m 24s
43% | Elapsed: 0h 4m 0s | Remaining: 0h 5m 18s
44% | Elapsed: 0h 4m 4s | Remaining: 0h 5m 10s
45% | Elapsed: 0h 4m 14s | Remaining: 0h 5m 10s
46% | Elapsed: 0h 4m 17s | Remaining: 0h 5m 1s
47% | Elapsed: 0h 4m 20s | Remaining: 0h 4m 53s
48% | Elapsed: 0h 4m 23s | Remaining: 0h 4m 44s
49% | Elapsed: 0h 4m 28s | Remaining: 0h 4m 38s
50% | Elapsed: 0h 4m 31s | Remaining: 0h 4m 31s
51% | Elapsed: 0h 4m 34s | Remaining: 0h 4m 23s
52% | Elapsed: 0h 4m 44s | Remaining: 0h 4m 22s
53% | Elapsed: 0h 4m 49s | Remaining: 0h 4m 16s
54% | Elapsed: 0h 4m 56s | Remaining: 0h 4m 12s
55% | Elapsed: 0h 5m 5s | Remaining: 0h 4m 9s
56% | Elapsed: 0h 5m 8s | Remaining: 0h 4m 1s
57% | Elapsed: 0h 5m 12s | Remaining: 0h 3m 55s
58% | Elapsed: 0h 5m 24s | Remaining: 0h 3m 54s
59% | Elapsed: 0h 5m 49s | Remaining: 0h 4m 2s
60% | Elapsed: 0h 5m 53s | Remaining: 0h 3m 55s
61% | Elapsed: 0h 5m 57s | Remaining: 0h 3m 48s
62% | Elapsed: 0h 5m 59s | Remaining: 0h 3m 40s
63% | Elapsed: 0h 6m 12s | Remaining: 0h 3m 38s
64% | Elapsed: 0h 6m 15s | Remaining: 0h 3m 30s
65% | Elapsed: 0h 6m 18s | Remaining: 0h 3m 23s
66% | Elapsed: 0h 6m 21s | Remaining: 0h 3m 16s
67% | Elapsed: 0h 6m 31s | Remaining: 0h 3m 12s
68% | Elapsed: 0h 6m 34s | Remaining: 0h 3m 5s
69% | Elapsed: 0h 6m 38s | Remaining: 0h 2m 58s
70% | Elapsed: 0h 6m 43s | Remaining: 0h 2m 52s
71% | Elapsed: 0h 6m 46s | Remaining: 0h 2m 45s
72% | Elapsed: 0h 7m 6s | Remaining: 0h 2m 45s
73% | Elapsed: 0h 7m 10s | Remaining: 0h 2m 39s
74% | Elapsed: 0h 7m 14s | Remaining: 0h 2m 32s
75% | Elapsed: 0h 7m 28s | Remaining: 0h 2m 29s
76% | Elapsed: 0h 7m 32s | Remaining: 0h 2m 22s
77% | Elapsed: 0h 7m 41s | Remaining: 0h 2m 17s
78% | Elapsed: 0h 7m 45s | Remaining: 0h 2m 11s
79% | Elapsed: 0h 7m 49s | Remaining: 0h 2m 4s
80% | Elapsed: 0h 8m 0s | Remaining: 0h 1m 59s
81% | Elapsed: 0h 8m 4s | Remaining: 0h 1m 53s
82% | Elapsed: 0h 8m 8s | Remaining: 0h 1m 47s
83% | Elapsed: 0h 8m 16s | Remaining: 0h 1m 41s
84% | Elapsed: 0h 8m 19s | Remaining: 0h 1m 35s
85% | Elapsed: 0h 8m 22s | Remaining: 0h 1m 28s
86% | Elapsed: 0h 8m 25s | Remaining: 0h 1m 22s
87% | Elapsed: 0h 8m 27s | Remaining: 0h 1m 15s
88% | Elapsed: 0h 8m 48s | Remaining: 0h 1m 11s
89% | Elapsed: 0h 8m 51s | Remaining: 0h 1m 5s
90% | Elapsed: 0h 8m 54s | Remaining: 0h 0m 59s
91% | Elapsed: 0h 8m 57s | Remaining: 0h 0m 53s
92% | Elapsed: 0h 9m 4s | Remaining: 0h 0m 47s
93% | Elapsed: 0h 9m 9s | Remaining: 0h 0m 41s
94% | Elapsed: 0h 9m 13s | Remaining: 0h 0m 35s
95% | Elapsed: 0h 9m 19s | Remaining: 0h 0m 29s
96% | Elapsed: 0h 9m 25s | Remaining: 0h 0m 23s
97% | Elapsed: 0h 9m 30s | Remaining: 0h 0m 17s
98% | Elapsed: 0h 9m 44s | Remaining: 0h 0m 11s
99% | Elapsed: 0h 9m 47s | Remaining: 0h 0m 5s
100% | Elapsed: 0h 9m 50s | Remaining: 0h 0m 0s
Saved part 0 to /eos/user/s/shuangyu/public/Jpsi/AK8/QCD_Bin-PT-600to800_pythia8-RunIIISummer24_Chunk21_Part0.root (valid events: 182, processed events: 1592872, final part)

Processing completed successfully!
Total events processed: 1592872
Total parts created: 1

