Total entries: 79643585 Processing range: 20707336 - 22300208 (1592872 events)
1% | Elapsed: 0h 0m 9s | Remaining: 0h 14m 50s
2% | Elapsed: 0h 0m 12s | Remaining: 0h 9m 47s
3% | Elapsed: 0h 0m 16s | Remaining: 0h 8m 37s
4% | Elapsed: 0h 0m 18s | Remaining: 0h 7m 11s
5% | Elapsed: 0h 0m 25s | Remaining: 0h 7m 54s
6% | Elapsed: 0h 0m 28s | Remaining: 0h 7m 18s
7% | Elapsed: 0h 0m 34s | Remaining: 0h 7m 31s
8% | Elapsed: 0h 0m 38s | Remaining: 0h 7m 16s
9% | Elapsed: 0h 0m 45s | Remaining: 0h 7m 34s
10% | Elapsed: 0h 0m 48s | Remaining: 0h 7m 11s
11% | Elapsed: 0h 0m 51s | Remaining: 0h 6m 52s
12% | Elapsed: 0h 0m 58s | Remaining: 0h 7m 5s
13% | Elapsed: 0h 1m 5s | Remaining: 0h 7m 14s
14% | Elapsed: 0h 1m 8s | Remaining: 0h 6m 57s
15% | Elapsed: 0h 1m 47s | Remaining: 0h 10m 6s
16% | Elapsed: 0h 1m 53s | Remaining: 0h 9m 53s
17% | Elapsed: 0h 1m 56s | Remaining: 0h 9m 26s
18% | Elapsed: 0h 2m 0s | Remaining: 0h 9m 6s
19% | Elapsed: 0h 2m 8s | Remaining: 0h 9m 5s
20% | Elapsed: 0h 2m 10s | Remaining: 0h 8m 39s
21% | Elapsed: 0h 2m 19s | Remaining: 0h 8m 42s
22% | Elapsed: 0h 2m 28s | Remaining: 0h 8m 44s
23% | Elapsed: 0h 2m 41s | Remaining: 0h 8m 58s
24% | Elapsed: 0h 2m 44s | Remaining: 0h 8m 39s
25% | Elapsed: 0h 2m 51s | Remaining: 0h 8m 33s
26% | Elapsed: 0h 2m 55s | Remaining: 0h 8m 18s
27% | Elapsed: 0h 3m 22s | Remaining: 0h 9m 6s
28% | Elapsed: 0h 3m 29s | Remaining: 0h 8m 57s
29% | Elapsed: 0h 3m 36s | Remaining: 0h 8m 48s
30% | Elapsed: 0h 3m 44s | Remaining: 0h 8m 42s
31% | Elapsed: 0h 3m 52s | Remaining: 0h 8m 36s
32% | Elapsed: 0h 3m 58s | Remaining: 0h 8m 25s
33% | Elapsed: 0h 4m 1s | Remaining: 0h 8m 9s
34% | Elapsed: 0h 4m 4s | Remaining: 0h 7m 53s
35% | Elapsed: 0h 4m 19s | Remaining: 0h 8m 0s
36% | Elapsed: 0h 4m 23s | Remaining: 0h 7m 47s
37% | Elapsed: 0h 4m 27s | Remaining: 0h 7m 34s
38% | Elapsed: 0h 4m 29s | Remaining: 0h 7m 18s
39% | Elapsed: 0h 4m 37s | Remaining: 0h 7m 13s
40% | Elapsed: 0h 4m 40s | Remaining: 0h 6m 59s
41% | Elapsed: 0h 4m 43s | Remaining: 0h 6m 47s
42% | Elapsed: 0h 4m 47s | Remaining: 0h 6m 36s
43% | Elapsed: 0h 4m 54s | Remaining: 0h 6m 29s
44% | Elapsed: 0h 4m 57s | Remaining: 0h 6m 17s
45% | Elapsed: 0h 5m 0s | Remaining: 0h 6m 6s
46% | Elapsed: 0h 5m 2s | Remaining: 0h 5m 54s
47% | Elapsed: 0h 5m 17s | Remaining: 0h 5m 57s
48% | Elapsed: 0h 5m 21s | Remaining: 0h 5m 47s
49% | Elapsed: 0h 5m 23s | Remaining: 0h 5m 36s
50% | Elapsed: 0h 5m 26s | Remaining: 0h 5m 26s
51% | Elapsed: 0h 5m 48s | Remaining: 0h 5m 34s
52% | Elapsed: 0h 5m 52s | Remaining: 0h 5m 24s
53% | Elapsed: 0h 5m 58s | Remaining: 0h 5m 17s
54% | Elapsed: 0h 6m 7s | Remaining: 0h 5m 12s
55% | Elapsed: 0h 6m 14s | Remaining: 0h 5m 5s
56% | Elapsed: 0h 6m 17s | Remaining: 0h 4m 56s
57% | Elapsed: 0h 6m 20s | Remaining: 0h 4m 46s
58% | Elapsed: 0h 6m 23s | Remaining: 0h 4m 37s
59% | Elapsed: 0h 6m 29s | Remaining: 0h 4m 30s
60% | Elapsed: 0h 6m 32s | Remaining: 0h 4m 21s
61% | Elapsed: 0h 6m 34s | Remaining: 0h 4m 11s
62% | Elapsed: 0h 6m 37s | Remaining: 0h 4m 3s
63% | Elapsed: 0h 6m 48s | Remaining: 0h 3m 59s
64% | Elapsed: 0h 6m 57s | Remaining: 0h 3m 54s
65% | Elapsed: 0h 6m 59s | Remaining: 0h 3m 45s
66% | Elapsed: 0h 7m 3s | Remaining: 0h 3m 37s
67% | Elapsed: 0h 7m 7s | Remaining: 0h 3m 30s
68% | Elapsed: 0h 7m 13s | Remaining: 0h 3m 23s
69% | Elapsed: 0h 7m 17s | Remaining: 0h 3m 16s
70% | Elapsed: 0h 7m 20s | Remaining: 0h 3m 8s
71% | Elapsed: 0h 7m 22s | Remaining: 0h 3m 0s
72% | Elapsed: 0h 7m 34s | Remaining: 0h 2m 56s
73% | Elapsed: 0h 7m 37s | Remaining: 0h 2m 49s
74% | Elapsed: 0h 7m 40s | Remaining: 0h 2m 41s
75% | Elapsed: 0h 7m 42s | Remaining: 0h 2m 34s
76% | Elapsed: 0h 7m 53s | Remaining: 0h 2m 29s
77% | Elapsed: 0h 7m 56s | Remaining: 0h 2m 22s
78% | Elapsed: 0h 8m 6s | Remaining: 0h 2m 17s
79% | Elapsed: 0h 8m 10s | Remaining: 0h 2m 10s
80% | Elapsed: 0h 8m 12s | Remaining: 0h 2m 2s
81% | Elapsed: 0h 8m 21s | Remaining: 0h 1m 57s
82% | Elapsed: 0h 8m 24s | Remaining: 0h 1m 50s
83% | Elapsed: 0h 8m 27s | Remaining: 0h 1m 43s
84% | Elapsed: 0h 8m 30s | Remaining: 0h 1m 37s
85% | Elapsed: 0h 8m 38s | Remaining: 0h 1m 31s
86% | Elapsed: 0h 8m 41s | Remaining: 0h 1m 24s
87% | Elapsed: 0h 8m 45s | Remaining: 0h 1m 18s
88% | Elapsed: 0h 8m 48s | Remaining: 0h 1m 11s
89% | Elapsed: 0h 9m 4s | Remaining: 0h 1m 7s
90% | Elapsed: 0h 9m 8s | Remaining: 0h 1m 0s
91% | Elapsed: 0h 9m 11s | Remaining: 0h 0m 54s
92% | Elapsed: 0h 9m 46s | Remaining: 0h 0m 50s
93% | Elapsed: 0h 9m 53s | Remaining: 0h 0m 44s
94% | Elapsed: 0h 10m 4s | Remaining: 0h 0m 38s
95% | Elapsed: 0h 10m 6s | Remaining: 0h 0m 31s
96% | Elapsed: 0h 10m 9s | Remaining: 0h 0m 25s
97% | Elapsed: 0h 10m 12s | Remaining: 0h 0m 18s
98% | Elapsed: 0h 10m 22s | Remaining: 0h 0m 12s
99% | Elapsed: 0h 10m 28s | Remaining: 0h 0m 6s
100% | Elapsed: 0h 10m 38s | Remaining: 0h 0m 0s
Saved part 0 to /eos/user/s/shuangyu/public/Jpsi/AK8/QCD_Bin-PT-600to800_pythia8-RunIIISummer24_Chunk13_Part0.root (valid events: 190, processed events: 1592872, final part)

Processing completed successfully!
Total events processed: 1592872
Total parts created: 1

