Total entries: 79643585 Processing range: 14335848 - 15928720 (1592872 events)
1% | Elapsed: 0h 0m 9s | Remaining: 0h 14m 50s
2% | Elapsed: 0h 0m 12s | Remaining: 0h 9m 47s
3% | Elapsed: 0h 0m 15s | Remaining: 0h 8m 4s
4% | Elapsed: 0h 0m 24s | Remaining: 0h 9m 35s
5% | Elapsed: 0h 0m 27s | Remaining: 0h 8m 32s
6% | Elapsed: 0h 0m 39s | Remaining: 0h 10m 10s
7% | Elapsed: 0h 0m 42s | Remaining: 0h 9m 17s
8% | Elapsed: 0h 0m 46s | Remaining: 0h 8m 48s
9% | Elapsed: 0h 0m 54s | Remaining: 0h 9m 5s
10% | Elapsed: 0h 0m 57s | Remaining: 0h 8m 32s
11% | Elapsed: 0h 1m 4s | Remaining: 0h 8m 37s
12% | Elapsed: 0h 1m 8s | Remaining: 0h 8m 18s
13% | Elapsed: 0h 1m 10s | Remaining: 0h 7m 48s
14% | Elapsed: 0h 1m 20s | Remaining: 0h 8m 11s
15% | Elapsed: 0h 1m 41s | Remaining: 0h 9m 32s
16% | Elapsed: 0h 1m 45s | Remaining: 0h 9m 11s
17% | Elapsed: 0h 1m 51s | Remaining: 0h 9m 1s
18% | Elapsed: 0h 3m 6s | Remaining: 0h 14m 7s
19% | Elapsed: 0h 3m 9s | Remaining: 0h 13m 25s
20% | Elapsed: 0h 4m 11s | Remaining: 0h 16m 43s
21% | Elapsed: 0h 4m 14s | Remaining: 0h 15m 55s
22% | Elapsed: 0h 4m 21s | Remaining: 0h 15m 25s
23% | Elapsed: 0h 4m 23s | Remaining: 0h 14m 40s
24% | Elapsed: 0h 4m 26s | Remaining: 0h 14m 2s
25% | Elapsed: 0h 5m 2s | Remaining: 0h 15m 6s
26% | Elapsed: 0h 5m 23s | Remaining: 0h 15m 19s
27% | Elapsed: 0h 5m 33s | Remaining: 0h 15m 0s
28% | Elapsed: 0h 5m 38s | Remaining: 0h 14m 29s
29% | Elapsed: 0h 5m 41s | Remaining: 0h 13m 54s
30% | Elapsed: 0h 5m 45s | Remaining: 0h 13m 24s
31% | Elapsed: 0h 5m 55s | Remaining: 0h 13m 10s
32% | Elapsed: 0h 5m 58s | Remaining: 0h 12m 40s
33% | Elapsed: 0h 6m 1s | Remaining: 0h 12m 12s
34% | Elapsed: 0h 6m 4s | Remaining: 0h 11m 46s
35% | Elapsed: 0h 6m 14s | Remaining: 0h 11m 34s
36% | Elapsed: 0h 6m 17s | Remaining: 0h 11m 10s
37% | Elapsed: 0h 6m 20s | Remaining: 0h 10m 47s
38% | Elapsed: 0h 6m 24s | Remaining: 0h 10m 26s
39% | Elapsed: 0h 6m 30s | Remaining: 0h 10m 9s
40% | Elapsed: 0h 6m 33s | Remaining: 0h 9m 49s
41% | Elapsed: 0h 6m 36s | Remaining: 0h 9m 29s
42% | Elapsed: 0h 6m 38s | Remaining: 0h 9m 9s
43% | Elapsed: 0h 6m 45s | Remaining: 0h 8m 56s
44% | Elapsed: 0h 6m 48s | Remaining: 0h 8m 39s
45% | Elapsed: 0h 6m 51s | Remaining: 0h 8m 22s
46% | Elapsed: 0h 6m 56s | Remaining: 0h 8m 8s
47% | Elapsed: 0h 7m 4s | Remaining: 0h 7m 58s
48% | Elapsed: 0h 7m 7s | Remaining: 0h 7m 42s
49% | Elapsed: 0h 7m 11s | Remaining: 0h 7m 28s
50% | Elapsed: 0h 7m 32s | Remaining: 0h 7m 32s
51% | Elapsed: 0h 7m 37s | Remaining: 0h 7m 19s
52% | Elapsed: 0h 7m 43s | Remaining: 0h 7m 7s
53% | Elapsed: 0h 7m 48s | Remaining: 0h 6m 55s
54% | Elapsed: 0h 7m 50s | Remaining: 0h 6m 40s
55% | Elapsed: 0h 7m 53s | Remaining: 0h 6m 26s
56% | Elapsed: 0h 7m 57s | Remaining: 0h 6m 14s
57% | Elapsed: 0h 8m 5s | Remaining: 0h 6m 5s
58% | Elapsed: 0h 8m 8s | Remaining: 0h 5m 53s
59% | Elapsed: 0h 8m 12s | Remaining: 0h 5m 41s
60% | Elapsed: 0h 8m 15s | Remaining: 0h 5m 29s
61% | Elapsed: 0h 8m 24s | Remaining: 0h 5m 22s
62% | Elapsed: 0h 8m 27s | Remaining: 0h 5m 10s
63% | Elapsed: 0h 8m 29s | Remaining: 0h 4m 58s
64% | Elapsed: 0h 8m 32s | Remaining: 0h 4m 47s
65% | Elapsed: 0h 8m 37s | Remaining: 0h 4m 38s
66% | Elapsed: 0h 8m 42s | Remaining: 0h 4m 28s
67% | Elapsed: 0h 8m 44s | Remaining: 0h 4m 18s
68% | Elapsed: 0h 8m 48s | Remaining: 0h 4m 8s
69% | Elapsed: 0h 8m 51s | Remaining: 0h 3m 58s
70% | Elapsed: 0h 8m 58s | Remaining: 0h 3m 50s
71% | Elapsed: 0h 9m 2s | Remaining: 0h 3m 41s
72% | Elapsed: 0h 9m 6s | Remaining: 0h 3m 32s
73% | Elapsed: 0h 9m 9s | Remaining: 0h 3m 23s
74% | Elapsed: 0h 9m 18s | Remaining: 0h 3m 16s
75% | Elapsed: 0h 9m 22s | Remaining: 0h 3m 7s
76% | Elapsed: 0h 9m 24s | Remaining: 0h 2m 58s
77% | Elapsed: 0h 9m 29s | Remaining: 0h 2m 49s
78% | Elapsed: 0h 9m 32s | Remaining: 0h 2m 41s
79% | Elapsed: 0h 9m 37s | Remaining: 0h 2m 33s
80% | Elapsed: 0h 9m 40s | Remaining: 0h 2m 24s
81% | Elapsed: 0h 9m 42s | Remaining: 0h 2m 16s
82% | Elapsed: 0h 9m 46s | Remaining: 0h 2m 8s
83% | Elapsed: 0h 9m 58s | Remaining: 0h 2m 2s
84% | Elapsed: 0h 10m 1s | Remaining: 0h 1m 54s
85% | Elapsed: 0h 10m 5s | Remaining: 0h 1m 46s
86% | Elapsed: 0h 10m 12s | Remaining: 0h 1m 39s
87% | Elapsed: 0h 10m 18s | Remaining: 0h 1m 32s
88% | Elapsed: 0h 10m 23s | Remaining: 0h 1m 24s
89% | Elapsed: 0h 10m 29s | Remaining: 0h 1m 17s
90% | Elapsed: 0h 11m 12s | Remaining: 0h 1m 14s
91% | Elapsed: 0h 11m 36s | Remaining: 0h 1m 8s
92% | Elapsed: 0h 11m 41s | Remaining: 0h 1m 0s
93% | Elapsed: 0h 11m 46s | Remaining: 0h 0m 53s
94% | Elapsed: 0h 11m 53s | Remaining: 0h 0m 45s
95% | Elapsed: 0h 11m 58s | Remaining: 0h 0m 37s
96% | Elapsed: 0h 12m 1s | Remaining: 0h 0m 30s
97% | Elapsed: 0h 12m 9s | Remaining: 0h 0m 22s
98% | Elapsed: 0h 12m 13s | Remaining: 0h 0m 14s
99% | Elapsed: 0h 12m 16s | Remaining: 0h 0m 7s
100% | Elapsed: 0h 12m 21s | Remaining: 0h 0m 0s
Saved part 0 to /eos/user/s/shuangyu/public/Jpsi/AK8/QCD_Bin-PT-600to800_pythia8-RunIIISummer24_Chunk9_Part0.root (valid events: 181, processed events: 1592872, final part)

Processing completed successfully!
Total events processed: 1592872
Total parts created: 1

