Total entries: 79643585 Processing range: 1592872 - 3185744 (1592872 events)
1% | Elapsed: 0h 0m 12s | Remaining: 0h 19m 47s
2% | Elapsed: 0h 0m 15s | Remaining: 0h 12m 14s
3% | Elapsed: 0h 0m 21s | Remaining: 0h 11m 18s
4% | Elapsed: 0h 0m 24s | Remaining: 0h 9m 35s
5% | Elapsed: 0h 0m 27s | Remaining: 0h 8m 32s
6% | Elapsed: 0h 0m 29s | Remaining: 0h 7m 34s
7% | Elapsed: 0h 0m 36s | Remaining: 0h 7m 58s
8% | Elapsed: 0h 0m 38s | Remaining: 0h 7m 16s
9% | Elapsed: 0h 0m 41s | Remaining: 0h 6m 54s
10% | Elapsed: 0h 0m 44s | Remaining: 0h 6m 35s
11% | Elapsed: 0h 0m 47s | Remaining: 0h 6m 20s
12% | Elapsed: 0h 0m 55s | Remaining: 0h 6m 43s
13% | Elapsed: 0h 0m 59s | Remaining: 0h 6m 34s
14% | Elapsed: 0h 1m 2s | Remaining: 0h 6m 20s
15% | Elapsed: 0h 1m 15s | Remaining: 0h 7m 4s
16% | Elapsed: 0h 1m 17s | Remaining: 0h 6m 44s
17% | Elapsed: 0h 1m 22s | Remaining: 0h 6m 40s
18% | Elapsed: 0h 1m 25s | Remaining: 0h 6m 27s
19% | Elapsed: 0h 1m 28s | Remaining: 0h 6m 15s
20% | Elapsed: 0h 1m 44s | Remaining: 0h 6m 55s
21% | Elapsed: 0h 1m 49s | Remaining: 0h 6m 50s
22% | Elapsed: 0h 1m 51s | Remaining: 0h 6m 33s
23% | Elapsed: 0h 1m 55s | Remaining: 0h 6m 24s
24% | Elapsed: 0h 2m 1s | Remaining: 0h 6m 23s
25% | Elapsed: 0h 2m 4s | Remaining: 0h 6m 12s
26% | Elapsed: 0h 2m 11s | Remaining: 0h 6m 12s
27% | Elapsed: 0h 2m 15s | Remaining: 0h 6m 4s
28% | Elapsed: 0h 2m 19s | Remaining: 0h 5m 57s
29% | Elapsed: 0h 2m 24s | Remaining: 0h 5m 52s
30% | Elapsed: 0h 2m 27s | Remaining: 0h 5m 42s
31% | Elapsed: 0h 2m 39s | Remaining: 0h 5m 53s
32% | Elapsed: 0h 2m 42s | Remaining: 0h 5m 44s
33% | Elapsed: 0h 2m 45s | Remaining: 0h 5m 34s
34% | Elapsed: 0h 2m 48s | Remaining: 0h 5m 26s
35% | Elapsed: 0h 2m 58s | Remaining: 0h 5m 30s
36% | Elapsed: 0h 3m 2s | Remaining: 0h 5m 23s
37% | Elapsed: 0h 3m 5s | Remaining: 0h 5m 14s
38% | Elapsed: 0h 3m 9s | Remaining: 0h 5m 8s
39% | Elapsed: 0h 3m 18s | Remaining: 0h 5m 9s
40% | Elapsed: 0h 3m 23s | Remaining: 0h 5m 4s
41% | Elapsed: 0h 3m 26s | Remaining: 0h 4m 56s
42% | Elapsed: 0h 3m 31s | Remaining: 0h 4m 51s
43% | Elapsed: 0h 3m 55s | Remaining: 0h 5m 11s
44% | Elapsed: 0h 3m 58s | Remaining: 0h 5m 2s
45% | Elapsed: 0h 4m 2s | Remaining: 0h 4m 55s
46% | Elapsed: 0h 4m 5s | Remaining: 0h 4m 47s
47% | Elapsed: 0h 4m 13s | Remaining: 0h 4m 45s
48% | Elapsed: 0h 4m 17s | Remaining: 0h 4m 38s
49% | Elapsed: 0h 4m 24s | Remaining: 0h 4m 34s
50% | Elapsed: 0h 4m 30s | Remaining: 0h 4m 30s
51% | Elapsed: 0h 4m 35s | Remaining: 0h 4m 24s
52% | Elapsed: 0h 4m 38s | Remaining: 0h 4m 16s
53% | Elapsed: 0h 4m 40s | Remaining: 0h 4m 8s
54% | Elapsed: 0h 4m 43s | Remaining: 0h 4m 1s
55% | Elapsed: 0h 4m 49s | Remaining: 0h 3m 56s
56% | Elapsed: 0h 4m 58s | Remaining: 0h 3m 54s
57% | Elapsed: 0h 5m 2s | Remaining: 0h 3m 47s
58% | Elapsed: 0h 5m 5s | Remaining: 0h 3m 40s
59% | Elapsed: 0h 5m 14s | Remaining: 0h 3m 38s
60% | Elapsed: 0h 5m 19s | Remaining: 0h 3m 32s
61% | Elapsed: 0h 5m 24s | Remaining: 0h 3m 27s
62% | Elapsed: 0h 5m 27s | Remaining: 0h 3m 20s
63% | Elapsed: 0h 5m 39s | Remaining: 0h 3m 19s
64% | Elapsed: 0h 5m 45s | Remaining: 0h 3m 14s
65% | Elapsed: 0h 5m 56s | Remaining: 0h 3m 11s
66% | Elapsed: 0h 5m 59s | Remaining: 0h 3m 4s
67% | Elapsed: 0h 6m 3s | Remaining: 0h 2m 58s
68% | Elapsed: 0h 6m 12s | Remaining: 0h 2m 55s
69% | Elapsed: 0h 6m 20s | Remaining: 0h 2m 50s
70% | Elapsed: 0h 6m 24s | Remaining: 0h 2m 44s
71% | Elapsed: 0h 6m 27s | Remaining: 0h 2m 38s
72% | Elapsed: 0h 6m 35s | Remaining: 0h 2m 33s
73% | Elapsed: 0h 6m 39s | Remaining: 0h 2m 27s
74% | Elapsed: 0h 6m 44s | Remaining: 0h 2m 21s
75% | Elapsed: 0h 6m 49s | Remaining: 0h 2m 16s
76% | Elapsed: 0h 7m 2s | Remaining: 0h 2m 13s
77% | Elapsed: 0h 7m 8s | Remaining: 0h 2m 7s
78% | Elapsed: 0h 7m 28s | Remaining: 0h 2m 6s
79% | Elapsed: 0h 7m 39s | Remaining: 0h 2m 2s
80% | Elapsed: 0h 7m 43s | Remaining: 0h 1m 55s
81% | Elapsed: 0h 7m 45s | Remaining: 0h 1m 49s
82% | Elapsed: 0h 7m 48s | Remaining: 0h 1m 42s
83% | Elapsed: 0h 7m 55s | Remaining: 0h 1m 37s
84% | Elapsed: 0h 7m 59s | Remaining: 0h 1m 31s
85% | Elapsed: 0h 8m 1s | Remaining: 0h 1m 24s
86% | Elapsed: 0h 8m 5s | Remaining: 0h 1m 18s
87% | Elapsed: 0h 8m 11s | Remaining: 0h 1m 13s
88% | Elapsed: 0h 8m 14s | Remaining: 0h 1m 7s
89% | Elapsed: 0h 8m 18s | Remaining: 0h 1m 1s
90% | Elapsed: 0h 8m 27s | Remaining: 0h 0m 56s
91% | Elapsed: 0h 8m 33s | Remaining: 0h 0m 50s
92% | Elapsed: 0h 8m 43s | Remaining: 0h 0m 45s
93% | Elapsed: 0h 8m 48s | Remaining: 0h 0m 39s
94% | Elapsed: 0h 8m 51s | Remaining: 0h 0m 33s
95% | Elapsed: 0h 9m 8s | Remaining: 0h 0m 28s
96% | Elapsed: 0h 9m 14s | Remaining: 0h 0m 23s
97% | Elapsed: 0h 9m 17s | Remaining: 0h 0m 17s
98% | Elapsed: 0h 9m 28s | Remaining: 0h 0m 11s
99% | Elapsed: 0h 9m 32s | Remaining: 0h 0m 5s
100% | Elapsed: 0h 9m 35s | Remaining: 0h 0m 0s
Saved part 0 to /eos/user/s/shuangyu/public/Jpsi/AK8/QCD_Bin-PT-600to800_pythia8-RunIIISummer24_Chunk1_Part0.root (valid events: 179, processed events: 1592872, final part)

Processing completed successfully!
Total events processed: 1592872
Total parts created: 1

