Total entries: 79643585 Processing range: 60529136 - 62122008 (1592872 events)
1% | Elapsed: 0h 0m 15s | Remaining: 0h 24m 44s
2% | Elapsed: 0h 0m 19s | Remaining: 0h 15m 30s
3% | Elapsed: 0h 0m 22s | Remaining: 0h 11m 51s
4% | Elapsed: 0h 0m 24s | Remaining: 0h 9m 35s
5% | Elapsed: 0h 1m 16s | Remaining: 0h 24m 3s
6% | Elapsed: 0h 1m 29s | Remaining: 0h 23m 14s
7% | Elapsed: 0h 1m 52s | Remaining: 0h 24m 47s
8% | Elapsed: 0h 2m 2s | Remaining: 0h 23m 22s
9% | Elapsed: 0h 2m 7s | Remaining: 0h 21m 24s
10% | Elapsed: 0h 2m 10s | Remaining: 0h 19m 29s
11% | Elapsed: 0h 3m 14s | Remaining: 0h 26m 9s
12% | Elapsed: 0h 3m 18s | Remaining: 0h 24m 11s
13% | Elapsed: 0h 3m 23s | Remaining: 0h 22m 38s
14% | Elapsed: 0h 3m 25s | Remaining: 0h 20m 59s
15% | Elapsed: 0h 3m 28s | Remaining: 0h 19m 38s
16% | Elapsed: 0h 3m 31s | Remaining: 0h 18m 27s
17% | Elapsed: 0h 3m 41s | Remaining: 0h 17m 58s
18% | Elapsed: 0h 3m 48s | Remaining: 0h 17m 18s
19% | Elapsed: 0h 4m 1s | Remaining: 0h 17m 7s
20% | Elapsed: 0h 4m 4s | Remaining: 0h 16m 15s
21% | Elapsed: 0h 4m 16s | Remaining: 0h 16m 3s
22% | Elapsed: 0h 4m 22s | Remaining: 0h 15m 28s
23% | Elapsed: 0h 4m 29s | Remaining: 0h 15m 0s
24% | Elapsed: 0h 4m 31s | Remaining: 0h 14m 18s
25% | Elapsed: 0h 4m 39s | Remaining: 0h 13m 57s
26% | Elapsed: 0h 4m 43s | Remaining: 0h 13m 25s
27% | Elapsed: 0h 4m 46s | Remaining: 0h 12m 53s
28% | Elapsed: 0h 4m 49s | Remaining: 0h 12m 23s
29% | Elapsed: 0h 4m 56s | Remaining: 0h 12m 4s
30% | Elapsed: 0h 4m 59s | Remaining: 0h 11m 37s
31% | Elapsed: 0h 5m 6s | Remaining: 0h 11m 21s
32% | Elapsed: 0h 5m 11s | Remaining: 0h 11m 0s
33% | Elapsed: 0h 5m 15s | Remaining: 0h 10m 39s
34% | Elapsed: 0h 5m 19s | Remaining: 0h 10m 19s
35% | Elapsed: 0h 5m 21s | Remaining: 0h 9m 56s
36% | Elapsed: 0h 6m 13s | Remaining: 0h 11m 3s
37% | Elapsed: 0h 6m 17s | Remaining: 0h 10m 41s
38% | Elapsed: 0h 6m 20s | Remaining: 0h 10m 19s
39% | Elapsed: 0h 6m 23s | Remaining: 0h 9m 59s
40% | Elapsed: 0h 6m 36s | Remaining: 0h 9m 53s
41% | Elapsed: 0h 6m 39s | Remaining: 0h 9m 34s
42% | Elapsed: 0h 6m 42s | Remaining: 0h 9m 15s
43% | Elapsed: 0h 6m 55s | Remaining: 0h 9m 10s
44% | Elapsed: 0h 6m 58s | Remaining: 0h 8m 51s
45% | Elapsed: 0h 7m 1s | Remaining: 0h 8m 34s
46% | Elapsed: 0h 7m 3s | Remaining: 0h 8m 16s
47% | Elapsed: 0h 7m 12s | Remaining: 0h 8m 7s
48% | Elapsed: 0h 7m 20s | Remaining: 0h 7m 56s
49% | Elapsed: 0h 7m 23s | Remaining: 0h 7m 41s
50% | Elapsed: 0h 7m 27s | Remaining: 0h 7m 27s
51% | Elapsed: 0h 7m 31s | Remaining: 0h 7m 13s
52% | Elapsed: 0h 7m 38s | Remaining: 0h 7m 2s
53% | Elapsed: 0h 7m 45s | Remaining: 0h 6m 52s
54% | Elapsed: 0h 7m 52s | Remaining: 0h 6m 42s
55% | Elapsed: 0h 7m 55s | Remaining: 0h 6m 28s
56% | Elapsed: 0h 8m 13s | Remaining: 0h 6m 27s
57% | Elapsed: 0h 8m 16s | Remaining: 0h 6m 14s
58% | Elapsed: 0h 8m 20s | Remaining: 0h 6m 2s
59% | Elapsed: 0h 8m 25s | Remaining: 0h 5m 50s
60% | Elapsed: 0h 8m 51s | Remaining: 0h 5m 53s
61% | Elapsed: 0h 9m 40s | Remaining: 0h 6m 10s
62% | Elapsed: 0h 9m 43s | Remaining: 0h 5m 57s
63% | Elapsed: 0h 9m 51s | Remaining: 0h 5m 47s
64% | Elapsed: 0h 9m 59s | Remaining: 0h 5m 36s
65% | Elapsed: 0h 10m 4s | Remaining: 0h 5m 25s
66% | Elapsed: 0h 10m 8s | Remaining: 0h 5m 13s
67% | Elapsed: 0h 10m 18s | Remaining: 0h 5m 4s
68% | Elapsed: 0h 10m 24s | Remaining: 0h 4m 53s
69% | Elapsed: 0h 10m 27s | Remaining: 0h 4m 41s
70% | Elapsed: 0h 10m 36s | Remaining: 0h 4m 32s
71% | Elapsed: 0h 10m 40s | Remaining: 0h 4m 21s
72% | Elapsed: 0h 10m 48s | Remaining: 0h 4m 11s
73% | Elapsed: 0h 10m 53s | Remaining: 0h 4m 1s
74% | Elapsed: 0h 10m 56s | Remaining: 0h 3m 50s
75% | Elapsed: 0h 11m 6s | Remaining: 0h 3m 42s
76% | Elapsed: 0h 11m 9s | Remaining: 0h 3m 31s
77% | Elapsed: 0h 11m 13s | Remaining: 0h 3m 21s
78% | Elapsed: 0h 11m 29s | Remaining: 0h 3m 14s
79% | Elapsed: 0h 11m 33s | Remaining: 0h 3m 4s
80% | Elapsed: 0h 11m 35s | Remaining: 0h 2m 53s
81% | Elapsed: 0h 11m 43s | Remaining: 0h 2m 44s
82% | Elapsed: 0h 11m 47s | Remaining: 0h 2m 35s
83% | Elapsed: 0h 11m 52s | Remaining: 0h 2m 25s
84% | Elapsed: 0h 11m 59s | Remaining: 0h 2m 16s
85% | Elapsed: 0h 12m 3s | Remaining: 0h 2m 7s
86% | Elapsed: 0h 12m 5s | Remaining: 0h 1m 58s
87% | Elapsed: 0h 12m 28s | Remaining: 0h 1m 51s
88% | Elapsed: 0h 12m 32s | Remaining: 0h 1m 42s
89% | Elapsed: 0h 12m 35s | Remaining: 0h 1m 33s
90% | Elapsed: 0h 13m 0s | Remaining: 0h 1m 26s
91% | Elapsed: 0h 13m 7s | Remaining: 0h 1m 17s
92% | Elapsed: 0h 13m 13s | Remaining: 0h 1m 8s
93% | Elapsed: 0h 13m 17s | Remaining: 0h 0m 59s
94% | Elapsed: 0h 13m 19s | Remaining: 0h 0m 50s
95% | Elapsed: 0h 13m 48s | Remaining: 0h 0m 43s
96% | Elapsed: 0h 13m 56s | Remaining: 0h 0m 34s
97% | Elapsed: 0h 14m 8s | Remaining: 0h 0m 26s
98% | Elapsed: 0h 14m 16s | Remaining: 0h 0m 17s
99% | Elapsed: 0h 14m 18s | Remaining: 0h 0m 8s
100% | Elapsed: 0h 14m 25s | Remaining: 0h 0m 0s
Saved part 0 to /eos/user/s/shuangyu/public/Jpsi/AK8/QCD_Bin-PT-600to800_pythia8-RunIIISummer24_Chunk38_Part0.root (valid events: 156, processed events: 1592872, final part)

Processing completed successfully!
Total events processed: 1592872
Total parts created: 1

