Total entries: 79643585 Processing range: 70086368 - 71679240 (1592872 events)
1% | Elapsed: 0h 0m 7s | Remaining: 0h 11m 32s
2% | Elapsed: 0h 0m 19s | Remaining: 0h 15m 30s
3% | Elapsed: 0h 0m 22s | Remaining: 0h 11m 51s
4% | Elapsed: 0h 0m 27s | Remaining: 0h 10m 47s
5% | Elapsed: 0h 0m 34s | Remaining: 0h 10m 45s
6% | Elapsed: 0h 0m 37s | Remaining: 0h 9m 39s
7% | Elapsed: 0h 0m 41s | Remaining: 0h 9m 4s
8% | Elapsed: 0h 0m 53s | Remaining: 0h 10m 9s
9% | Elapsed: 0h 0m 58s | Remaining: 0h 9m 46s
10% | Elapsed: 0h 1m 3s | Remaining: 0h 9m 26s
11% | Elapsed: 0h 1m 9s | Remaining: 0h 9m 18s
12% | Elapsed: 0h 1m 14s | Remaining: 0h 9m 2s
13% | Elapsed: 0h 1m 17s | Remaining: 0h 8m 35s
14% | Elapsed: 0h 1m 26s | Remaining: 0h 8m 48s
15% | Elapsed: 0h 1m 32s | Remaining: 0h 8m 41s
16% | Elapsed: 0h 1m 39s | Remaining: 0h 8m 39s
17% | Elapsed: 0h 1m 45s | Remaining: 0h 8m 32s
18% | Elapsed: 0h 1m 53s | Remaining: 0h 8m 34s
19% | Elapsed: 0h 1m 57s | Remaining: 0h 8m 18s
20% | Elapsed: 0h 2m 7s | Remaining: 0h 8m 27s
21% | Elapsed: 0h 2m 17s | Remaining: 0h 8m 35s
22% | Elapsed: 0h 2m 22s | Remaining: 0h 8m 23s
23% | Elapsed: 0h 2m 29s | Remaining: 0h 8m 18s
24% | Elapsed: 0h 2m 33s | Remaining: 0h 8m 4s
25% | Elapsed: 0h 2m 36s | Remaining: 0h 7m 48s
26% | Elapsed: 0h 2m 39s | Remaining: 0h 7m 32s
27% | Elapsed: 0h 2m 49s | Remaining: 0h 7m 36s
28% | Elapsed: 0h 2m 52s | Remaining: 0h 7m 22s
29% | Elapsed: 0h 3m 7s | Remaining: 0h 7m 37s
30% | Elapsed: 0h 3m 25s | Remaining: 0h 7m 58s
31% | Elapsed: 0h 3m 33s | Remaining: 0h 7m 54s
32% | Elapsed: 0h 3m 45s | Remaining: 0h 7m 58s
33% | Elapsed: 0h 3m 48s | Remaining: 0h 7m 42s
34% | Elapsed: 0h 3m 55s | Remaining: 0h 7m 36s
35% | Elapsed: 0h 4m 0s | Remaining: 0h 7m 25s
36% | Elapsed: 0h 4m 6s | Remaining: 0h 7m 17s
37% | Elapsed: 0h 4m 10s | Remaining: 0h 7m 5s
38% | Elapsed: 0h 4m 17s | Remaining: 0h 6m 59s
39% | Elapsed: 0h 4m 20s | Remaining: 0h 6m 46s
40% | Elapsed: 0h 4m 22s | Remaining: 0h 6m 32s
41% | Elapsed: 0h 4m 25s | Remaining: 0h 6m 21s
42% | Elapsed: 0h 4m 34s | Remaining: 0h 6m 18s
43% | Elapsed: 0h 4m 38s | Remaining: 0h 6m 8s
44% | Elapsed: 0h 4m 46s | Remaining: 0h 6m 3s
45% | Elapsed: 0h 4m 50s | Remaining: 0h 5m 54s
46% | Elapsed: 0h 4m 56s | Remaining: 0h 5m 47s
47% | Elapsed: 0h 5m 3s | Remaining: 0h 5m 41s
48% | Elapsed: 0h 5m 7s | Remaining: 0h 5m 32s
49% | Elapsed: 0h 5m 11s | Remaining: 0h 5m 23s
50% | Elapsed: 0h 5m 14s | Remaining: 0h 5m 14s
51% | Elapsed: 0h 5m 51s | Remaining: 0h 5m 37s
52% | Elapsed: 0h 5m 55s | Remaining: 0h 5m 27s
53% | Elapsed: 0h 6m 6s | Remaining: 0h 5m 24s
54% | Elapsed: 0h 6m 10s | Remaining: 0h 5m 15s
55% | Elapsed: 0h 6m 13s | Remaining: 0h 5m 5s
56% | Elapsed: 0h 6m 25s | Remaining: 0h 5m 2s
57% | Elapsed: 0h 6m 31s | Remaining: 0h 4m 54s
58% | Elapsed: 0h 6m 42s | Remaining: 0h 4m 51s
59% | Elapsed: 0h 6m 49s | Remaining: 0h 4m 44s
60% | Elapsed: 0h 7m 0s | Remaining: 0h 4m 39s
61% | Elapsed: 0h 7m 3s | Remaining: 0h 4m 30s
62% | Elapsed: 0h 7m 7s | Remaining: 0h 4m 21s
63% | Elapsed: 0h 7m 17s | Remaining: 0h 4m 16s
64% | Elapsed: 0h 7m 20s | Remaining: 0h 4m 7s
65% | Elapsed: 0h 7m 35s | Remaining: 0h 4m 4s
66% | Elapsed: 0h 7m 40s | Remaining: 0h 3m 56s
67% | Elapsed: 0h 7m 44s | Remaining: 0h 3m 48s
68% | Elapsed: 0h 7m 59s | Remaining: 0h 3m 45s
69% | Elapsed: 0h 8m 2s | Remaining: 0h 3m 36s
70% | Elapsed: 0h 8m 11s | Remaining: 0h 3m 30s
71% | Elapsed: 0h 8m 15s | Remaining: 0h 3m 22s
72% | Elapsed: 0h 8m 18s | Remaining: 0h 3m 13s
73% | Elapsed: 0h 8m 29s | Remaining: 0h 3m 8s
74% | Elapsed: 0h 8m 32s | Remaining: 0h 2m 59s
75% | Elapsed: 0h 8m 38s | Remaining: 0h 2m 52s
76% | Elapsed: 0h 8m 42s | Remaining: 0h 2m 44s
77% | Elapsed: 0h 8m 54s | Remaining: 0h 2m 39s
78% | Elapsed: 0h 8m 58s | Remaining: 0h 2m 31s
79% | Elapsed: 0h 9m 3s | Remaining: 0h 2m 24s
80% | Elapsed: 0h 9m 5s | Remaining: 0h 2m 16s
81% | Elapsed: 0h 9m 25s | Remaining: 0h 2m 12s
82% | Elapsed: 0h 9m 31s | Remaining: 0h 2m 5s
83% | Elapsed: 0h 9m 52s | Remaining: 0h 2m 1s
84% | Elapsed: 0h 9m 56s | Remaining: 0h 1m 53s
85% | Elapsed: 0h 10m 0s | Remaining: 0h 1m 45s
86% | Elapsed: 0h 10m 11s | Remaining: 0h 1m 39s
87% | Elapsed: 0h 10m 16s | Remaining: 0h 1m 32s
88% | Elapsed: 0h 10m 28s | Remaining: 0h 1m 25s
89% | Elapsed: 0h 10m 33s | Remaining: 0h 1m 18s
90% | Elapsed: 0h 10m 37s | Remaining: 0h 1m 10s
91% | Elapsed: 0h 10m 48s | Remaining: 0h 1m 4s
92% | Elapsed: 0h 10m 53s | Remaining: 0h 0m 56s
93% | Elapsed: 0h 10m 57s | Remaining: 0h 0m 49s
94% | Elapsed: 0h 11m 6s | Remaining: 0h 0m 42s
95% | Elapsed: 0h 11m 15s | Remaining: 0h 0m 35s
96% | Elapsed: 0h 11m 19s | Remaining: 0h 0m 28s
97% | Elapsed: 0h 11m 28s | Remaining: 0h 0m 21s
98% | Elapsed: 0h 11m 33s | Remaining: 0h 0m 14s
99% | Elapsed: 0h 11m 37s | Remaining: 0h 0m 7s
100% | Elapsed: 0h 11m 44s | Remaining: 0h 0m 0s
Saved part 0 to /eos/user/s/shuangyu/public/Jpsi/AK8/QCD_Bin-PT-600to800_pythia8-RunIIISummer24_Chunk44_Part0.root (valid events: 166, processed events: 1592872, final part)

Processing completed successfully!
Total events processed: 1592872
Total parts created: 1

