Total entries: 79643585 Processing range: 63714880 - 65307752 (1592872 events)
1% | Elapsed: 0h 0m 5s | Remaining: 0h 8m 14s
2% | Elapsed: 0h 0m 17s | Remaining: 0h 13m 52s
3% | Elapsed: 0h 0m 20s | Remaining: 0h 10m 46s
4% | Elapsed: 0h 0m 26s | Remaining: 0h 10m 23s
5% | Elapsed: 0h 0m 34s | Remaining: 0h 10m 45s
6% | Elapsed: 0h 0m 38s | Remaining: 0h 9m 55s
7% | Elapsed: 0h 1m 8s | Remaining: 0h 15m 3s
8% | Elapsed: 0h 1m 13s | Remaining: 0h 13m 59s
9% | Elapsed: 0h 1m 17s | Remaining: 0h 12m 58s
10% | Elapsed: 0h 1m 25s | Remaining: 0h 12m 44s
11% | Elapsed: 0h 1m 29s | Remaining: 0h 12m 0s
12% | Elapsed: 0h 1m 34s | Remaining: 0h 11m 29s
13% | Elapsed: 0h 1m 40s | Remaining: 0h 11m 9s
14% | Elapsed: 0h 1m 46s | Remaining: 0h 10m 51s
15% | Elapsed: 0h 1m 53s | Remaining: 0h 10m 40s
16% | Elapsed: 0h 1m 59s | Remaining: 0h 10m 24s
17% | Elapsed: 0h 2m 2s | Remaining: 0h 9m 55s
18% | Elapsed: 0h 3m 6s | Remaining: 0h 14m 7s
19% | Elapsed: 0h 3m 12s | Remaining: 0h 13m 38s
20% | Elapsed: 0h 3m 15s | Remaining: 0h 12m 59s
21% | Elapsed: 0h 3m 22s | Remaining: 0h 12m 39s
22% | Elapsed: 0h 3m 26s | Remaining: 0h 12m 10s
23% | Elapsed: 0h 3m 31s | Remaining: 0h 11m 46s
24% | Elapsed: 0h 3m 35s | Remaining: 0h 11m 20s
25% | Elapsed: 0h 3m 39s | Remaining: 0h 10m 57s
26% | Elapsed: 0h 3m 47s | Remaining: 0h 10m 46s
27% | Elapsed: 0h 3m 52s | Remaining: 0h 10m 27s
28% | Elapsed: 0h 3m 57s | Remaining: 0h 10m 9s
29% | Elapsed: 0h 4m 3s | Remaining: 0h 9m 54s
30% | Elapsed: 0h 4m 6s | Remaining: 0h 9m 33s
31% | Elapsed: 0h 4m 16s | Remaining: 0h 9m 29s
32% | Elapsed: 0h 4m 20s | Remaining: 0h 9m 12s
33% | Elapsed: 0h 4m 23s | Remaining: 0h 8m 53s
34% | Elapsed: 0h 4m 32s | Remaining: 0h 8m 47s
35% | Elapsed: 0h 4m 36s | Remaining: 0h 8m 32s
36% | Elapsed: 0h 4m 44s | Remaining: 0h 8m 24s
37% | Elapsed: 0h 4m 47s | Remaining: 0h 8m 8s
38% | Elapsed: 0h 4m 50s | Remaining: 0h 7m 53s
39% | Elapsed: 0h 4m 58s | Remaining: 0h 7m 46s
40% | Elapsed: 0h 5m 2s | Remaining: 0h 7m 32s
41% | Elapsed: 0h 5m 4s | Remaining: 0h 7m 17s
42% | Elapsed: 0h 5m 13s | Remaining: 0h 7m 12s
43% | Elapsed: 0h 5m 17s | Remaining: 0h 7m 0s
44% | Elapsed: 0h 5m 22s | Remaining: 0h 6m 49s
45% | Elapsed: 0h 5m 28s | Remaining: 0h 6m 40s
46% | Elapsed: 0h 5m 31s | Remaining: 0h 6m 28s
47% | Elapsed: 0h 5m 41s | Remaining: 0h 6m 24s
48% | Elapsed: 0h 5m 51s | Remaining: 0h 6m 20s
49% | Elapsed: 0h 5m 54s | Remaining: 0h 6m 8s
50% | Elapsed: 0h 6m 2s | Remaining: 0h 6m 2s
51% | Elapsed: 0h 6m 9s | Remaining: 0h 5m 54s
52% | Elapsed: 0h 6m 13s | Remaining: 0h 5m 44s
53% | Elapsed: 0h 6m 16s | Remaining: 0h 5m 33s
54% | Elapsed: 0h 6m 18s | Remaining: 0h 5m 21s
55% | Elapsed: 0h 6m 27s | Remaining: 0h 5m 16s
56% | Elapsed: 0h 6m 56s | Remaining: 0h 5m 26s
57% | Elapsed: 0h 7m 1s | Remaining: 0h 5m 17s
58% | Elapsed: 0h 7m 6s | Remaining: 0h 5m 8s
59% | Elapsed: 0h 7m 16s | Remaining: 0h 5m 2s
60% | Elapsed: 0h 7m 19s | Remaining: 0h 4m 52s
61% | Elapsed: 0h 7m 22s | Remaining: 0h 4m 42s
62% | Elapsed: 0h 7m 25s | Remaining: 0h 4m 32s
63% | Elapsed: 0h 7m 34s | Remaining: 0h 4m 26s
64% | Elapsed: 0h 7m 40s | Remaining: 0h 4m 18s
65% | Elapsed: 0h 7m 44s | Remaining: 0h 4m 9s
66% | Elapsed: 0h 7m 49s | Remaining: 0h 4m 1s
67% | Elapsed: 0h 8m 2s | Remaining: 0h 3m 57s
68% | Elapsed: 0h 8m 6s | Remaining: 0h 3m 48s
69% | Elapsed: 0h 8m 10s | Remaining: 0h 3m 40s
70% | Elapsed: 0h 8m 13s | Remaining: 0h 3m 31s
71% | Elapsed: 0h 8m 16s | Remaining: 0h 3m 22s
72% | Elapsed: 0h 8m 26s | Remaining: 0h 3m 16s
73% | Elapsed: 0h 8m 30s | Remaining: 0h 3m 8s
74% | Elapsed: 0h 8m 35s | Remaining: 0h 3m 0s
75% | Elapsed: 0h 8m 41s | Remaining: 0h 2m 53s
76% | Elapsed: 0h 8m 49s | Remaining: 0h 2m 47s
77% | Elapsed: 0h 8m 53s | Remaining: 0h 2m 39s
78% | Elapsed: 0h 9m 1s | Remaining: 0h 2m 32s
79% | Elapsed: 0h 9m 6s | Remaining: 0h 2m 25s
80% | Elapsed: 0h 9m 9s | Remaining: 0h 2m 17s
81% | Elapsed: 0h 9m 40s | Remaining: 0h 2m 16s
82% | Elapsed: 0h 9m 57s | Remaining: 0h 2m 11s
83% | Elapsed: 0h 10m 5s | Remaining: 0h 2m 3s
84% | Elapsed: 0h 10m 9s | Remaining: 0h 1m 55s
85% | Elapsed: 0h 10m 13s | Remaining: 0h 1m 48s
86% | Elapsed: 0h 10m 16s | Remaining: 0h 1m 40s
87% | Elapsed: 0h 10m 24s | Remaining: 0h 1m 33s
88% | Elapsed: 0h 10m 27s | Remaining: 0h 1m 25s
89% | Elapsed: 0h 10m 29s | Remaining: 0h 1m 17s
90% | Elapsed: 0h 10m 32s | Remaining: 0h 1m 10s
91% | Elapsed: 0h 10m 42s | Remaining: 0h 1m 3s
92% | Elapsed: 0h 10m 45s | Remaining: 0h 0m 56s
93% | Elapsed: 0h 10m 48s | Remaining: 0h 0m 48s
94% | Elapsed: 0h 10m 51s | Remaining: 0h 0m 41s
95% | Elapsed: 0h 11m 0s | Remaining: 0h 0m 34s
96% | Elapsed: 0h 11m 13s | Remaining: 0h 0m 28s
97% | Elapsed: 0h 11m 18s | Remaining: 0h 0m 20s
98% | Elapsed: 0h 11m 36s | Remaining: 0h 0m 14s
99% | Elapsed: 0h 11m 49s | Remaining: 0h 0m 7s
100% | Elapsed: 0h 11m 57s | Remaining: 0h 0m 0s
Saved part 0 to /eos/user/s/shuangyu/public/Jpsi/AK8/QCD_Bin-PT-600to800_pythia8-RunIIISummer24_Chunk40_Part0.root (valid events: 162, processed events: 1592872, final part)

Processing completed successfully!
Total events processed: 1592872
Total parts created: 1

