Total entries: 79643585 Processing range: 15928720 - 17521592 (1592872 events)
1% | Elapsed: 0h 0m 9s | Remaining: 0h 14m 50s
2% | Elapsed: 0h 0m 12s | Remaining: 0h 9m 47s
3% | Elapsed: 0h 0m 15s | Remaining: 0h 8m 4s
4% | Elapsed: 0h 0m 17s | Remaining: 0h 6m 47s
5% | Elapsed: 0h 0m 23s | Remaining: 0h 7m 16s
6% | Elapsed: 0h 0m 26s | Remaining: 0h 6m 47s
7% | Elapsed: 0h 0m 29s | Remaining: 0h 6m 25s
8% | Elapsed: 0h 0m 32s | Remaining: 0h 6m 7s
9% | Elapsed: 0h 0m 40s | Remaining: 0h 6m 44s
10% | Elapsed: 0h 0m 43s | Remaining: 0h 6m 26s
11% | Elapsed: 0h 0m 46s | Remaining: 0h 6m 12s
12% | Elapsed: 0h 0m 53s | Remaining: 0h 6m 28s
13% | Elapsed: 0h 0m 57s | Remaining: 0h 6m 21s
14% | Elapsed: 0h 0m 59s | Remaining: 0h 6m 2s
15% | Elapsed: 0h 1m 2s | Remaining: 0h 5m 51s
16% | Elapsed: 0h 1m 19s | Remaining: 0h 6m 54s
17% | Elapsed: 0h 1m 22s | Remaining: 0h 6m 40s
18% | Elapsed: 0h 1m 28s | Remaining: 0h 6m 40s
19% | Elapsed: 0h 1m 34s | Remaining: 0h 6m 40s
20% | Elapsed: 0h 2m 28s | Remaining: 0h 9m 51s
21% | Elapsed: 0h 2m 31s | Remaining: 0h 9m 28s
22% | Elapsed: 0h 2m 34s | Remaining: 0h 9m 5s
23% | Elapsed: 0h 2m 37s | Remaining: 0h 8m 45s
24% | Elapsed: 0h 2m 43s | Remaining: 0h 8m 36s
25% | Elapsed: 0h 2m 48s | Remaining: 0h 8m 24s
26% | Elapsed: 0h 2m 51s | Remaining: 0h 8m 6s
27% | Elapsed: 0h 2m 53s | Remaining: 0h 7m 47s
28% | Elapsed: 0h 3m 24s | Remaining: 0h 8m 44s
29% | Elapsed: 0h 3m 28s | Remaining: 0h 8m 29s
30% | Elapsed: 0h 3m 31s | Remaining: 0h 8m 12s
31% | Elapsed: 0h 3m 35s | Remaining: 0h 7m 58s
32% | Elapsed: 0h 3m 50s | Remaining: 0h 8m 8s
33% | Elapsed: 0h 3m 52s | Remaining: 0h 7m 51s
34% | Elapsed: 0h 3m 56s | Remaining: 0h 7m 38s
35% | Elapsed: 0h 3m 59s | Remaining: 0h 7m 23s
36% | Elapsed: 0h 4m 1s | Remaining: 0h 7m 8s
37% | Elapsed: 0h 4m 36s | Remaining: 0h 7m 49s
38% | Elapsed: 0h 4m 41s | Remaining: 0h 7m 38s
39% | Elapsed: 0h 4m 45s | Remaining: 0h 7m 25s
40% | Elapsed: 0h 4m 52s | Remaining: 0h 7m 17s
41% | Elapsed: 0h 4m 55s | Remaining: 0h 7m 4s
42% | Elapsed: 0h 4m 59s | Remaining: 0h 6m 52s
43% | Elapsed: 0h 5m 6s | Remaining: 0h 6m 45s
44% | Elapsed: 0h 5m 9s | Remaining: 0h 6m 33s
45% | Elapsed: 0h 5m 12s | Remaining: 0h 6m 21s
46% | Elapsed: 0h 5m 14s | Remaining: 0h 6m 8s
47% | Elapsed: 0h 5m 21s | Remaining: 0h 6m 1s
48% | Elapsed: 0h 5m 25s | Remaining: 0h 5m 52s
49% | Elapsed: 0h 5m 28s | Remaining: 0h 5m 41s
50% | Elapsed: 0h 5m 34s | Remaining: 0h 5m 34s
51% | Elapsed: 0h 5m 37s | Remaining: 0h 5m 23s
52% | Elapsed: 0h 5m 45s | Remaining: 0h 5m 18s
53% | Elapsed: 0h 5m 48s | Remaining: 0h 5m 8s
54% | Elapsed: 0h 5m 55s | Remaining: 0h 5m 2s
55% | Elapsed: 0h 5m 59s | Remaining: 0h 4m 53s
56% | Elapsed: 0h 6m 3s | Remaining: 0h 4m 45s
57% | Elapsed: 0h 6m 6s | Remaining: 0h 4m 36s
58% | Elapsed: 0h 6m 22s | Remaining: 0h 4m 36s
59% | Elapsed: 0h 6m 38s | Remaining: 0h 4m 36s
60% | Elapsed: 0h 6m 47s | Remaining: 0h 4m 31s
61% | Elapsed: 0h 6m 54s | Remaining: 0h 4m 24s
62% | Elapsed: 0h 6m 57s | Remaining: 0h 4m 15s
63% | Elapsed: 0h 7m 0s | Remaining: 0h 4m 6s
64% | Elapsed: 0h 7m 22s | Remaining: 0h 4m 8s
65% | Elapsed: 0h 7m 26s | Remaining: 0h 4m 0s
66% | Elapsed: 0h 7m 30s | Remaining: 0h 3m 51s
67% | Elapsed: 0h 7m 32s | Remaining: 0h 3m 42s
68% | Elapsed: 0h 7m 40s | Remaining: 0h 3m 36s
69% | Elapsed: 0h 7m 45s | Remaining: 0h 3m 28s
70% | Elapsed: 0h 7m 56s | Remaining: 0h 3m 23s
71% | Elapsed: 0h 8m 0s | Remaining: 0h 3m 16s
72% | Elapsed: 0h 8m 2s | Remaining: 0h 3m 7s
73% | Elapsed: 0h 8m 9s | Remaining: 0h 3m 0s
74% | Elapsed: 0h 8m 14s | Remaining: 0h 2m 53s
75% | Elapsed: 0h 8m 19s | Remaining: 0h 2m 46s
76% | Elapsed: 0h 8m 22s | Remaining: 0h 2m 38s
77% | Elapsed: 0h 8m 25s | Remaining: 0h 2m 30s
78% | Elapsed: 0h 8m 32s | Remaining: 0h 2m 24s
79% | Elapsed: 0h 8m 36s | Remaining: 0h 2m 17s
80% | Elapsed: 0h 9m 0s | Remaining: 0h 2m 14s
81% | Elapsed: 0h 9m 4s | Remaining: 0h 2m 7s
82% | Elapsed: 0h 9m 7s | Remaining: 0h 2m 0s
83% | Elapsed: 0h 9m 16s | Remaining: 0h 1m 53s
84% | Elapsed: 0h 9m 20s | Remaining: 0h 1m 46s
85% | Elapsed: 0h 9m 24s | Remaining: 0h 1m 39s
86% | Elapsed: 0h 9m 32s | Remaining: 0h 1m 33s
87% | Elapsed: 0h 9m 36s | Remaining: 0h 1m 26s
88% | Elapsed: 0h 9m 40s | Remaining: 0h 1m 19s
89% | Elapsed: 0h 9m 52s | Remaining: 0h 1m 13s
90% | Elapsed: 0h 9m 56s | Remaining: 0h 1m 6s
91% | Elapsed: 0h 10m 1s | Remaining: 0h 0m 59s
92% | Elapsed: 0h 10m 3s | Remaining: 0h 0m 52s
93% | Elapsed: 0h 10m 45s | Remaining: 0h 0m 48s
94% | Elapsed: 0h 10m 50s | Remaining: 0h 0m 41s
95% | Elapsed: 0h 10m 52s | Remaining: 0h 0m 34s
96% | Elapsed: 0h 11m 17s | Remaining: 0h 0m 28s
97% | Elapsed: 0h 11m 20s | Remaining: 0h 0m 21s
98% | Elapsed: 0h 11m 23s | Remaining: 0h 0m 13s
99% | Elapsed: 0h 11m 26s | Remaining: 0h 0m 6s
100% | Elapsed: 0h 11m 29s | Remaining: 0h 0m 0s
Saved part 0 to /eos/user/s/shuangyu/public/Jpsi/AK8/QCD_Bin-PT-600to800_pythia8-RunIIISummer24_Chunk10_Part0.root (valid events: 159, processed events: 1592872, final part)

Processing completed successfully!
Total events processed: 1592872
Total parts created: 1

