Total entries: 79643585 Processing range: 6371488 - 7964360 (1592872 events)
1% | Elapsed: 0h 0m 6s | Remaining: 0h 9m 53s
2% | Elapsed: 0h 0m 10s | Remaining: 0h 8m 9s
3% | Elapsed: 0h 0m 14s | Remaining: 0h 7m 32s
4% | Elapsed: 0h 0m 32s | Remaining: 0h 12m 47s
5% | Elapsed: 0h 0m 36s | Remaining: 0h 11m 23s
6% | Elapsed: 0h 0m 39s | Remaining: 0h 10m 10s
7% | Elapsed: 0h 0m 41s | Remaining: 0h 9m 4s
8% | Elapsed: 0h 0m 45s | Remaining: 0h 8m 37s
9% | Elapsed: 0h 0m 51s | Remaining: 0h 8m 35s
10% | Elapsed: 0h 0m 53s | Remaining: 0h 7m 56s
11% | Elapsed: 0h 0m 56s | Remaining: 0h 7m 33s
12% | Elapsed: 0h 1m 4s | Remaining: 0h 7m 49s
13% | Elapsed: 0h 1m 8s | Remaining: 0h 7m 35s
14% | Elapsed: 0h 1m 11s | Remaining: 0h 7m 16s
15% | Elapsed: 0h 1m 15s | Remaining: 0h 7m 4s
16% | Elapsed: 0h 1m 20s | Remaining: 0h 6m 59s
17% | Elapsed: 0h 1m 23s | Remaining: 0h 6m 45s
18% | Elapsed: 0h 1m 26s | Remaining: 0h 6m 31s
19% | Elapsed: 0h 1m 31s | Remaining: 0h 6m 27s
20% | Elapsed: 0h 1m 35s | Remaining: 0h 6m 19s
21% | Elapsed: 0h 1m 38s | Remaining: 0h 6m 8s
22% | Elapsed: 0h 1m 41s | Remaining: 0h 5m 58s
23% | Elapsed: 0h 1m 44s | Remaining: 0h 5m 48s
24% | Elapsed: 0h 1m 58s | Remaining: 0h 6m 13s
25% | Elapsed: 0h 2m 5s | Remaining: 0h 6m 15s
26% | Elapsed: 0h 2m 8s | Remaining: 0h 6m 4s
27% | Elapsed: 0h 2m 11s | Remaining: 0h 5m 54s
28% | Elapsed: 0h 2m 21s | Remaining: 0h 6m 2s
29% | Elapsed: 0h 2m 24s | Remaining: 0h 5m 52s
30% | Elapsed: 0h 2m 28s | Remaining: 0h 5m 45s
31% | Elapsed: 0h 2m 30s | Remaining: 0h 5m 33s
32% | Elapsed: 0h 2m 36s | Remaining: 0h 5m 31s
33% | Elapsed: 0h 2m 41s | Remaining: 0h 5m 26s
34% | Elapsed: 0h 2m 44s | Remaining: 0h 5m 18s
35% | Elapsed: 0h 2m 48s | Remaining: 0h 5m 11s
36% | Elapsed: 0h 2m 58s | Remaining: 0h 5m 16s
37% | Elapsed: 0h 3m 3s | Remaining: 0h 5m 11s
38% | Elapsed: 0h 3m 5s | Remaining: 0h 5m 1s
39% | Elapsed: 0h 3m 10s | Remaining: 0h 4m 57s
40% | Elapsed: 0h 3m 14s | Remaining: 0h 4m 50s
41% | Elapsed: 0h 3m 31s | Remaining: 0h 5m 3s
42% | Elapsed: 0h 3m 35s | Remaining: 0h 4m 56s
43% | Elapsed: 0h 3m 41s | Remaining: 0h 4m 52s
44% | Elapsed: 0h 3m 44s | Remaining: 0h 4m 45s
45% | Elapsed: 0h 3m 48s | Remaining: 0h 4m 38s
46% | Elapsed: 0h 3m 51s | Remaining: 0h 4m 31s
47% | Elapsed: 0h 3m 59s | Remaining: 0h 4m 29s
48% | Elapsed: 0h 4m 2s | Remaining: 0h 4m 22s
49% | Elapsed: 0h 4m 5s | Remaining: 0h 4m 14s
50% | Elapsed: 0h 4m 8s | Remaining: 0h 4m 8s
51% | Elapsed: 0h 4m 16s | Remaining: 0h 4m 5s
52% | Elapsed: 0h 4m 23s | Remaining: 0h 4m 2s
53% | Elapsed: 0h 4m 28s | Remaining: 0h 3m 57s
54% | Elapsed: 0h 4m 42s | Remaining: 0h 4m 0s
55% | Elapsed: 0h 5m 34s | Remaining: 0h 4m 33s
56% | Elapsed: 0h 5m 36s | Remaining: 0h 4m 23s
57% | Elapsed: 0h 5m 39s | Remaining: 0h 4m 15s
58% | Elapsed: 0h 5m 42s | Remaining: 0h 4m 7s
59% | Elapsed: 0h 5m 48s | Remaining: 0h 4m 1s
60% | Elapsed: 0h 5m 51s | Remaining: 0h 3m 53s
61% | Elapsed: 0h 5m 54s | Remaining: 0h 3m 46s
62% | Elapsed: 0h 5m 57s | Remaining: 0h 3m 38s
63% | Elapsed: 0h 6m 7s | Remaining: 0h 3m 35s
64% | Elapsed: 0h 6m 11s | Remaining: 0h 3m 28s
65% | Elapsed: 0h 6m 13s | Remaining: 0h 3m 20s
66% | Elapsed: 0h 6m 23s | Remaining: 0h 3m 17s
67% | Elapsed: 0h 6m 28s | Remaining: 0h 3m 11s
68% | Elapsed: 0h 6m 31s | Remaining: 0h 3m 3s
69% | Elapsed: 0h 6m 34s | Remaining: 0h 2m 57s
70% | Elapsed: 0h 6m 37s | Remaining: 0h 2m 50s
71% | Elapsed: 0h 6m 43s | Remaining: 0h 2m 44s
72% | Elapsed: 0h 6m 48s | Remaining: 0h 2m 38s
73% | Elapsed: 0h 6m 50s | Remaining: 0h 2m 31s
74% | Elapsed: 0h 6m 54s | Remaining: 0h 2m 25s
75% | Elapsed: 0h 7m 9s | Remaining: 0h 2m 23s
76% | Elapsed: 0h 7m 12s | Remaining: 0h 2m 16s
77% | Elapsed: 0h 7m 18s | Remaining: 0h 2m 10s
78% | Elapsed: 0h 7m 21s | Remaining: 0h 2m 4s
79% | Elapsed: 0h 7m 29s | Remaining: 0h 1m 59s
80% | Elapsed: 0h 7m 32s | Remaining: 0h 1m 52s
81% | Elapsed: 0h 7m 35s | Remaining: 0h 1m 46s
82% | Elapsed: 0h 7m 37s | Remaining: 0h 1m 40s
83% | Elapsed: 0h 7m 44s | Remaining: 0h 1m 35s
84% | Elapsed: 0h 7m 49s | Remaining: 0h 1m 29s
85% | Elapsed: 0h 7m 52s | Remaining: 0h 1m 23s
86% | Elapsed: 0h 8m 4s | Remaining: 0h 1m 18s
87% | Elapsed: 0h 8m 10s | Remaining: 0h 1m 13s
88% | Elapsed: 0h 8m 27s | Remaining: 0h 1m 9s
89% | Elapsed: 0h 8m 30s | Remaining: 0h 1m 3s
90% | Elapsed: 0h 8m 42s | Remaining: 0h 0m 57s
91% | Elapsed: 0h 8m 47s | Remaining: 0h 0m 52s
92% | Elapsed: 0h 8m 51s | Remaining: 0h 0m 46s
93% | Elapsed: 0h 8m 53s | Remaining: 0h 0m 40s
94% | Elapsed: 0h 8m 59s | Remaining: 0h 0m 34s
95% | Elapsed: 0h 9m 3s | Remaining: 0h 0m 28s
96% | Elapsed: 0h 9m 6s | Remaining: 0h 0m 22s
97% | Elapsed: 0h 9m 13s | Remaining: 0h 0m 17s
98% | Elapsed: 0h 9m 17s | Remaining: 0h 0m 11s
99% | Elapsed: 0h 9m 19s | Remaining: 0h 0m 5s
100% | Elapsed: 0h 9m 22s | Remaining: 0h 0m 0s
Saved part 0 to /eos/user/s/shuangyu/public/Jpsi/AK8/QCD_Bin-PT-600to800_pythia8-RunIIISummer24_Chunk4_Part0.root (valid events: 172, processed events: 1592872, final part)

Processing completed successfully!
Total events processed: 1592872
Total parts created: 1

