Total entries: 79643585 Processing range: 50971904 - 52564776 (1592872 events)
1% | Elapsed: 0h 0m 6s | Remaining: 0h 9m 53s
2% | Elapsed: 0h 0m 8s | Remaining: 0h 6m 31s
3% | Elapsed: 0h 0m 21s | Remaining: 0h 11m 18s
4% | Elapsed: 0h 0m 28s | Remaining: 0h 11m 11s
5% | Elapsed: 0h 0m 34s | Remaining: 0h 10m 45s
6% | Elapsed: 0h 0m 39s | Remaining: 0h 10m 10s
7% | Elapsed: 0h 0m 46s | Remaining: 0h 10m 11s
8% | Elapsed: 0h 0m 52s | Remaining: 0h 9m 57s
9% | Elapsed: 0h 0m 55s | Remaining: 0h 9m 16s
10% | Elapsed: 0h 0m 58s | Remaining: 0h 8m 41s
11% | Elapsed: 0h 1m 0s | Remaining: 0h 8m 5s
12% | Elapsed: 0h 1m 8s | Remaining: 0h 8m 18s
13% | Elapsed: 0h 1m 11s | Remaining: 0h 7m 55s
14% | Elapsed: 0h 1m 16s | Remaining: 0h 7m 46s
15% | Elapsed: 0h 1m 21s | Remaining: 0h 7m 38s
16% | Elapsed: 0h 1m 24s | Remaining: 0h 7m 20s
17% | Elapsed: 0h 1m 27s | Remaining: 0h 7m 4s
18% | Elapsed: 0h 1m 30s | Remaining: 0h 6m 49s
19% | Elapsed: 0h 1m 37s | Remaining: 0h 6m 53s
20% | Elapsed: 0h 1m 41s | Remaining: 0h 6m 43s
21% | Elapsed: 0h 1m 47s | Remaining: 0h 6m 42s
22% | Elapsed: 0h 1m 56s | Remaining: 0h 6m 51s
23% | Elapsed: 0h 2m 21s | Remaining: 0h 7m 52s
24% | Elapsed: 0h 2m 28s | Remaining: 0h 7m 48s
25% | Elapsed: 0h 2m 42s | Remaining: 0h 8m 6s
26% | Elapsed: 0h 2m 46s | Remaining: 0h 7m 52s
27% | Elapsed: 0h 2m 58s | Remaining: 0h 8m 1s
28% | Elapsed: 0h 3m 9s | Remaining: 0h 8m 5s
29% | Elapsed: 0h 3m 46s | Remaining: 0h 9m 13s
30% | Elapsed: 0h 3m 52s | Remaining: 0h 9m 1s
31% | Elapsed: 0h 3m 54s | Remaining: 0h 8m 40s
32% | Elapsed: 0h 3m 58s | Remaining: 0h 8m 25s
33% | Elapsed: 0h 4m 1s | Remaining: 0h 8m 9s
34% | Elapsed: 0h 4m 10s | Remaining: 0h 8m 5s
35% | Elapsed: 0h 4m 15s | Remaining: 0h 7m 53s
36% | Elapsed: 0h 4m 19s | Remaining: 0h 7m 40s
37% | Elapsed: 0h 4m 24s | Remaining: 0h 7m 29s
38% | Elapsed: 0h 4m 41s | Remaining: 0h 7m 38s
39% | Elapsed: 0h 4m 49s | Remaining: 0h 7m 32s
40% | Elapsed: 0h 4m 51s | Remaining: 0h 7m 16s
41% | Elapsed: 0h 4m 55s | Remaining: 0h 7m 4s
42% | Elapsed: 0h 5m 7s | Remaining: 0h 7m 3s
43% | Elapsed: 0h 5m 11s | Remaining: 0h 6m 52s
44% | Elapsed: 0h 5m 14s | Remaining: 0h 6m 39s
45% | Elapsed: 0h 5m 17s | Remaining: 0h 6m 27s
46% | Elapsed: 0h 5m 20s | Remaining: 0h 6m 15s
47% | Elapsed: 0h 5m 25s | Remaining: 0h 6m 6s
48% | Elapsed: 0h 5m 28s | Remaining: 0h 5m 55s
49% | Elapsed: 0h 5m 31s | Remaining: 0h 5m 44s
50% | Elapsed: 0h 5m 39s | Remaining: 0h 5m 39s
51% | Elapsed: 0h 5m 42s | Remaining: 0h 5m 28s
52% | Elapsed: 0h 5m 44s | Remaining: 0h 5m 17s
53% | Elapsed: 0h 5m 51s | Remaining: 0h 5m 11s
54% | Elapsed: 0h 5m 56s | Remaining: 0h 5m 3s
55% | Elapsed: 0h 6m 0s | Remaining: 0h 4m 54s
56% | Elapsed: 0h 6m 3s | Remaining: 0h 4m 45s
57% | Elapsed: 0h 7m 22s | Remaining: 0h 5m 33s
58% | Elapsed: 0h 7m 26s | Remaining: 0h 5m 22s
59% | Elapsed: 0h 7m 30s | Remaining: 0h 5m 12s
60% | Elapsed: 0h 7m 38s | Remaining: 0h 5m 5s
61% | Elapsed: 0h 7m 41s | Remaining: 0h 4m 54s
62% | Elapsed: 0h 7m 44s | Remaining: 0h 4m 44s
63% | Elapsed: 0h 7m 58s | Remaining: 0h 4m 40s
64% | Elapsed: 0h 8m 1s | Remaining: 0h 4m 30s
65% | Elapsed: 0h 8m 6s | Remaining: 0h 4m 21s
66% | Elapsed: 0h 8m 11s | Remaining: 0h 4m 12s
67% | Elapsed: 0h 8m 14s | Remaining: 0h 4m 3s
68% | Elapsed: 0h 8m 16s | Remaining: 0h 3m 53s
69% | Elapsed: 0h 8m 19s | Remaining: 0h 3m 44s
70% | Elapsed: 0h 8m 26s | Remaining: 0h 3m 36s
71% | Elapsed: 0h 8m 29s | Remaining: 0h 3m 27s
72% | Elapsed: 0h 8m 33s | Remaining: 0h 3m 19s
73% | Elapsed: 0h 8m 46s | Remaining: 0h 3m 14s
74% | Elapsed: 0h 9m 9s | Remaining: 0h 3m 12s
75% | Elapsed: 0h 9m 16s | Remaining: 0h 3m 5s
76% | Elapsed: 0h 9m 22s | Remaining: 0h 2m 57s
77% | Elapsed: 0h 9m 31s | Remaining: 0h 2m 50s
78% | Elapsed: 0h 9m 37s | Remaining: 0h 2m 42s
79% | Elapsed: 0h 9m 40s | Remaining: 0h 2m 34s
80% | Elapsed: 0h 9m 44s | Remaining: 0h 2m 25s
81% | Elapsed: 0h 9m 47s | Remaining: 0h 2m 17s
82% | Elapsed: 0h 9m 59s | Remaining: 0h 2m 11s
83% | Elapsed: 0h 10m 2s | Remaining: 0h 2m 3s
84% | Elapsed: 0h 10m 6s | Remaining: 0h 1m 55s
85% | Elapsed: 0h 10m 21s | Remaining: 0h 1m 49s
86% | Elapsed: 0h 10m 25s | Remaining: 0h 1m 41s
87% | Elapsed: 0h 10m 29s | Remaining: 0h 1m 33s
88% | Elapsed: 0h 10m 31s | Remaining: 0h 1m 26s
89% | Elapsed: 0h 10m 34s | Remaining: 0h 1m 18s
90% | Elapsed: 0h 10m 42s | Remaining: 0h 1m 11s
91% | Elapsed: 0h 10m 46s | Remaining: 0h 1m 3s
92% | Elapsed: 0h 10m 49s | Remaining: 0h 0m 56s
93% | Elapsed: 0h 10m 53s | Remaining: 0h 0m 49s
94% | Elapsed: 0h 11m 1s | Remaining: 0h 0m 42s
95% | Elapsed: 0h 11m 12s | Remaining: 0h 0m 35s
96% | Elapsed: 0h 11m 16s | Remaining: 0h 0m 28s
97% | Elapsed: 0h 11m 19s | Remaining: 0h 0m 20s
98% | Elapsed: 0h 11m 41s | Remaining: 0h 0m 14s
99% | Elapsed: 0h 11m 44s | Remaining: 0h 0m 7s
100% | Elapsed: 0h 11m 47s | Remaining: 0h 0m 0s
Saved part 0 to /eos/user/s/shuangyu/public/Jpsi/AK8/QCD_Bin-PT-600to800_pythia8-RunIIISummer24_Chunk32_Part0.root (valid events: 165, processed events: 1592872, final part)

Processing completed successfully!
Total events processed: 1592872
Total parts created: 1

