Total entries: 79643585 Processing range: 65307752 - 66900624 (1592872 events)
1% | Elapsed: 0h 0m 7s | Remaining: 0h 11m 32s
2% | Elapsed: 0h 0m 13s | Remaining: 0h 10m 36s
3% | Elapsed: 0h 0m 16s | Remaining: 0h 8m 37s
4% | Elapsed: 0h 0m 32s | Remaining: 0h 12m 47s
5% | Elapsed: 0h 0m 48s | Remaining: 0h 15m 11s
6% | Elapsed: 0h 0m 57s | Remaining: 0h 14m 52s
7% | Elapsed: 0h 0m 59s | Remaining: 0h 13m 3s
8% | Elapsed: 0h 1m 12s | Remaining: 0h 13m 47s
9% | Elapsed: 0h 1m 17s | Remaining: 0h 12m 58s
10% | Elapsed: 0h 1m 20s | Remaining: 0h 11m 59s
11% | Elapsed: 0h 2m 12s | Remaining: 0h 17m 47s
12% | Elapsed: 0h 2m 15s | Remaining: 0h 16m 29s
13% | Elapsed: 0h 2m 18s | Remaining: 0h 15m 23s
14% | Elapsed: 0h 2m 21s | Remaining: 0h 14m 26s
15% | Elapsed: 0h 2m 28s | Remaining: 0h 13m 58s
16% | Elapsed: 0h 2m 31s | Remaining: 0h 13m 12s
17% | Elapsed: 0h 2m 37s | Remaining: 0h 12m 46s
18% | Elapsed: 0h 2m 40s | Remaining: 0h 12m 8s
19% | Elapsed: 0h 2m 42s | Remaining: 0h 11m 30s
20% | Elapsed: 0h 2m 45s | Remaining: 0h 10m 59s
21% | Elapsed: 0h 3m 5s | Remaining: 0h 11m 35s
22% | Elapsed: 0h 3m 8s | Remaining: 0h 11m 6s
23% | Elapsed: 0h 3m 13s | Remaining: 0h 10m 46s
24% | Elapsed: 0h 3m 16s | Remaining: 0h 10m 20s
25% | Elapsed: 0h 3m 19s | Remaining: 0h 9m 57s
26% | Elapsed: 0h 3m 37s | Remaining: 0h 10m 17s
27% | Elapsed: 0h 3m 41s | Remaining: 0h 9m 57s
28% | Elapsed: 0h 3m 44s | Remaining: 0h 9m 35s
29% | Elapsed: 0h 3m 49s | Remaining: 0h 9m 20s
30% | Elapsed: 0h 3m 56s | Remaining: 0h 9m 10s
31% | Elapsed: 0h 3m 59s | Remaining: 0h 8m 51s
32% | Elapsed: 0h 4m 2s | Remaining: 0h 8m 34s
33% | Elapsed: 0h 4m 4s | Remaining: 0h 8m 15s
34% | Elapsed: 0h 4m 13s | Remaining: 0h 8m 11s
35% | Elapsed: 0h 4m 18s | Remaining: 0h 7m 59s
36% | Elapsed: 0h 4m 21s | Remaining: 0h 7m 43s
37% | Elapsed: 0h 4m 24s | Remaining: 0h 7m 29s
38% | Elapsed: 0h 4m 31s | Remaining: 0h 7m 22s
39% | Elapsed: 0h 4m 34s | Remaining: 0h 7m 8s
40% | Elapsed: 0h 4m 37s | Remaining: 0h 6m 55s
41% | Elapsed: 0h 4m 40s | Remaining: 0h 6m 42s
42% | Elapsed: 0h 4m 45s | Remaining: 0h 6m 33s
43% | Elapsed: 0h 4m 49s | Remaining: 0h 6m 23s
44% | Elapsed: 0h 4m 52s | Remaining: 0h 6m 11s
45% | Elapsed: 0h 4m 55s | Remaining: 0h 6m 0s
46% | Elapsed: 0h 5m 3s | Remaining: 0h 5m 55s
47% | Elapsed: 0h 5m 7s | Remaining: 0h 5m 46s
48% | Elapsed: 0h 5m 12s | Remaining: 0h 5m 37s
49% | Elapsed: 0h 5m 17s | Remaining: 0h 5m 29s
50% | Elapsed: 0h 5m 20s | Remaining: 0h 5m 20s
51% | Elapsed: 0h 5m 22s | Remaining: 0h 5m 9s
52% | Elapsed: 0h 5m 24s | Remaining: 0h 4m 59s
53% | Elapsed: 0h 5m 37s | Remaining: 0h 4m 58s
54% | Elapsed: 0h 5m 39s | Remaining: 0h 4m 48s
55% | Elapsed: 0h 5m 47s | Remaining: 0h 4m 43s
56% | Elapsed: 0h 5m 52s | Remaining: 0h 4m 36s
57% | Elapsed: 0h 5m 59s | Remaining: 0h 4m 30s
58% | Elapsed: 0h 6m 3s | Remaining: 0h 4m 22s
59% | Elapsed: 0h 6m 5s | Remaining: 0h 4m 13s
60% | Elapsed: 0h 6m 16s | Remaining: 0h 4m 10s
61% | Elapsed: 0h 6m 23s | Remaining: 0h 4m 4s
62% | Elapsed: 0h 6m 26s | Remaining: 0h 3m 56s
63% | Elapsed: 0h 6m 33s | Remaining: 0h 3m 50s
64% | Elapsed: 0h 6m 36s | Remaining: 0h 3m 42s
65% | Elapsed: 0h 6m 40s | Remaining: 0h 3m 35s
66% | Elapsed: 0h 6m 43s | Remaining: 0h 3m 27s
67% | Elapsed: 0h 6m 48s | Remaining: 0h 3m 20s
68% | Elapsed: 0h 6m 50s | Remaining: 0h 3m 12s
69% | Elapsed: 0h 7m 0s | Remaining: 0h 3m 8s
70% | Elapsed: 0h 7m 5s | Remaining: 0h 3m 2s
71% | Elapsed: 0h 7m 8s | Remaining: 0h 2m 54s
72% | Elapsed: 0h 7m 18s | Remaining: 0h 2m 50s
73% | Elapsed: 0h 7m 23s | Remaining: 0h 2m 43s
74% | Elapsed: 0h 7m 27s | Remaining: 0h 2m 37s
75% | Elapsed: 0h 7m 30s | Remaining: 0h 2m 30s
76% | Elapsed: 0h 7m 35s | Remaining: 0h 2m 23s
77% | Elapsed: 0h 7m 58s | Remaining: 0h 2m 22s
78% | Elapsed: 0h 8m 3s | Remaining: 0h 2m 16s
79% | Elapsed: 0h 8m 8s | Remaining: 0h 2m 9s
80% | Elapsed: 0h 8m 10s | Remaining: 0h 2m 2s
81% | Elapsed: 0h 8m 18s | Remaining: 0h 1m 56s
82% | Elapsed: 0h 8m 21s | Remaining: 0h 1m 49s
83% | Elapsed: 0h 8m 24s | Remaining: 0h 1m 43s
84% | Elapsed: 0h 8m 29s | Remaining: 0h 1m 36s
85% | Elapsed: 0h 8m 37s | Remaining: 0h 1m 31s
86% | Elapsed: 0h 8m 40s | Remaining: 0h 1m 24s
87% | Elapsed: 0h 8m 43s | Remaining: 0h 1m 18s
88% | Elapsed: 0h 8m 47s | Remaining: 0h 1m 11s
89% | Elapsed: 0h 8m 59s | Remaining: 0h 1m 6s
90% | Elapsed: 0h 9m 2s | Remaining: 0h 1m 0s
91% | Elapsed: 0h 9m 5s | Remaining: 0h 0m 53s
92% | Elapsed: 0h 9m 9s | Remaining: 0h 0m 47s
93% | Elapsed: 0h 9m 17s | Remaining: 0h 0m 41s
94% | Elapsed: 0h 9m 21s | Remaining: 0h 0m 35s
95% | Elapsed: 0h 9m 24s | Remaining: 0h 0m 29s
96% | Elapsed: 0h 9m 30s | Remaining: 0h 0m 23s
97% | Elapsed: 0h 9m 33s | Remaining: 0h 0m 17s
98% | Elapsed: 0h 9m 36s | Remaining: 0h 0m 11s
99% | Elapsed: 0h 9m 38s | Remaining: 0h 0m 5s
100% | Elapsed: 0h 9m 47s | Remaining: 0h 0m 0s
Saved part 0 to /eos/user/s/shuangyu/public/Jpsi/AK8/QCD_Bin-PT-600to800_pythia8-RunIIISummer24_Chunk41_Part0.root (valid events: 184, processed events: 1592872, final part)

Processing completed successfully!
Total events processed: 1592872
Total parts created: 1

