Total entries: 79643585 Processing range: 54157648 - 55750520 (1592872 events)
1% | Elapsed: 0h 0m 5s | Remaining: 0h 8m 14s
2% | Elapsed: 0h 0m 14s | Remaining: 0h 11m 25s
3% | Elapsed: 0h 0m 18s | Remaining: 0h 9m 41s
4% | Elapsed: 0h 0m 21s | Remaining: 0h 8m 23s
5% | Elapsed: 0h 0m 29s | Remaining: 0h 9m 10s
6% | Elapsed: 0h 0m 36s | Remaining: 0h 9m 23s
7% | Elapsed: 0h 0m 39s | Remaining: 0h 8m 38s
8% | Elapsed: 0h 0m 42s | Remaining: 0h 8m 2s
9% | Elapsed: 0h 0m 50s | Remaining: 0h 8m 25s
10% | Elapsed: 0h 0m 55s | Remaining: 0h 8m 14s
11% | Elapsed: 0h 0m 59s | Remaining: 0h 7m 57s
12% | Elapsed: 0h 1m 3s | Remaining: 0h 7m 41s
13% | Elapsed: 0h 1m 11s | Remaining: 0h 7m 55s
14% | Elapsed: 0h 1m 18s | Remaining: 0h 7m 59s
15% | Elapsed: 0h 1m 40s | Remaining: 0h 9m 26s
16% | Elapsed: 0h 1m 48s | Remaining: 0h 9m 26s
17% | Elapsed: 0h 1m 54s | Remaining: 0h 9m 16s
18% | Elapsed: 0h 1m 59s | Remaining: 0h 9m 2s
19% | Elapsed: 0h 2m 2s | Remaining: 0h 8m 40s
20% | Elapsed: 0h 2m 28s | Remaining: 0h 9m 51s
21% | Elapsed: 0h 2m 32s | Remaining: 0h 9m 31s
22% | Elapsed: 0h 2m 35s | Remaining: 0h 9m 9s
23% | Elapsed: 0h 2m 42s | Remaining: 0h 9m 2s
24% | Elapsed: 0h 2m 53s | Remaining: 0h 9m 7s
25% | Elapsed: 0h 2m 58s | Remaining: 0h 8m 54s
26% | Elapsed: 0h 3m 1s | Remaining: 0h 8m 35s
27% | Elapsed: 0h 3m 11s | Remaining: 0h 8m 36s
28% | Elapsed: 0h 3m 14s | Remaining: 0h 8m 18s
29% | Elapsed: 0h 3m 16s | Remaining: 0h 7m 59s
30% | Elapsed: 0h 3m 24s | Remaining: 0h 7m 55s
31% | Elapsed: 0h 3m 27s | Remaining: 0h 7m 40s
32% | Elapsed: 0h 3m 30s | Remaining: 0h 7m 26s
33% | Elapsed: 0h 3m 33s | Remaining: 0h 7m 12s
34% | Elapsed: 0h 3m 46s | Remaining: 0h 7m 18s
35% | Elapsed: 0h 3m 50s | Remaining: 0h 7m 7s
36% | Elapsed: 0h 3m 54s | Remaining: 0h 6m 55s
37% | Elapsed: 0h 3m 57s | Remaining: 0h 6m 43s
38% | Elapsed: 0h 4m 3s | Remaining: 0h 6m 36s
39% | Elapsed: 0h 4m 8s | Remaining: 0h 6m 27s
40% | Elapsed: 0h 4m 10s | Remaining: 0h 6m 14s
41% | Elapsed: 0h 4m 14s | Remaining: 0h 6m 5s
42% | Elapsed: 0h 4m 27s | Remaining: 0h 6m 8s
43% | Elapsed: 0h 4m 30s | Remaining: 0h 5m 57s
44% | Elapsed: 0h 4m 38s | Remaining: 0h 5m 53s
45% | Elapsed: 0h 4m 41s | Remaining: 0h 5m 43s
46% | Elapsed: 0h 4m 52s | Remaining: 0h 5m 42s
47% | Elapsed: 0h 4m 55s | Remaining: 0h 5m 32s
48% | Elapsed: 0h 4m 58s | Remaining: 0h 5m 22s
49% | Elapsed: 0h 5m 5s | Remaining: 0h 5m 17s
50% | Elapsed: 0h 5m 8s | Remaining: 0h 5m 8s
51% | Elapsed: 0h 5m 10s | Remaining: 0h 4m 57s
52% | Elapsed: 0h 5m 16s | Remaining: 0h 4m 51s
53% | Elapsed: 0h 5m 20s | Remaining: 0h 4m 43s
54% | Elapsed: 0h 5m 23s | Remaining: 0h 4m 35s
55% | Elapsed: 0h 5m 29s | Remaining: 0h 4m 29s
56% | Elapsed: 0h 5m 38s | Remaining: 0h 4m 25s
57% | Elapsed: 0h 5m 43s | Remaining: 0h 4m 18s
58% | Elapsed: 0h 5m 49s | Remaining: 0h 4m 12s
59% | Elapsed: 0h 5m 54s | Remaining: 0h 4m 5s
60% | Elapsed: 0h 6m 7s | Remaining: 0h 4m 4s
61% | Elapsed: 0h 6m 11s | Remaining: 0h 3m 57s
62% | Elapsed: 0h 6m 14s | Remaining: 0h 3m 49s
63% | Elapsed: 0h 6m 17s | Remaining: 0h 3m 41s
64% | Elapsed: 0h 6m 31s | Remaining: 0h 3m 39s
65% | Elapsed: 0h 6m 40s | Remaining: 0h 3m 35s
66% | Elapsed: 0h 6m 48s | Remaining: 0h 3m 30s
67% | Elapsed: 0h 6m 53s | Remaining: 0h 3m 23s
68% | Elapsed: 0h 6m 56s | Remaining: 0h 3m 15s
69% | Elapsed: 0h 6m 58s | Remaining: 0h 3m 7s
70% | Elapsed: 0h 7m 2s | Remaining: 0h 3m 0s
71% | Elapsed: 0h 7m 10s | Remaining: 0h 2m 55s
72% | Elapsed: 0h 7m 15s | Remaining: 0h 2m 49s
73% | Elapsed: 0h 7m 19s | Remaining: 0h 2m 42s
74% | Elapsed: 0h 7m 22s | Remaining: 0h 2m 35s
75% | Elapsed: 0h 7m 30s | Remaining: 0h 2m 30s
76% | Elapsed: 0h 7m 33s | Remaining: 0h 2m 23s
77% | Elapsed: 0h 7m 36s | Remaining: 0h 2m 16s
78% | Elapsed: 0h 7m 39s | Remaining: 0h 2m 9s
79% | Elapsed: 0h 7m 45s | Remaining: 0h 2m 3s
80% | Elapsed: 0h 7m 49s | Remaining: 0h 1m 57s
81% | Elapsed: 0h 7m 52s | Remaining: 0h 1m 50s
82% | Elapsed: 0h 7m 55s | Remaining: 0h 1m 44s
83% | Elapsed: 0h 8m 2s | Remaining: 0h 1m 38s
84% | Elapsed: 0h 8m 5s | Remaining: 0h 1m 32s
85% | Elapsed: 0h 8m 9s | Remaining: 0h 1m 26s
86% | Elapsed: 0h 8m 12s | Remaining: 0h 1m 20s
87% | Elapsed: 0h 8m 17s | Remaining: 0h 1m 14s
88% | Elapsed: 0h 8m 20s | Remaining: 0h 1m 8s
89% | Elapsed: 0h 8m 23s | Remaining: 0h 1m 2s
90% | Elapsed: 0h 8m 29s | Remaining: 0h 0m 56s
91% | Elapsed: 0h 8m 36s | Remaining: 0h 0m 51s
92% | Elapsed: 0h 8m 40s | Remaining: 0h 0m 45s
93% | Elapsed: 0h 8m 43s | Remaining: 0h 0m 39s
94% | Elapsed: 0h 8m 46s | Remaining: 0h 0m 33s
95% | Elapsed: 0h 8m 59s | Remaining: 0h 0m 28s
96% | Elapsed: 0h 9m 5s | Remaining: 0h 0m 22s
97% | Elapsed: 0h 9m 10s | Remaining: 0h 0m 17s
98% | Elapsed: 0h 9m 13s | Remaining: 0h 0m 11s
99% | Elapsed: 0h 9m 23s | Remaining: 0h 0m 5s
100% | Elapsed: 0h 9m 27s | Remaining: 0h 0m 0s
Saved part 0 to /eos/user/s/shuangyu/public/Jpsi/AK8/QCD_Bin-PT-600to800_pythia8-RunIIISummer24_Chunk34_Part0.root (valid events: 166, processed events: 1592872, final part)

Processing completed successfully!
Total events processed: 1592872
Total parts created: 1

