Total entries: 79643585 Processing range: 23893080 - 25485952 (1592872 events)
1% | Elapsed: 0h 0m 12s | Remaining: 0h 19m 47s
2% | Elapsed: 0h 0m 24s | Remaining: 0h 19m 35s
3% | Elapsed: 0h 0m 27s | Remaining: 0h 14m 32s
4% | Elapsed: 0h 0m 31s | Remaining: 0h 12m 23s
5% | Elapsed: 0h 0m 33s | Remaining: 0h 10m 26s
6% | Elapsed: 0h 0m 45s | Remaining: 0h 11m 44s
7% | Elapsed: 0h 0m 48s | Remaining: 0h 10m 37s
8% | Elapsed: 0h 0m 52s | Remaining: 0h 9m 57s
9% | Elapsed: 0h 0m 55s | Remaining: 0h 9m 16s
10% | Elapsed: 0h 1m 3s | Remaining: 0h 9m 26s
11% | Elapsed: 0h 1m 7s | Remaining: 0h 9m 2s
12% | Elapsed: 0h 1m 12s | Remaining: 0h 8m 47s
13% | Elapsed: 0h 1m 16s | Remaining: 0h 8m 28s
14% | Elapsed: 0h 1m 19s | Remaining: 0h 8m 5s
15% | Elapsed: 0h 1m 32s | Remaining: 0h 8m 41s
16% | Elapsed: 0h 1m 38s | Remaining: 0h 8m 34s
17% | Elapsed: 0h 1m 44s | Remaining: 0h 8m 27s
18% | Elapsed: 0h 1m 49s | Remaining: 0h 8m 16s
19% | Elapsed: 0h 1m 52s | Remaining: 0h 7m 57s
20% | Elapsed: 0h 1m 58s | Remaining: 0h 7m 51s
21% | Elapsed: 0h 2m 2s | Remaining: 0h 7m 38s
22% | Elapsed: 0h 2m 6s | Remaining: 0h 7m 26s
23% | Elapsed: 0h 2m 15s | Remaining: 0h 7m 31s
24% | Elapsed: 0h 2m 19s | Remaining: 0h 7m 20s
25% | Elapsed: 0h 2m 22s | Remaining: 0h 7m 6s
26% | Elapsed: 0h 2m 25s | Remaining: 0h 6m 52s
27% | Elapsed: 0h 2m 28s | Remaining: 0h 6m 40s
28% | Elapsed: 0h 2m 35s | Remaining: 0h 6m 38s
29% | Elapsed: 0h 2m 41s | Remaining: 0h 6m 34s
30% | Elapsed: 0h 2m 45s | Remaining: 0h 6m 24s
31% | Elapsed: 0h 2m 48s | Remaining: 0h 6m 13s
32% | Elapsed: 0h 2m 58s | Remaining: 0h 6m 18s
33% | Elapsed: 0h 3m 2s | Remaining: 0h 6m 9s
34% | Elapsed: 0h 3m 10s | Remaining: 0h 6m 8s
35% | Elapsed: 0h 3m 13s | Remaining: 0h 5m 58s
36% | Elapsed: 0h 3m 17s | Remaining: 0h 5m 50s
37% | Elapsed: 0h 3m 32s | Remaining: 0h 6m 0s
38% | Elapsed: 0h 4m 18s | Remaining: 0h 7m 0s
39% | Elapsed: 0h 4m 39s | Remaining: 0h 7m 16s
40% | Elapsed: 0h 4m 46s | Remaining: 0h 7m 8s
41% | Elapsed: 0h 4m 53s | Remaining: 0h 7m 1s
42% | Elapsed: 0h 4m 57s | Remaining: 0h 6m 50s
43% | Elapsed: 0h 5m 3s | Remaining: 0h 6m 41s
44% | Elapsed: 0h 5m 7s | Remaining: 0h 6m 30s
45% | Elapsed: 0h 5m 10s | Remaining: 0h 6m 18s
46% | Elapsed: 0h 5m 12s | Remaining: 0h 6m 6s
47% | Elapsed: 0h 5m 26s | Remaining: 0h 6m 7s
48% | Elapsed: 0h 5m 32s | Remaining: 0h 5m 59s
49% | Elapsed: 0h 5m 39s | Remaining: 0h 5m 52s
50% | Elapsed: 0h 5m 42s | Remaining: 0h 5m 42s
51% | Elapsed: 0h 5m 45s | Remaining: 0h 5m 31s
52% | Elapsed: 0h 6m 59s | Remaining: 0h 6m 26s
53% | Elapsed: 0h 7m 1s | Remaining: 0h 6m 13s
54% | Elapsed: 0h 7m 7s | Remaining: 0h 6m 3s
55% | Elapsed: 0h 7m 11s | Remaining: 0h 5m 52s
56% | Elapsed: 0h 7m 27s | Remaining: 0h 5m 51s
57% | Elapsed: 0h 7m 32s | Remaining: 0h 5m 40s
58% | Elapsed: 0h 7m 35s | Remaining: 0h 5m 29s
59% | Elapsed: 0h 7m 42s | Remaining: 0h 5m 21s
60% | Elapsed: 0h 7m 45s | Remaining: 0h 5m 9s
61% | Elapsed: 0h 7m 55s | Remaining: 0h 5m 3s
62% | Elapsed: 0h 8m 2s | Remaining: 0h 4m 55s
63% | Elapsed: 0h 8m 6s | Remaining: 0h 4m 45s
64% | Elapsed: 0h 8m 14s | Remaining: 0h 4m 37s
65% | Elapsed: 0h 8m 23s | Remaining: 0h 4m 30s
66% | Elapsed: 0h 8m 26s | Remaining: 0h 4m 20s
67% | Elapsed: 0h 8m 31s | Remaining: 0h 4m 11s
68% | Elapsed: 0h 8m 52s | Remaining: 0h 4m 10s
69% | Elapsed: 0h 8m 55s | Remaining: 0h 4m 0s
70% | Elapsed: 0h 9m 0s | Remaining: 0h 3m 51s
71% | Elapsed: 0h 9m 3s | Remaining: 0h 3m 41s
72% | Elapsed: 0h 9m 18s | Remaining: 0h 3m 36s
73% | Elapsed: 0h 9m 21s | Remaining: 0h 3m 27s
74% | Elapsed: 0h 9m 28s | Remaining: 0h 3m 19s
75% | Elapsed: 0h 9m 41s | Remaining: 0h 3m 13s
76% | Elapsed: 0h 9m 45s | Remaining: 0h 3m 4s
77% | Elapsed: 0h 9m 50s | Remaining: 0h 2m 56s
78% | Elapsed: 0h 10m 14s | Remaining: 0h 2m 53s
79% | Elapsed: 0h 10m 20s | Remaining: 0h 2m 44s
80% | Elapsed: 0h 10m 27s | Remaining: 0h 2m 36s
81% | Elapsed: 0h 10m 31s | Remaining: 0h 2m 28s
82% | Elapsed: 0h 10m 33s | Remaining: 0h 2m 18s
83% | Elapsed: 0h 10m 41s | Remaining: 0h 2m 11s
84% | Elapsed: 0h 10m 44s | Remaining: 0h 2m 2s
85% | Elapsed: 0h 10m 47s | Remaining: 0h 1m 54s
86% | Elapsed: 0h 10m 56s | Remaining: 0h 1m 46s
87% | Elapsed: 0h 11m 4s | Remaining: 0h 1m 39s
88% | Elapsed: 0h 11m 7s | Remaining: 0h 1m 30s
89% | Elapsed: 0h 11m 17s | Remaining: 0h 1m 23s
90% | Elapsed: 0h 11m 22s | Remaining: 0h 1m 15s
91% | Elapsed: 0h 11m 29s | Remaining: 0h 1m 8s
92% | Elapsed: 0h 11m 35s | Remaining: 0h 1m 0s
93% | Elapsed: 0h 11m 38s | Remaining: 0h 0m 52s
94% | Elapsed: 0h 11m 46s | Remaining: 0h 0m 45s
95% | Elapsed: 0h 11m 55s | Remaining: 0h 0m 37s
96% | Elapsed: 0h 12m 4s | Remaining: 0h 0m 30s
97% | Elapsed: 0h 12m 8s | Remaining: 0h 0m 22s
98% | Elapsed: 0h 12m 30s | Remaining: 0h 0m 15s
99% | Elapsed: 0h 12m 41s | Remaining: 0h 0m 7s
100% | Elapsed: 0h 12m 54s | Remaining: 0h 0m 0s
Saved part 0 to /eos/user/s/shuangyu/public/Jpsi/AK8/QCD_Bin-PT-600to800_pythia8-RunIIISummer24_Chunk15_Part0.root (valid events: 131, processed events: 1592872, final part)

Processing completed successfully!
Total events processed: 1592872
Total parts created: 1

