Total entries: 79643585 Processing range: 9557232 - 11150104 (1592872 events)
1% | Elapsed: 0h 0m 8s | Remaining: 0h 13m 11s
2% | Elapsed: 0h 0m 10s | Remaining: 0h 8m 9s
3% | Elapsed: 0h 0m 14s | Remaining: 0h 7m 32s
4% | Elapsed: 0h 0m 21s | Remaining: 0h 8m 23s
5% | Elapsed: 0h 0m 25s | Remaining: 0h 7m 54s
6% | Elapsed: 0h 0m 28s | Remaining: 0h 7m 18s
7% | Elapsed: 0h 0m 33s | Remaining: 0h 7m 18s
8% | Elapsed: 0h 1m 23s | Remaining: 0h 15m 54s
9% | Elapsed: 0h 1m 26s | Remaining: 0h 14m 29s
10% | Elapsed: 0h 1m 31s | Remaining: 0h 13m 38s
11% | Elapsed: 0h 1m 34s | Remaining: 0h 12m 40s
12% | Elapsed: 0h 1m 48s | Remaining: 0h 13m 11s
13% | Elapsed: 0h 1m 52s | Remaining: 0h 12m 29s
14% | Elapsed: 0h 1m 55s | Remaining: 0h 11m 46s
15% | Elapsed: 0h 2m 3s | Remaining: 0h 11m 36s
16% | Elapsed: 0h 2m 5s | Remaining: 0h 10m 56s
17% | Elapsed: 0h 2m 9s | Remaining: 0h 10m 29s
18% | Elapsed: 0h 2m 13s | Remaining: 0h 10m 5s
19% | Elapsed: 0h 2m 21s | Remaining: 0h 10m 1s
20% | Elapsed: 0h 3m 4s | Remaining: 0h 12m 15s
21% | Elapsed: 0h 3m 12s | Remaining: 0h 12m 2s
22% | Elapsed: 0h 3m 20s | Remaining: 0h 11m 49s
23% | Elapsed: 0h 3m 32s | Remaining: 0h 11m 49s
24% | Elapsed: 0h 3m 38s | Remaining: 0h 11m 30s
25% | Elapsed: 0h 3m 42s | Remaining: 0h 11m 6s
26% | Elapsed: 0h 3m 46s | Remaining: 0h 10m 43s
27% | Elapsed: 0h 3m 53s | Remaining: 0h 10m 29s
28% | Elapsed: 0h 3m 57s | Remaining: 0h 10m 9s
29% | Elapsed: 0h 4m 5s | Remaining: 0h 9m 59s
30% | Elapsed: 0h 4m 9s | Remaining: 0h 9m 40s
31% | Elapsed: 0h 4m 19s | Remaining: 0h 9m 36s
32% | Elapsed: 0h 4m 25s | Remaining: 0h 9m 23s
33% | Elapsed: 0h 4m 33s | Remaining: 0h 9m 14s
34% | Elapsed: 0h 4m 36s | Remaining: 0h 8m 55s
35% | Elapsed: 0h 4m 41s | Remaining: 0h 8m 41s
36% | Elapsed: 0h 4m 46s | Remaining: 0h 8m 28s
37% | Elapsed: 0h 4m 52s | Remaining: 0h 8m 17s
38% | Elapsed: 0h 4m 54s | Remaining: 0h 7m 59s
39% | Elapsed: 0h 4m 58s | Remaining: 0h 7m 46s
40% | Elapsed: 0h 5m 0s | Remaining: 0h 7m 29s
41% | Elapsed: 0h 5m 6s | Remaining: 0h 7m 20s
42% | Elapsed: 0h 5m 10s | Remaining: 0h 7m 8s
43% | Elapsed: 0h 5m 13s | Remaining: 0h 6m 54s
44% | Elapsed: 0h 5m 15s | Remaining: 0h 6m 40s
45% | Elapsed: 0h 5m 19s | Remaining: 0h 6m 29s
46% | Elapsed: 0h 5m 26s | Remaining: 0h 6m 22s
47% | Elapsed: 0h 5m 39s | Remaining: 0h 6m 22s
48% | Elapsed: 0h 5m 43s | Remaining: 0h 6m 11s
49% | Elapsed: 0h 5m 45s | Remaining: 0h 5m 59s
50% | Elapsed: 0h 5m 53s | Remaining: 0h 5m 53s
51% | Elapsed: 0h 5m 59s | Remaining: 0h 5m 44s
52% | Elapsed: 0h 6m 2s | Remaining: 0h 5m 34s
53% | Elapsed: 0h 6m 5s | Remaining: 0h 5m 23s
54% | Elapsed: 0h 6m 13s | Remaining: 0h 5m 17s
55% | Elapsed: 0h 6m 16s | Remaining: 0h 5m 7s
56% | Elapsed: 0h 6m 18s | Remaining: 0h 4m 56s
57% | Elapsed: 0h 6m 22s | Remaining: 0h 4m 48s
58% | Elapsed: 0h 6m 34s | Remaining: 0h 4m 45s
59% | Elapsed: 0h 6m 47s | Remaining: 0h 4m 42s
60% | Elapsed: 0h 6m 51s | Remaining: 0h 4m 33s
61% | Elapsed: 0h 6m 55s | Remaining: 0h 4m 25s
62% | Elapsed: 0h 7m 3s | Remaining: 0h 4m 19s
63% | Elapsed: 0h 7m 7s | Remaining: 0h 4m 10s
64% | Elapsed: 0h 7m 13s | Remaining: 0h 4m 3s
65% | Elapsed: 0h 7m 16s | Remaining: 0h 3m 54s
66% | Elapsed: 0h 7m 19s | Remaining: 0h 3m 46s
67% | Elapsed: 0h 7m 22s | Remaining: 0h 3m 37s
68% | Elapsed: 0h 7m 30s | Remaining: 0h 3m 31s
69% | Elapsed: 0h 7m 33s | Remaining: 0h 3m 23s
70% | Elapsed: 0h 7m 36s | Remaining: 0h 3m 15s
71% | Elapsed: 0h 7m 39s | Remaining: 0h 3m 7s
72% | Elapsed: 0h 7m 45s | Remaining: 0h 3m 0s
73% | Elapsed: 0h 7m 58s | Remaining: 0h 2m 56s
74% | Elapsed: 0h 8m 2s | Remaining: 0h 2m 49s
75% | Elapsed: 0h 8m 5s | Remaining: 0h 2m 41s
76% | Elapsed: 0h 8m 13s | Remaining: 0h 2m 35s
77% | Elapsed: 0h 8m 15s | Remaining: 0h 2m 27s
78% | Elapsed: 0h 8m 18s | Remaining: 0h 2m 20s
79% | Elapsed: 0h 8m 29s | Remaining: 0h 2m 15s
80% | Elapsed: 0h 8m 33s | Remaining: 0h 2m 8s
81% | Elapsed: 0h 8m 35s | Remaining: 0h 2m 0s
82% | Elapsed: 0h 8m 42s | Remaining: 0h 1m 54s
83% | Elapsed: 0h 8m 49s | Remaining: 0h 1m 48s
84% | Elapsed: 0h 8m 52s | Remaining: 0h 1m 41s
85% | Elapsed: 0h 8m 55s | Remaining: 0h 1m 34s
86% | Elapsed: 0h 9m 4s | Remaining: 0h 1m 28s
87% | Elapsed: 0h 9m 8s | Remaining: 0h 1m 21s
88% | Elapsed: 0h 9m 11s | Remaining: 0h 1m 15s
89% | Elapsed: 0h 9m 21s | Remaining: 0h 1m 9s
90% | Elapsed: 0h 9m 24s | Remaining: 0h 1m 2s
91% | Elapsed: 0h 9m 28s | Remaining: 0h 0m 56s
92% | Elapsed: 0h 9m 30s | Remaining: 0h 0m 49s
93% | Elapsed: 0h 9m 38s | Remaining: 0h 0m 43s
94% | Elapsed: 0h 9m 41s | Remaining: 0h 0m 37s
95% | Elapsed: 0h 9m 44s | Remaining: 0h 0m 30s
96% | Elapsed: 0h 10m 2s | Remaining: 0h 0m 25s
97% | Elapsed: 0h 10m 20s | Remaining: 0h 0m 19s
98% | Elapsed: 0h 10m 26s | Remaining: 0h 0m 12s
99% | Elapsed: 0h 10m 29s | Remaining: 0h 0m 6s
100% | Elapsed: 0h 10m 36s | Remaining: 0h 0m 0s
Saved part 0 to /eos/user/s/shuangyu/public/Jpsi/AK8/QCD_Bin-PT-600to800_pythia8-RunIIISummer24_Chunk6_Part0.root (valid events: 155, processed events: 1592872, final part)

Processing completed successfully!
Total events processed: 1592872
Total parts created: 1

