Total entries: 79643585 Processing range: 3185744 - 4778616 (1592872 events)
1% | Elapsed: 0h 0m 23s | Remaining: 0h 37m 56s
2% | Elapsed: 0h 0m 27s | Remaining: 0h 22m 2s
3% | Elapsed: 0h 0m 30s | Remaining: 0h 16m 9s
4% | Elapsed: 0h 0m 48s | Remaining: 0h 19m 11s
5% | Elapsed: 0h 0m 51s | Remaining: 0h 16m 8s
6% | Elapsed: 0h 0m 54s | Remaining: 0h 14m 5s
7% | Elapsed: 0h 1m 5s | Remaining: 0h 14m 23s
8% | Elapsed: 0h 1m 10s | Remaining: 0h 13m 24s
9% | Elapsed: 0h 1m 15s | Remaining: 0h 12m 38s
10% | Elapsed: 0h 1m 27s | Remaining: 0h 13m 2s
11% | Elapsed: 0h 1m 38s | Remaining: 0h 13m 12s
12% | Elapsed: 0h 1m 54s | Remaining: 0h 13m 55s
13% | Elapsed: 0h 2m 6s | Remaining: 0h 14m 3s
14% | Elapsed: 0h 2m 10s | Remaining: 0h 13m 18s
15% | Elapsed: 0h 2m 29s | Remaining: 0h 14m 4s
16% | Elapsed: 0h 2m 35s | Remaining: 0h 13m 33s
17% | Elapsed: 0h 2m 39s | Remaining: 0h 12m 56s
18% | Elapsed: 0h 2m 41s | Remaining: 0h 12m 13s
19% | Elapsed: 0h 2m 45s | Remaining: 0h 11m 43s
20% | Elapsed: 0h 3m 16s | Remaining: 0h 13m 3s
21% | Elapsed: 0h 3m 20s | Remaining: 0h 12m 32s
22% | Elapsed: 0h 3m 24s | Remaining: 0h 12m 3s
23% | Elapsed: 0h 4m 4s | Remaining: 0h 13m 36s
24% | Elapsed: 0h 4m 10s | Remaining: 0h 13m 11s
25% | Elapsed: 0h 4m 17s | Remaining: 0h 12m 51s
26% | Elapsed: 0h 4m 21s | Remaining: 0h 12m 22s
27% | Elapsed: 0h 4m 23s | Remaining: 0h 11m 51s
28% | Elapsed: 0h 4m 26s | Remaining: 0h 11m 23s
29% | Elapsed: 0h 4m 32s | Remaining: 0h 11m 5s
30% | Elapsed: 0h 4m 35s | Remaining: 0h 10m 41s
31% | Elapsed: 0h 4m 44s | Remaining: 0h 10m 32s
32% | Elapsed: 0h 4m 46s | Remaining: 0h 10m 7s
33% | Elapsed: 0h 4m 49s | Remaining: 0h 9m 46s
34% | Elapsed: 0h 4m 57s | Remaining: 0h 9m 36s
35% | Elapsed: 0h 5m 0s | Remaining: 0h 9m 17s
36% | Elapsed: 0h 5m 9s | Remaining: 0h 9m 9s
37% | Elapsed: 0h 5m 13s | Remaining: 0h 8m 52s
38% | Elapsed: 0h 5m 27s | Remaining: 0h 8m 53s
39% | Elapsed: 0h 5m 31s | Remaining: 0h 8m 37s
40% | Elapsed: 0h 5m 34s | Remaining: 0h 8m 20s
41% | Elapsed: 0h 5m 37s | Remaining: 0h 8m 4s
42% | Elapsed: 0h 5m 49s | Remaining: 0h 8m 1s
43% | Elapsed: 0h 5m 52s | Remaining: 0h 7m 46s
44% | Elapsed: 0h 5m 58s | Remaining: 0h 7m 35s
45% | Elapsed: 0h 6m 3s | Remaining: 0h 7m 23s
46% | Elapsed: 0h 6m 7s | Remaining: 0h 7m 10s
47% | Elapsed: 0h 6m 15s | Remaining: 0h 7m 2s
48% | Elapsed: 0h 6m 19s | Remaining: 0h 6m 50s
49% | Elapsed: 0h 6m 23s | Remaining: 0h 6m 38s
50% | Elapsed: 0h 6m 33s | Remaining: 0h 6m 33s
51% | Elapsed: 0h 6m 41s | Remaining: 0h 6m 25s
52% | Elapsed: 0h 6m 49s | Remaining: 0h 6m 17s
53% | Elapsed: 0h 6m 53s | Remaining: 0h 6m 6s
54% | Elapsed: 0h 6m 56s | Remaining: 0h 5m 54s
55% | Elapsed: 0h 7m 5s | Remaining: 0h 5m 47s
56% | Elapsed: 0h 7m 8s | Remaining: 0h 5m 36s
57% | Elapsed: 0h 7m 19s | Remaining: 0h 5m 31s
58% | Elapsed: 0h 7m 23s | Remaining: 0h 5m 20s
59% | Elapsed: 0h 7m 27s | Remaining: 0h 5m 10s
60% | Elapsed: 0h 7m 31s | Remaining: 0h 5m 0s
61% | Elapsed: 0h 7m 33s | Remaining: 0h 4m 49s
62% | Elapsed: 0h 7m 42s | Remaining: 0h 4m 43s
63% | Elapsed: 0h 7m 48s | Remaining: 0h 4m 34s
64% | Elapsed: 0h 7m 50s | Remaining: 0h 4m 24s
65% | Elapsed: 0h 7m 57s | Remaining: 0h 4m 16s
66% | Elapsed: 0h 8m 0s | Remaining: 0h 4m 7s
67% | Elapsed: 0h 8m 3s | Remaining: 0h 3m 57s
68% | Elapsed: 0h 8m 11s | Remaining: 0h 3m 51s
69% | Elapsed: 0h 8m 15s | Remaining: 0h 3m 42s
70% | Elapsed: 0h 8m 19s | Remaining: 0h 3m 33s
71% | Elapsed: 0h 8m 29s | Remaining: 0h 3m 27s
72% | Elapsed: 0h 8m 35s | Remaining: 0h 3m 20s
73% | Elapsed: 0h 8m 41s | Remaining: 0h 3m 12s
74% | Elapsed: 0h 8m 47s | Remaining: 0h 3m 5s
75% | Elapsed: 0h 8m 52s | Remaining: 0h 2m 57s
76% | Elapsed: 0h 8m 56s | Remaining: 0h 2m 49s
77% | Elapsed: 0h 9m 7s | Remaining: 0h 2m 43s
78% | Elapsed: 0h 9m 11s | Remaining: 0h 2m 35s
79% | Elapsed: 0h 9m 32s | Remaining: 0h 2m 32s
80% | Elapsed: 0h 9m 41s | Remaining: 0h 2m 25s
81% | Elapsed: 0h 10m 3s | Remaining: 0h 2m 21s
82% | Elapsed: 0h 10m 6s | Remaining: 0h 2m 13s
83% | Elapsed: 0h 10m 12s | Remaining: 0h 2m 5s
84% | Elapsed: 0h 10m 16s | Remaining: 0h 1m 57s
85% | Elapsed: 0h 10m 19s | Remaining: 0h 1m 49s
86% | Elapsed: 0h 10m 21s | Remaining: 0h 1m 41s
87% | Elapsed: 0h 10m 28s | Remaining: 0h 1m 33s
88% | Elapsed: 0h 10m 33s | Remaining: 0h 1m 26s
89% | Elapsed: 0h 10m 37s | Remaining: 0h 1m 18s
90% | Elapsed: 0h 10m 43s | Remaining: 0h 1m 11s
91% | Elapsed: 0h 10m 47s | Remaining: 0h 1m 3s
92% | Elapsed: 0h 10m 50s | Remaining: 0h 0m 56s
93% | Elapsed: 0h 10m 56s | Remaining: 0h 0m 49s
94% | Elapsed: 0h 10m 58s | Remaining: 0h 0m 41s
95% | Elapsed: 0h 11m 1s | Remaining: 0h 0m 34s
96% | Elapsed: 0h 11m 33s | Remaining: 0h 0m 28s
97% | Elapsed: 0h 11m 35s | Remaining: 0h 0m 21s
98% | Elapsed: 0h 11m 39s | Remaining: 0h 0m 14s
99% | Elapsed: 0h 11m 52s | Remaining: 0h 0m 7s
100% | Elapsed: 0h 11m 55s | Remaining: 0h 0m 0s
Saved part 0 to /eos/user/s/shuangyu/public/Jpsi/AK8/QCD_Bin-PT-600to800_pythia8-RunIIISummer24_Chunk2_Part0.root (valid events: 183, processed events: 1592872, final part)

Processing completed successfully!
Total events processed: 1592872
Total parts created: 1

