Total entries: 79643585 Processing range: 36636056 - 38228928 (1592872 events)
1% | Elapsed: 0h 0m 8s | Remaining: 0h 13m 11s
2% | Elapsed: 0h 0m 12s | Remaining: 0h 9m 47s
3% | Elapsed: 0h 0m 16s | Remaining: 0h 8m 37s
4% | Elapsed: 0h 0m 24s | Remaining: 0h 9m 35s
5% | Elapsed: 0h 0m 27s | Remaining: 0h 8m 32s
6% | Elapsed: 0h 0m 34s | Remaining: 0h 8m 52s
7% | Elapsed: 0h 0m 37s | Remaining: 0h 8m 11s
8% | Elapsed: 0h 0m 43s | Remaining: 0h 8m 14s
9% | Elapsed: 0h 0m 51s | Remaining: 0h 8m 35s
10% | Elapsed: 0h 0m 55s | Remaining: 0h 8m 14s
11% | Elapsed: 0h 1m 2s | Remaining: 0h 8m 21s
12% | Elapsed: 0h 1m 11s | Remaining: 0h 8m 40s
13% | Elapsed: 0h 1m 17s | Remaining: 0h 8m 35s
14% | Elapsed: 0h 1m 20s | Remaining: 0h 8m 11s
15% | Elapsed: 0h 1m 23s | Remaining: 0h 7m 50s
16% | Elapsed: 0h 1m 26s | Remaining: 0h 7m 31s
17% | Elapsed: 0h 1m 33s | Remaining: 0h 7m 34s
18% | Elapsed: 0h 1m 41s | Remaining: 0h 7m 40s
19% | Elapsed: 0h 1m 43s | Remaining: 0h 7m 19s
20% | Elapsed: 0h 1m 47s | Remaining: 0h 7m 7s
21% | Elapsed: 0h 1m 53s | Remaining: 0h 7m 5s
22% | Elapsed: 0h 1m 56s | Remaining: 0h 6m 51s
23% | Elapsed: 0h 1m 58s | Remaining: 0h 6m 35s
24% | Elapsed: 0h 2m 1s | Remaining: 0h 6m 23s
25% | Elapsed: 0h 2m 22s | Remaining: 0h 7m 6s
26% | Elapsed: 0h 2m 24s | Remaining: 0h 6m 49s
27% | Elapsed: 0h 2m 27s | Remaining: 0h 6m 37s
28% | Elapsed: 0h 2m 35s | Remaining: 0h 6m 38s
29% | Elapsed: 0h 2m 38s | Remaining: 0h 6m 26s
30% | Elapsed: 0h 2m 42s | Remaining: 0h 6m 17s
31% | Elapsed: 0h 2m 45s | Remaining: 0h 6m 7s
32% | Elapsed: 0h 2m 47s | Remaining: 0h 5m 54s
33% | Elapsed: 0h 3m 7s | Remaining: 0h 6m 19s
34% | Elapsed: 0h 3m 12s | Remaining: 0h 6m 12s
35% | Elapsed: 0h 3m 15s | Remaining: 0h 6m 2s
36% | Elapsed: 0h 3m 18s | Remaining: 0h 5m 51s
37% | Elapsed: 0h 3m 36s | Remaining: 0h 6m 7s
38% | Elapsed: 0h 3m 39s | Remaining: 0h 5m 57s
39% | Elapsed: 0h 3m 42s | Remaining: 0h 5m 47s
40% | Elapsed: 0h 3m 45s | Remaining: 0h 5m 37s
41% | Elapsed: 0h 3m 55s | Remaining: 0h 5m 38s
42% | Elapsed: 0h 3m 58s | Remaining: 0h 5m 28s
43% | Elapsed: 0h 4m 9s | Remaining: 0h 5m 30s
44% | Elapsed: 0h 4m 16s | Remaining: 0h 5m 25s
45% | Elapsed: 0h 4m 21s | Remaining: 0h 5m 18s
46% | Elapsed: 0h 4m 25s | Remaining: 0h 5m 11s
47% | Elapsed: 0h 4m 44s | Remaining: 0h 5m 20s
48% | Elapsed: 0h 4m 58s | Remaining: 0h 5m 22s
49% | Elapsed: 0h 5m 1s | Remaining: 0h 5m 13s
50% | Elapsed: 0h 5m 5s | Remaining: 0h 5m 5s
51% | Elapsed: 0h 5m 13s | Remaining: 0h 5m 0s
52% | Elapsed: 0h 5m 15s | Remaining: 0h 4m 50s
53% | Elapsed: 0h 5m 31s | Remaining: 0h 4m 53s
54% | Elapsed: 0h 5m 34s | Remaining: 0h 4m 44s
55% | Elapsed: 0h 5m 37s | Remaining: 0h 4m 35s
56% | Elapsed: 0h 5m 40s | Remaining: 0h 4m 27s
57% | Elapsed: 0h 5m 47s | Remaining: 0h 4m 21s
58% | Elapsed: 0h 5m 50s | Remaining: 0h 4m 13s
59% | Elapsed: 0h 5m 53s | Remaining: 0h 4m 5s
60% | Elapsed: 0h 6m 0s | Remaining: 0h 3m 59s
61% | Elapsed: 0h 6m 3s | Remaining: 0h 3m 52s
62% | Elapsed: 0h 6m 11s | Remaining: 0h 3m 47s
63% | Elapsed: 0h 6m 15s | Remaining: 0h 3m 40s
64% | Elapsed: 0h 6m 17s | Remaining: 0h 3m 32s
65% | Elapsed: 0h 6m 28s | Remaining: 0h 3m 28s
66% | Elapsed: 0h 6m 32s | Remaining: 0h 3m 21s
67% | Elapsed: 0h 6m 35s | Remaining: 0h 3m 14s
68% | Elapsed: 0h 6m 42s | Remaining: 0h 3m 9s
69% | Elapsed: 0h 6m 46s | Remaining: 0h 3m 2s
70% | Elapsed: 0h 6m 49s | Remaining: 0h 2m 55s
71% | Elapsed: 0h 6m 53s | Remaining: 0h 2m 48s
72% | Elapsed: 0h 7m 2s | Remaining: 0h 2m 44s
73% | Elapsed: 0h 7m 6s | Remaining: 0h 2m 37s
74% | Elapsed: 0h 7m 12s | Remaining: 0h 2m 31s
75% | Elapsed: 0h 7m 17s | Remaining: 0h 2m 25s
76% | Elapsed: 0h 7m 19s | Remaining: 0h 2m 18s
77% | Elapsed: 0h 7m 24s | Remaining: 0h 2m 12s
78% | Elapsed: 0h 7m 32s | Remaining: 0h 2m 7s
79% | Elapsed: 0h 7m 37s | Remaining: 0h 2m 1s
80% | Elapsed: 0h 8m 6s | Remaining: 0h 2m 1s
81% | Elapsed: 0h 8m 9s | Remaining: 0h 1m 54s
82% | Elapsed: 0h 8m 12s | Remaining: 0h 1m 48s
83% | Elapsed: 0h 8m 15s | Remaining: 0h 1m 41s
84% | Elapsed: 0h 8m 18s | Remaining: 0h 1m 34s
85% | Elapsed: 0h 8m 26s | Remaining: 0h 1m 29s
86% | Elapsed: 0h 8m 29s | Remaining: 0h 1m 22s
87% | Elapsed: 0h 8m 32s | Remaining: 0h 1m 16s
88% | Elapsed: 0h 9m 3s | Remaining: 0h 1m 14s
89% | Elapsed: 0h 9m 16s | Remaining: 0h 1m 8s
90% | Elapsed: 0h 9m 19s | Remaining: 0h 1m 2s
91% | Elapsed: 0h 9m 22s | Remaining: 0h 0m 55s
92% | Elapsed: 0h 9m 28s | Remaining: 0h 0m 49s
93% | Elapsed: 0h 9m 32s | Remaining: 0h 0m 43s
94% | Elapsed: 0h 9m 36s | Remaining: 0h 0m 36s
95% | Elapsed: 0h 9m 39s | Remaining: 0h 0m 30s
96% | Elapsed: 0h 9m 45s | Remaining: 0h 0m 24s
97% | Elapsed: 0h 9m 59s | Remaining: 0h 0m 18s
98% | Elapsed: 0h 10m 3s | Remaining: 0h 0m 12s
99% | Elapsed: 0h 10m 8s | Remaining: 0h 0m 6s
100% | Elapsed: 0h 10m 13s | Remaining: 0h 0m 0s
Saved part 0 to /eos/user/s/shuangyu/public/Jpsi/AK8/QCD_Bin-PT-600to800_pythia8-RunIIISummer24_Chunk23_Part0.root (valid events: 168, processed events: 1592872, final part)

Processing completed successfully!
Total events processed: 1592872
Total parts created: 1

