Total entries: 79643585 Processing range: 66900624 - 68493496 (1592872 events)
1% | Elapsed: 0h 0m 7s | Remaining: 0h 11m 32s
2% | Elapsed: 0h 0m 11s | Remaining: 0h 8m 58s
3% | Elapsed: 0h 0m 17s | Remaining: 0h 9m 9s
4% | Elapsed: 0h 0m 27s | Remaining: 0h 10m 47s
5% | Elapsed: 0h 0m 31s | Remaining: 0h 9m 48s
6% | Elapsed: 0h 0m 36s | Remaining: 0h 9m 23s
7% | Elapsed: 0h 0m 41s | Remaining: 0h 9m 4s
8% | Elapsed: 0h 0m 44s | Remaining: 0h 8m 25s
9% | Elapsed: 0h 1m 2s | Remaining: 0h 10m 26s
10% | Elapsed: 0h 1m 8s | Remaining: 0h 10m 11s
11% | Elapsed: 0h 1m 17s | Remaining: 0h 10m 22s
12% | Elapsed: 0h 1m 21s | Remaining: 0h 9m 53s
13% | Elapsed: 0h 1m 33s | Remaining: 0h 10m 22s
14% | Elapsed: 0h 1m 37s | Remaining: 0h 9m 55s
15% | Elapsed: 0h 1m 43s | Remaining: 0h 9m 43s
16% | Elapsed: 0h 1m 48s | Remaining: 0h 9m 26s
17% | Elapsed: 0h 2m 32s | Remaining: 0h 12m 22s
18% | Elapsed: 0h 2m 37s | Remaining: 0h 11m 55s
19% | Elapsed: 0h 2m 43s | Remaining: 0h 11m 34s
20% | Elapsed: 0h 2m 49s | Remaining: 0h 11m 15s
21% | Elapsed: 0h 3m 20s | Remaining: 0h 12m 32s
22% | Elapsed: 0h 3m 25s | Remaining: 0h 12m 6s
23% | Elapsed: 0h 3m 30s | Remaining: 0h 11m 43s
24% | Elapsed: 0h 3m 33s | Remaining: 0h 11m 14s
25% | Elapsed: 0h 3m 44s | Remaining: 0h 11m 12s
26% | Elapsed: 0h 3m 55s | Remaining: 0h 11m 8s
27% | Elapsed: 0h 3m 58s | Remaining: 0h 10m 43s
28% | Elapsed: 0h 4m 7s | Remaining: 0h 10m 35s
29% | Elapsed: 0h 4m 10s | Remaining: 0h 10m 12s
30% | Elapsed: 0h 4m 14s | Remaining: 0h 9m 52s
31% | Elapsed: 0h 4m 23s | Remaining: 0h 9m 45s
32% | Elapsed: 0h 4m 28s | Remaining: 0h 9m 29s
33% | Elapsed: 0h 4m 35s | Remaining: 0h 9m 18s
34% | Elapsed: 0h 4m 39s | Remaining: 0h 9m 1s
35% | Elapsed: 0h 4m 50s | Remaining: 0h 8m 58s
36% | Elapsed: 0h 4m 54s | Remaining: 0h 8m 42s
37% | Elapsed: 0h 5m 10s | Remaining: 0h 8m 47s
38% | Elapsed: 0h 5m 27s | Remaining: 0h 8m 53s
39% | Elapsed: 0h 5m 31s | Remaining: 0h 8m 37s
40% | Elapsed: 0h 5m 35s | Remaining: 0h 8m 22s
41% | Elapsed: 0h 5m 55s | Remaining: 0h 8m 30s
42% | Elapsed: 0h 6m 4s | Remaining: 0h 8m 22s
43% | Elapsed: 0h 6m 41s | Remaining: 0h 8m 51s
44% | Elapsed: 0h 6m 51s | Remaining: 0h 8m 43s
45% | Elapsed: 0h 7m 25s | Remaining: 0h 9m 3s
46% | Elapsed: 0h 7m 31s | Remaining: 0h 8m 49s
47% | Elapsed: 0h 7m 38s | Remaining: 0h 8m 36s
48% | Elapsed: 0h 7m 50s | Remaining: 0h 8m 29s
49% | Elapsed: 0h 7m 59s | Remaining: 0h 8m 18s
50% | Elapsed: 0h 8m 4s | Remaining: 0h 8m 4s
51% | Elapsed: 0h 8m 11s | Remaining: 0h 7m 51s
52% | Elapsed: 0h 8m 17s | Remaining: 0h 7m 38s
53% | Elapsed: 0h 8m 21s | Remaining: 0h 7m 24s
54% | Elapsed: 0h 8m 24s | Remaining: 0h 7m 9s
55% | Elapsed: 0h 8m 34s | Remaining: 0h 7m 0s
56% | Elapsed: 0h 8m 40s | Remaining: 0h 6m 48s
57% | Elapsed: 0h 8m 44s | Remaining: 0h 6m 35s
58% | Elapsed: 0h 9m 3s | Remaining: 0h 6m 33s
59% | Elapsed: 0h 9m 7s | Remaining: 0h 6m 20s
60% | Elapsed: 0h 9m 15s | Remaining: 0h 6m 9s
61% | Elapsed: 0h 9m 27s | Remaining: 0h 6m 2s
62% | Elapsed: 0h 9m 32s | Remaining: 0h 5m 50s
63% | Elapsed: 0h 9m 36s | Remaining: 0h 5m 38s
64% | Elapsed: 0h 9m 40s | Remaining: 0h 5m 26s
65% | Elapsed: 0h 9m 47s | Remaining: 0h 5m 16s
66% | Elapsed: 0h 9m 51s | Remaining: 0h 5m 4s
67% | Elapsed: 0h 9m 55s | Remaining: 0h 4m 53s
68% | Elapsed: 0h 10m 10s | Remaining: 0h 4m 47s
69% | Elapsed: 0h 10m 14s | Remaining: 0h 4m 35s
70% | Elapsed: 0h 10m 18s | Remaining: 0h 4m 24s
71% | Elapsed: 0h 10m 22s | Remaining: 0h 4m 14s
72% | Elapsed: 0h 10m 28s | Remaining: 0h 4m 4s
73% | Elapsed: 0h 10m 32s | Remaining: 0h 3m 53s
74% | Elapsed: 0h 10m 40s | Remaining: 0h 3m 44s
75% | Elapsed: 0h 10m 45s | Remaining: 0h 3m 35s
76% | Elapsed: 0h 10m 48s | Remaining: 0h 3m 24s
77% | Elapsed: 0h 10m 57s | Remaining: 0h 3m 16s
78% | Elapsed: 0h 11m 1s | Remaining: 0h 3m 6s
79% | Elapsed: 0h 11m 6s | Remaining: 0h 2m 57s
80% | Elapsed: 0h 11m 9s | Remaining: 0h 2m 47s
81% | Elapsed: 0h 11m 31s | Remaining: 0h 2m 42s
82% | Elapsed: 0h 11m 36s | Remaining: 0h 2m 32s
83% | Elapsed: 0h 11m 56s | Remaining: 0h 2m 26s
84% | Elapsed: 0h 12m 5s | Remaining: 0h 2m 18s
85% | Elapsed: 0h 12m 9s | Remaining: 0h 2m 8s
86% | Elapsed: 0h 12m 13s | Remaining: 0h 1m 59s
87% | Elapsed: 0h 12m 17s | Remaining: 0h 1m 50s
88% | Elapsed: 0h 12m 34s | Remaining: 0h 1m 42s
89% | Elapsed: 0h 12m 45s | Remaining: 0h 1m 34s
90% | Elapsed: 0h 12m 58s | Remaining: 0h 1m 26s
91% | Elapsed: 0h 13m 2s | Remaining: 0h 1m 17s
92% | Elapsed: 0h 13m 10s | Remaining: 0h 1m 8s
93% | Elapsed: 0h 13m 14s | Remaining: 0h 0m 59s
94% | Elapsed: 0h 13m 18s | Remaining: 0h 0m 50s
95% | Elapsed: 0h 13m 38s | Remaining: 0h 0m 43s
96% | Elapsed: 0h 13m 43s | Remaining: 0h 0m 34s
97% | Elapsed: 0h 13m 47s | Remaining: 0h 0m 25s
98% | Elapsed: 0h 13m 58s | Remaining: 0h 0m 17s
99% | Elapsed: 0h 14m 4s | Remaining: 0h 0m 8s
100% | Elapsed: 0h 14m 9s | Remaining: 0h 0m 0s
Saved part 0 to /eos/user/s/shuangyu/public/Jpsi/AK8/QCD_Bin-PT-600to800_pythia8-RunIIISummer24_Chunk42_Part0.root (valid events: 157, processed events: 1592872, final part)

Processing completed successfully!
Total events processed: 1592872
Total parts created: 1

