Total entries: 79643585 Processing range: 12742976 - 14335848 (1592872 events)
1% | Elapsed: 0h 0m 12s | Remaining: 0h 19m 47s
2% | Elapsed: 0h 0m 16s | Remaining: 0h 13m 3s
3% | Elapsed: 0h 0m 26s | Remaining: 0h 14m 0s
4% | Elapsed: 0h 0m 29s | Remaining: 0h 11m 35s
5% | Elapsed: 0h 0m 33s | Remaining: 0h 10m 26s
6% | Elapsed: 0h 0m 41s | Remaining: 0h 10m 42s
7% | Elapsed: 0h 0m 46s | Remaining: 0h 10m 11s
8% | Elapsed: 0h 1m 1s | Remaining: 0h 11m 41s
9% | Elapsed: 0h 1m 7s | Remaining: 0h 11m 17s
10% | Elapsed: 0h 1m 10s | Remaining: 0h 10m 29s
11% | Elapsed: 0h 1m 20s | Remaining: 0h 10m 47s
12% | Elapsed: 0h 1m 26s | Remaining: 0h 10m 30s
13% | Elapsed: 0h 1m 30s | Remaining: 0h 10m 2s
14% | Elapsed: 0h 1m 39s | Remaining: 0h 10m 8s
15% | Elapsed: 0h 1m 44s | Remaining: 0h 9m 49s
16% | Elapsed: 0h 1m 53s | Remaining: 0h 9m 53s
17% | Elapsed: 0h 1m 57s | Remaining: 0h 9m 31s
18% | Elapsed: 0h 2m 2s | Remaining: 0h 9m 15s
19% | Elapsed: 0h 2m 7s | Remaining: 0h 9m 1s
20% | Elapsed: 0h 2m 12s | Remaining: 0h 8m 47s
21% | Elapsed: 0h 2m 40s | Remaining: 0h 10m 1s
22% | Elapsed: 0h 2m 44s | Remaining: 0h 9m 41s
23% | Elapsed: 0h 3m 17s | Remaining: 0h 10m 59s
24% | Elapsed: 0h 3m 30s | Remaining: 0h 11m 4s
25% | Elapsed: 0h 3m 34s | Remaining: 0h 10m 42s
26% | Elapsed: 0h 3m 44s | Remaining: 0h 10m 37s
27% | Elapsed: 0h 3m 52s | Remaining: 0h 10m 27s
28% | Elapsed: 0h 4m 1s | Remaining: 0h 10m 19s
29% | Elapsed: 0h 4m 5s | Remaining: 0h 9m 59s
30% | Elapsed: 0h 4m 12s | Remaining: 0h 9m 47s
31% | Elapsed: 0h 4m 16s | Remaining: 0h 9m 29s
32% | Elapsed: 0h 4m 20s | Remaining: 0h 9m 12s
33% | Elapsed: 0h 4m 31s | Remaining: 0h 9m 10s
34% | Elapsed: 0h 4m 36s | Remaining: 0h 8m 55s
35% | Elapsed: 0h 4m 47s | Remaining: 0h 8m 52s
36% | Elapsed: 0h 4m 51s | Remaining: 0h 8m 37s
37% | Elapsed: 0h 4m 55s | Remaining: 0h 8m 22s
38% | Elapsed: 0h 5m 3s | Remaining: 0h 8m 14s
39% | Elapsed: 0h 5m 7s | Remaining: 0h 8m 0s
40% | Elapsed: 0h 5m 15s | Remaining: 0h 7m 52s
41% | Elapsed: 0h 5m 20s | Remaining: 0h 7m 40s
42% | Elapsed: 0h 5m 24s | Remaining: 0h 7m 27s
43% | Elapsed: 0h 5m 30s | Remaining: 0h 7m 17s
44% | Elapsed: 0h 5m 34s | Remaining: 0h 7m 5s
45% | Elapsed: 0h 5m 48s | Remaining: 0h 7m 5s
46% | Elapsed: 0h 5m 55s | Remaining: 0h 6m 56s
47% | Elapsed: 0h 5m 59s | Remaining: 0h 6m 44s
48% | Elapsed: 0h 6m 6s | Remaining: 0h 6m 36s
49% | Elapsed: 0h 6m 11s | Remaining: 0h 6m 26s
50% | Elapsed: 0h 6m 22s | Remaining: 0h 6m 22s
51% | Elapsed: 0h 6m 34s | Remaining: 0h 6m 18s
52% | Elapsed: 0h 6m 40s | Remaining: 0h 6m 9s
53% | Elapsed: 0h 6m 46s | Remaining: 0h 6m 0s
54% | Elapsed: 0h 6m 56s | Remaining: 0h 5m 54s
55% | Elapsed: 0h 7m 3s | Remaining: 0h 5m 46s
56% | Elapsed: 0h 7m 8s | Remaining: 0h 5m 36s
57% | Elapsed: 0h 7m 12s | Remaining: 0h 5m 25s
58% | Elapsed: 0h 7m 35s | Remaining: 0h 5m 29s
59% | Elapsed: 0h 7m 41s | Remaining: 0h 5m 20s
60% | Elapsed: 0h 7m 54s | Remaining: 0h 5m 15s
61% | Elapsed: 0h 7m 58s | Remaining: 0h 5m 5s
62% | Elapsed: 0h 8m 1s | Remaining: 0h 4m 54s
63% | Elapsed: 0h 8m 16s | Remaining: 0h 4m 51s
64% | Elapsed: 0h 8m 22s | Remaining: 0h 4m 42s
65% | Elapsed: 0h 8m 25s | Remaining: 0h 4m 31s
66% | Elapsed: 0h 8m 32s | Remaining: 0h 4m 23s
67% | Elapsed: 0h 8m 35s | Remaining: 0h 4m 13s
68% | Elapsed: 0h 8m 51s | Remaining: 0h 4m 9s
69% | Elapsed: 0h 8m 55s | Remaining: 0h 4m 0s
70% | Elapsed: 0h 9m 3s | Remaining: 0h 3m 52s
71% | Elapsed: 0h 9m 7s | Remaining: 0h 3m 43s
72% | Elapsed: 0h 9m 11s | Remaining: 0h 3m 34s
73% | Elapsed: 0h 9m 20s | Remaining: 0h 3m 27s
74% | Elapsed: 0h 9m 24s | Remaining: 0h 3m 18s
75% | Elapsed: 0h 9m 30s | Remaining: 0h 3m 10s
76% | Elapsed: 0h 9m 40s | Remaining: 0h 3m 3s
77% | Elapsed: 0h 9m 47s | Remaining: 0h 2m 55s
78% | Elapsed: 0h 9m 52s | Remaining: 0h 2m 46s
79% | Elapsed: 0h 10m 6s | Remaining: 0h 2m 41s
80% | Elapsed: 0h 10m 10s | Remaining: 0h 2m 32s
81% | Elapsed: 0h 10m 15s | Remaining: 0h 2m 24s
82% | Elapsed: 0h 10m 22s | Remaining: 0h 2m 16s
83% | Elapsed: 0h 10m 26s | Remaining: 0h 2m 8s
84% | Elapsed: 0h 10m 35s | Remaining: 0h 2m 0s
85% | Elapsed: 0h 10m 38s | Remaining: 0h 1m 52s
86% | Elapsed: 0h 10m 42s | Remaining: 0h 1m 44s
87% | Elapsed: 0h 10m 50s | Remaining: 0h 1m 37s
88% | Elapsed: 0h 10m 54s | Remaining: 0h 1m 29s
89% | Elapsed: 0h 10m 57s | Remaining: 0h 1m 21s
90% | Elapsed: 0h 11m 4s | Remaining: 0h 1m 13s
91% | Elapsed: 0h 11m 17s | Remaining: 0h 1m 6s
92% | Elapsed: 0h 12m 33s | Remaining: 0h 1m 5s
93% | Elapsed: 0h 12m 45s | Remaining: 0h 0m 57s
94% | Elapsed: 0h 12m 57s | Remaining: 0h 0m 49s
95% | Elapsed: 0h 13m 0s | Remaining: 0h 0m 41s
96% | Elapsed: 0h 13m 9s | Remaining: 0h 0m 32s
97% | Elapsed: 0h 13m 13s | Remaining: 0h 0m 24s
98% | Elapsed: 0h 13m 21s | Remaining: 0h 0m 16s
99% | Elapsed: 0h 13m 26s | Remaining: 0h 0m 8s
100% | Elapsed: 0h 13m 34s | Remaining: 0h 0m 0s
Saved part 0 to /eos/user/s/shuangyu/public/Jpsi/AK8/QCD_Bin-PT-600to800_pythia8-RunIIISummer24_Chunk8_Part0.root (valid events: 173, processed events: 1592872, final part)

Processing completed successfully!
Total events processed: 1592872
Total parts created: 1

