Total entries: 79643585 Processing range: 76457856 - 78050728 (1592872 events)
1% | Elapsed: 0h 0m 35s | Remaining: 0h 57m 44s
2% | Elapsed: 0h 0m 37s | Remaining: 0h 30m 12s
3% | Elapsed: 0h 0m 41s | Remaining: 0h 22m 5s
4% | Elapsed: 0h 0m 51s | Remaining: 0h 20m 23s
5% | Elapsed: 0h 0m 54s | Remaining: 0h 17m 5s
6% | Elapsed: 0h 0m 59s | Remaining: 0h 15m 24s
7% | Elapsed: 0h 1m 4s | Remaining: 0h 14m 10s
8% | Elapsed: 0h 1m 13s | Remaining: 0h 13m 59s
9% | Elapsed: 0h 1m 16s | Remaining: 0h 12m 48s
10% | Elapsed: 0h 1m 20s | Remaining: 0h 11m 59s
11% | Elapsed: 0h 1m 50s | Remaining: 0h 14m 49s
12% | Elapsed: 0h 1m 54s | Remaining: 0h 13m 55s
13% | Elapsed: 0h 2m 10s | Remaining: 0h 14m 29s
14% | Elapsed: 0h 2m 20s | Remaining: 0h 14m 19s
15% | Elapsed: 0h 2m 23s | Remaining: 0h 13m 30s
16% | Elapsed: 0h 2m 26s | Remaining: 0h 12m 46s
17% | Elapsed: 0h 2m 33s | Remaining: 0h 12m 26s
18% | Elapsed: 0h 2m 36s | Remaining: 0h 11m 50s
19% | Elapsed: 0h 2m 43s | Remaining: 0h 11m 34s
20% | Elapsed: 0h 2m 46s | Remaining: 0h 11m 3s
21% | Elapsed: 0h 2m 49s | Remaining: 0h 10m 35s
22% | Elapsed: 0h 3m 0s | Remaining: 0h 10m 38s
23% | Elapsed: 0h 3m 2s | Remaining: 0h 10m 9s
24% | Elapsed: 0h 3m 5s | Remaining: 0h 9m 45s
25% | Elapsed: 0h 3m 13s | Remaining: 0h 9m 39s
26% | Elapsed: 0h 3m 16s | Remaining: 0h 9m 17s
27% | Elapsed: 0h 3m 26s | Remaining: 0h 9m 16s
28% | Elapsed: 0h 3m 29s | Remaining: 0h 8m 57s
29% | Elapsed: 0h 3m 51s | Remaining: 0h 9m 25s
30% | Elapsed: 0h 3m 54s | Remaining: 0h 9m 5s
31% | Elapsed: 0h 3m 57s | Remaining: 0h 8m 47s
32% | Elapsed: 0h 4m 7s | Remaining: 0h 8m 44s
33% | Elapsed: 0h 4m 22s | Remaining: 0h 8m 51s
34% | Elapsed: 0h 4m 27s | Remaining: 0h 8m 38s
35% | Elapsed: 0h 4m 32s | Remaining: 0h 8m 25s
36% | Elapsed: 0h 4m 35s | Remaining: 0h 8m 8s
37% | Elapsed: 0h 4m 42s | Remaining: 0h 8m 0s
38% | Elapsed: 0h 4m 45s | Remaining: 0h 7m 44s
39% | Elapsed: 0h 4m 50s | Remaining: 0h 7m 33s
40% | Elapsed: 0h 4m 57s | Remaining: 0h 7m 25s
41% | Elapsed: 0h 5m 0s | Remaining: 0h 7m 11s
42% | Elapsed: 0h 5m 3s | Remaining: 0h 6m 58s
43% | Elapsed: 0h 5m 14s | Remaining: 0h 6m 56s
44% | Elapsed: 0h 5m 17s | Remaining: 0h 6m 43s
45% | Elapsed: 0h 5m 30s | Remaining: 0h 6m 43s
46% | Elapsed: 0h 5m 33s | Remaining: 0h 6m 30s
47% | Elapsed: 0h 5m 36s | Remaining: 0h 6m 18s
48% | Elapsed: 0h 6m 0s | Remaining: 0h 6m 29s
49% | Elapsed: 0h 6m 4s | Remaining: 0h 6m 18s
50% | Elapsed: 0h 6m 8s | Remaining: 0h 6m 8s
51% | Elapsed: 0h 6m 18s | Remaining: 0h 6m 3s
52% | Elapsed: 0h 6m 21s | Remaining: 0h 5m 51s
53% | Elapsed: 0h 6m 29s | Remaining: 0h 5m 44s
54% | Elapsed: 0h 6m 32s | Remaining: 0h 5m 33s
55% | Elapsed: 0h 6m 44s | Remaining: 0h 5m 30s
56% | Elapsed: 0h 6m 47s | Remaining: 0h 5m 19s
57% | Elapsed: 0h 6m 50s | Remaining: 0h 5m 9s
58% | Elapsed: 0h 6m 58s | Remaining: 0h 5m 2s
59% | Elapsed: 0h 7m 2s | Remaining: 0h 4m 53s
60% | Elapsed: 0h 7m 5s | Remaining: 0h 4m 43s
61% | Elapsed: 0h 7m 15s | Remaining: 0h 4m 38s
62% | Elapsed: 0h 7m 20s | Remaining: 0h 4m 29s
63% | Elapsed: 0h 7m 29s | Remaining: 0h 4m 23s
64% | Elapsed: 0h 7m 32s | Remaining: 0h 4m 14s
65% | Elapsed: 0h 7m 34s | Remaining: 0h 4m 4s
66% | Elapsed: 0h 7m 42s | Remaining: 0h 3m 57s
67% | Elapsed: 0h 7m 44s | Remaining: 0h 3m 48s
68% | Elapsed: 0h 7m 47s | Remaining: 0h 3m 39s
69% | Elapsed: 0h 8m 0s | Remaining: 0h 3m 35s
70% | Elapsed: 0h 8m 4s | Remaining: 0h 3m 27s
71% | Elapsed: 0h 8m 12s | Remaining: 0h 3m 20s
72% | Elapsed: 0h 8m 17s | Remaining: 0h 3m 13s
73% | Elapsed: 0h 8m 20s | Remaining: 0h 3m 4s
74% | Elapsed: 0h 8m 28s | Remaining: 0h 2m 58s
75% | Elapsed: 0h 8m 33s | Remaining: 0h 2m 51s
76% | Elapsed: 0h 8m 38s | Remaining: 0h 2m 43s
77% | Elapsed: 0h 9m 0s | Remaining: 0h 2m 41s
78% | Elapsed: 0h 9m 3s | Remaining: 0h 2m 33s
79% | Elapsed: 0h 9m 7s | Remaining: 0h 2m 25s
80% | Elapsed: 0h 9m 12s | Remaining: 0h 2m 17s
81% | Elapsed: 0h 9m 19s | Remaining: 0h 2m 11s
82% | Elapsed: 0h 9m 22s | Remaining: 0h 2m 3s
83% | Elapsed: 0h 9m 30s | Remaining: 0h 1m 56s
84% | Elapsed: 0h 9m 32s | Remaining: 0h 1m 48s
85% | Elapsed: 0h 9m 35s | Remaining: 0h 1m 41s
86% | Elapsed: 0h 9m 43s | Remaining: 0h 1m 34s
87% | Elapsed: 0h 9m 46s | Remaining: 0h 1m 27s
88% | Elapsed: 0h 9m 52s | Remaining: 0h 1m 20s
89% | Elapsed: 0h 9m 57s | Remaining: 0h 1m 13s
90% | Elapsed: 0h 9m 59s | Remaining: 0h 1m 6s
91% | Elapsed: 0h 10m 8s | Remaining: 0h 1m 0s
92% | Elapsed: 0h 10m 11s | Remaining: 0h 0m 53s
93% | Elapsed: 0h 10m 14s | Remaining: 0h 0m 46s
94% | Elapsed: 0h 10m 26s | Remaining: 0h 0m 39s
95% | Elapsed: 0h 10m 33s | Remaining: 0h 0m 33s
96% | Elapsed: 0h 10m 36s | Remaining: 0h 0m 26s
97% | Elapsed: 0h 10m 51s | Remaining: 0h 0m 20s
98% | Elapsed: 0h 11m 0s | Remaining: 0h 0m 13s
99% | Elapsed: 0h 11m 5s | Remaining: 0h 0m 6s
100% | Elapsed: 0h 11m 8s | Remaining: 0h 0m 0s
Saved part 0 to /eos/user/s/shuangyu/public/Jpsi/AK8/QCD_Bin-PT-600to800_pythia8-RunIIISummer24_Chunk48_Part0.root (valid events: 159, processed events: 1592872, final part)

Processing completed successfully!
Total events processed: 1592872
Total parts created: 1

