Total entries: 79643585 Processing range: 74864984 - 76457856 (1592872 events)
1% | Elapsed: 0h 0m 8s | Remaining: 0h 13m 11s
2% | Elapsed: 0h 0m 16s | Remaining: 0h 13m 3s
3% | Elapsed: 0h 0m 20s | Remaining: 0h 10m 46s
4% | Elapsed: 0h 0m 31s | Remaining: 0h 12m 23s
5% | Elapsed: 0h 0m 38s | Remaining: 0h 12m 1s
6% | Elapsed: 0h 0m 41s | Remaining: 0h 10m 42s
7% | Elapsed: 0h 0m 55s | Remaining: 0h 12m 10s
8% | Elapsed: 0h 0m 58s | Remaining: 0h 11m 6s
9% | Elapsed: 0h 1m 13s | Remaining: 0h 12m 18s
10% | Elapsed: 0h 1m 17s | Remaining: 0h 11m 32s
11% | Elapsed: 0h 1m 20s | Remaining: 0h 10m 47s
12% | Elapsed: 0h 1m 24s | Remaining: 0h 10m 15s
13% | Elapsed: 0h 1m 31s | Remaining: 0h 10m 8s
14% | Elapsed: 0h 1m 36s | Remaining: 0h 9m 49s
15% | Elapsed: 0h 1m 41s | Remaining: 0h 9m 32s
16% | Elapsed: 0h 2m 0s | Remaining: 0h 10m 29s
17% | Elapsed: 0h 2m 4s | Remaining: 0h 10m 5s
18% | Elapsed: 0h 2m 14s | Remaining: 0h 10m 10s
19% | Elapsed: 0h 2m 18s | Remaining: 0h 9m 48s
20% | Elapsed: 0h 2m 28s | Remaining: 0h 9m 51s
21% | Elapsed: 0h 2m 35s | Remaining: 0h 9m 43s
22% | Elapsed: 0h 2m 37s | Remaining: 0h 9m 16s
23% | Elapsed: 0h 2m 47s | Remaining: 0h 9m 19s
24% | Elapsed: 0h 2m 50s | Remaining: 0h 8m 58s
25% | Elapsed: 0h 2m 56s | Remaining: 0h 8m 48s
26% | Elapsed: 0h 2m 59s | Remaining: 0h 8m 29s
27% | Elapsed: 0h 3m 16s | Remaining: 0h 8m 49s
28% | Elapsed: 0h 3m 20s | Remaining: 0h 8m 34s
29% | Elapsed: 0h 3m 23s | Remaining: 0h 8m 16s
30% | Elapsed: 0h 3m 49s | Remaining: 0h 8m 54s
31% | Elapsed: 0h 3m 51s | Remaining: 0h 8m 34s
32% | Elapsed: 0h 3m 54s | Remaining: 0h 8m 17s
33% | Elapsed: 0h 3m 59s | Remaining: 0h 8m 5s
34% | Elapsed: 0h 4m 3s | Remaining: 0h 7m 51s
35% | Elapsed: 0h 4m 6s | Remaining: 0h 7m 36s
36% | Elapsed: 0h 4m 14s | Remaining: 0h 7m 31s
37% | Elapsed: 0h 4m 27s | Remaining: 0h 7m 34s
38% | Elapsed: 0h 4m 30s | Remaining: 0h 7m 20s
39% | Elapsed: 0h 4m 35s | Remaining: 0h 7m 10s
40% | Elapsed: 0h 4m 42s | Remaining: 0h 7m 2s
41% | Elapsed: 0h 4m 51s | Remaining: 0h 6m 58s
42% | Elapsed: 0h 4m 54s | Remaining: 0h 6m 45s
43% | Elapsed: 0h 4m 57s | Remaining: 0h 6m 33s
44% | Elapsed: 0h 5m 9s | Remaining: 0h 6m 33s
45% | Elapsed: 0h 5m 12s | Remaining: 0h 6m 21s
46% | Elapsed: 0h 5m 17s | Remaining: 0h 6m 12s
47% | Elapsed: 0h 5m 20s | Remaining: 0h 6m 0s
48% | Elapsed: 0h 5m 28s | Remaining: 0h 5m 55s
49% | Elapsed: 0h 5m 32s | Remaining: 0h 5m 45s
50% | Elapsed: 0h 5m 36s | Remaining: 0h 5m 36s
51% | Elapsed: 0h 5m 39s | Remaining: 0h 5m 25s
52% | Elapsed: 0h 5m 44s | Remaining: 0h 5m 17s
53% | Elapsed: 0h 5m 47s | Remaining: 0h 5m 7s
54% | Elapsed: 0h 5m 51s | Remaining: 0h 4m 58s
55% | Elapsed: 0h 5m 55s | Remaining: 0h 4m 50s
56% | Elapsed: 0h 6m 0s | Remaining: 0h 4m 42s
57% | Elapsed: 0h 6m 4s | Remaining: 0h 4m 34s
58% | Elapsed: 0h 6m 10s | Remaining: 0h 4m 27s
59% | Elapsed: 0h 6m 21s | Remaining: 0h 4m 24s
60% | Elapsed: 0h 6m 25s | Remaining: 0h 4m 16s
61% | Elapsed: 0h 6m 33s | Remaining: 0h 4m 11s
62% | Elapsed: 0h 6m 37s | Remaining: 0h 4m 3s
63% | Elapsed: 0h 6m 43s | Remaining: 0h 3m 56s
64% | Elapsed: 0h 6m 47s | Remaining: 0h 3m 48s
65% | Elapsed: 0h 6m 53s | Remaining: 0h 3m 42s
66% | Elapsed: 0h 6m 56s | Remaining: 0h 3m 34s
67% | Elapsed: 0h 7m 3s | Remaining: 0h 3m 28s
68% | Elapsed: 0h 7m 7s | Remaining: 0h 3m 20s
69% | Elapsed: 0h 7m 11s | Remaining: 0h 3m 13s
70% | Elapsed: 0h 7m 22s | Remaining: 0h 3m 9s
71% | Elapsed: 0h 7m 25s | Remaining: 0h 3m 1s
72% | Elapsed: 0h 7m 36s | Remaining: 0h 2m 57s
73% | Elapsed: 0h 7m 39s | Remaining: 0h 2m 49s
74% | Elapsed: 0h 7m 42s | Remaining: 0h 2m 42s
75% | Elapsed: 0h 7m 50s | Remaining: 0h 2m 36s
76% | Elapsed: 0h 7m 55s | Remaining: 0h 2m 29s
77% | Elapsed: 0h 7m 58s | Remaining: 0h 2m 22s
78% | Elapsed: 0h 8m 16s | Remaining: 0h 2m 19s
79% | Elapsed: 0h 8m 20s | Remaining: 0h 2m 12s
80% | Elapsed: 0h 8m 33s | Remaining: 0h 2m 8s
81% | Elapsed: 0h 8m 37s | Remaining: 0h 2m 1s
82% | Elapsed: 0h 8m 44s | Remaining: 0h 1m 55s
83% | Elapsed: 0h 8m 50s | Remaining: 0h 1m 48s
84% | Elapsed: 0h 8m 54s | Remaining: 0h 1m 41s
85% | Elapsed: 0h 8m 57s | Remaining: 0h 1m 34s
86% | Elapsed: 0h 9m 3s | Remaining: 0h 1m 28s
87% | Elapsed: 0h 9m 7s | Remaining: 0h 1m 21s
88% | Elapsed: 0h 9m 19s | Remaining: 0h 1m 16s
89% | Elapsed: 0h 9m 23s | Remaining: 0h 1m 9s
90% | Elapsed: 0h 9m 26s | Remaining: 0h 1m 2s
91% | Elapsed: 0h 9m 30s | Remaining: 0h 0m 56s
92% | Elapsed: 0h 9m 38s | Remaining: 0h 0m 50s
93% | Elapsed: 0h 9m 41s | Remaining: 0h 0m 43s
94% | Elapsed: 0h 9m 44s | Remaining: 0h 0m 37s
95% | Elapsed: 0h 9m 52s | Remaining: 0h 0m 31s
96% | Elapsed: 0h 9m 58s | Remaining: 0h 0m 24s
97% | Elapsed: 0h 10m 2s | Remaining: 0h 0m 18s
98% | Elapsed: 0h 10m 11s | Remaining: 0h 0m 12s
99% | Elapsed: 0h 10m 16s | Remaining: 0h 0m 6s
100% | Elapsed: 0h 10m 20s | Remaining: 0h 0m 0s
Saved part 0 to /eos/user/s/shuangyu/public/Jpsi/AK8/QCD_Bin-PT-600to800_pythia8-RunIIISummer24_Chunk47_Part0.root (valid events: 144, processed events: 1592872, final part)

Processing completed successfully!
Total events processed: 1592872
Total parts created: 1

