Total entries: 79643585 Processing range: 0 - 1592872 (1592872 events)
1% | Elapsed: 0h 0m 6s | Remaining: 0h 9m 53s
2% | Elapsed: 0h 0m 12s | Remaining: 0h 9m 47s
3% | Elapsed: 0h 0m 20s | Remaining: 0h 10m 46s
4% | Elapsed: 0h 0m 24s | Remaining: 0h 9m 35s
5% | Elapsed: 0h 0m 31s | Remaining: 0h 9m 48s
6% | Elapsed: 0h 0m 35s | Remaining: 0h 9m 8s
7% | Elapsed: 0h 0m 39s | Remaining: 0h 8m 38s
8% | Elapsed: 0h 0m 50s | Remaining: 0h 9m 34s
9% | Elapsed: 0h 0m 55s | Remaining: 0h 9m 16s
10% | Elapsed: 0h 0m 59s | Remaining: 0h 8m 50s
11% | Elapsed: 0h 1m 13s | Remaining: 0h 9m 50s
12% | Elapsed: 0h 1m 16s | Remaining: 0h 9m 17s
13% | Elapsed: 0h 1m 19s | Remaining: 0h 8m 48s
14% | Elapsed: 0h 1m 25s | Remaining: 0h 8m 42s
15% | Elapsed: 0h 1m 28s | Remaining: 0h 8m 18s
16% | Elapsed: 0h 1m 31s | Remaining: 0h 7m 57s
17% | Elapsed: 0h 1m 40s | Remaining: 0h 8m 8s
18% | Elapsed: 0h 1m 43s | Remaining: 0h 7m 49s
19% | Elapsed: 0h 1m 51s | Remaining: 0h 7m 53s
20% | Elapsed: 0h 1m 55s | Remaining: 0h 7m 39s
21% | Elapsed: 0h 2m 0s | Remaining: 0h 7m 31s
22% | Elapsed: 0h 2m 7s | Remaining: 0h 7m 30s
23% | Elapsed: 0h 2m 10s | Remaining: 0h 7m 15s
24% | Elapsed: 0h 2m 13s | Remaining: 0h 7m 1s
25% | Elapsed: 0h 2m 16s | Remaining: 0h 6m 48s
26% | Elapsed: 0h 2m 24s | Remaining: 0h 6m 49s
27% | Elapsed: 0h 2m 28s | Remaining: 0h 6m 40s
28% | Elapsed: 0h 2m 36s | Remaining: 0h 6m 41s
29% | Elapsed: 0h 2m 56s | Remaining: 0h 7m 10s
30% | Elapsed: 0h 3m 1s | Remaining: 0h 7m 2s
31% | Elapsed: 0h 3m 5s | Remaining: 0h 6m 51s
32% | Elapsed: 0h 3m 8s | Remaining: 0h 6m 39s
33% | Elapsed: 0h 3m 13s | Remaining: 0h 6m 31s
34% | Elapsed: 0h 3m 26s | Remaining: 0h 6m 39s
35% | Elapsed: 0h 3m 30s | Remaining: 0h 6m 29s
36% | Elapsed: 0h 3m 37s | Remaining: 0h 6m 25s
37% | Elapsed: 0h 3m 40s | Remaining: 0h 6m 14s
38% | Elapsed: 0h 3m 49s | Remaining: 0h 6m 13s
39% | Elapsed: 0h 3m 53s | Remaining: 0h 6m 4s
40% | Elapsed: 0h 3m 55s | Remaining: 0h 5m 52s
41% | Elapsed: 0h 4m 2s | Remaining: 0h 5m 48s
42% | Elapsed: 0h 4m 8s | Remaining: 0h 5m 42s
43% | Elapsed: 0h 4m 11s | Remaining: 0h 5m 32s
44% | Elapsed: 0h 4m 16s | Remaining: 0h 5m 25s
45% | Elapsed: 0h 4m 23s | Remaining: 0h 5m 21s
46% | Elapsed: 0h 4m 27s | Remaining: 0h 5m 13s
47% | Elapsed: 0h 4m 34s | Remaining: 0h 5m 8s
48% | Elapsed: 0h 4m 42s | Remaining: 0h 5m 5s
49% | Elapsed: 0h 4m 45s | Remaining: 0h 4m 56s
50% | Elapsed: 0h 4m 49s | Remaining: 0h 4m 49s
51% | Elapsed: 0h 4m 53s | Remaining: 0h 4m 41s
52% | Elapsed: 0h 4m 59s | Remaining: 0h 4m 35s
53% | Elapsed: 0h 5m 2s | Remaining: 0h 4m 27s
54% | Elapsed: 0h 5m 5s | Remaining: 0h 4m 19s
55% | Elapsed: 0h 5m 8s | Remaining: 0h 4m 11s
56% | Elapsed: 0h 5m 15s | Remaining: 0h 4m 7s
57% | Elapsed: 0h 5m 19s | Remaining: 0h 4m 0s
58% | Elapsed: 0h 5m 23s | Remaining: 0h 3m 53s
59% | Elapsed: 0h 5m 26s | Remaining: 0h 3m 46s
60% | Elapsed: 0h 5m 34s | Remaining: 0h 3m 42s
61% | Elapsed: 0h 5m 38s | Remaining: 0h 3m 36s
62% | Elapsed: 0h 5m 44s | Remaining: 0h 3m 30s
63% | Elapsed: 0h 5m 49s | Remaining: 0h 3m 24s
64% | Elapsed: 0h 5m 52s | Remaining: 0h 3m 17s
65% | Elapsed: 0h 5m 55s | Remaining: 0h 3m 11s
66% | Elapsed: 0h 6m 1s | Remaining: 0h 3m 5s
67% | Elapsed: 0h 6m 6s | Remaining: 0h 3m 0s
68% | Elapsed: 0h 6m 8s | Remaining: 0h 2m 53s
69% | Elapsed: 0h 6m 12s | Remaining: 0h 2m 47s
70% | Elapsed: 0h 6m 19s | Remaining: 0h 2m 42s
71% | Elapsed: 0h 6m 24s | Remaining: 0h 2m 36s
72% | Elapsed: 0h 6m 27s | Remaining: 0h 2m 30s
73% | Elapsed: 0h 6m 31s | Remaining: 0h 2m 24s
74% | Elapsed: 0h 6m 37s | Remaining: 0h 2m 19s
75% | Elapsed: 0h 6m 41s | Remaining: 0h 2m 13s
76% | Elapsed: 0h 6m 57s | Remaining: 0h 2m 11s
77% | Elapsed: 0h 7m 1s | Remaining: 0h 2m 5s
78% | Elapsed: 0h 7m 5s | Remaining: 0h 1m 59s
79% | Elapsed: 0h 7m 9s | Remaining: 0h 1m 54s
80% | Elapsed: 0h 7m 15s | Remaining: 0h 1m 48s
81% | Elapsed: 0h 7m 18s | Remaining: 0h 1m 42s
82% | Elapsed: 0h 7m 23s | Remaining: 0h 1m 37s
83% | Elapsed: 0h 7m 28s | Remaining: 0h 1m 31s
84% | Elapsed: 0h 7m 33s | Remaining: 0h 1m 26s
85% | Elapsed: 0h 7m 36s | Remaining: 0h 1m 20s
86% | Elapsed: 0h 7m 46s | Remaining: 0h 1m 15s
87% | Elapsed: 0h 7m 55s | Remaining: 0h 1m 10s
88% | Elapsed: 0h 7m 57s | Remaining: 0h 1m 5s
89% | Elapsed: 0h 8m 1s | Remaining: 0h 0m 59s
90% | Elapsed: 0h 8m 8s | Remaining: 0h 0m 54s
91% | Elapsed: 0h 8m 11s | Remaining: 0h 0m 48s
92% | Elapsed: 0h 8m 14s | Remaining: 0h 0m 42s
93% | Elapsed: 0h 8m 24s | Remaining: 0h 0m 37s
94% | Elapsed: 0h 8m 28s | Remaining: 0h 0m 32s
95% | Elapsed: 0h 8m 31s | Remaining: 0h 0m 26s
96% | Elapsed: 0h 8m 35s | Remaining: 0h 0m 21s
97% | Elapsed: 0h 8m 41s | Remaining: 0h 0m 16s
98% | Elapsed: 0h 8m 45s | Remaining: 0h 0m 10s
99% | Elapsed: 0h 8m 48s | Remaining: 0h 0m 5s
100% | Elapsed: 0h 8m 55s | Remaining: 0h 0m 0s
Saved part 0 to /eos/user/s/shuangyu/public/Jpsi/AK8/QCD_Bin-PT-600to800_pythia8-RunIIISummer24_Chunk0_Part0.root (valid events: 155, processed events: 1592872, final part)

Processing completed successfully!
Total events processed: 1592872
Total parts created: 1

